CRITICAL - 2025-04-25 01:06:51 --> ErrorException: Undefined variable $v
[Method: GET, Route: manage-apps]
in APPPATH\Views\manage_apps.php on line 182.
 1 APPPATH\Views\manage_apps.php(182): CodeIgniter\Debug\Exceptions->errorHandler(2, 'Undefined variable $v', 'C:\\xampp\\htdocs\\solusi-digital\\app\\Views\\manage_apps.php', 182)
 2 SYSTEMPATH\View\View.php(234): include('C:\\xampp\\htdocs\\solusi-digital\\app\\Views\\manage_apps.php')
 3 SYSTEMPATH\View\View.php(237): CodeIgniter\View\View->CodeIgniter\View\{closure}()
 4 SYSTEMPATH\Common.php(1171): CodeIgniter\View\View->render('manage_apps', [], true)
 5 APPPATH\Controllers\Home.php(574): view('manage_apps', [...])
 6 SYSTEMPATH\CodeIgniter.php(933): App\Controllers\Home->app_management()
 7 SYSTEMPATH\CodeIgniter.php(509): CodeIgniter\CodeIgniter->runController(Object(App\Controllers\Home))
 8 SYSTEMPATH\CodeIgniter.php(355): CodeIgniter\CodeIgniter->handleRequest(null, Object(Config\Cache), false)
 9 SYSTEMPATH\Boot.php(312): CodeIgniter\CodeIgniter->run()
10 SYSTEMPATH\Boot.php(67): CodeIgniter\Boot::runCodeIgniter(Object(CodeIgniter\CodeIgniter))
11 FCPATH\index.php(56): CodeIgniter\Boot::bootWeb(Object(Config\Paths))
CRITICAL - 2025-04-25 01:08:41 --> ErrorException: Undefined variable $v
[Method: GET, Route: manage-virtualvisitors]
in APPPATH\Views\manage_virtualvisitors.php on line 212.
 1 APPPATH\Views\manage_virtualvisitors.php(212): CodeIgniter\Debug\Exceptions->errorHandler(2, 'Undefined variable $v', 'C:\\xampp\\htdocs\\solusi-digital\\app\\Views\\manage_virtualvisitors.php', 212)
 2 SYSTEMPATH\View\View.php(234): include('C:\\xampp\\htdocs\\solusi-digital\\app\\Views\\manage_virtualvisitors.php')
 3 SYSTEMPATH\View\View.php(237): CodeIgniter\View\View->CodeIgniter\View\{closure}()
 4 SYSTEMPATH\Common.php(1171): CodeIgniter\View\View->render('manage_virtualvisitors', [], true)
 5 APPPATH\Controllers\Home.php(615): view('manage_virtualvisitors', [...])
 6 SYSTEMPATH\CodeIgniter.php(933): App\Controllers\Home->virtualvisitors_management()
 7 SYSTEMPATH\CodeIgniter.php(509): CodeIgniter\CodeIgniter->runController(Object(App\Controllers\Home))
 8 SYSTEMPATH\CodeIgniter.php(355): CodeIgniter\CodeIgniter->handleRequest(null, Object(Config\Cache), false)
 9 SYSTEMPATH\Boot.php(312): CodeIgniter\CodeIgniter->run()
10 SYSTEMPATH\Boot.php(67): CodeIgniter\Boot::runCodeIgniter(Object(CodeIgniter\CodeIgniter))
11 FCPATH\index.php(56): CodeIgniter\Boot::bootWeb(Object(Config\Paths))
CRITICAL - 2025-04-25 08:53:42 --> ErrorException: Undefined variable $date_helper
[Method: GET, Route: order-jasa]
in APPPATH\Views\dashboard_order_jasa.php on line 347.
 1 APPPATH\Views\dashboard_order_jasa.php(347): CodeIgniter\Debug\Exceptions->errorHandler(2, 'Undefined variable $date_helper', 'C:\\xampp\\htdocs\\solusi-digital\\app\\Views\\dashboard_order_jasa.php', 347)
 2 SYSTEMPATH\View\View.php(234): include('C:\\xampp\\htdocs\\solusi-digital\\app\\Views\\dashboard_order_jasa.php')
 3 SYSTEMPATH\View\View.php(237): CodeIgniter\View\View->CodeIgniter\View\{closure}()
 4 SYSTEMPATH\Common.php(1171): CodeIgniter\View\View->render('dashboard_order_jasa', [], true)
 5 APPPATH\Controllers\Home.php(116): view('dashboard_order_jasa', [...])
 6 SYSTEMPATH\CodeIgniter.php(933): App\Controllers\Home->order_jasa()
 7 SYSTEMPATH\CodeIgniter.php(509): CodeIgniter\CodeIgniter->runController(Object(App\Controllers\Home))
 8 SYSTEMPATH\CodeIgniter.php(355): CodeIgniter\CodeIgniter->handleRequest(null, Object(Config\Cache), false)
 9 SYSTEMPATH\Boot.php(312): CodeIgniter\CodeIgniter->run()
10 SYSTEMPATH\Boot.php(67): CodeIgniter\Boot::runCodeIgniter(Object(CodeIgniter\CodeIgniter))
11 FCPATH\index.php(56): CodeIgniter\Boot::bootWeb(Object(Config\Paths))
CRITICAL - 2025-04-25 08:54:12 --> Error: Class "App\Libraries\DateTime" not found
[Method: GET, Route: order-jasa]
in APPPATH\Libraries\DateHelper.php on line 11.
 1 APPPATH\Views\dashboard_order_jasa.php(347): App\Libraries\DateHelper->asFormat('Thu, 24-04-2025 21:53 WIB', 'd-m-Y')
 2 SYSTEMPATH\View\View.php(234): include('C:\\xampp\\htdocs\\solusi-digital\\app\\Views\\dashboard_order_jasa.php')
 3 SYSTEMPATH\View\View.php(237): CodeIgniter\View\View->CodeIgniter\View\{closure}()
 4 SYSTEMPATH\Common.php(1171): CodeIgniter\View\View->render('dashboard_order_jasa', [], true)
 5 APPPATH\Controllers\Home.php(117): view('dashboard_order_jasa', [...])
 6 SYSTEMPATH\CodeIgniter.php(933): App\Controllers\Home->order_jasa()
 7 SYSTEMPATH\CodeIgniter.php(509): CodeIgniter\CodeIgniter->runController(Object(App\Controllers\Home))
 8 SYSTEMPATH\CodeIgniter.php(355): CodeIgniter\CodeIgniter->handleRequest(null, Object(Config\Cache), false)
 9 SYSTEMPATH\Boot.php(312): CodeIgniter\CodeIgniter->run()
10 SYSTEMPATH\Boot.php(67): CodeIgniter\Boot::runCodeIgniter(Object(CodeIgniter\CodeIgniter))
11 FCPATH\index.php(56): CodeIgniter\Boot::bootWeb(Object(Config\Paths))
CRITICAL - 2025-04-25 16:01:25 --> Exception: Failed to parse time string (EEE, 24-04-2025 21:53 WIB) at position 0 (E): The timezone could not be found in the database
[Method: GET, Route: order-jasa]
in APPPATH\Libraries\DateHelper.php on line 11.
 1 APPPATH\Libraries\DateHelper.php(11): DateTime->__construct('EEE, 24-04-2025 21:53 WIB')
 2 APPPATH\Views\dashboard_order_jasa.php(347): App\Libraries\DateHelper->asFormat('EEE, 24-04-2025 21:53 WIB', 'd-M-Y, h:i')
 3 SYSTEMPATH\View\View.php(234): include('C:\\xampp\\htdocs\\solusi-digital\\app\\Views\\dashboard_order_jasa.php')
 4 SYSTEMPATH\View\View.php(237): CodeIgniter\View\View->CodeIgniter\View\{closure}()
 5 SYSTEMPATH\Common.php(1171): CodeIgniter\View\View->render('dashboard_order_jasa', [], true)
 6 APPPATH\Controllers\Home.php(118): view('dashboard_order_jasa', [...])
 7 SYSTEMPATH\CodeIgniter.php(933): App\Controllers\Home->order_jasa()
 8 SYSTEMPATH\CodeIgniter.php(509): CodeIgniter\CodeIgniter->runController(Object(App\Controllers\Home))
 9 SYSTEMPATH\CodeIgniter.php(355): CodeIgniter\CodeIgniter->handleRequest(null, Object(Config\Cache), false)
10 SYSTEMPATH\Boot.php(312): CodeIgniter\CodeIgniter->run()
11 SYSTEMPATH\Boot.php(67): CodeIgniter\Boot::runCodeIgniter(Object(CodeIgniter\CodeIgniter))
12 FCPATH\index.php(56): CodeIgniter\Boot::bootWeb(Object(Config\Paths))
CRITICAL - 2025-04-25 16:02:11 --> ErrorException: Undefined variable $date
[Method: GET, Route: order-jasa]
in APPPATH\Controllers\Home.php on line 177.
 1 APPPATH\Controllers\Home.php(177): CodeIgniter\Debug\Exceptions->errorHandler(2, 'Undefined variable $date', 'C:\\xampp\\htdocs\\solusi-digital\\app\\Controllers\\Home.php', 177)
 2 APPPATH\Controllers\Home.php(512): App\Controllers\Home->formatTimeInData([...])
 3 APPPATH\Controllers\Home.php(104): App\Controllers\Home->getDashboardData('client')
 4 SYSTEMPATH\CodeIgniter.php(933): App\Controllers\Home->order_jasa()
 5 SYSTEMPATH\CodeIgniter.php(509): CodeIgniter\CodeIgniter->runController(Object(App\Controllers\Home))
 6 SYSTEMPATH\CodeIgniter.php(355): CodeIgniter\CodeIgniter->handleRequest(null, Object(Config\Cache), false)
 7 SYSTEMPATH\Boot.php(312): CodeIgniter\CodeIgniter->run()
 8 SYSTEMPATH\Boot.php(67): CodeIgniter\Boot::runCodeIgniter(Object(CodeIgniter\CodeIgniter))
 9 FCPATH\index.php(56): CodeIgniter\Boot::bootWeb(Object(Config\Paths))
CRITICAL - 2025-04-25 16:11:34 --> ErrorException: Undefined variable $page_name
[Method: GET, Route: manage-wa-chat-rotator]
in APPPATH\Views\container_header.php on line 11.
 1 APPPATH\Views\container_header.php(11): CodeIgniter\Debug\Exceptions->errorHandler(2, 'Undefined variable $page_name', 'C:\\xampp\\htdocs\\solusi-digital\\app\\Views\\container_header.php', 11)
 2 APPPATH\Views\manage_wa_chat_rotator.php(7): include('C:\\xampp\\htdocs\\solusi-digital\\app\\Views\\container_header.php')
 3 SYSTEMPATH\View\View.php(234): include('C:\\xampp\\htdocs\\solusi-digital\\app\\Views\\manage_wa_chat_rotator.php')
 4 SYSTEMPATH\View\View.php(237): CodeIgniter\View\View->CodeIgniter\View\{closure}()
 5 SYSTEMPATH\Common.php(1171): CodeIgniter\View\View->render('manage_wa_chat_rotator', [], true)
 6 APPPATH\Controllers\Home.php(722): view('manage_wa_chat_rotator', [...])
 7 SYSTEMPATH\CodeIgniter.php(933): App\Controllers\Home->wa_chat_rotator_management()
 8 SYSTEMPATH\CodeIgniter.php(509): CodeIgniter\CodeIgniter->runController(Object(App\Controllers\Home))
 9 SYSTEMPATH\CodeIgniter.php(355): CodeIgniter\CodeIgniter->handleRequest(null, Object(Config\Cache), false)
10 SYSTEMPATH\Boot.php(312): CodeIgniter\CodeIgniter->run()
11 SYSTEMPATH\Boot.php(67): CodeIgniter\Boot::runCodeIgniter(Object(CodeIgniter\CodeIgniter))
12 FCPATH\index.php(56): CodeIgniter\Boot::bootWeb(Object(Config\Paths))
CRITICAL - 2025-04-25 16:12:11 --> ErrorException: Undefined variable $page_name
[Method: GET, Route: manage-wa-chat-rotator]
in APPPATH\Views\container_header.php on line 11.
 1 APPPATH\Views\container_header.php(11): CodeIgniter\Debug\Exceptions->errorHandler(2, 'Undefined variable $page_name', 'C:\\xampp\\htdocs\\solusi-digital\\app\\Views\\container_header.php', 11)
 2 APPPATH\Views\manage_wa_chat_rotator.php(7): include('C:\\xampp\\htdocs\\solusi-digital\\app\\Views\\container_header.php')
 3 SYSTEMPATH\View\View.php(234): include('C:\\xampp\\htdocs\\solusi-digital\\app\\Views\\manage_wa_chat_rotator.php')
 4 SYSTEMPATH\View\View.php(237): CodeIgniter\View\View->CodeIgniter\View\{closure}()
 5 SYSTEMPATH\Common.php(1171): CodeIgniter\View\View->render('manage_wa_chat_rotator', [], true)
 6 APPPATH\Controllers\Home.php(724): view('manage_wa_chat_rotator', [...])
 7 SYSTEMPATH\CodeIgniter.php(933): App\Controllers\Home->wa_chat_rotator_management()
 8 SYSTEMPATH\CodeIgniter.php(509): CodeIgniter\CodeIgniter->runController(Object(App\Controllers\Home))
 9 SYSTEMPATH\CodeIgniter.php(355): CodeIgniter\CodeIgniter->handleRequest(null, Object(Config\Cache), false)
10 SYSTEMPATH\Boot.php(312): CodeIgniter\CodeIgniter->run()
11 SYSTEMPATH\Boot.php(67): CodeIgniter\Boot::runCodeIgniter(Object(CodeIgniter\CodeIgniter))
12 FCPATH\index.php(56): CodeIgniter\Boot::bootWeb(Object(Config\Paths))
CRITICAL - 2025-04-25 13:49:00 --> ErrorException: Trying to access array offset on value of type null
[Method: POST, Route: update-wa-chat-rotator]
in APPPATH\Controllers\Works.php on line 2222.
 1 APPPATH\Controllers\Works.php(2222): CodeIgniter\Debug\Exceptions->errorHandler(2, 'Trying to access array offset on value of type null', 'C:\\xampp\\htdocs\\solusi-digital\\app\\Controllers\\Works.php', 2222)
 2 SYSTEMPATH\CodeIgniter.php(933): App\Controllers\Works->wa_chat_rotator_update()
 3 SYSTEMPATH\CodeIgniter.php(509): CodeIgniter\CodeIgniter->runController(Object(App\Controllers\Works))
 4 SYSTEMPATH\CodeIgniter.php(355): CodeIgniter\CodeIgniter->handleRequest(null, Object(Config\Cache), false)
 5 SYSTEMPATH\Boot.php(312): CodeIgniter\CodeIgniter->run()
 6 SYSTEMPATH\Boot.php(67): CodeIgniter\Boot::runCodeIgniter(Object(CodeIgniter\CodeIgniter))
 7 FCPATH\index.php(56): CodeIgniter\Boot::bootWeb(Object(Config\Paths))
CRITICAL - 2025-04-25 13:53:51 --> ErrorException: Undefined variable $urut
[Method: POST, Route: update-wa-chat-rotator]
in APPPATH\Controllers\Works.php on line 2206.
 1 APPPATH\Controllers\Works.php(2206): CodeIgniter\Debug\Exceptions->errorHandler(2, 'Undefined variable $urut', 'C:\\xampp\\htdocs\\solusi-digital\\app\\Controllers\\Works.php', 2206)
 2 SYSTEMPATH\CodeIgniter.php(933): App\Controllers\Works->wa_chat_rotator_update()
 3 SYSTEMPATH\CodeIgniter.php(509): CodeIgniter\CodeIgniter->runController(Object(App\Controllers\Works))
 4 SYSTEMPATH\CodeIgniter.php(355): CodeIgniter\CodeIgniter->handleRequest(null, Object(Config\Cache), false)
 5 SYSTEMPATH\Boot.php(312): CodeIgniter\CodeIgniter->run()
 6 SYSTEMPATH\Boot.php(67): CodeIgniter\Boot::runCodeIgniter(Object(CodeIgniter\CodeIgniter))
 7 FCPATH\index.php(56): CodeIgniter\Boot::bootWeb(Object(Config\Paths))
CRITICAL - 2025-04-25 17:27:14 --> CodeIgniter\Database\Exceptions\DatabaseException: You must set the database table to be used with your query.
[Method: POST, Route: update-jasa-order]
in SYSTEMPATH\Database\BaseConnection.php on line 913.
 1 SYSTEMPATH\Model.php(705): CodeIgniter\Database\BaseConnection->table(null)
 2 SYSTEMPATH\Model.php(911): CodeIgniter\Model->builder()
 3 APPPATH\Models\DataModel.php(708): CodeIgniter\Model->__call('select', [...])
 4 APPPATH\Controllers\Works.php(768): App\Models\DataModel->getPackageByOrder('19', 'wa_chat_rotator')
 5 SYSTEMPATH\CodeIgniter.php(933): App\Controllers\Works->jasa_order_update()
 6 SYSTEMPATH\CodeIgniter.php(509): CodeIgniter\CodeIgniter->runController(Object(App\Controllers\Works))
 7 SYSTEMPATH\CodeIgniter.php(355): CodeIgniter\CodeIgniter->handleRequest(null, Object(Config\Cache), false)
 8 SYSTEMPATH\Boot.php(312): CodeIgniter\CodeIgniter->run()
 9 SYSTEMPATH\Boot.php(67): CodeIgniter\Boot::runCodeIgniter(Object(CodeIgniter\CodeIgniter))
10 FCPATH\index.php(56): CodeIgniter\Boot::bootWeb(Object(Config\Paths))
CRITICAL - 2025-04-25 17:38:51 --> ParseError: syntax error, unexpected variable "$data_package"
[Method: POST, Route: update-jasa-order]
in APPPATH\Models\DataModel.php on line 720.
 1 SYSTEMPATH\Autoloader\Autoloader.php(296): CodeIgniter\Autoloader\Autoloader->includeFile('C:\\xampp\\htdocs\\solusi-digital\\app\\Models\\DataModel.php')
 2 SYSTEMPATH\Autoloader\Autoloader.php(272): CodeIgniter\Autoloader\Autoloader->loadInNamespace('App\\Models\\DataModel')
 3 APPPATH\Controllers\Works.php(18): CodeIgniter\Autoloader\Autoloader->loadClass('App\\Models\\DataModel')
 4 SYSTEMPATH\CodeIgniter.php(903): App\Controllers\Works->__construct()
 5 SYSTEMPATH\CodeIgniter.php(500): CodeIgniter\CodeIgniter->createController()
 6 SYSTEMPATH\CodeIgniter.php(355): CodeIgniter\CodeIgniter->handleRequest(null, Object(Config\Cache), false)
 7 SYSTEMPATH\Boot.php(312): CodeIgniter\CodeIgniter->run()
 8 SYSTEMPATH\Boot.php(67): CodeIgniter\Boot::runCodeIgniter(Object(CodeIgniter\CodeIgniter))
 9 FCPATH\index.php(56): CodeIgniter\Boot::bootWeb(Object(Config\Paths))
CRITICAL - 2025-04-25 17:39:04 --> ParseError: syntax error, unexpected variable "$data_package"
[Method: POST, Route: update-jasa-order]
in APPPATH\Models\DataModel.php on line 720.
 1 SYSTEMPATH\Autoloader\Autoloader.php(296): CodeIgniter\Autoloader\Autoloader->includeFile('C:\\xampp\\htdocs\\solusi-digital\\app\\Models\\DataModel.php')
 2 SYSTEMPATH\Autoloader\Autoloader.php(272): CodeIgniter\Autoloader\Autoloader->loadInNamespace('App\\Models\\DataModel')
 3 APPPATH\Controllers\Works.php(18): CodeIgniter\Autoloader\Autoloader->loadClass('App\\Models\\DataModel')
 4 SYSTEMPATH\CodeIgniter.php(903): App\Controllers\Works->__construct()
 5 SYSTEMPATH\CodeIgniter.php(500): CodeIgniter\CodeIgniter->createController()
 6 SYSTEMPATH\CodeIgniter.php(355): CodeIgniter\CodeIgniter->handleRequest(null, Object(Config\Cache), false)
 7 SYSTEMPATH\Boot.php(312): CodeIgniter\CodeIgniter->run()
 8 SYSTEMPATH\Boot.php(67): CodeIgniter\Boot::runCodeIgniter(Object(CodeIgniter\CodeIgniter))
 9 FCPATH\index.php(56): CodeIgniter\Boot::bootWeb(Object(Config\Paths))
CRITICAL - 2025-04-25 17:39:31 --> CodeIgniter\Database\Exceptions\DatabaseException: You must set the database table to be used with your query.
[Method: POST, Route: update-jasa-order]
in SYSTEMPATH\Database\BaseConnection.php on line 913.
 1 APPPATH\Models\DataModel.php(652): CodeIgniter\Database\BaseConnection->table(null)
 2 APPPATH\Models\DataModel.php(710): App\Models\DataModel->selectData('19', 'wa_chat_rotator')
 3 APPPATH\Controllers\Works.php(768): App\Models\DataModel->getPackageByOrder('19', 'wa_chat_rotator')
 4 SYSTEMPATH\CodeIgniter.php(933): App\Controllers\Works->jasa_order_update()
 5 SYSTEMPATH\CodeIgniter.php(509): CodeIgniter\CodeIgniter->runController(Object(App\Controllers\Works))
 6 SYSTEMPATH\CodeIgniter.php(355): CodeIgniter\CodeIgniter->handleRequest(null, Object(Config\Cache), false)
 7 SYSTEMPATH\Boot.php(312): CodeIgniter\CodeIgniter->run()
 8 SYSTEMPATH\Boot.php(67): CodeIgniter\Boot::runCodeIgniter(Object(CodeIgniter\CodeIgniter))
 9 FCPATH\index.php(56): CodeIgniter\Boot::bootWeb(Object(Config\Paths))
CRITICAL - 2025-04-25 17:41:05 --> CodeIgniter\Database\Exceptions\DatabaseException: You must set the database table to be used with your query.
[Method: POST, Route: update-jasa-order]
in SYSTEMPATH\Database\BaseConnection.php on line 913.
 1 APPPATH\Models\DataModel.php(652): CodeIgniter\Database\BaseConnection->table(null)
 2 APPPATH\Models\DataModel.php(710): App\Models\DataModel->selectData('19', 'wa_chat_rotator')
 3 APPPATH\Controllers\Works.php(768): App\Models\DataModel->getPackageByOrder('19', 'wa_chat_rotator')
 4 SYSTEMPATH\CodeIgniter.php(933): App\Controllers\Works->jasa_order_update()
 5 SYSTEMPATH\CodeIgniter.php(509): CodeIgniter\CodeIgniter->runController(Object(App\Controllers\Works))
 6 SYSTEMPATH\CodeIgniter.php(355): CodeIgniter\CodeIgniter->handleRequest(null, Object(Config\Cache), false)
 7 SYSTEMPATH\Boot.php(312): CodeIgniter\CodeIgniter->run()
 8 SYSTEMPATH\Boot.php(67): CodeIgniter\Boot::runCodeIgniter(Object(CodeIgniter\CodeIgniter))
 9 FCPATH\index.php(56): CodeIgniter\Boot::bootWeb(Object(Config\Paths))
CRITICAL - 2025-04-25 17:41:35 --> CodeIgniter\Database\Exceptions\DatabaseException: You must set the database table to be used with your query.
[Method: POST, Route: update-jasa-order]
in SYSTEMPATH\Database\BaseConnection.php on line 913.
 1 APPPATH\Models\DataModel.php(652): CodeIgniter\Database\BaseConnection->table(null)
 2 APPPATH\Models\DataModel.php(710): App\Models\DataModel->selectData('19', 'wa_chat_rotator')
 3 APPPATH\Controllers\Works.php(768): App\Models\DataModel->getPackageByOrder('19', 'wa_chat_rotator')
 4 SYSTEMPATH\CodeIgniter.php(933): App\Controllers\Works->jasa_order_update()
 5 SYSTEMPATH\CodeIgniter.php(509): CodeIgniter\CodeIgniter->runController(Object(App\Controllers\Works))
 6 SYSTEMPATH\CodeIgniter.php(355): CodeIgniter\CodeIgniter->handleRequest(null, Object(Config\Cache), false)
 7 SYSTEMPATH\Boot.php(312): CodeIgniter\CodeIgniter->run()
 8 SYSTEMPATH\Boot.php(67): CodeIgniter\Boot::runCodeIgniter(Object(CodeIgniter\CodeIgniter))
 9 FCPATH\index.php(56): CodeIgniter\Boot::bootWeb(Object(Config\Paths))
CRITICAL - 2025-04-25 17:42:05 --> CodeIgniter\Database\Exceptions\DatabaseException: You must set the database table to be used with your query.
[Method: POST, Route: update-jasa-order]
in SYSTEMPATH\Database\BaseConnection.php on line 913.
 1 APPPATH\Models\DataModel.php(652): CodeIgniter\Database\BaseConnection->table(null)
 2 APPPATH\Models\DataModel.php(710): App\Models\DataModel->selectData('19', 'wa_chat_rotator')
 3 APPPATH\Controllers\Works.php(768): App\Models\DataModel->getPackageByOrder('19', 'wa_chat_rotator')
 4 SYSTEMPATH\CodeIgniter.php(933): App\Controllers\Works->jasa_order_update()
 5 SYSTEMPATH\CodeIgniter.php(509): CodeIgniter\CodeIgniter->runController(Object(App\Controllers\Works))
 6 SYSTEMPATH\CodeIgniter.php(355): CodeIgniter\CodeIgniter->handleRequest(null, Object(Config\Cache), false)
 7 SYSTEMPATH\Boot.php(312): CodeIgniter\CodeIgniter->run()
 8 SYSTEMPATH\Boot.php(67): CodeIgniter\Boot::runCodeIgniter(Object(CodeIgniter\CodeIgniter))
 9 FCPATH\index.php(56): CodeIgniter\Boot::bootWeb(Object(Config\Paths))
CRITICAL - 2025-04-25 17:42:08 --> CodeIgniter\Database\Exceptions\DatabaseException: You must set the database table to be used with your query.
[Method: POST, Route: update-jasa-order]
in SYSTEMPATH\Database\BaseConnection.php on line 913.
 1 APPPATH\Models\DataModel.php(652): CodeIgniter\Database\BaseConnection->table(null)
 2 APPPATH\Models\DataModel.php(710): App\Models\DataModel->selectData('19', 'wa_chat_rotator')
 3 APPPATH\Controllers\Works.php(768): App\Models\DataModel->getPackageByOrder('19', 'wa_chat_rotator')
 4 SYSTEMPATH\CodeIgniter.php(933): App\Controllers\Works->jasa_order_update()
 5 SYSTEMPATH\CodeIgniter.php(509): CodeIgniter\CodeIgniter->runController(Object(App\Controllers\Works))
 6 SYSTEMPATH\CodeIgniter.php(355): CodeIgniter\CodeIgniter->handleRequest(null, Object(Config\Cache), false)
 7 SYSTEMPATH\Boot.php(312): CodeIgniter\CodeIgniter->run()
 8 SYSTEMPATH\Boot.php(67): CodeIgniter\Boot::runCodeIgniter(Object(CodeIgniter\CodeIgniter))
 9 FCPATH\index.php(56): CodeIgniter\Boot::bootWeb(Object(Config\Paths))
CRITICAL - 2025-04-25 17:42:38 --> CodeIgniter\Database\Exceptions\DatabaseException: You must set the database table to be used with your query.
[Method: POST, Route: update-jasa-order]
in SYSTEMPATH\Database\BaseConnection.php on line 913.
 1 APPPATH\Models\DataModel.php(652): CodeIgniter\Database\BaseConnection->table(null)
 2 APPPATH\Models\DataModel.php(710): App\Models\DataModel->selectData('19', 'wa_chat_rotator')
 3 APPPATH\Controllers\Works.php(768): App\Models\DataModel->getPackageByOrder('19', 'wa_chat_rotator')
 4 SYSTEMPATH\CodeIgniter.php(933): App\Controllers\Works->jasa_order_update()
 5 SYSTEMPATH\CodeIgniter.php(509): CodeIgniter\CodeIgniter->runController(Object(App\Controllers\Works))
 6 SYSTEMPATH\CodeIgniter.php(355): CodeIgniter\CodeIgniter->handleRequest(null, Object(Config\Cache), false)
 7 SYSTEMPATH\Boot.php(312): CodeIgniter\CodeIgniter->run()
 8 SYSTEMPATH\Boot.php(67): CodeIgniter\Boot::runCodeIgniter(Object(CodeIgniter\CodeIgniter))
 9 FCPATH\index.php(56): CodeIgniter\Boot::bootWeb(Object(Config\Paths))
CRITICAL - 2025-04-25 17:42:58 --> CodeIgniter\Database\Exceptions\DatabaseException: You must set the database table to be used with your query.
[Method: POST, Route: update-jasa-order]
in SYSTEMPATH\Database\BaseConnection.php on line 913.
 1 APPPATH\Models\DataModel.php(652): CodeIgniter\Database\BaseConnection->table(null)
 2 APPPATH\Models\DataModel.php(710): App\Models\DataModel->selectData('19', 'wa_chat_rotator')
 3 APPPATH\Controllers\Works.php(768): App\Models\DataModel->getPackageByOrder('19', 'wa_chat_rotator')
 4 SYSTEMPATH\CodeIgniter.php(933): App\Controllers\Works->jasa_order_update()
 5 SYSTEMPATH\CodeIgniter.php(509): CodeIgniter\CodeIgniter->runController(Object(App\Controllers\Works))
 6 SYSTEMPATH\CodeIgniter.php(355): CodeIgniter\CodeIgniter->handleRequest(null, Object(Config\Cache), false)
 7 SYSTEMPATH\Boot.php(312): CodeIgniter\CodeIgniter->run()
 8 SYSTEMPATH\Boot.php(67): CodeIgniter\Boot::runCodeIgniter(Object(CodeIgniter\CodeIgniter))
 9 FCPATH\index.php(56): CodeIgniter\Boot::bootWeb(Object(Config\Paths))
CRITICAL - 2025-04-25 17:45:18 --> CodeIgniter\Database\Exceptions\DatabaseException: You must set the database table to be used with your query.
[Method: GET, Route: update-jasa-order]
in SYSTEMPATH\Database\BaseConnection.php on line 913.
 1 APPPATH\Models\DataModel.php(652): CodeIgniter\Database\BaseConnection->table(null)
 2 APPPATH\Models\DataModel.php(710): App\Models\DataModel->selectData('19', 'wa_chat_rotator')
 3 APPPATH\Controllers\Works.php(768): App\Models\DataModel->getPackageByOrder('19', 'wa_chat_rotator')
 4 SYSTEMPATH\CodeIgniter.php(933): App\Controllers\Works->jasa_order_update()
 5 SYSTEMPATH\CodeIgniter.php(509): CodeIgniter\CodeIgniter->runController(Object(App\Controllers\Works))
 6 SYSTEMPATH\CodeIgniter.php(355): CodeIgniter\CodeIgniter->handleRequest(null, Object(Config\Cache), false)
 7 SYSTEMPATH\Boot.php(312): CodeIgniter\CodeIgniter->run()
 8 SYSTEMPATH\Boot.php(67): CodeIgniter\Boot::runCodeIgniter(Object(CodeIgniter\CodeIgniter))
 9 FCPATH\index.php(56): CodeIgniter\Boot::bootWeb(Object(Config\Paths))
CRITICAL - 2025-04-25 17:47:09 --> CodeIgniter\Database\Exceptions\DatabaseException: You must set the database table to be used with your query.
[Method: GET, Route: update-jasa-order]
in SYSTEMPATH\Database\BaseConnection.php on line 913.
 1 APPPATH\Models\DataModel.php(652): CodeIgniter\Database\BaseConnection->table(null)
 2 APPPATH\Models\DataModel.php(710): App\Models\DataModel->selectData('19', 'wa_chat_rotator')
 3 APPPATH\Controllers\Works.php(768): App\Models\DataModel->getPackageByOrder('19', 'wa_chat_rotator')
 4 SYSTEMPATH\CodeIgniter.php(933): App\Controllers\Works->jasa_order_update()
 5 SYSTEMPATH\CodeIgniter.php(509): CodeIgniter\CodeIgniter->runController(Object(App\Controllers\Works))
 6 SYSTEMPATH\CodeIgniter.php(355): CodeIgniter\CodeIgniter->handleRequest(null, Object(Config\Cache), false)
 7 SYSTEMPATH\Boot.php(312): CodeIgniter\CodeIgniter->run()
 8 SYSTEMPATH\Boot.php(67): CodeIgniter\Boot::runCodeIgniter(Object(CodeIgniter\CodeIgniter))
 9 FCPATH\index.php(56): CodeIgniter\Boot::bootWeb(Object(Config\Paths))
CRITICAL - 2025-04-25 17:47:33 --> CodeIgniter\Database\Exceptions\DatabaseException: You must set the database table to be used with your query.
[Method: GET, Route: update-jasa-order]
in SYSTEMPATH\Database\BaseConnection.php on line 913.
 1 APPPATH\Models\DataModel.php(652): CodeIgniter\Database\BaseConnection->table(null)
 2 APPPATH\Models\DataModel.php(710): App\Models\DataModel->selectData('19', 'wa_chat_rotator')
 3 APPPATH\Controllers\Works.php(768): App\Models\DataModel->getPackageByOrder('19', 'wa_chat_rotator')
 4 SYSTEMPATH\CodeIgniter.php(933): App\Controllers\Works->jasa_order_update()
 5 SYSTEMPATH\CodeIgniter.php(509): CodeIgniter\CodeIgniter->runController(Object(App\Controllers\Works))
 6 SYSTEMPATH\CodeIgniter.php(355): CodeIgniter\CodeIgniter->handleRequest(null, Object(Config\Cache), false)
 7 SYSTEMPATH\Boot.php(312): CodeIgniter\CodeIgniter->run()
 8 SYSTEMPATH\Boot.php(67): CodeIgniter\Boot::runCodeIgniter(Object(CodeIgniter\CodeIgniter))
 9 FCPATH\index.php(56): CodeIgniter\Boot::bootWeb(Object(Config\Paths))
CRITICAL - 2025-04-25 17:47:57 --> CodeIgniter\Database\Exceptions\DatabaseException: You must set the database table to be used with your query.
[Method: GET, Route: update-jasa-order]
in SYSTEMPATH\Database\BaseConnection.php on line 913.
 1 APPPATH\Models\DataModel.php(652): CodeIgniter\Database\BaseConnection->table(null)
 2 APPPATH\Models\DataModel.php(710): App\Models\DataModel->selectData('19', 'wa_chat_rotator')
 3 APPPATH\Controllers\Works.php(768): App\Models\DataModel->getPackageByOrder('19', 'wa_chat_rotator')
 4 SYSTEMPATH\CodeIgniter.php(933): App\Controllers\Works->jasa_order_update()
 5 SYSTEMPATH\CodeIgniter.php(509): CodeIgniter\CodeIgniter->runController(Object(App\Controllers\Works))
 6 SYSTEMPATH\CodeIgniter.php(355): CodeIgniter\CodeIgniter->handleRequest(null, Object(Config\Cache), false)
 7 SYSTEMPATH\Boot.php(312): CodeIgniter\CodeIgniter->run()
 8 SYSTEMPATH\Boot.php(67): CodeIgniter\Boot::runCodeIgniter(Object(CodeIgniter\CodeIgniter))
 9 FCPATH\index.php(56): CodeIgniter\Boot::bootWeb(Object(Config\Paths))
CRITICAL - 2025-04-25 17:49:54 --> CodeIgniter\Database\Exceptions\DatabaseException: You must set the database table to be used with your query.
[Method: GET, Route: update-jasa-order]
in SYSTEMPATH\Database\BaseConnection.php on line 913.
 1 APPPATH\Models\DataModel.php(652): CodeIgniter\Database\BaseConnection->table(null)
 2 APPPATH\Models\DataModel.php(710): App\Models\DataModel->selectData('19', 'wa_chat_rotator')
 3 APPPATH\Controllers\Works.php(768): App\Models\DataModel->getPackageByOrder('19', 'wa_chat_rotator')
 4 SYSTEMPATH\CodeIgniter.php(933): App\Controllers\Works->jasa_order_update()
 5 SYSTEMPATH\CodeIgniter.php(509): CodeIgniter\CodeIgniter->runController(Object(App\Controllers\Works))
 6 SYSTEMPATH\CodeIgniter.php(355): CodeIgniter\CodeIgniter->handleRequest(null, Object(Config\Cache), false)
 7 SYSTEMPATH\Boot.php(312): CodeIgniter\CodeIgniter->run()
 8 SYSTEMPATH\Boot.php(67): CodeIgniter\Boot::runCodeIgniter(Object(CodeIgniter\CodeIgniter))
 9 FCPATH\index.php(56): CodeIgniter\Boot::bootWeb(Object(Config\Paths))
CRITICAL - 2025-04-25 18:15:00 --> ErrorException: Undefined variable $username
[Method: GET, Route: update-jasa-order]
in APPPATH\Controllers\Works.php on line 780.
 1 APPPATH\Controllers\Works.php(780): CodeIgniter\Debug\Exceptions->errorHandler(2, 'Undefined variable $username', 'C:\\xampp\\htdocs\\solusi-digital\\app\\Controllers\\Works.php', 780)
 2 SYSTEMPATH\CodeIgniter.php(933): App\Controllers\Works->jasa_order_update()
 3 SYSTEMPATH\CodeIgniter.php(509): CodeIgniter\CodeIgniter->runController(Object(App\Controllers\Works))
 4 SYSTEMPATH\CodeIgniter.php(355): CodeIgniter\CodeIgniter->handleRequest(null, Object(Config\Cache), false)
 5 SYSTEMPATH\Boot.php(312): CodeIgniter\CodeIgniter->run()
 6 SYSTEMPATH\Boot.php(67): CodeIgniter\Boot::runCodeIgniter(Object(CodeIgniter\CodeIgniter))
 7 FCPATH\index.php(56): CodeIgniter\Boot::bootWeb(Object(Config\Paths))
CRITICAL - 2025-04-25 18:15:14 --> ErrorException: Undefined variable $username
[Method: GET, Route: update-jasa-order]
in APPPATH\Controllers\Works.php on line 780.
 1 APPPATH\Controllers\Works.php(780): CodeIgniter\Debug\Exceptions->errorHandler(2, 'Undefined variable $username', 'C:\\xampp\\htdocs\\solusi-digital\\app\\Controllers\\Works.php', 780)
 2 SYSTEMPATH\CodeIgniter.php(933): App\Controllers\Works->jasa_order_update()
 3 SYSTEMPATH\CodeIgniter.php(509): CodeIgniter\CodeIgniter->runController(Object(App\Controllers\Works))
 4 SYSTEMPATH\CodeIgniter.php(355): CodeIgniter\CodeIgniter->handleRequest(null, Object(Config\Cache), false)
 5 SYSTEMPATH\Boot.php(312): CodeIgniter\CodeIgniter->run()
 6 SYSTEMPATH\Boot.php(67): CodeIgniter\Boot::runCodeIgniter(Object(CodeIgniter\CodeIgniter))
 7 FCPATH\index.php(56): CodeIgniter\Boot::bootWeb(Object(Config\Paths))
INFO - 2025-04-25 19:24:24 --> Session: Class initialized using 'CodeIgniter\Session\Handlers\FileHandler' driver.
INFO - 2025-04-25 19:26:52 --> Session: Class initialized using 'CodeIgniter\Session\Handlers\FileHandler' driver.
INFO - 2025-04-25 19:28:28 --> Session: Class initialized using 'CodeIgniter\Session\Handlers\FileHandler' driver.
CRITICAL - 2025-04-25 20:01:32 --> ErrorException: Undefined variable $stat
[Method: GET, Route: testing]
in APPPATH\Models\DataModel.php on line 140.
 1 APPPATH\Models\DataModel.php(140): CodeIgniter\Debug\Exceptions->errorHandler(2, 'Undefined variable $stat', 'C:\\xampp\\htdocs\\solusi-digital\\app\\Models\\DataModel.php', 140)
 2 APPPATH\Controllers\Works.php(242): App\Models\DataModel->isApprovalAutomatic()
 3 SYSTEMPATH\CodeIgniter.php(933): App\Controllers\Works->testing()
 4 SYSTEMPATH\CodeIgniter.php(509): CodeIgniter\CodeIgniter->runController(Object(App\Controllers\Works))
 5 SYSTEMPATH\CodeIgniter.php(355): CodeIgniter\CodeIgniter->handleRequest(null, Object(Config\Cache), false)
 6 SYSTEMPATH\Boot.php(312): CodeIgniter\CodeIgniter->run()
 7 SYSTEMPATH\Boot.php(67): CodeIgniter\Boot::runCodeIgniter(Object(CodeIgniter\CodeIgniter))
 8 FCPATH\index.php(56): CodeIgniter\Boot::bootWeb(Object(Config\Paths))
INFO - 2025-04-25 20:38:36 --> Session: Class initialized using 'CodeIgniter\Session\Handlers\FileHandler' driver.
INFO - 2025-04-25 21:29:20 --> Session: Class initialized using 'CodeIgniter\Session\Handlers\FileHandler' driver.
