INFO - 2025-07-20 07:14:01 --> Session: Class initialized using 'CodeIgniter\Session\Handlers\FileHandler' driver.
INFO - 2025-07-20 07:14:23 --> Session: Class initialized using 'CodeIgniter\Session\Handlers\FileHandler' driver.
INFO - 2025-07-20 00:14:30 --> Session: Class initialized using 'CodeIgniter\Session\Handlers\FileHandler' driver.
INFO - 2025-07-20 07:14:30 --> Session: Class initialized using 'CodeIgniter\Session\Handlers\FileHandler' driver.
INFO - 2025-07-20 07:21:35 --> Session: Class initialized using 'CodeIgniter\Session\Handlers\FileHandler' driver.
INFO - 2025-07-20 00:21:41 --> Session: Class initialized using 'CodeIgniter\Session\Handlers\FileHandler' driver.
INFO - 2025-07-20 07:21:42 --> Session: Class initialized using 'CodeIgniter\Session\Handlers\FileHandler' driver.
INFO - 2025-07-20 00:22:00 --> Session: Class initialized using 'CodeIgniter\Session\Handlers\FileHandler' driver.
INFO - 2025-07-20 07:22:00 --> Session: Class initialized using 'CodeIgniter\Session\Handlers\FileHandler' driver.
CRITICAL - 2025-07-20 07:22:00 --> DivisionByZeroError: Division by zero
[Method: GET, Route: dashboard]
in APPPATH\Controllers\Home.php on line 960.
 1 APPPATH\Controllers\Home.php(520): App\Controllers\Home->getDashboardData('team')
 2 SYSTEMPATH\CodeIgniter.php(933): App\Controllers\Home->display_dashboard()
 3 SYSTEMPATH\CodeIgniter.php(509): CodeIgniter\CodeIgniter->runController(Object(App\Controllers\Home))
 4 SYSTEMPATH\CodeIgniter.php(355): CodeIgniter\CodeIgniter->handleRequest(null, Object(Config\Cache), false)
 5 SYSTEMPATH\Boot.php(312): CodeIgniter\CodeIgniter->run()
 6 SYSTEMPATH\Boot.php(67): CodeIgniter\Boot::runCodeIgniter(Object(CodeIgniter\CodeIgniter))
 7 FCPATH\index.php(56): CodeIgniter\Boot::bootWeb(Object(Config\Paths))
INFO - 2025-07-20 07:24:07 --> Session: Class initialized using 'CodeIgniter\Session\Handlers\FileHandler' driver.
CRITICAL - 2025-07-20 07:24:07 --> DivisionByZeroError: Division by zero
[Method: GET, Route: dashboard]
in APPPATH\Controllers\Home.php on line 969.
 1 APPPATH\Controllers\Home.php(520): App\Controllers\Home->getDashboardData('team')
 2 SYSTEMPATH\CodeIgniter.php(933): App\Controllers\Home->display_dashboard()
 3 SYSTEMPATH\CodeIgniter.php(509): CodeIgniter\CodeIgniter->runController(Object(App\Controllers\Home))
 4 SYSTEMPATH\CodeIgniter.php(355): CodeIgniter\CodeIgniter->handleRequest(null, Object(Config\Cache), false)
 5 SYSTEMPATH\Boot.php(312): CodeIgniter\CodeIgniter->run()
 6 SYSTEMPATH\Boot.php(67): CodeIgniter\Boot::runCodeIgniter(Object(CodeIgniter\CodeIgniter))
 7 FCPATH\index.php(56): CodeIgniter\Boot::bootWeb(Object(Config\Paths))
INFO - 2025-07-20 07:24:35 --> Session: Class initialized using 'CodeIgniter\Session\Handlers\FileHandler' driver.
INFO - 2025-07-20 07:24:47 --> Session: Class initialized using 'CodeIgniter\Session\Handlers\FileHandler' driver.
INFO - 2025-07-20 00:24:59 --> Session: Class initialized using 'CodeIgniter\Session\Handlers\FileHandler' driver.
INFO - 2025-07-20 07:24:59 --> Session: Class initialized using 'CodeIgniter\Session\Handlers\FileHandler' driver.
INFO - 2025-07-20 00:25:05 --> Session: Class initialized using 'CodeIgniter\Session\Handlers\FileHandler' driver.
INFO - 2025-07-20 07:25:06 --> Session: Class initialized using 'CodeIgniter\Session\Handlers\FileHandler' driver.
WARNING - 2025-07-20 07:25:06 --> [DEPRECATED] strtotime(): Passing null to parameter #1 ($datetime) of type string is deprecated in APPPATH\Controllers\Home.php on line 483.
 1 APPPATH\Controllers\Home.php(483): strtotime(null)
 2 APPPATH\Controllers\Home.php(1034): App\Controllers\Home->formatTimeInData([...])
 3 APPPATH\Controllers\Home.php(520): App\Controllers\Home->getDashboardData('admin')
 4 SYSTEMPATH\CodeIgniter.php(933): App\Controllers\Home->display_dashboard()
 5 SYSTEMPATH\CodeIgniter.php(509): CodeIgniter\CodeIgniter->runController(Object(App\Controllers\Home))
 6 SYSTEMPATH\CodeIgniter.php(355): CodeIgniter\CodeIgniter->handleRequest(null, Object(Config\Cache), false)
 7 SYSTEMPATH\Boot.php(312): CodeIgniter\CodeIgniter->run()
 8 SYSTEMPATH\Boot.php(67): CodeIgniter\Boot::runCodeIgniter(Object(CodeIgniter\CodeIgniter))
 9 FCPATH\index.php(56): CodeIgniter\Boot::bootWeb(Object(Config\Paths))
WARNING - 2025-07-20 07:25:06 --> [DEPRECATED] strtotime(): Passing null to parameter #1 ($datetime) of type string is deprecated in APPPATH\Controllers\Home.php on line 483.
 1 APPPATH\Controllers\Home.php(483): strtotime(null)
 2 APPPATH\Controllers\Home.php(1034): App\Controllers\Home->formatTimeInData([...])
 3 APPPATH\Controllers\Home.php(520): App\Controllers\Home->getDashboardData('admin')
 4 SYSTEMPATH\CodeIgniter.php(933): App\Controllers\Home->display_dashboard()
 5 SYSTEMPATH\CodeIgniter.php(509): CodeIgniter\CodeIgniter->runController(Object(App\Controllers\Home))
 6 SYSTEMPATH\CodeIgniter.php(355): CodeIgniter\CodeIgniter->handleRequest(null, Object(Config\Cache), false)
 7 SYSTEMPATH\Boot.php(312): CodeIgniter\CodeIgniter->run()
 8 SYSTEMPATH\Boot.php(67): CodeIgniter\Boot::runCodeIgniter(Object(CodeIgniter\CodeIgniter))
 9 FCPATH\index.php(56): CodeIgniter\Boot::bootWeb(Object(Config\Paths))
WARNING - 2025-07-20 07:25:06 --> [DEPRECATED] strtotime(): Passing null to parameter #1 ($datetime) of type string is deprecated in APPPATH\Controllers\Home.php on line 483.
 1 APPPATH\Controllers\Home.php(483): strtotime(null)
 2 APPPATH\Controllers\Home.php(1034): App\Controllers\Home->formatTimeInData([...])
 3 APPPATH\Controllers\Home.php(520): App\Controllers\Home->getDashboardData('admin')
 4 SYSTEMPATH\CodeIgniter.php(933): App\Controllers\Home->display_dashboard()
 5 SYSTEMPATH\CodeIgniter.php(509): CodeIgniter\CodeIgniter->runController(Object(App\Controllers\Home))
 6 SYSTEMPATH\CodeIgniter.php(355): CodeIgniter\CodeIgniter->handleRequest(null, Object(Config\Cache), false)
 7 SYSTEMPATH\Boot.php(312): CodeIgniter\CodeIgniter->run()
 8 SYSTEMPATH\Boot.php(67): CodeIgniter\Boot::runCodeIgniter(Object(CodeIgniter\CodeIgniter))
 9 FCPATH\index.php(56): CodeIgniter\Boot::bootWeb(Object(Config\Paths))
WARNING - 2025-07-20 07:25:06 --> [DEPRECATED] strtotime(): Passing null to parameter #1 ($datetime) of type string is deprecated in APPPATH\Controllers\Home.php on line 483.
 1 APPPATH\Controllers\Home.php(483): strtotime(null)
 2 APPPATH\Controllers\Home.php(1034): App\Controllers\Home->formatTimeInData([...])
 3 APPPATH\Controllers\Home.php(520): App\Controllers\Home->getDashboardData('admin')
 4 SYSTEMPATH\CodeIgniter.php(933): App\Controllers\Home->display_dashboard()
 5 SYSTEMPATH\CodeIgniter.php(509): CodeIgniter\CodeIgniter->runController(Object(App\Controllers\Home))
 6 SYSTEMPATH\CodeIgniter.php(355): CodeIgniter\CodeIgniter->handleRequest(null, Object(Config\Cache), false)
 7 SYSTEMPATH\Boot.php(312): CodeIgniter\CodeIgniter->run()
 8 SYSTEMPATH\Boot.php(67): CodeIgniter\Boot::runCodeIgniter(Object(CodeIgniter\CodeIgniter))
 9 FCPATH\index.php(56): CodeIgniter\Boot::bootWeb(Object(Config\Paths))
WARNING - 2025-07-20 07:25:06 --> [DEPRECATED] strtotime(): Passing null to parameter #1 ($datetime) of type string is deprecated in APPPATH\Controllers\Home.php on line 483.
 1 APPPATH\Controllers\Home.php(483): strtotime(null)
 2 APPPATH\Controllers\Home.php(1034): App\Controllers\Home->formatTimeInData([...])
 3 APPPATH\Controllers\Home.php(520): App\Controllers\Home->getDashboardData('admin')
 4 SYSTEMPATH\CodeIgniter.php(933): App\Controllers\Home->display_dashboard()
 5 SYSTEMPATH\CodeIgniter.php(509): CodeIgniter\CodeIgniter->runController(Object(App\Controllers\Home))
 6 SYSTEMPATH\CodeIgniter.php(355): CodeIgniter\CodeIgniter->handleRequest(null, Object(Config\Cache), false)
 7 SYSTEMPATH\Boot.php(312): CodeIgniter\CodeIgniter->run()
 8 SYSTEMPATH\Boot.php(67): CodeIgniter\Boot::runCodeIgniter(Object(CodeIgniter\CodeIgniter))
 9 FCPATH\index.php(56): CodeIgniter\Boot::bootWeb(Object(Config\Paths))
WARNING - 2025-07-20 07:25:06 --> [DEPRECATED] strtotime(): Passing null to parameter #1 ($datetime) of type string is deprecated in APPPATH\Controllers\Home.php on line 483.
 1 APPPATH\Controllers\Home.php(483): strtotime(null)
 2 APPPATH\Controllers\Home.php(1034): App\Controllers\Home->formatTimeInData([...])
 3 APPPATH\Controllers\Home.php(520): App\Controllers\Home->getDashboardData('admin')
 4 SYSTEMPATH\CodeIgniter.php(933): App\Controllers\Home->display_dashboard()
 5 SYSTEMPATH\CodeIgniter.php(509): CodeIgniter\CodeIgniter->runController(Object(App\Controllers\Home))
 6 SYSTEMPATH\CodeIgniter.php(355): CodeIgniter\CodeIgniter->handleRequest(null, Object(Config\Cache), false)
 7 SYSTEMPATH\Boot.php(312): CodeIgniter\CodeIgniter->run()
 8 SYSTEMPATH\Boot.php(67): CodeIgniter\Boot::runCodeIgniter(Object(CodeIgniter\CodeIgniter))
 9 FCPATH\index.php(56): CodeIgniter\Boot::bootWeb(Object(Config\Paths))
WARNING - 2025-07-20 07:25:06 --> [DEPRECATED] strtotime(): Passing null to parameter #1 ($datetime) of type string is deprecated in APPPATH\Controllers\Home.php on line 483.
 1 APPPATH\Controllers\Home.php(483): strtotime(null)
 2 APPPATH\Controllers\Home.php(1034): App\Controllers\Home->formatTimeInData([...])
 3 APPPATH\Controllers\Home.php(520): App\Controllers\Home->getDashboardData('admin')
 4 SYSTEMPATH\CodeIgniter.php(933): App\Controllers\Home->display_dashboard()
 5 SYSTEMPATH\CodeIgniter.php(509): CodeIgniter\CodeIgniter->runController(Object(App\Controllers\Home))
 6 SYSTEMPATH\CodeIgniter.php(355): CodeIgniter\CodeIgniter->handleRequest(null, Object(Config\Cache), false)
 7 SYSTEMPATH\Boot.php(312): CodeIgniter\CodeIgniter->run()
 8 SYSTEMPATH\Boot.php(67): CodeIgniter\Boot::runCodeIgniter(Object(CodeIgniter\CodeIgniter))
 9 FCPATH\index.php(56): CodeIgniter\Boot::bootWeb(Object(Config\Paths))
WARNING - 2025-07-20 07:25:06 --> [DEPRECATED] strtotime(): Passing null to parameter #1 ($datetime) of type string is deprecated in APPPATH\Controllers\Home.php on line 483.
 1 APPPATH\Controllers\Home.php(483): strtotime(null)
 2 APPPATH\Controllers\Home.php(1034): App\Controllers\Home->formatTimeInData([...])
 3 APPPATH\Controllers\Home.php(520): App\Controllers\Home->getDashboardData('admin')
 4 SYSTEMPATH\CodeIgniter.php(933): App\Controllers\Home->display_dashboard()
 5 SYSTEMPATH\CodeIgniter.php(509): CodeIgniter\CodeIgniter->runController(Object(App\Controllers\Home))
 6 SYSTEMPATH\CodeIgniter.php(355): CodeIgniter\CodeIgniter->handleRequest(null, Object(Config\Cache), false)
 7 SYSTEMPATH\Boot.php(312): CodeIgniter\CodeIgniter->run()
 8 SYSTEMPATH\Boot.php(67): CodeIgniter\Boot::runCodeIgniter(Object(CodeIgniter\CodeIgniter))
 9 FCPATH\index.php(56): CodeIgniter\Boot::bootWeb(Object(Config\Paths))
WARNING - 2025-07-20 07:25:06 --> [DEPRECATED] strtotime(): Passing null to parameter #1 ($datetime) of type string is deprecated in APPPATH\Controllers\Home.php on line 483.
 1 APPPATH\Controllers\Home.php(483): strtotime(null)
 2 APPPATH\Controllers\Home.php(1034): App\Controllers\Home->formatTimeInData([...])
 3 APPPATH\Controllers\Home.php(520): App\Controllers\Home->getDashboardData('admin')
 4 SYSTEMPATH\CodeIgniter.php(933): App\Controllers\Home->display_dashboard()
 5 SYSTEMPATH\CodeIgniter.php(509): CodeIgniter\CodeIgniter->runController(Object(App\Controllers\Home))
 6 SYSTEMPATH\CodeIgniter.php(355): CodeIgniter\CodeIgniter->handleRequest(null, Object(Config\Cache), false)
 7 SYSTEMPATH\Boot.php(312): CodeIgniter\CodeIgniter->run()
 8 SYSTEMPATH\Boot.php(67): CodeIgniter\Boot::runCodeIgniter(Object(CodeIgniter\CodeIgniter))
 9 FCPATH\index.php(56): CodeIgniter\Boot::bootWeb(Object(Config\Paths))
INFO - 2025-07-20 07:25:12 --> Session: Class initialized using 'CodeIgniter\Session\Handlers\FileHandler' driver.
INFO - 2025-07-20 07:30:21 --> Session: Class initialized using 'CodeIgniter\Session\Handlers\FileHandler' driver.
INFO - 2025-07-20 07:30:37 --> Session: Class initialized using 'CodeIgniter\Session\Handlers\FileHandler' driver.
INFO - 2025-07-20 07:33:46 --> Session: Class initialized using 'CodeIgniter\Session\Handlers\FileHandler' driver.
WARNING - 2025-07-20 07:33:46 --> [DEPRECATED] strtotime(): Passing null to parameter #1 ($datetime) of type string is deprecated in APPPATH\Controllers\Home.php on line 483.
 1 APPPATH\Controllers\Home.php(483): strtotime(null)
 2 APPPATH\Controllers\Home.php(1034): App\Controllers\Home->formatTimeInData([...])
 3 APPPATH\Controllers\Home.php(371): App\Controllers\Home->getDashboardData('admin')
 4 APPPATH\Controllers\Home.php(411): App\Controllers\Home->order_jasa('digital_marketing')
 5 SYSTEMPATH\CodeIgniter.php(933): App\Controllers\Home->order_jasa_digital_marketing()
 6 SYSTEMPATH\CodeIgniter.php(509): CodeIgniter\CodeIgniter->runController(Object(App\Controllers\Home))
 7 SYSTEMPATH\CodeIgniter.php(355): CodeIgniter\CodeIgniter->handleRequest(null, Object(Config\Cache), false)
 8 SYSTEMPATH\Boot.php(312): CodeIgniter\CodeIgniter->run()
 9 SYSTEMPATH\Boot.php(67): CodeIgniter\Boot::runCodeIgniter(Object(CodeIgniter\CodeIgniter))
10 FCPATH\index.php(56): CodeIgniter\Boot::bootWeb(Object(Config\Paths))
WARNING - 2025-07-20 07:33:46 --> [DEPRECATED] strtotime(): Passing null to parameter #1 ($datetime) of type string is deprecated in APPPATH\Controllers\Home.php on line 483.
 1 APPPATH\Controllers\Home.php(483): strtotime(null)
 2 APPPATH\Controllers\Home.php(1034): App\Controllers\Home->formatTimeInData([...])
 3 APPPATH\Controllers\Home.php(371): App\Controllers\Home->getDashboardData('admin')
 4 APPPATH\Controllers\Home.php(411): App\Controllers\Home->order_jasa('digital_marketing')
 5 SYSTEMPATH\CodeIgniter.php(933): App\Controllers\Home->order_jasa_digital_marketing()
 6 SYSTEMPATH\CodeIgniter.php(509): CodeIgniter\CodeIgniter->runController(Object(App\Controllers\Home))
 7 SYSTEMPATH\CodeIgniter.php(355): CodeIgniter\CodeIgniter->handleRequest(null, Object(Config\Cache), false)
 8 SYSTEMPATH\Boot.php(312): CodeIgniter\CodeIgniter->run()
 9 SYSTEMPATH\Boot.php(67): CodeIgniter\Boot::runCodeIgniter(Object(CodeIgniter\CodeIgniter))
10 FCPATH\index.php(56): CodeIgniter\Boot::bootWeb(Object(Config\Paths))
WARNING - 2025-07-20 07:33:46 --> [DEPRECATED] strtotime(): Passing null to parameter #1 ($datetime) of type string is deprecated in APPPATH\Controllers\Home.php on line 483.
 1 APPPATH\Controllers\Home.php(483): strtotime(null)
 2 APPPATH\Controllers\Home.php(1034): App\Controllers\Home->formatTimeInData([...])
 3 APPPATH\Controllers\Home.php(371): App\Controllers\Home->getDashboardData('admin')
 4 APPPATH\Controllers\Home.php(411): App\Controllers\Home->order_jasa('digital_marketing')
 5 SYSTEMPATH\CodeIgniter.php(933): App\Controllers\Home->order_jasa_digital_marketing()
 6 SYSTEMPATH\CodeIgniter.php(509): CodeIgniter\CodeIgniter->runController(Object(App\Controllers\Home))
 7 SYSTEMPATH\CodeIgniter.php(355): CodeIgniter\CodeIgniter->handleRequest(null, Object(Config\Cache), false)
 8 SYSTEMPATH\Boot.php(312): CodeIgniter\CodeIgniter->run()
 9 SYSTEMPATH\Boot.php(67): CodeIgniter\Boot::runCodeIgniter(Object(CodeIgniter\CodeIgniter))
10 FCPATH\index.php(56): CodeIgniter\Boot::bootWeb(Object(Config\Paths))
WARNING - 2025-07-20 07:33:46 --> [DEPRECATED] strtotime(): Passing null to parameter #1 ($datetime) of type string is deprecated in APPPATH\Controllers\Home.php on line 483.
 1 APPPATH\Controllers\Home.php(483): strtotime(null)
 2 APPPATH\Controllers\Home.php(1034): App\Controllers\Home->formatTimeInData([...])
 3 APPPATH\Controllers\Home.php(371): App\Controllers\Home->getDashboardData('admin')
 4 APPPATH\Controllers\Home.php(411): App\Controllers\Home->order_jasa('digital_marketing')
 5 SYSTEMPATH\CodeIgniter.php(933): App\Controllers\Home->order_jasa_digital_marketing()
 6 SYSTEMPATH\CodeIgniter.php(509): CodeIgniter\CodeIgniter->runController(Object(App\Controllers\Home))
 7 SYSTEMPATH\CodeIgniter.php(355): CodeIgniter\CodeIgniter->handleRequest(null, Object(Config\Cache), false)
 8 SYSTEMPATH\Boot.php(312): CodeIgniter\CodeIgniter->run()
 9 SYSTEMPATH\Boot.php(67): CodeIgniter\Boot::runCodeIgniter(Object(CodeIgniter\CodeIgniter))
10 FCPATH\index.php(56): CodeIgniter\Boot::bootWeb(Object(Config\Paths))
WARNING - 2025-07-20 07:33:46 --> [DEPRECATED] strtotime(): Passing null to parameter #1 ($datetime) of type string is deprecated in APPPATH\Controllers\Home.php on line 483.
 1 APPPATH\Controllers\Home.php(483): strtotime(null)
 2 APPPATH\Controllers\Home.php(1034): App\Controllers\Home->formatTimeInData([...])
 3 APPPATH\Controllers\Home.php(371): App\Controllers\Home->getDashboardData('admin')
 4 APPPATH\Controllers\Home.php(411): App\Controllers\Home->order_jasa('digital_marketing')
 5 SYSTEMPATH\CodeIgniter.php(933): App\Controllers\Home->order_jasa_digital_marketing()
 6 SYSTEMPATH\CodeIgniter.php(509): CodeIgniter\CodeIgniter->runController(Object(App\Controllers\Home))
 7 SYSTEMPATH\CodeIgniter.php(355): CodeIgniter\CodeIgniter->handleRequest(null, Object(Config\Cache), false)
 8 SYSTEMPATH\Boot.php(312): CodeIgniter\CodeIgniter->run()
 9 SYSTEMPATH\Boot.php(67): CodeIgniter\Boot::runCodeIgniter(Object(CodeIgniter\CodeIgniter))
10 FCPATH\index.php(56): CodeIgniter\Boot::bootWeb(Object(Config\Paths))
WARNING - 2025-07-20 07:33:46 --> [DEPRECATED] strtotime(): Passing null to parameter #1 ($datetime) of type string is deprecated in APPPATH\Controllers\Home.php on line 483.
 1 APPPATH\Controllers\Home.php(483): strtotime(null)
 2 APPPATH\Controllers\Home.php(1034): App\Controllers\Home->formatTimeInData([...])
 3 APPPATH\Controllers\Home.php(371): App\Controllers\Home->getDashboardData('admin')
 4 APPPATH\Controllers\Home.php(411): App\Controllers\Home->order_jasa('digital_marketing')
 5 SYSTEMPATH\CodeIgniter.php(933): App\Controllers\Home->order_jasa_digital_marketing()
 6 SYSTEMPATH\CodeIgniter.php(509): CodeIgniter\CodeIgniter->runController(Object(App\Controllers\Home))
 7 SYSTEMPATH\CodeIgniter.php(355): CodeIgniter\CodeIgniter->handleRequest(null, Object(Config\Cache), false)
 8 SYSTEMPATH\Boot.php(312): CodeIgniter\CodeIgniter->run()
 9 SYSTEMPATH\Boot.php(67): CodeIgniter\Boot::runCodeIgniter(Object(CodeIgniter\CodeIgniter))
10 FCPATH\index.php(56): CodeIgniter\Boot::bootWeb(Object(Config\Paths))
WARNING - 2025-07-20 07:33:46 --> [DEPRECATED] strtotime(): Passing null to parameter #1 ($datetime) of type string is deprecated in APPPATH\Controllers\Home.php on line 483.
 1 APPPATH\Controllers\Home.php(483): strtotime(null)
 2 APPPATH\Controllers\Home.php(1034): App\Controllers\Home->formatTimeInData([...])
 3 APPPATH\Controllers\Home.php(371): App\Controllers\Home->getDashboardData('admin')
 4 APPPATH\Controllers\Home.php(411): App\Controllers\Home->order_jasa('digital_marketing')
 5 SYSTEMPATH\CodeIgniter.php(933): App\Controllers\Home->order_jasa_digital_marketing()
 6 SYSTEMPATH\CodeIgniter.php(509): CodeIgniter\CodeIgniter->runController(Object(App\Controllers\Home))
 7 SYSTEMPATH\CodeIgniter.php(355): CodeIgniter\CodeIgniter->handleRequest(null, Object(Config\Cache), false)
 8 SYSTEMPATH\Boot.php(312): CodeIgniter\CodeIgniter->run()
 9 SYSTEMPATH\Boot.php(67): CodeIgniter\Boot::runCodeIgniter(Object(CodeIgniter\CodeIgniter))
10 FCPATH\index.php(56): CodeIgniter\Boot::bootWeb(Object(Config\Paths))
WARNING - 2025-07-20 07:33:46 --> [DEPRECATED] strtotime(): Passing null to parameter #1 ($datetime) of type string is deprecated in APPPATH\Controllers\Home.php on line 483.
 1 APPPATH\Controllers\Home.php(483): strtotime(null)
 2 APPPATH\Controllers\Home.php(1034): App\Controllers\Home->formatTimeInData([...])
 3 APPPATH\Controllers\Home.php(371): App\Controllers\Home->getDashboardData('admin')
 4 APPPATH\Controllers\Home.php(411): App\Controllers\Home->order_jasa('digital_marketing')
 5 SYSTEMPATH\CodeIgniter.php(933): App\Controllers\Home->order_jasa_digital_marketing()
 6 SYSTEMPATH\CodeIgniter.php(509): CodeIgniter\CodeIgniter->runController(Object(App\Controllers\Home))
 7 SYSTEMPATH\CodeIgniter.php(355): CodeIgniter\CodeIgniter->handleRequest(null, Object(Config\Cache), false)
 8 SYSTEMPATH\Boot.php(312): CodeIgniter\CodeIgniter->run()
 9 SYSTEMPATH\Boot.php(67): CodeIgniter\Boot::runCodeIgniter(Object(CodeIgniter\CodeIgniter))
10 FCPATH\index.php(56): CodeIgniter\Boot::bootWeb(Object(Config\Paths))
WARNING - 2025-07-20 07:33:46 --> [DEPRECATED] strtotime(): Passing null to parameter #1 ($datetime) of type string is deprecated in APPPATH\Controllers\Home.php on line 483.
 1 APPPATH\Controllers\Home.php(483): strtotime(null)
 2 APPPATH\Controllers\Home.php(1034): App\Controllers\Home->formatTimeInData([...])
 3 APPPATH\Controllers\Home.php(371): App\Controllers\Home->getDashboardData('admin')
 4 APPPATH\Controllers\Home.php(411): App\Controllers\Home->order_jasa('digital_marketing')
 5 SYSTEMPATH\CodeIgniter.php(933): App\Controllers\Home->order_jasa_digital_marketing()
 6 SYSTEMPATH\CodeIgniter.php(509): CodeIgniter\CodeIgniter->runController(Object(App\Controllers\Home))
 7 SYSTEMPATH\CodeIgniter.php(355): CodeIgniter\CodeIgniter->handleRequest(null, Object(Config\Cache), false)
 8 SYSTEMPATH\Boot.php(312): CodeIgniter\CodeIgniter->run()
 9 SYSTEMPATH\Boot.php(67): CodeIgniter\Boot::runCodeIgniter(Object(CodeIgniter\CodeIgniter))
10 FCPATH\index.php(56): CodeIgniter\Boot::bootWeb(Object(Config\Paths))
INFO - 2025-07-20 07:33:50 --> Session: Class initialized using 'CodeIgniter\Session\Handlers\FileHandler' driver.
WARNING - 2025-07-20 07:33:50 --> [DEPRECATED] strtotime(): Passing null to parameter #1 ($datetime) of type string is deprecated in APPPATH\Controllers\Home.php on line 483.
 1 APPPATH\Controllers\Home.php(483): strtotime(null)
 2 APPPATH\Controllers\Home.php(1034): App\Controllers\Home->formatTimeInData([...])
 3 APPPATH\Controllers\Home.php(371): App\Controllers\Home->getDashboardData('admin')
 4 APPPATH\Controllers\Home.php(416): App\Controllers\Home->order_jasa('pembuatan_app_web')
 5 SYSTEMPATH\CodeIgniter.php(933): App\Controllers\Home->order_jasa_pembuatan_app_web()
 6 SYSTEMPATH\CodeIgniter.php(509): CodeIgniter\CodeIgniter->runController(Object(App\Controllers\Home))
 7 SYSTEMPATH\CodeIgniter.php(355): CodeIgniter\CodeIgniter->handleRequest(null, Object(Config\Cache), false)
 8 SYSTEMPATH\Boot.php(312): CodeIgniter\CodeIgniter->run()
 9 SYSTEMPATH\Boot.php(67): CodeIgniter\Boot::runCodeIgniter(Object(CodeIgniter\CodeIgniter))
10 FCPATH\index.php(56): CodeIgniter\Boot::bootWeb(Object(Config\Paths))
WARNING - 2025-07-20 07:33:50 --> [DEPRECATED] strtotime(): Passing null to parameter #1 ($datetime) of type string is deprecated in APPPATH\Controllers\Home.php on line 483.
 1 APPPATH\Controllers\Home.php(483): strtotime(null)
 2 APPPATH\Controllers\Home.php(1034): App\Controllers\Home->formatTimeInData([...])
 3 APPPATH\Controllers\Home.php(371): App\Controllers\Home->getDashboardData('admin')
 4 APPPATH\Controllers\Home.php(416): App\Controllers\Home->order_jasa('pembuatan_app_web')
 5 SYSTEMPATH\CodeIgniter.php(933): App\Controllers\Home->order_jasa_pembuatan_app_web()
 6 SYSTEMPATH\CodeIgniter.php(509): CodeIgniter\CodeIgniter->runController(Object(App\Controllers\Home))
 7 SYSTEMPATH\CodeIgniter.php(355): CodeIgniter\CodeIgniter->handleRequest(null, Object(Config\Cache), false)
 8 SYSTEMPATH\Boot.php(312): CodeIgniter\CodeIgniter->run()
 9 SYSTEMPATH\Boot.php(67): CodeIgniter\Boot::runCodeIgniter(Object(CodeIgniter\CodeIgniter))
10 FCPATH\index.php(56): CodeIgniter\Boot::bootWeb(Object(Config\Paths))
WARNING - 2025-07-20 07:33:50 --> [DEPRECATED] strtotime(): Passing null to parameter #1 ($datetime) of type string is deprecated in APPPATH\Controllers\Home.php on line 483.
 1 APPPATH\Controllers\Home.php(483): strtotime(null)
 2 APPPATH\Controllers\Home.php(1034): App\Controllers\Home->formatTimeInData([...])
 3 APPPATH\Controllers\Home.php(371): App\Controllers\Home->getDashboardData('admin')
 4 APPPATH\Controllers\Home.php(416): App\Controllers\Home->order_jasa('pembuatan_app_web')
 5 SYSTEMPATH\CodeIgniter.php(933): App\Controllers\Home->order_jasa_pembuatan_app_web()
 6 SYSTEMPATH\CodeIgniter.php(509): CodeIgniter\CodeIgniter->runController(Object(App\Controllers\Home))
 7 SYSTEMPATH\CodeIgniter.php(355): CodeIgniter\CodeIgniter->handleRequest(null, Object(Config\Cache), false)
 8 SYSTEMPATH\Boot.php(312): CodeIgniter\CodeIgniter->run()
 9 SYSTEMPATH\Boot.php(67): CodeIgniter\Boot::runCodeIgniter(Object(CodeIgniter\CodeIgniter))
10 FCPATH\index.php(56): CodeIgniter\Boot::bootWeb(Object(Config\Paths))
WARNING - 2025-07-20 07:33:50 --> [DEPRECATED] strtotime(): Passing null to parameter #1 ($datetime) of type string is deprecated in APPPATH\Controllers\Home.php on line 483.
 1 APPPATH\Controllers\Home.php(483): strtotime(null)
 2 APPPATH\Controllers\Home.php(1034): App\Controllers\Home->formatTimeInData([...])
 3 APPPATH\Controllers\Home.php(371): App\Controllers\Home->getDashboardData('admin')
 4 APPPATH\Controllers\Home.php(416): App\Controllers\Home->order_jasa('pembuatan_app_web')
 5 SYSTEMPATH\CodeIgniter.php(933): App\Controllers\Home->order_jasa_pembuatan_app_web()
 6 SYSTEMPATH\CodeIgniter.php(509): CodeIgniter\CodeIgniter->runController(Object(App\Controllers\Home))
 7 SYSTEMPATH\CodeIgniter.php(355): CodeIgniter\CodeIgniter->handleRequest(null, Object(Config\Cache), false)
 8 SYSTEMPATH\Boot.php(312): CodeIgniter\CodeIgniter->run()
 9 SYSTEMPATH\Boot.php(67): CodeIgniter\Boot::runCodeIgniter(Object(CodeIgniter\CodeIgniter))
10 FCPATH\index.php(56): CodeIgniter\Boot::bootWeb(Object(Config\Paths))
WARNING - 2025-07-20 07:33:50 --> [DEPRECATED] strtotime(): Passing null to parameter #1 ($datetime) of type string is deprecated in APPPATH\Controllers\Home.php on line 483.
 1 APPPATH\Controllers\Home.php(483): strtotime(null)
 2 APPPATH\Controllers\Home.php(1034): App\Controllers\Home->formatTimeInData([...])
 3 APPPATH\Controllers\Home.php(371): App\Controllers\Home->getDashboardData('admin')
 4 APPPATH\Controllers\Home.php(416): App\Controllers\Home->order_jasa('pembuatan_app_web')
 5 SYSTEMPATH\CodeIgniter.php(933): App\Controllers\Home->order_jasa_pembuatan_app_web()
 6 SYSTEMPATH\CodeIgniter.php(509): CodeIgniter\CodeIgniter->runController(Object(App\Controllers\Home))
 7 SYSTEMPATH\CodeIgniter.php(355): CodeIgniter\CodeIgniter->handleRequest(null, Object(Config\Cache), false)
 8 SYSTEMPATH\Boot.php(312): CodeIgniter\CodeIgniter->run()
 9 SYSTEMPATH\Boot.php(67): CodeIgniter\Boot::runCodeIgniter(Object(CodeIgniter\CodeIgniter))
10 FCPATH\index.php(56): CodeIgniter\Boot::bootWeb(Object(Config\Paths))
WARNING - 2025-07-20 07:33:50 --> [DEPRECATED] strtotime(): Passing null to parameter #1 ($datetime) of type string is deprecated in APPPATH\Controllers\Home.php on line 483.
 1 APPPATH\Controllers\Home.php(483): strtotime(null)
 2 APPPATH\Controllers\Home.php(1034): App\Controllers\Home->formatTimeInData([...])
 3 APPPATH\Controllers\Home.php(371): App\Controllers\Home->getDashboardData('admin')
 4 APPPATH\Controllers\Home.php(416): App\Controllers\Home->order_jasa('pembuatan_app_web')
 5 SYSTEMPATH\CodeIgniter.php(933): App\Controllers\Home->order_jasa_pembuatan_app_web()
 6 SYSTEMPATH\CodeIgniter.php(509): CodeIgniter\CodeIgniter->runController(Object(App\Controllers\Home))
 7 SYSTEMPATH\CodeIgniter.php(355): CodeIgniter\CodeIgniter->handleRequest(null, Object(Config\Cache), false)
 8 SYSTEMPATH\Boot.php(312): CodeIgniter\CodeIgniter->run()
 9 SYSTEMPATH\Boot.php(67): CodeIgniter\Boot::runCodeIgniter(Object(CodeIgniter\CodeIgniter))
10 FCPATH\index.php(56): CodeIgniter\Boot::bootWeb(Object(Config\Paths))
WARNING - 2025-07-20 07:33:50 --> [DEPRECATED] strtotime(): Passing null to parameter #1 ($datetime) of type string is deprecated in APPPATH\Controllers\Home.php on line 483.
 1 APPPATH\Controllers\Home.php(483): strtotime(null)
 2 APPPATH\Controllers\Home.php(1034): App\Controllers\Home->formatTimeInData([...])
 3 APPPATH\Controllers\Home.php(371): App\Controllers\Home->getDashboardData('admin')
 4 APPPATH\Controllers\Home.php(416): App\Controllers\Home->order_jasa('pembuatan_app_web')
 5 SYSTEMPATH\CodeIgniter.php(933): App\Controllers\Home->order_jasa_pembuatan_app_web()
 6 SYSTEMPATH\CodeIgniter.php(509): CodeIgniter\CodeIgniter->runController(Object(App\Controllers\Home))
 7 SYSTEMPATH\CodeIgniter.php(355): CodeIgniter\CodeIgniter->handleRequest(null, Object(Config\Cache), false)
 8 SYSTEMPATH\Boot.php(312): CodeIgniter\CodeIgniter->run()
 9 SYSTEMPATH\Boot.php(67): CodeIgniter\Boot::runCodeIgniter(Object(CodeIgniter\CodeIgniter))
10 FCPATH\index.php(56): CodeIgniter\Boot::bootWeb(Object(Config\Paths))
WARNING - 2025-07-20 07:33:50 --> [DEPRECATED] strtotime(): Passing null to parameter #1 ($datetime) of type string is deprecated in APPPATH\Controllers\Home.php on line 483.
 1 APPPATH\Controllers\Home.php(483): strtotime(null)
 2 APPPATH\Controllers\Home.php(1034): App\Controllers\Home->formatTimeInData([...])
 3 APPPATH\Controllers\Home.php(371): App\Controllers\Home->getDashboardData('admin')
 4 APPPATH\Controllers\Home.php(416): App\Controllers\Home->order_jasa('pembuatan_app_web')
 5 SYSTEMPATH\CodeIgniter.php(933): App\Controllers\Home->order_jasa_pembuatan_app_web()
 6 SYSTEMPATH\CodeIgniter.php(509): CodeIgniter\CodeIgniter->runController(Object(App\Controllers\Home))
 7 SYSTEMPATH\CodeIgniter.php(355): CodeIgniter\CodeIgniter->handleRequest(null, Object(Config\Cache), false)
 8 SYSTEMPATH\Boot.php(312): CodeIgniter\CodeIgniter->run()
 9 SYSTEMPATH\Boot.php(67): CodeIgniter\Boot::runCodeIgniter(Object(CodeIgniter\CodeIgniter))
10 FCPATH\index.php(56): CodeIgniter\Boot::bootWeb(Object(Config\Paths))
WARNING - 2025-07-20 07:33:50 --> [DEPRECATED] strtotime(): Passing null to parameter #1 ($datetime) of type string is deprecated in APPPATH\Controllers\Home.php on line 483.
 1 APPPATH\Controllers\Home.php(483): strtotime(null)
 2 APPPATH\Controllers\Home.php(1034): App\Controllers\Home->formatTimeInData([...])
 3 APPPATH\Controllers\Home.php(371): App\Controllers\Home->getDashboardData('admin')
 4 APPPATH\Controllers\Home.php(416): App\Controllers\Home->order_jasa('pembuatan_app_web')
 5 SYSTEMPATH\CodeIgniter.php(933): App\Controllers\Home->order_jasa_pembuatan_app_web()
 6 SYSTEMPATH\CodeIgniter.php(509): CodeIgniter\CodeIgniter->runController(Object(App\Controllers\Home))
 7 SYSTEMPATH\CodeIgniter.php(355): CodeIgniter\CodeIgniter->handleRequest(null, Object(Config\Cache), false)
 8 SYSTEMPATH\Boot.php(312): CodeIgniter\CodeIgniter->run()
 9 SYSTEMPATH\Boot.php(67): CodeIgniter\Boot::runCodeIgniter(Object(CodeIgniter\CodeIgniter))
10 FCPATH\index.php(56): CodeIgniter\Boot::bootWeb(Object(Config\Paths))
INFO - 2025-07-20 07:33:52 --> Session: Class initialized using 'CodeIgniter\Session\Handlers\FileHandler' driver.
WARNING - 2025-07-20 07:33:52 --> [DEPRECATED] strtotime(): Passing null to parameter #1 ($datetime) of type string is deprecated in APPPATH\Controllers\Home.php on line 483.
 1 APPPATH\Controllers\Home.php(483): strtotime(null)
 2 APPPATH\Controllers\Home.php(1034): App\Controllers\Home->formatTimeInData([...])
 3 APPPATH\Controllers\Home.php(371): App\Controllers\Home->getDashboardData('admin')
 4 APPPATH\Controllers\Home.php(416): App\Controllers\Home->order_jasa('pembuatan_app_web')
 5 SYSTEMPATH\CodeIgniter.php(933): App\Controllers\Home->order_jasa_pembuatan_app_web()
 6 SYSTEMPATH\CodeIgniter.php(509): CodeIgniter\CodeIgniter->runController(Object(App\Controllers\Home))
 7 SYSTEMPATH\CodeIgniter.php(355): CodeIgniter\CodeIgniter->handleRequest(null, Object(Config\Cache), false)
 8 SYSTEMPATH\Boot.php(312): CodeIgniter\CodeIgniter->run()
 9 SYSTEMPATH\Boot.php(67): CodeIgniter\Boot::runCodeIgniter(Object(CodeIgniter\CodeIgniter))
10 FCPATH\index.php(56): CodeIgniter\Boot::bootWeb(Object(Config\Paths))
WARNING - 2025-07-20 07:33:52 --> [DEPRECATED] strtotime(): Passing null to parameter #1 ($datetime) of type string is deprecated in APPPATH\Controllers\Home.php on line 483.
 1 APPPATH\Controllers\Home.php(483): strtotime(null)
 2 APPPATH\Controllers\Home.php(1034): App\Controllers\Home->formatTimeInData([...])
 3 APPPATH\Controllers\Home.php(371): App\Controllers\Home->getDashboardData('admin')
 4 APPPATH\Controllers\Home.php(416): App\Controllers\Home->order_jasa('pembuatan_app_web')
 5 SYSTEMPATH\CodeIgniter.php(933): App\Controllers\Home->order_jasa_pembuatan_app_web()
 6 SYSTEMPATH\CodeIgniter.php(509): CodeIgniter\CodeIgniter->runController(Object(App\Controllers\Home))
 7 SYSTEMPATH\CodeIgniter.php(355): CodeIgniter\CodeIgniter->handleRequest(null, Object(Config\Cache), false)
 8 SYSTEMPATH\Boot.php(312): CodeIgniter\CodeIgniter->run()
 9 SYSTEMPATH\Boot.php(67): CodeIgniter\Boot::runCodeIgniter(Object(CodeIgniter\CodeIgniter))
10 FCPATH\index.php(56): CodeIgniter\Boot::bootWeb(Object(Config\Paths))
WARNING - 2025-07-20 07:33:52 --> [DEPRECATED] strtotime(): Passing null to parameter #1 ($datetime) of type string is deprecated in APPPATH\Controllers\Home.php on line 483.
 1 APPPATH\Controllers\Home.php(483): strtotime(null)
 2 APPPATH\Controllers\Home.php(1034): App\Controllers\Home->formatTimeInData([...])
 3 APPPATH\Controllers\Home.php(371): App\Controllers\Home->getDashboardData('admin')
 4 APPPATH\Controllers\Home.php(416): App\Controllers\Home->order_jasa('pembuatan_app_web')
 5 SYSTEMPATH\CodeIgniter.php(933): App\Controllers\Home->order_jasa_pembuatan_app_web()
 6 SYSTEMPATH\CodeIgniter.php(509): CodeIgniter\CodeIgniter->runController(Object(App\Controllers\Home))
 7 SYSTEMPATH\CodeIgniter.php(355): CodeIgniter\CodeIgniter->handleRequest(null, Object(Config\Cache), false)
 8 SYSTEMPATH\Boot.php(312): CodeIgniter\CodeIgniter->run()
 9 SYSTEMPATH\Boot.php(67): CodeIgniter\Boot::runCodeIgniter(Object(CodeIgniter\CodeIgniter))
10 FCPATH\index.php(56): CodeIgniter\Boot::bootWeb(Object(Config\Paths))
WARNING - 2025-07-20 07:33:52 --> [DEPRECATED] strtotime(): Passing null to parameter #1 ($datetime) of type string is deprecated in APPPATH\Controllers\Home.php on line 483.
 1 APPPATH\Controllers\Home.php(483): strtotime(null)
 2 APPPATH\Controllers\Home.php(1034): App\Controllers\Home->formatTimeInData([...])
 3 APPPATH\Controllers\Home.php(371): App\Controllers\Home->getDashboardData('admin')
 4 APPPATH\Controllers\Home.php(416): App\Controllers\Home->order_jasa('pembuatan_app_web')
 5 SYSTEMPATH\CodeIgniter.php(933): App\Controllers\Home->order_jasa_pembuatan_app_web()
 6 SYSTEMPATH\CodeIgniter.php(509): CodeIgniter\CodeIgniter->runController(Object(App\Controllers\Home))
 7 SYSTEMPATH\CodeIgniter.php(355): CodeIgniter\CodeIgniter->handleRequest(null, Object(Config\Cache), false)
 8 SYSTEMPATH\Boot.php(312): CodeIgniter\CodeIgniter->run()
 9 SYSTEMPATH\Boot.php(67): CodeIgniter\Boot::runCodeIgniter(Object(CodeIgniter\CodeIgniter))
10 FCPATH\index.php(56): CodeIgniter\Boot::bootWeb(Object(Config\Paths))
WARNING - 2025-07-20 07:33:52 --> [DEPRECATED] strtotime(): Passing null to parameter #1 ($datetime) of type string is deprecated in APPPATH\Controllers\Home.php on line 483.
 1 APPPATH\Controllers\Home.php(483): strtotime(null)
 2 APPPATH\Controllers\Home.php(1034): App\Controllers\Home->formatTimeInData([...])
 3 APPPATH\Controllers\Home.php(371): App\Controllers\Home->getDashboardData('admin')
 4 APPPATH\Controllers\Home.php(416): App\Controllers\Home->order_jasa('pembuatan_app_web')
 5 SYSTEMPATH\CodeIgniter.php(933): App\Controllers\Home->order_jasa_pembuatan_app_web()
 6 SYSTEMPATH\CodeIgniter.php(509): CodeIgniter\CodeIgniter->runController(Object(App\Controllers\Home))
 7 SYSTEMPATH\CodeIgniter.php(355): CodeIgniter\CodeIgniter->handleRequest(null, Object(Config\Cache), false)
 8 SYSTEMPATH\Boot.php(312): CodeIgniter\CodeIgniter->run()
 9 SYSTEMPATH\Boot.php(67): CodeIgniter\Boot::runCodeIgniter(Object(CodeIgniter\CodeIgniter))
10 FCPATH\index.php(56): CodeIgniter\Boot::bootWeb(Object(Config\Paths))
WARNING - 2025-07-20 07:33:52 --> [DEPRECATED] strtotime(): Passing null to parameter #1 ($datetime) of type string is deprecated in APPPATH\Controllers\Home.php on line 483.
 1 APPPATH\Controllers\Home.php(483): strtotime(null)
 2 APPPATH\Controllers\Home.php(1034): App\Controllers\Home->formatTimeInData([...])
 3 APPPATH\Controllers\Home.php(371): App\Controllers\Home->getDashboardData('admin')
 4 APPPATH\Controllers\Home.php(416): App\Controllers\Home->order_jasa('pembuatan_app_web')
 5 SYSTEMPATH\CodeIgniter.php(933): App\Controllers\Home->order_jasa_pembuatan_app_web()
 6 SYSTEMPATH\CodeIgniter.php(509): CodeIgniter\CodeIgniter->runController(Object(App\Controllers\Home))
 7 SYSTEMPATH\CodeIgniter.php(355): CodeIgniter\CodeIgniter->handleRequest(null, Object(Config\Cache), false)
 8 SYSTEMPATH\Boot.php(312): CodeIgniter\CodeIgniter->run()
 9 SYSTEMPATH\Boot.php(67): CodeIgniter\Boot::runCodeIgniter(Object(CodeIgniter\CodeIgniter))
10 FCPATH\index.php(56): CodeIgniter\Boot::bootWeb(Object(Config\Paths))
WARNING - 2025-07-20 07:33:52 --> [DEPRECATED] strtotime(): Passing null to parameter #1 ($datetime) of type string is deprecated in APPPATH\Controllers\Home.php on line 483.
 1 APPPATH\Controllers\Home.php(483): strtotime(null)
 2 APPPATH\Controllers\Home.php(1034): App\Controllers\Home->formatTimeInData([...])
 3 APPPATH\Controllers\Home.php(371): App\Controllers\Home->getDashboardData('admin')
 4 APPPATH\Controllers\Home.php(416): App\Controllers\Home->order_jasa('pembuatan_app_web')
 5 SYSTEMPATH\CodeIgniter.php(933): App\Controllers\Home->order_jasa_pembuatan_app_web()
 6 SYSTEMPATH\CodeIgniter.php(509): CodeIgniter\CodeIgniter->runController(Object(App\Controllers\Home))
 7 SYSTEMPATH\CodeIgniter.php(355): CodeIgniter\CodeIgniter->handleRequest(null, Object(Config\Cache), false)
 8 SYSTEMPATH\Boot.php(312): CodeIgniter\CodeIgniter->run()
 9 SYSTEMPATH\Boot.php(67): CodeIgniter\Boot::runCodeIgniter(Object(CodeIgniter\CodeIgniter))
10 FCPATH\index.php(56): CodeIgniter\Boot::bootWeb(Object(Config\Paths))
WARNING - 2025-07-20 07:33:52 --> [DEPRECATED] strtotime(): Passing null to parameter #1 ($datetime) of type string is deprecated in APPPATH\Controllers\Home.php on line 483.
 1 APPPATH\Controllers\Home.php(483): strtotime(null)
 2 APPPATH\Controllers\Home.php(1034): App\Controllers\Home->formatTimeInData([...])
 3 APPPATH\Controllers\Home.php(371): App\Controllers\Home->getDashboardData('admin')
 4 APPPATH\Controllers\Home.php(416): App\Controllers\Home->order_jasa('pembuatan_app_web')
 5 SYSTEMPATH\CodeIgniter.php(933): App\Controllers\Home->order_jasa_pembuatan_app_web()
 6 SYSTEMPATH\CodeIgniter.php(509): CodeIgniter\CodeIgniter->runController(Object(App\Controllers\Home))
 7 SYSTEMPATH\CodeIgniter.php(355): CodeIgniter\CodeIgniter->handleRequest(null, Object(Config\Cache), false)
 8 SYSTEMPATH\Boot.php(312): CodeIgniter\CodeIgniter->run()
 9 SYSTEMPATH\Boot.php(67): CodeIgniter\Boot::runCodeIgniter(Object(CodeIgniter\CodeIgniter))
10 FCPATH\index.php(56): CodeIgniter\Boot::bootWeb(Object(Config\Paths))
WARNING - 2025-07-20 07:33:52 --> [DEPRECATED] strtotime(): Passing null to parameter #1 ($datetime) of type string is deprecated in APPPATH\Controllers\Home.php on line 483.
 1 APPPATH\Controllers\Home.php(483): strtotime(null)
 2 APPPATH\Controllers\Home.php(1034): App\Controllers\Home->formatTimeInData([...])
 3 APPPATH\Controllers\Home.php(371): App\Controllers\Home->getDashboardData('admin')
 4 APPPATH\Controllers\Home.php(416): App\Controllers\Home->order_jasa('pembuatan_app_web')
 5 SYSTEMPATH\CodeIgniter.php(933): App\Controllers\Home->order_jasa_pembuatan_app_web()
 6 SYSTEMPATH\CodeIgniter.php(509): CodeIgniter\CodeIgniter->runController(Object(App\Controllers\Home))
 7 SYSTEMPATH\CodeIgniter.php(355): CodeIgniter\CodeIgniter->handleRequest(null, Object(Config\Cache), false)
 8 SYSTEMPATH\Boot.php(312): CodeIgniter\CodeIgniter->run()
 9 SYSTEMPATH\Boot.php(67): CodeIgniter\Boot::runCodeIgniter(Object(CodeIgniter\CodeIgniter))
10 FCPATH\index.php(56): CodeIgniter\Boot::bootWeb(Object(Config\Paths))
INFO - 2025-07-20 07:33:53 --> Session: Class initialized using 'CodeIgniter\Session\Handlers\FileHandler' driver.
WARNING - 2025-07-20 07:33:53 --> [DEPRECATED] strtotime(): Passing null to parameter #1 ($datetime) of type string is deprecated in APPPATH\Controllers\Home.php on line 483.
 1 APPPATH\Controllers\Home.php(483): strtotime(null)
 2 APPPATH\Controllers\Home.php(1034): App\Controllers\Home->formatTimeInData([...])
 3 APPPATH\Controllers\Home.php(371): App\Controllers\Home->getDashboardData('admin')
 4 APPPATH\Controllers\Home.php(422): App\Controllers\Home->order_jasa('lain')
 5 SYSTEMPATH\CodeIgniter.php(933): App\Controllers\Home->order_jasa_lain()
 6 SYSTEMPATH\CodeIgniter.php(509): CodeIgniter\CodeIgniter->runController(Object(App\Controllers\Home))
 7 SYSTEMPATH\CodeIgniter.php(355): CodeIgniter\CodeIgniter->handleRequest(null, Object(Config\Cache), false)
 8 SYSTEMPATH\Boot.php(312): CodeIgniter\CodeIgniter->run()
 9 SYSTEMPATH\Boot.php(67): CodeIgniter\Boot::runCodeIgniter(Object(CodeIgniter\CodeIgniter))
10 FCPATH\index.php(56): CodeIgniter\Boot::bootWeb(Object(Config\Paths))
WARNING - 2025-07-20 07:33:53 --> [DEPRECATED] strtotime(): Passing null to parameter #1 ($datetime) of type string is deprecated in APPPATH\Controllers\Home.php on line 483.
 1 APPPATH\Controllers\Home.php(483): strtotime(null)
 2 APPPATH\Controllers\Home.php(1034): App\Controllers\Home->formatTimeInData([...])
 3 APPPATH\Controllers\Home.php(371): App\Controllers\Home->getDashboardData('admin')
 4 APPPATH\Controllers\Home.php(422): App\Controllers\Home->order_jasa('lain')
 5 SYSTEMPATH\CodeIgniter.php(933): App\Controllers\Home->order_jasa_lain()
 6 SYSTEMPATH\CodeIgniter.php(509): CodeIgniter\CodeIgniter->runController(Object(App\Controllers\Home))
 7 SYSTEMPATH\CodeIgniter.php(355): CodeIgniter\CodeIgniter->handleRequest(null, Object(Config\Cache), false)
 8 SYSTEMPATH\Boot.php(312): CodeIgniter\CodeIgniter->run()
 9 SYSTEMPATH\Boot.php(67): CodeIgniter\Boot::runCodeIgniter(Object(CodeIgniter\CodeIgniter))
10 FCPATH\index.php(56): CodeIgniter\Boot::bootWeb(Object(Config\Paths))
WARNING - 2025-07-20 07:33:53 --> [DEPRECATED] strtotime(): Passing null to parameter #1 ($datetime) of type string is deprecated in APPPATH\Controllers\Home.php on line 483.
 1 APPPATH\Controllers\Home.php(483): strtotime(null)
 2 APPPATH\Controllers\Home.php(1034): App\Controllers\Home->formatTimeInData([...])
 3 APPPATH\Controllers\Home.php(371): App\Controllers\Home->getDashboardData('admin')
 4 APPPATH\Controllers\Home.php(422): App\Controllers\Home->order_jasa('lain')
 5 SYSTEMPATH\CodeIgniter.php(933): App\Controllers\Home->order_jasa_lain()
 6 SYSTEMPATH\CodeIgniter.php(509): CodeIgniter\CodeIgniter->runController(Object(App\Controllers\Home))
 7 SYSTEMPATH\CodeIgniter.php(355): CodeIgniter\CodeIgniter->handleRequest(null, Object(Config\Cache), false)
 8 SYSTEMPATH\Boot.php(312): CodeIgniter\CodeIgniter->run()
 9 SYSTEMPATH\Boot.php(67): CodeIgniter\Boot::runCodeIgniter(Object(CodeIgniter\CodeIgniter))
10 FCPATH\index.php(56): CodeIgniter\Boot::bootWeb(Object(Config\Paths))
WARNING - 2025-07-20 07:33:53 --> [DEPRECATED] strtotime(): Passing null to parameter #1 ($datetime) of type string is deprecated in APPPATH\Controllers\Home.php on line 483.
 1 APPPATH\Controllers\Home.php(483): strtotime(null)
 2 APPPATH\Controllers\Home.php(1034): App\Controllers\Home->formatTimeInData([...])
 3 APPPATH\Controllers\Home.php(371): App\Controllers\Home->getDashboardData('admin')
 4 APPPATH\Controllers\Home.php(422): App\Controllers\Home->order_jasa('lain')
 5 SYSTEMPATH\CodeIgniter.php(933): App\Controllers\Home->order_jasa_lain()
 6 SYSTEMPATH\CodeIgniter.php(509): CodeIgniter\CodeIgniter->runController(Object(App\Controllers\Home))
 7 SYSTEMPATH\CodeIgniter.php(355): CodeIgniter\CodeIgniter->handleRequest(null, Object(Config\Cache), false)
 8 SYSTEMPATH\Boot.php(312): CodeIgniter\CodeIgniter->run()
 9 SYSTEMPATH\Boot.php(67): CodeIgniter\Boot::runCodeIgniter(Object(CodeIgniter\CodeIgniter))
10 FCPATH\index.php(56): CodeIgniter\Boot::bootWeb(Object(Config\Paths))
WARNING - 2025-07-20 07:33:53 --> [DEPRECATED] strtotime(): Passing null to parameter #1 ($datetime) of type string is deprecated in APPPATH\Controllers\Home.php on line 483.
 1 APPPATH\Controllers\Home.php(483): strtotime(null)
 2 APPPATH\Controllers\Home.php(1034): App\Controllers\Home->formatTimeInData([...])
 3 APPPATH\Controllers\Home.php(371): App\Controllers\Home->getDashboardData('admin')
 4 APPPATH\Controllers\Home.php(422): App\Controllers\Home->order_jasa('lain')
 5 SYSTEMPATH\CodeIgniter.php(933): App\Controllers\Home->order_jasa_lain()
 6 SYSTEMPATH\CodeIgniter.php(509): CodeIgniter\CodeIgniter->runController(Object(App\Controllers\Home))
 7 SYSTEMPATH\CodeIgniter.php(355): CodeIgniter\CodeIgniter->handleRequest(null, Object(Config\Cache), false)
 8 SYSTEMPATH\Boot.php(312): CodeIgniter\CodeIgniter->run()
 9 SYSTEMPATH\Boot.php(67): CodeIgniter\Boot::runCodeIgniter(Object(CodeIgniter\CodeIgniter))
10 FCPATH\index.php(56): CodeIgniter\Boot::bootWeb(Object(Config\Paths))
WARNING - 2025-07-20 07:33:53 --> [DEPRECATED] strtotime(): Passing null to parameter #1 ($datetime) of type string is deprecated in APPPATH\Controllers\Home.php on line 483.
 1 APPPATH\Controllers\Home.php(483): strtotime(null)
 2 APPPATH\Controllers\Home.php(1034): App\Controllers\Home->formatTimeInData([...])
 3 APPPATH\Controllers\Home.php(371): App\Controllers\Home->getDashboardData('admin')
 4 APPPATH\Controllers\Home.php(422): App\Controllers\Home->order_jasa('lain')
 5 SYSTEMPATH\CodeIgniter.php(933): App\Controllers\Home->order_jasa_lain()
 6 SYSTEMPATH\CodeIgniter.php(509): CodeIgniter\CodeIgniter->runController(Object(App\Controllers\Home))
 7 SYSTEMPATH\CodeIgniter.php(355): CodeIgniter\CodeIgniter->handleRequest(null, Object(Config\Cache), false)
 8 SYSTEMPATH\Boot.php(312): CodeIgniter\CodeIgniter->run()
 9 SYSTEMPATH\Boot.php(67): CodeIgniter\Boot::runCodeIgniter(Object(CodeIgniter\CodeIgniter))
10 FCPATH\index.php(56): CodeIgniter\Boot::bootWeb(Object(Config\Paths))
WARNING - 2025-07-20 07:33:53 --> [DEPRECATED] strtotime(): Passing null to parameter #1 ($datetime) of type string is deprecated in APPPATH\Controllers\Home.php on line 483.
 1 APPPATH\Controllers\Home.php(483): strtotime(null)
 2 APPPATH\Controllers\Home.php(1034): App\Controllers\Home->formatTimeInData([...])
 3 APPPATH\Controllers\Home.php(371): App\Controllers\Home->getDashboardData('admin')
 4 APPPATH\Controllers\Home.php(422): App\Controllers\Home->order_jasa('lain')
 5 SYSTEMPATH\CodeIgniter.php(933): App\Controllers\Home->order_jasa_lain()
 6 SYSTEMPATH\CodeIgniter.php(509): CodeIgniter\CodeIgniter->runController(Object(App\Controllers\Home))
 7 SYSTEMPATH\CodeIgniter.php(355): CodeIgniter\CodeIgniter->handleRequest(null, Object(Config\Cache), false)
 8 SYSTEMPATH\Boot.php(312): CodeIgniter\CodeIgniter->run()
 9 SYSTEMPATH\Boot.php(67): CodeIgniter\Boot::runCodeIgniter(Object(CodeIgniter\CodeIgniter))
10 FCPATH\index.php(56): CodeIgniter\Boot::bootWeb(Object(Config\Paths))
WARNING - 2025-07-20 07:33:53 --> [DEPRECATED] strtotime(): Passing null to parameter #1 ($datetime) of type string is deprecated in APPPATH\Controllers\Home.php on line 483.
 1 APPPATH\Controllers\Home.php(483): strtotime(null)
 2 APPPATH\Controllers\Home.php(1034): App\Controllers\Home->formatTimeInData([...])
 3 APPPATH\Controllers\Home.php(371): App\Controllers\Home->getDashboardData('admin')
 4 APPPATH\Controllers\Home.php(422): App\Controllers\Home->order_jasa('lain')
 5 SYSTEMPATH\CodeIgniter.php(933): App\Controllers\Home->order_jasa_lain()
 6 SYSTEMPATH\CodeIgniter.php(509): CodeIgniter\CodeIgniter->runController(Object(App\Controllers\Home))
 7 SYSTEMPATH\CodeIgniter.php(355): CodeIgniter\CodeIgniter->handleRequest(null, Object(Config\Cache), false)
 8 SYSTEMPATH\Boot.php(312): CodeIgniter\CodeIgniter->run()
 9 SYSTEMPATH\Boot.php(67): CodeIgniter\Boot::runCodeIgniter(Object(CodeIgniter\CodeIgniter))
10 FCPATH\index.php(56): CodeIgniter\Boot::bootWeb(Object(Config\Paths))
WARNING - 2025-07-20 07:33:53 --> [DEPRECATED] strtotime(): Passing null to parameter #1 ($datetime) of type string is deprecated in APPPATH\Controllers\Home.php on line 483.
 1 APPPATH\Controllers\Home.php(483): strtotime(null)
 2 APPPATH\Controllers\Home.php(1034): App\Controllers\Home->formatTimeInData([...])
 3 APPPATH\Controllers\Home.php(371): App\Controllers\Home->getDashboardData('admin')
 4 APPPATH\Controllers\Home.php(422): App\Controllers\Home->order_jasa('lain')
 5 SYSTEMPATH\CodeIgniter.php(933): App\Controllers\Home->order_jasa_lain()
 6 SYSTEMPATH\CodeIgniter.php(509): CodeIgniter\CodeIgniter->runController(Object(App\Controllers\Home))
 7 SYSTEMPATH\CodeIgniter.php(355): CodeIgniter\CodeIgniter->handleRequest(null, Object(Config\Cache), false)
 8 SYSTEMPATH\Boot.php(312): CodeIgniter\CodeIgniter->run()
 9 SYSTEMPATH\Boot.php(67): CodeIgniter\Boot::runCodeIgniter(Object(CodeIgniter\CodeIgniter))
10 FCPATH\index.php(56): CodeIgniter\Boot::bootWeb(Object(Config\Paths))
INFO - 2025-07-20 07:33:58 --> Session: Class initialized using 'CodeIgniter\Session\Handlers\FileHandler' driver.
WARNING - 2025-07-20 07:33:58 --> [DEPRECATED] strtotime(): Passing null to parameter #1 ($datetime) of type string is deprecated in APPPATH\Controllers\Home.php on line 483.
 1 APPPATH\Controllers\Home.php(483): strtotime(null)
 2 APPPATH\Controllers\Home.php(1034): App\Controllers\Home->formatTimeInData([...])
 3 APPPATH\Controllers\Home.php(371): App\Controllers\Home->getDashboardData('admin')
 4 APPPATH\Controllers\Home.php(416): App\Controllers\Home->order_jasa('pembuatan_app_web')
 5 SYSTEMPATH\CodeIgniter.php(933): App\Controllers\Home->order_jasa_pembuatan_app_web()
 6 SYSTEMPATH\CodeIgniter.php(509): CodeIgniter\CodeIgniter->runController(Object(App\Controllers\Home))
 7 SYSTEMPATH\CodeIgniter.php(355): CodeIgniter\CodeIgniter->handleRequest(null, Object(Config\Cache), false)
 8 SYSTEMPATH\Boot.php(312): CodeIgniter\CodeIgniter->run()
 9 SYSTEMPATH\Boot.php(67): CodeIgniter\Boot::runCodeIgniter(Object(CodeIgniter\CodeIgniter))
10 FCPATH\index.php(56): CodeIgniter\Boot::bootWeb(Object(Config\Paths))
WARNING - 2025-07-20 07:33:58 --> [DEPRECATED] strtotime(): Passing null to parameter #1 ($datetime) of type string is deprecated in APPPATH\Controllers\Home.php on line 483.
 1 APPPATH\Controllers\Home.php(483): strtotime(null)
 2 APPPATH\Controllers\Home.php(1034): App\Controllers\Home->formatTimeInData([...])
 3 APPPATH\Controllers\Home.php(371): App\Controllers\Home->getDashboardData('admin')
 4 APPPATH\Controllers\Home.php(416): App\Controllers\Home->order_jasa('pembuatan_app_web')
 5 SYSTEMPATH\CodeIgniter.php(933): App\Controllers\Home->order_jasa_pembuatan_app_web()
 6 SYSTEMPATH\CodeIgniter.php(509): CodeIgniter\CodeIgniter->runController(Object(App\Controllers\Home))
 7 SYSTEMPATH\CodeIgniter.php(355): CodeIgniter\CodeIgniter->handleRequest(null, Object(Config\Cache), false)
 8 SYSTEMPATH\Boot.php(312): CodeIgniter\CodeIgniter->run()
 9 SYSTEMPATH\Boot.php(67): CodeIgniter\Boot::runCodeIgniter(Object(CodeIgniter\CodeIgniter))
10 FCPATH\index.php(56): CodeIgniter\Boot::bootWeb(Object(Config\Paths))
WARNING - 2025-07-20 07:33:58 --> [DEPRECATED] strtotime(): Passing null to parameter #1 ($datetime) of type string is deprecated in APPPATH\Controllers\Home.php on line 483.
 1 APPPATH\Controllers\Home.php(483): strtotime(null)
 2 APPPATH\Controllers\Home.php(1034): App\Controllers\Home->formatTimeInData([...])
 3 APPPATH\Controllers\Home.php(371): App\Controllers\Home->getDashboardData('admin')
 4 APPPATH\Controllers\Home.php(416): App\Controllers\Home->order_jasa('pembuatan_app_web')
 5 SYSTEMPATH\CodeIgniter.php(933): App\Controllers\Home->order_jasa_pembuatan_app_web()
 6 SYSTEMPATH\CodeIgniter.php(509): CodeIgniter\CodeIgniter->runController(Object(App\Controllers\Home))
 7 SYSTEMPATH\CodeIgniter.php(355): CodeIgniter\CodeIgniter->handleRequest(null, Object(Config\Cache), false)
 8 SYSTEMPATH\Boot.php(312): CodeIgniter\CodeIgniter->run()
 9 SYSTEMPATH\Boot.php(67): CodeIgniter\Boot::runCodeIgniter(Object(CodeIgniter\CodeIgniter))
10 FCPATH\index.php(56): CodeIgniter\Boot::bootWeb(Object(Config\Paths))
WARNING - 2025-07-20 07:33:58 --> [DEPRECATED] strtotime(): Passing null to parameter #1 ($datetime) of type string is deprecated in APPPATH\Controllers\Home.php on line 483.
 1 APPPATH\Controllers\Home.php(483): strtotime(null)
 2 APPPATH\Controllers\Home.php(1034): App\Controllers\Home->formatTimeInData([...])
 3 APPPATH\Controllers\Home.php(371): App\Controllers\Home->getDashboardData('admin')
 4 APPPATH\Controllers\Home.php(416): App\Controllers\Home->order_jasa('pembuatan_app_web')
 5 SYSTEMPATH\CodeIgniter.php(933): App\Controllers\Home->order_jasa_pembuatan_app_web()
 6 SYSTEMPATH\CodeIgniter.php(509): CodeIgniter\CodeIgniter->runController(Object(App\Controllers\Home))
 7 SYSTEMPATH\CodeIgniter.php(355): CodeIgniter\CodeIgniter->handleRequest(null, Object(Config\Cache), false)
 8 SYSTEMPATH\Boot.php(312): CodeIgniter\CodeIgniter->run()
 9 SYSTEMPATH\Boot.php(67): CodeIgniter\Boot::runCodeIgniter(Object(CodeIgniter\CodeIgniter))
10 FCPATH\index.php(56): CodeIgniter\Boot::bootWeb(Object(Config\Paths))
WARNING - 2025-07-20 07:33:58 --> [DEPRECATED] strtotime(): Passing null to parameter #1 ($datetime) of type string is deprecated in APPPATH\Controllers\Home.php on line 483.
 1 APPPATH\Controllers\Home.php(483): strtotime(null)
 2 APPPATH\Controllers\Home.php(1034): App\Controllers\Home->formatTimeInData([...])
 3 APPPATH\Controllers\Home.php(371): App\Controllers\Home->getDashboardData('admin')
 4 APPPATH\Controllers\Home.php(416): App\Controllers\Home->order_jasa('pembuatan_app_web')
 5 SYSTEMPATH\CodeIgniter.php(933): App\Controllers\Home->order_jasa_pembuatan_app_web()
 6 SYSTEMPATH\CodeIgniter.php(509): CodeIgniter\CodeIgniter->runController(Object(App\Controllers\Home))
 7 SYSTEMPATH\CodeIgniter.php(355): CodeIgniter\CodeIgniter->handleRequest(null, Object(Config\Cache), false)
 8 SYSTEMPATH\Boot.php(312): CodeIgniter\CodeIgniter->run()
 9 SYSTEMPATH\Boot.php(67): CodeIgniter\Boot::runCodeIgniter(Object(CodeIgniter\CodeIgniter))
10 FCPATH\index.php(56): CodeIgniter\Boot::bootWeb(Object(Config\Paths))
WARNING - 2025-07-20 07:33:58 --> [DEPRECATED] strtotime(): Passing null to parameter #1 ($datetime) of type string is deprecated in APPPATH\Controllers\Home.php on line 483.
 1 APPPATH\Controllers\Home.php(483): strtotime(null)
 2 APPPATH\Controllers\Home.php(1034): App\Controllers\Home->formatTimeInData([...])
 3 APPPATH\Controllers\Home.php(371): App\Controllers\Home->getDashboardData('admin')
 4 APPPATH\Controllers\Home.php(416): App\Controllers\Home->order_jasa('pembuatan_app_web')
 5 SYSTEMPATH\CodeIgniter.php(933): App\Controllers\Home->order_jasa_pembuatan_app_web()
 6 SYSTEMPATH\CodeIgniter.php(509): CodeIgniter\CodeIgniter->runController(Object(App\Controllers\Home))
 7 SYSTEMPATH\CodeIgniter.php(355): CodeIgniter\CodeIgniter->handleRequest(null, Object(Config\Cache), false)
 8 SYSTEMPATH\Boot.php(312): CodeIgniter\CodeIgniter->run()
 9 SYSTEMPATH\Boot.php(67): CodeIgniter\Boot::runCodeIgniter(Object(CodeIgniter\CodeIgniter))
10 FCPATH\index.php(56): CodeIgniter\Boot::bootWeb(Object(Config\Paths))
WARNING - 2025-07-20 07:33:58 --> [DEPRECATED] strtotime(): Passing null to parameter #1 ($datetime) of type string is deprecated in APPPATH\Controllers\Home.php on line 483.
 1 APPPATH\Controllers\Home.php(483): strtotime(null)
 2 APPPATH\Controllers\Home.php(1034): App\Controllers\Home->formatTimeInData([...])
 3 APPPATH\Controllers\Home.php(371): App\Controllers\Home->getDashboardData('admin')
 4 APPPATH\Controllers\Home.php(416): App\Controllers\Home->order_jasa('pembuatan_app_web')
 5 SYSTEMPATH\CodeIgniter.php(933): App\Controllers\Home->order_jasa_pembuatan_app_web()
 6 SYSTEMPATH\CodeIgniter.php(509): CodeIgniter\CodeIgniter->runController(Object(App\Controllers\Home))
 7 SYSTEMPATH\CodeIgniter.php(355): CodeIgniter\CodeIgniter->handleRequest(null, Object(Config\Cache), false)
 8 SYSTEMPATH\Boot.php(312): CodeIgniter\CodeIgniter->run()
 9 SYSTEMPATH\Boot.php(67): CodeIgniter\Boot::runCodeIgniter(Object(CodeIgniter\CodeIgniter))
10 FCPATH\index.php(56): CodeIgniter\Boot::bootWeb(Object(Config\Paths))
WARNING - 2025-07-20 07:33:58 --> [DEPRECATED] strtotime(): Passing null to parameter #1 ($datetime) of type string is deprecated in APPPATH\Controllers\Home.php on line 483.
 1 APPPATH\Controllers\Home.php(483): strtotime(null)
 2 APPPATH\Controllers\Home.php(1034): App\Controllers\Home->formatTimeInData([...])
 3 APPPATH\Controllers\Home.php(371): App\Controllers\Home->getDashboardData('admin')
 4 APPPATH\Controllers\Home.php(416): App\Controllers\Home->order_jasa('pembuatan_app_web')
 5 SYSTEMPATH\CodeIgniter.php(933): App\Controllers\Home->order_jasa_pembuatan_app_web()
 6 SYSTEMPATH\CodeIgniter.php(509): CodeIgniter\CodeIgniter->runController(Object(App\Controllers\Home))
 7 SYSTEMPATH\CodeIgniter.php(355): CodeIgniter\CodeIgniter->handleRequest(null, Object(Config\Cache), false)
 8 SYSTEMPATH\Boot.php(312): CodeIgniter\CodeIgniter->run()
 9 SYSTEMPATH\Boot.php(67): CodeIgniter\Boot::runCodeIgniter(Object(CodeIgniter\CodeIgniter))
10 FCPATH\index.php(56): CodeIgniter\Boot::bootWeb(Object(Config\Paths))
WARNING - 2025-07-20 07:33:58 --> [DEPRECATED] strtotime(): Passing null to parameter #1 ($datetime) of type string is deprecated in APPPATH\Controllers\Home.php on line 483.
 1 APPPATH\Controllers\Home.php(483): strtotime(null)
 2 APPPATH\Controllers\Home.php(1034): App\Controllers\Home->formatTimeInData([...])
 3 APPPATH\Controllers\Home.php(371): App\Controllers\Home->getDashboardData('admin')
 4 APPPATH\Controllers\Home.php(416): App\Controllers\Home->order_jasa('pembuatan_app_web')
 5 SYSTEMPATH\CodeIgniter.php(933): App\Controllers\Home->order_jasa_pembuatan_app_web()
 6 SYSTEMPATH\CodeIgniter.php(509): CodeIgniter\CodeIgniter->runController(Object(App\Controllers\Home))
 7 SYSTEMPATH\CodeIgniter.php(355): CodeIgniter\CodeIgniter->handleRequest(null, Object(Config\Cache), false)
 8 SYSTEMPATH\Boot.php(312): CodeIgniter\CodeIgniter->run()
 9 SYSTEMPATH\Boot.php(67): CodeIgniter\Boot::runCodeIgniter(Object(CodeIgniter\CodeIgniter))
10 FCPATH\index.php(56): CodeIgniter\Boot::bootWeb(Object(Config\Paths))
INFO - 2025-07-20 07:33:59 --> Session: Class initialized using 'CodeIgniter\Session\Handlers\FileHandler' driver.
WARNING - 2025-07-20 07:33:59 --> [DEPRECATED] strtotime(): Passing null to parameter #1 ($datetime) of type string is deprecated in APPPATH\Controllers\Home.php on line 483.
 1 APPPATH\Controllers\Home.php(483): strtotime(null)
 2 APPPATH\Controllers\Home.php(1034): App\Controllers\Home->formatTimeInData([...])
 3 APPPATH\Controllers\Home.php(371): App\Controllers\Home->getDashboardData('admin')
 4 APPPATH\Controllers\Home.php(416): App\Controllers\Home->order_jasa('pembuatan_app_web')
 5 SYSTEMPATH\CodeIgniter.php(933): App\Controllers\Home->order_jasa_pembuatan_app_web()
 6 SYSTEMPATH\CodeIgniter.php(509): CodeIgniter\CodeIgniter->runController(Object(App\Controllers\Home))
 7 SYSTEMPATH\CodeIgniter.php(355): CodeIgniter\CodeIgniter->handleRequest(null, Object(Config\Cache), false)
 8 SYSTEMPATH\Boot.php(312): CodeIgniter\CodeIgniter->run()
 9 SYSTEMPATH\Boot.php(67): CodeIgniter\Boot::runCodeIgniter(Object(CodeIgniter\CodeIgniter))
10 FCPATH\index.php(56): CodeIgniter\Boot::bootWeb(Object(Config\Paths))
WARNING - 2025-07-20 07:33:59 --> [DEPRECATED] strtotime(): Passing null to parameter #1 ($datetime) of type string is deprecated in APPPATH\Controllers\Home.php on line 483.
 1 APPPATH\Controllers\Home.php(483): strtotime(null)
 2 APPPATH\Controllers\Home.php(1034): App\Controllers\Home->formatTimeInData([...])
 3 APPPATH\Controllers\Home.php(371): App\Controllers\Home->getDashboardData('admin')
 4 APPPATH\Controllers\Home.php(416): App\Controllers\Home->order_jasa('pembuatan_app_web')
 5 SYSTEMPATH\CodeIgniter.php(933): App\Controllers\Home->order_jasa_pembuatan_app_web()
 6 SYSTEMPATH\CodeIgniter.php(509): CodeIgniter\CodeIgniter->runController(Object(App\Controllers\Home))
 7 SYSTEMPATH\CodeIgniter.php(355): CodeIgniter\CodeIgniter->handleRequest(null, Object(Config\Cache), false)
 8 SYSTEMPATH\Boot.php(312): CodeIgniter\CodeIgniter->run()
 9 SYSTEMPATH\Boot.php(67): CodeIgniter\Boot::runCodeIgniter(Object(CodeIgniter\CodeIgniter))
10 FCPATH\index.php(56): CodeIgniter\Boot::bootWeb(Object(Config\Paths))
WARNING - 2025-07-20 07:33:59 --> [DEPRECATED] strtotime(): Passing null to parameter #1 ($datetime) of type string is deprecated in APPPATH\Controllers\Home.php on line 483.
 1 APPPATH\Controllers\Home.php(483): strtotime(null)
 2 APPPATH\Controllers\Home.php(1034): App\Controllers\Home->formatTimeInData([...])
 3 APPPATH\Controllers\Home.php(371): App\Controllers\Home->getDashboardData('admin')
 4 APPPATH\Controllers\Home.php(416): App\Controllers\Home->order_jasa('pembuatan_app_web')
 5 SYSTEMPATH\CodeIgniter.php(933): App\Controllers\Home->order_jasa_pembuatan_app_web()
 6 SYSTEMPATH\CodeIgniter.php(509): CodeIgniter\CodeIgniter->runController(Object(App\Controllers\Home))
 7 SYSTEMPATH\CodeIgniter.php(355): CodeIgniter\CodeIgniter->handleRequest(null, Object(Config\Cache), false)
 8 SYSTEMPATH\Boot.php(312): CodeIgniter\CodeIgniter->run()
 9 SYSTEMPATH\Boot.php(67): CodeIgniter\Boot::runCodeIgniter(Object(CodeIgniter\CodeIgniter))
10 FCPATH\index.php(56): CodeIgniter\Boot::bootWeb(Object(Config\Paths))
WARNING - 2025-07-20 07:33:59 --> [DEPRECATED] strtotime(): Passing null to parameter #1 ($datetime) of type string is deprecated in APPPATH\Controllers\Home.php on line 483.
 1 APPPATH\Controllers\Home.php(483): strtotime(null)
 2 APPPATH\Controllers\Home.php(1034): App\Controllers\Home->formatTimeInData([...])
 3 APPPATH\Controllers\Home.php(371): App\Controllers\Home->getDashboardData('admin')
 4 APPPATH\Controllers\Home.php(416): App\Controllers\Home->order_jasa('pembuatan_app_web')
 5 SYSTEMPATH\CodeIgniter.php(933): App\Controllers\Home->order_jasa_pembuatan_app_web()
 6 SYSTEMPATH\CodeIgniter.php(509): CodeIgniter\CodeIgniter->runController(Object(App\Controllers\Home))
 7 SYSTEMPATH\CodeIgniter.php(355): CodeIgniter\CodeIgniter->handleRequest(null, Object(Config\Cache), false)
 8 SYSTEMPATH\Boot.php(312): CodeIgniter\CodeIgniter->run()
 9 SYSTEMPATH\Boot.php(67): CodeIgniter\Boot::runCodeIgniter(Object(CodeIgniter\CodeIgniter))
10 FCPATH\index.php(56): CodeIgniter\Boot::bootWeb(Object(Config\Paths))
WARNING - 2025-07-20 07:33:59 --> [DEPRECATED] strtotime(): Passing null to parameter #1 ($datetime) of type string is deprecated in APPPATH\Controllers\Home.php on line 483.
 1 APPPATH\Controllers\Home.php(483): strtotime(null)
 2 APPPATH\Controllers\Home.php(1034): App\Controllers\Home->formatTimeInData([...])
 3 APPPATH\Controllers\Home.php(371): App\Controllers\Home->getDashboardData('admin')
 4 APPPATH\Controllers\Home.php(416): App\Controllers\Home->order_jasa('pembuatan_app_web')
 5 SYSTEMPATH\CodeIgniter.php(933): App\Controllers\Home->order_jasa_pembuatan_app_web()
 6 SYSTEMPATH\CodeIgniter.php(509): CodeIgniter\CodeIgniter->runController(Object(App\Controllers\Home))
 7 SYSTEMPATH\CodeIgniter.php(355): CodeIgniter\CodeIgniter->handleRequest(null, Object(Config\Cache), false)
 8 SYSTEMPATH\Boot.php(312): CodeIgniter\CodeIgniter->run()
 9 SYSTEMPATH\Boot.php(67): CodeIgniter\Boot::runCodeIgniter(Object(CodeIgniter\CodeIgniter))
10 FCPATH\index.php(56): CodeIgniter\Boot::bootWeb(Object(Config\Paths))
WARNING - 2025-07-20 07:33:59 --> [DEPRECATED] strtotime(): Passing null to parameter #1 ($datetime) of type string is deprecated in APPPATH\Controllers\Home.php on line 483.
 1 APPPATH\Controllers\Home.php(483): strtotime(null)
 2 APPPATH\Controllers\Home.php(1034): App\Controllers\Home->formatTimeInData([...])
 3 APPPATH\Controllers\Home.php(371): App\Controllers\Home->getDashboardData('admin')
 4 APPPATH\Controllers\Home.php(416): App\Controllers\Home->order_jasa('pembuatan_app_web')
 5 SYSTEMPATH\CodeIgniter.php(933): App\Controllers\Home->order_jasa_pembuatan_app_web()
 6 SYSTEMPATH\CodeIgniter.php(509): CodeIgniter\CodeIgniter->runController(Object(App\Controllers\Home))
 7 SYSTEMPATH\CodeIgniter.php(355): CodeIgniter\CodeIgniter->handleRequest(null, Object(Config\Cache), false)
 8 SYSTEMPATH\Boot.php(312): CodeIgniter\CodeIgniter->run()
 9 SYSTEMPATH\Boot.php(67): CodeIgniter\Boot::runCodeIgniter(Object(CodeIgniter\CodeIgniter))
10 FCPATH\index.php(56): CodeIgniter\Boot::bootWeb(Object(Config\Paths))
WARNING - 2025-07-20 07:33:59 --> [DEPRECATED] strtotime(): Passing null to parameter #1 ($datetime) of type string is deprecated in APPPATH\Controllers\Home.php on line 483.
 1 APPPATH\Controllers\Home.php(483): strtotime(null)
 2 APPPATH\Controllers\Home.php(1034): App\Controllers\Home->formatTimeInData([...])
 3 APPPATH\Controllers\Home.php(371): App\Controllers\Home->getDashboardData('admin')
 4 APPPATH\Controllers\Home.php(416): App\Controllers\Home->order_jasa('pembuatan_app_web')
 5 SYSTEMPATH\CodeIgniter.php(933): App\Controllers\Home->order_jasa_pembuatan_app_web()
 6 SYSTEMPATH\CodeIgniter.php(509): CodeIgniter\CodeIgniter->runController(Object(App\Controllers\Home))
 7 SYSTEMPATH\CodeIgniter.php(355): CodeIgniter\CodeIgniter->handleRequest(null, Object(Config\Cache), false)
 8 SYSTEMPATH\Boot.php(312): CodeIgniter\CodeIgniter->run()
 9 SYSTEMPATH\Boot.php(67): CodeIgniter\Boot::runCodeIgniter(Object(CodeIgniter\CodeIgniter))
10 FCPATH\index.php(56): CodeIgniter\Boot::bootWeb(Object(Config\Paths))
WARNING - 2025-07-20 07:33:59 --> [DEPRECATED] strtotime(): Passing null to parameter #1 ($datetime) of type string is deprecated in APPPATH\Controllers\Home.php on line 483.
 1 APPPATH\Controllers\Home.php(483): strtotime(null)
 2 APPPATH\Controllers\Home.php(1034): App\Controllers\Home->formatTimeInData([...])
 3 APPPATH\Controllers\Home.php(371): App\Controllers\Home->getDashboardData('admin')
 4 APPPATH\Controllers\Home.php(416): App\Controllers\Home->order_jasa('pembuatan_app_web')
 5 SYSTEMPATH\CodeIgniter.php(933): App\Controllers\Home->order_jasa_pembuatan_app_web()
 6 SYSTEMPATH\CodeIgniter.php(509): CodeIgniter\CodeIgniter->runController(Object(App\Controllers\Home))
 7 SYSTEMPATH\CodeIgniter.php(355): CodeIgniter\CodeIgniter->handleRequest(null, Object(Config\Cache), false)
 8 SYSTEMPATH\Boot.php(312): CodeIgniter\CodeIgniter->run()
 9 SYSTEMPATH\Boot.php(67): CodeIgniter\Boot::runCodeIgniter(Object(CodeIgniter\CodeIgniter))
10 FCPATH\index.php(56): CodeIgniter\Boot::bootWeb(Object(Config\Paths))
WARNING - 2025-07-20 07:33:59 --> [DEPRECATED] strtotime(): Passing null to parameter #1 ($datetime) of type string is deprecated in APPPATH\Controllers\Home.php on line 483.
 1 APPPATH\Controllers\Home.php(483): strtotime(null)
 2 APPPATH\Controllers\Home.php(1034): App\Controllers\Home->formatTimeInData([...])
 3 APPPATH\Controllers\Home.php(371): App\Controllers\Home->getDashboardData('admin')
 4 APPPATH\Controllers\Home.php(416): App\Controllers\Home->order_jasa('pembuatan_app_web')
 5 SYSTEMPATH\CodeIgniter.php(933): App\Controllers\Home->order_jasa_pembuatan_app_web()
 6 SYSTEMPATH\CodeIgniter.php(509): CodeIgniter\CodeIgniter->runController(Object(App\Controllers\Home))
 7 SYSTEMPATH\CodeIgniter.php(355): CodeIgniter\CodeIgniter->handleRequest(null, Object(Config\Cache), false)
 8 SYSTEMPATH\Boot.php(312): CodeIgniter\CodeIgniter->run()
 9 SYSTEMPATH\Boot.php(67): CodeIgniter\Boot::runCodeIgniter(Object(CodeIgniter\CodeIgniter))
10 FCPATH\index.php(56): CodeIgniter\Boot::bootWeb(Object(Config\Paths))
INFO - 2025-07-20 07:34:00 --> Session: Class initialized using 'CodeIgniter\Session\Handlers\FileHandler' driver.
WARNING - 2025-07-20 07:34:00 --> [DEPRECATED] strtotime(): Passing null to parameter #1 ($datetime) of type string is deprecated in APPPATH\Controllers\Home.php on line 483.
 1 APPPATH\Controllers\Home.php(483): strtotime(null)
 2 APPPATH\Controllers\Home.php(1034): App\Controllers\Home->formatTimeInData([...])
 3 APPPATH\Controllers\Home.php(371): App\Controllers\Home->getDashboardData('admin')
 4 APPPATH\Controllers\Home.php(411): App\Controllers\Home->order_jasa('digital_marketing')
 5 SYSTEMPATH\CodeIgniter.php(933): App\Controllers\Home->order_jasa_digital_marketing()
 6 SYSTEMPATH\CodeIgniter.php(509): CodeIgniter\CodeIgniter->runController(Object(App\Controllers\Home))
 7 SYSTEMPATH\CodeIgniter.php(355): CodeIgniter\CodeIgniter->handleRequest(null, Object(Config\Cache), false)
 8 SYSTEMPATH\Boot.php(312): CodeIgniter\CodeIgniter->run()
 9 SYSTEMPATH\Boot.php(67): CodeIgniter\Boot::runCodeIgniter(Object(CodeIgniter\CodeIgniter))
10 FCPATH\index.php(56): CodeIgniter\Boot::bootWeb(Object(Config\Paths))
WARNING - 2025-07-20 07:34:00 --> [DEPRECATED] strtotime(): Passing null to parameter #1 ($datetime) of type string is deprecated in APPPATH\Controllers\Home.php on line 483.
 1 APPPATH\Controllers\Home.php(483): strtotime(null)
 2 APPPATH\Controllers\Home.php(1034): App\Controllers\Home->formatTimeInData([...])
 3 APPPATH\Controllers\Home.php(371): App\Controllers\Home->getDashboardData('admin')
 4 APPPATH\Controllers\Home.php(411): App\Controllers\Home->order_jasa('digital_marketing')
 5 SYSTEMPATH\CodeIgniter.php(933): App\Controllers\Home->order_jasa_digital_marketing()
 6 SYSTEMPATH\CodeIgniter.php(509): CodeIgniter\CodeIgniter->runController(Object(App\Controllers\Home))
 7 SYSTEMPATH\CodeIgniter.php(355): CodeIgniter\CodeIgniter->handleRequest(null, Object(Config\Cache), false)
 8 SYSTEMPATH\Boot.php(312): CodeIgniter\CodeIgniter->run()
 9 SYSTEMPATH\Boot.php(67): CodeIgniter\Boot::runCodeIgniter(Object(CodeIgniter\CodeIgniter))
10 FCPATH\index.php(56): CodeIgniter\Boot::bootWeb(Object(Config\Paths))
WARNING - 2025-07-20 07:34:00 --> [DEPRECATED] strtotime(): Passing null to parameter #1 ($datetime) of type string is deprecated in APPPATH\Controllers\Home.php on line 483.
 1 APPPATH\Controllers\Home.php(483): strtotime(null)
 2 APPPATH\Controllers\Home.php(1034): App\Controllers\Home->formatTimeInData([...])
 3 APPPATH\Controllers\Home.php(371): App\Controllers\Home->getDashboardData('admin')
 4 APPPATH\Controllers\Home.php(411): App\Controllers\Home->order_jasa('digital_marketing')
 5 SYSTEMPATH\CodeIgniter.php(933): App\Controllers\Home->order_jasa_digital_marketing()
 6 SYSTEMPATH\CodeIgniter.php(509): CodeIgniter\CodeIgniter->runController(Object(App\Controllers\Home))
 7 SYSTEMPATH\CodeIgniter.php(355): CodeIgniter\CodeIgniter->handleRequest(null, Object(Config\Cache), false)
 8 SYSTEMPATH\Boot.php(312): CodeIgniter\CodeIgniter->run()
 9 SYSTEMPATH\Boot.php(67): CodeIgniter\Boot::runCodeIgniter(Object(CodeIgniter\CodeIgniter))
10 FCPATH\index.php(56): CodeIgniter\Boot::bootWeb(Object(Config\Paths))
WARNING - 2025-07-20 07:34:00 --> [DEPRECATED] strtotime(): Passing null to parameter #1 ($datetime) of type string is deprecated in APPPATH\Controllers\Home.php on line 483.
 1 APPPATH\Controllers\Home.php(483): strtotime(null)
 2 APPPATH\Controllers\Home.php(1034): App\Controllers\Home->formatTimeInData([...])
 3 APPPATH\Controllers\Home.php(371): App\Controllers\Home->getDashboardData('admin')
 4 APPPATH\Controllers\Home.php(411): App\Controllers\Home->order_jasa('digital_marketing')
 5 SYSTEMPATH\CodeIgniter.php(933): App\Controllers\Home->order_jasa_digital_marketing()
 6 SYSTEMPATH\CodeIgniter.php(509): CodeIgniter\CodeIgniter->runController(Object(App\Controllers\Home))
 7 SYSTEMPATH\CodeIgniter.php(355): CodeIgniter\CodeIgniter->handleRequest(null, Object(Config\Cache), false)
 8 SYSTEMPATH\Boot.php(312): CodeIgniter\CodeIgniter->run()
 9 SYSTEMPATH\Boot.php(67): CodeIgniter\Boot::runCodeIgniter(Object(CodeIgniter\CodeIgniter))
10 FCPATH\index.php(56): CodeIgniter\Boot::bootWeb(Object(Config\Paths))
WARNING - 2025-07-20 07:34:00 --> [DEPRECATED] strtotime(): Passing null to parameter #1 ($datetime) of type string is deprecated in APPPATH\Controllers\Home.php on line 483.
 1 APPPATH\Controllers\Home.php(483): strtotime(null)
 2 APPPATH\Controllers\Home.php(1034): App\Controllers\Home->formatTimeInData([...])
 3 APPPATH\Controllers\Home.php(371): App\Controllers\Home->getDashboardData('admin')
 4 APPPATH\Controllers\Home.php(411): App\Controllers\Home->order_jasa('digital_marketing')
 5 SYSTEMPATH\CodeIgniter.php(933): App\Controllers\Home->order_jasa_digital_marketing()
 6 SYSTEMPATH\CodeIgniter.php(509): CodeIgniter\CodeIgniter->runController(Object(App\Controllers\Home))
 7 SYSTEMPATH\CodeIgniter.php(355): CodeIgniter\CodeIgniter->handleRequest(null, Object(Config\Cache), false)
 8 SYSTEMPATH\Boot.php(312): CodeIgniter\CodeIgniter->run()
 9 SYSTEMPATH\Boot.php(67): CodeIgniter\Boot::runCodeIgniter(Object(CodeIgniter\CodeIgniter))
10 FCPATH\index.php(56): CodeIgniter\Boot::bootWeb(Object(Config\Paths))
WARNING - 2025-07-20 07:34:00 --> [DEPRECATED] strtotime(): Passing null to parameter #1 ($datetime) of type string is deprecated in APPPATH\Controllers\Home.php on line 483.
 1 APPPATH\Controllers\Home.php(483): strtotime(null)
 2 APPPATH\Controllers\Home.php(1034): App\Controllers\Home->formatTimeInData([...])
 3 APPPATH\Controllers\Home.php(371): App\Controllers\Home->getDashboardData('admin')
 4 APPPATH\Controllers\Home.php(411): App\Controllers\Home->order_jasa('digital_marketing')
 5 SYSTEMPATH\CodeIgniter.php(933): App\Controllers\Home->order_jasa_digital_marketing()
 6 SYSTEMPATH\CodeIgniter.php(509): CodeIgniter\CodeIgniter->runController(Object(App\Controllers\Home))
 7 SYSTEMPATH\CodeIgniter.php(355): CodeIgniter\CodeIgniter->handleRequest(null, Object(Config\Cache), false)
 8 SYSTEMPATH\Boot.php(312): CodeIgniter\CodeIgniter->run()
 9 SYSTEMPATH\Boot.php(67): CodeIgniter\Boot::runCodeIgniter(Object(CodeIgniter\CodeIgniter))
10 FCPATH\index.php(56): CodeIgniter\Boot::bootWeb(Object(Config\Paths))
WARNING - 2025-07-20 07:34:00 --> [DEPRECATED] strtotime(): Passing null to parameter #1 ($datetime) of type string is deprecated in APPPATH\Controllers\Home.php on line 483.
 1 APPPATH\Controllers\Home.php(483): strtotime(null)
 2 APPPATH\Controllers\Home.php(1034): App\Controllers\Home->formatTimeInData([...])
 3 APPPATH\Controllers\Home.php(371): App\Controllers\Home->getDashboardData('admin')
 4 APPPATH\Controllers\Home.php(411): App\Controllers\Home->order_jasa('digital_marketing')
 5 SYSTEMPATH\CodeIgniter.php(933): App\Controllers\Home->order_jasa_digital_marketing()
 6 SYSTEMPATH\CodeIgniter.php(509): CodeIgniter\CodeIgniter->runController(Object(App\Controllers\Home))
 7 SYSTEMPATH\CodeIgniter.php(355): CodeIgniter\CodeIgniter->handleRequest(null, Object(Config\Cache), false)
 8 SYSTEMPATH\Boot.php(312): CodeIgniter\CodeIgniter->run()
 9 SYSTEMPATH\Boot.php(67): CodeIgniter\Boot::runCodeIgniter(Object(CodeIgniter\CodeIgniter))
10 FCPATH\index.php(56): CodeIgniter\Boot::bootWeb(Object(Config\Paths))
WARNING - 2025-07-20 07:34:00 --> [DEPRECATED] strtotime(): Passing null to parameter #1 ($datetime) of type string is deprecated in APPPATH\Controllers\Home.php on line 483.
 1 APPPATH\Controllers\Home.php(483): strtotime(null)
 2 APPPATH\Controllers\Home.php(1034): App\Controllers\Home->formatTimeInData([...])
 3 APPPATH\Controllers\Home.php(371): App\Controllers\Home->getDashboardData('admin')
 4 APPPATH\Controllers\Home.php(411): App\Controllers\Home->order_jasa('digital_marketing')
 5 SYSTEMPATH\CodeIgniter.php(933): App\Controllers\Home->order_jasa_digital_marketing()
 6 SYSTEMPATH\CodeIgniter.php(509): CodeIgniter\CodeIgniter->runController(Object(App\Controllers\Home))
 7 SYSTEMPATH\CodeIgniter.php(355): CodeIgniter\CodeIgniter->handleRequest(null, Object(Config\Cache), false)
 8 SYSTEMPATH\Boot.php(312): CodeIgniter\CodeIgniter->run()
 9 SYSTEMPATH\Boot.php(67): CodeIgniter\Boot::runCodeIgniter(Object(CodeIgniter\CodeIgniter))
10 FCPATH\index.php(56): CodeIgniter\Boot::bootWeb(Object(Config\Paths))
WARNING - 2025-07-20 07:34:00 --> [DEPRECATED] strtotime(): Passing null to parameter #1 ($datetime) of type string is deprecated in APPPATH\Controllers\Home.php on line 483.
 1 APPPATH\Controllers\Home.php(483): strtotime(null)
 2 APPPATH\Controllers\Home.php(1034): App\Controllers\Home->formatTimeInData([...])
 3 APPPATH\Controllers\Home.php(371): App\Controllers\Home->getDashboardData('admin')
 4 APPPATH\Controllers\Home.php(411): App\Controllers\Home->order_jasa('digital_marketing')
 5 SYSTEMPATH\CodeIgniter.php(933): App\Controllers\Home->order_jasa_digital_marketing()
 6 SYSTEMPATH\CodeIgniter.php(509): CodeIgniter\CodeIgniter->runController(Object(App\Controllers\Home))
 7 SYSTEMPATH\CodeIgniter.php(355): CodeIgniter\CodeIgniter->handleRequest(null, Object(Config\Cache), false)
 8 SYSTEMPATH\Boot.php(312): CodeIgniter\CodeIgniter->run()
 9 SYSTEMPATH\Boot.php(67): CodeIgniter\Boot::runCodeIgniter(Object(CodeIgniter\CodeIgniter))
10 FCPATH\index.php(56): CodeIgniter\Boot::bootWeb(Object(Config\Paths))
INFO - 2025-07-20 07:36:37 --> Session: Class initialized using 'CodeIgniter\Session\Handlers\FileHandler' driver.
WARNING - 2025-07-20 07:36:37 --> [DEPRECATED] strtotime(): Passing null to parameter #1 ($datetime) of type string is deprecated in APPPATH\Controllers\Home.php on line 483.
 1 APPPATH\Controllers\Home.php(483): strtotime(null)
 2 APPPATH\Controllers\Home.php(1034): App\Controllers\Home->formatTimeInData([...])
 3 APPPATH\Controllers\Home.php(1407): App\Controllers\Home->getDashboardData('admin')
 4 SYSTEMPATH\CodeIgniter.php(933): App\Controllers\Home->package_management()
 5 SYSTEMPATH\CodeIgniter.php(509): CodeIgniter\CodeIgniter->runController(Object(App\Controllers\Home))
 6 SYSTEMPATH\CodeIgniter.php(355): CodeIgniter\CodeIgniter->handleRequest(null, Object(Config\Cache), false)
 7 SYSTEMPATH\Boot.php(312): CodeIgniter\CodeIgniter->run()
 8 SYSTEMPATH\Boot.php(67): CodeIgniter\Boot::runCodeIgniter(Object(CodeIgniter\CodeIgniter))
 9 FCPATH\index.php(56): CodeIgniter\Boot::bootWeb(Object(Config\Paths))
WARNING - 2025-07-20 07:36:37 --> [DEPRECATED] strtotime(): Passing null to parameter #1 ($datetime) of type string is deprecated in APPPATH\Controllers\Home.php on line 483.
 1 APPPATH\Controllers\Home.php(483): strtotime(null)
 2 APPPATH\Controllers\Home.php(1034): App\Controllers\Home->formatTimeInData([...])
 3 APPPATH\Controllers\Home.php(1407): App\Controllers\Home->getDashboardData('admin')
 4 SYSTEMPATH\CodeIgniter.php(933): App\Controllers\Home->package_management()
 5 SYSTEMPATH\CodeIgniter.php(509): CodeIgniter\CodeIgniter->runController(Object(App\Controllers\Home))
 6 SYSTEMPATH\CodeIgniter.php(355): CodeIgniter\CodeIgniter->handleRequest(null, Object(Config\Cache), false)
 7 SYSTEMPATH\Boot.php(312): CodeIgniter\CodeIgniter->run()
 8 SYSTEMPATH\Boot.php(67): CodeIgniter\Boot::runCodeIgniter(Object(CodeIgniter\CodeIgniter))
 9 FCPATH\index.php(56): CodeIgniter\Boot::bootWeb(Object(Config\Paths))
WARNING - 2025-07-20 07:36:37 --> [DEPRECATED] strtotime(): Passing null to parameter #1 ($datetime) of type string is deprecated in APPPATH\Controllers\Home.php on line 483.
 1 APPPATH\Controllers\Home.php(483): strtotime(null)
 2 APPPATH\Controllers\Home.php(1034): App\Controllers\Home->formatTimeInData([...])
 3 APPPATH\Controllers\Home.php(1407): App\Controllers\Home->getDashboardData('admin')
 4 SYSTEMPATH\CodeIgniter.php(933): App\Controllers\Home->package_management()
 5 SYSTEMPATH\CodeIgniter.php(509): CodeIgniter\CodeIgniter->runController(Object(App\Controllers\Home))
 6 SYSTEMPATH\CodeIgniter.php(355): CodeIgniter\CodeIgniter->handleRequest(null, Object(Config\Cache), false)
 7 SYSTEMPATH\Boot.php(312): CodeIgniter\CodeIgniter->run()
 8 SYSTEMPATH\Boot.php(67): CodeIgniter\Boot::runCodeIgniter(Object(CodeIgniter\CodeIgniter))
 9 FCPATH\index.php(56): CodeIgniter\Boot::bootWeb(Object(Config\Paths))
WARNING - 2025-07-20 07:36:37 --> [DEPRECATED] strtotime(): Passing null to parameter #1 ($datetime) of type string is deprecated in APPPATH\Controllers\Home.php on line 483.
 1 APPPATH\Controllers\Home.php(483): strtotime(null)
 2 APPPATH\Controllers\Home.php(1034): App\Controllers\Home->formatTimeInData([...])
 3 APPPATH\Controllers\Home.php(1407): App\Controllers\Home->getDashboardData('admin')
 4 SYSTEMPATH\CodeIgniter.php(933): App\Controllers\Home->package_management()
 5 SYSTEMPATH\CodeIgniter.php(509): CodeIgniter\CodeIgniter->runController(Object(App\Controllers\Home))
 6 SYSTEMPATH\CodeIgniter.php(355): CodeIgniter\CodeIgniter->handleRequest(null, Object(Config\Cache), false)
 7 SYSTEMPATH\Boot.php(312): CodeIgniter\CodeIgniter->run()
 8 SYSTEMPATH\Boot.php(67): CodeIgniter\Boot::runCodeIgniter(Object(CodeIgniter\CodeIgniter))
 9 FCPATH\index.php(56): CodeIgniter\Boot::bootWeb(Object(Config\Paths))
WARNING - 2025-07-20 07:36:37 --> [DEPRECATED] strtotime(): Passing null to parameter #1 ($datetime) of type string is deprecated in APPPATH\Controllers\Home.php on line 483.
 1 APPPATH\Controllers\Home.php(483): strtotime(null)
 2 APPPATH\Controllers\Home.php(1034): App\Controllers\Home->formatTimeInData([...])
 3 APPPATH\Controllers\Home.php(1407): App\Controllers\Home->getDashboardData('admin')
 4 SYSTEMPATH\CodeIgniter.php(933): App\Controllers\Home->package_management()
 5 SYSTEMPATH\CodeIgniter.php(509): CodeIgniter\CodeIgniter->runController(Object(App\Controllers\Home))
 6 SYSTEMPATH\CodeIgniter.php(355): CodeIgniter\CodeIgniter->handleRequest(null, Object(Config\Cache), false)
 7 SYSTEMPATH\Boot.php(312): CodeIgniter\CodeIgniter->run()
 8 SYSTEMPATH\Boot.php(67): CodeIgniter\Boot::runCodeIgniter(Object(CodeIgniter\CodeIgniter))
 9 FCPATH\index.php(56): CodeIgniter\Boot::bootWeb(Object(Config\Paths))
WARNING - 2025-07-20 07:36:37 --> [DEPRECATED] strtotime(): Passing null to parameter #1 ($datetime) of type string is deprecated in APPPATH\Controllers\Home.php on line 483.
 1 APPPATH\Controllers\Home.php(483): strtotime(null)
 2 APPPATH\Controllers\Home.php(1034): App\Controllers\Home->formatTimeInData([...])
 3 APPPATH\Controllers\Home.php(1407): App\Controllers\Home->getDashboardData('admin')
 4 SYSTEMPATH\CodeIgniter.php(933): App\Controllers\Home->package_management()
 5 SYSTEMPATH\CodeIgniter.php(509): CodeIgniter\CodeIgniter->runController(Object(App\Controllers\Home))
 6 SYSTEMPATH\CodeIgniter.php(355): CodeIgniter\CodeIgniter->handleRequest(null, Object(Config\Cache), false)
 7 SYSTEMPATH\Boot.php(312): CodeIgniter\CodeIgniter->run()
 8 SYSTEMPATH\Boot.php(67): CodeIgniter\Boot::runCodeIgniter(Object(CodeIgniter\CodeIgniter))
 9 FCPATH\index.php(56): CodeIgniter\Boot::bootWeb(Object(Config\Paths))
WARNING - 2025-07-20 07:36:37 --> [DEPRECATED] strtotime(): Passing null to parameter #1 ($datetime) of type string is deprecated in APPPATH\Controllers\Home.php on line 483.
 1 APPPATH\Controllers\Home.php(483): strtotime(null)
 2 APPPATH\Controllers\Home.php(1034): App\Controllers\Home->formatTimeInData([...])
 3 APPPATH\Controllers\Home.php(1407): App\Controllers\Home->getDashboardData('admin')
 4 SYSTEMPATH\CodeIgniter.php(933): App\Controllers\Home->package_management()
 5 SYSTEMPATH\CodeIgniter.php(509): CodeIgniter\CodeIgniter->runController(Object(App\Controllers\Home))
 6 SYSTEMPATH\CodeIgniter.php(355): CodeIgniter\CodeIgniter->handleRequest(null, Object(Config\Cache), false)
 7 SYSTEMPATH\Boot.php(312): CodeIgniter\CodeIgniter->run()
 8 SYSTEMPATH\Boot.php(67): CodeIgniter\Boot::runCodeIgniter(Object(CodeIgniter\CodeIgniter))
 9 FCPATH\index.php(56): CodeIgniter\Boot::bootWeb(Object(Config\Paths))
WARNING - 2025-07-20 07:36:37 --> [DEPRECATED] strtotime(): Passing null to parameter #1 ($datetime) of type string is deprecated in APPPATH\Controllers\Home.php on line 483.
 1 APPPATH\Controllers\Home.php(483): strtotime(null)
 2 APPPATH\Controllers\Home.php(1034): App\Controllers\Home->formatTimeInData([...])
 3 APPPATH\Controllers\Home.php(1407): App\Controllers\Home->getDashboardData('admin')
 4 SYSTEMPATH\CodeIgniter.php(933): App\Controllers\Home->package_management()
 5 SYSTEMPATH\CodeIgniter.php(509): CodeIgniter\CodeIgniter->runController(Object(App\Controllers\Home))
 6 SYSTEMPATH\CodeIgniter.php(355): CodeIgniter\CodeIgniter->handleRequest(null, Object(Config\Cache), false)
 7 SYSTEMPATH\Boot.php(312): CodeIgniter\CodeIgniter->run()
 8 SYSTEMPATH\Boot.php(67): CodeIgniter\Boot::runCodeIgniter(Object(CodeIgniter\CodeIgniter))
 9 FCPATH\index.php(56): CodeIgniter\Boot::bootWeb(Object(Config\Paths))
WARNING - 2025-07-20 07:36:37 --> [DEPRECATED] strtotime(): Passing null to parameter #1 ($datetime) of type string is deprecated in APPPATH\Controllers\Home.php on line 483.
 1 APPPATH\Controllers\Home.php(483): strtotime(null)
 2 APPPATH\Controllers\Home.php(1034): App\Controllers\Home->formatTimeInData([...])
 3 APPPATH\Controllers\Home.php(1407): App\Controllers\Home->getDashboardData('admin')
 4 SYSTEMPATH\CodeIgniter.php(933): App\Controllers\Home->package_management()
 5 SYSTEMPATH\CodeIgniter.php(509): CodeIgniter\CodeIgniter->runController(Object(App\Controllers\Home))
 6 SYSTEMPATH\CodeIgniter.php(355): CodeIgniter\CodeIgniter->handleRequest(null, Object(Config\Cache), false)
 7 SYSTEMPATH\Boot.php(312): CodeIgniter\CodeIgniter->run()
 8 SYSTEMPATH\Boot.php(67): CodeIgniter\Boot::runCodeIgniter(Object(CodeIgniter\CodeIgniter))
 9 FCPATH\index.php(56): CodeIgniter\Boot::bootWeb(Object(Config\Paths))
