INFO - 2025-04-30 13:39:38 --> Session: Class initialized using 'CodeIgniter\Session\Handlers\FileHandler' driver.
INFO - 2025-04-30 20:39:39 --> Session: Class initialized using 'CodeIgniter\Session\Handlers\FileHandler' driver.
WARNING - 2025-04-30 20:39:39 --> [DEPRECATED] number_format(): Passing null to parameter #1 ($num) of type float is deprecated in APPPATH\Controllers\Home.php on line 289.
 1 APPPATH\Controllers\Home.php(289): number_format(null, 0, ',', '.')
 2 APPPATH\Controllers\Home.php(426): App\Controllers\Home->asRupiah(null)
 3 APPPATH\Controllers\Home.php(205): App\Controllers\Home->getDashboardData('client')
 4 SYSTEMPATH\CodeIgniter.php(933): App\Controllers\Home->display_dashboard()
 5 SYSTEMPATH\CodeIgniter.php(509): CodeIgniter\CodeIgniter->runController(Object(App\Controllers\Home))
 6 SYSTEMPATH\CodeIgniter.php(355): CodeIgniter\CodeIgniter->handleRequest(null, Object(Config\Cache), false)
 7 SYSTEMPATH\Boot.php(312): CodeIgniter\CodeIgniter->run()
 8 SYSTEMPATH\Boot.php(67): CodeIgniter\Boot::runCodeIgniter(Object(CodeIgniter\CodeIgniter))
 9 FCPATH\index.php(56): CodeIgniter\Boot::bootWeb(Object(Config\Paths))
WARNING - 2025-04-30 20:39:39 --> [DEPRECATED] number_format(): Passing null to parameter #1 ($num) of type float is deprecated in APPPATH\Controllers\Home.php on line 289.
 1 APPPATH\Controllers\Home.php(289): number_format(null, 0, ',', '.')
 2 APPPATH\Controllers\Home.php(429): App\Controllers\Home->asRupiah(null)
 3 APPPATH\Controllers\Home.php(205): App\Controllers\Home->getDashboardData('client')
 4 SYSTEMPATH\CodeIgniter.php(933): App\Controllers\Home->display_dashboard()
 5 SYSTEMPATH\CodeIgniter.php(509): CodeIgniter\CodeIgniter->runController(Object(App\Controllers\Home))
 6 SYSTEMPATH\CodeIgniter.php(355): CodeIgniter\CodeIgniter->handleRequest(null, Object(Config\Cache), false)
 7 SYSTEMPATH\Boot.php(312): CodeIgniter\CodeIgniter->run()
 8 SYSTEMPATH\Boot.php(67): CodeIgniter\Boot::runCodeIgniter(Object(CodeIgniter\CodeIgniter))
 9 FCPATH\index.php(56): CodeIgniter\Boot::bootWeb(Object(Config\Paths))
WARNING - 2025-04-30 20:39:39 --> [DEPRECATED] number_format(): Passing null to parameter #1 ($num) of type float is deprecated in APPPATH\Controllers\Home.php on line 289.
 1 APPPATH\Controllers\Home.php(289): number_format(null, 0, ',', '.')
 2 APPPATH\Controllers\Home.php(433): App\Controllers\Home->asRupiah(null)
 3 APPPATH\Controllers\Home.php(205): App\Controllers\Home->getDashboardData('client')
 4 SYSTEMPATH\CodeIgniter.php(933): App\Controllers\Home->display_dashboard()
 5 SYSTEMPATH\CodeIgniter.php(509): CodeIgniter\CodeIgniter->runController(Object(App\Controllers\Home))
 6 SYSTEMPATH\CodeIgniter.php(355): CodeIgniter\CodeIgniter->handleRequest(null, Object(Config\Cache), false)
 7 SYSTEMPATH\Boot.php(312): CodeIgniter\CodeIgniter->run()
 8 SYSTEMPATH\Boot.php(67): CodeIgniter\Boot::runCodeIgniter(Object(CodeIgniter\CodeIgniter))
 9 FCPATH\index.php(56): CodeIgniter\Boot::bootWeb(Object(Config\Paths))
WARNING - 2025-04-30 20:39:39 --> [DEPRECATED] number_format(): Passing null to parameter #1 ($num) of type float is deprecated in APPPATH\Controllers\Home.php on line 289.
 1 APPPATH\Controllers\Home.php(289): number_format(null, 0, ',', '.')
 2 APPPATH\Controllers\Home.php(434): App\Controllers\Home->asRupiah(null)
 3 APPPATH\Controllers\Home.php(205): App\Controllers\Home->getDashboardData('client')
 4 SYSTEMPATH\CodeIgniter.php(933): App\Controllers\Home->display_dashboard()
 5 SYSTEMPATH\CodeIgniter.php(509): CodeIgniter\CodeIgniter->runController(Object(App\Controllers\Home))
 6 SYSTEMPATH\CodeIgniter.php(355): CodeIgniter\CodeIgniter->handleRequest(null, Object(Config\Cache), false)
 7 SYSTEMPATH\Boot.php(312): CodeIgniter\CodeIgniter->run()
 8 SYSTEMPATH\Boot.php(67): CodeIgniter\Boot::runCodeIgniter(Object(CodeIgniter\CodeIgniter))
 9 FCPATH\index.php(56): CodeIgniter\Boot::bootWeb(Object(Config\Paths))
WARNING - 2025-04-30 20:39:39 --> [DEPRECATED] number_format(): Passing null to parameter #1 ($num) of type float is deprecated in APPPATH\Controllers\Home.php on line 289.
 1 APPPATH\Controllers\Home.php(289): number_format(null, 0, ',', '.')
 2 APPPATH\Controllers\Home.php(435): App\Controllers\Home->asRupiah(null)
 3 APPPATH\Controllers\Home.php(205): App\Controllers\Home->getDashboardData('client')
 4 SYSTEMPATH\CodeIgniter.php(933): App\Controllers\Home->display_dashboard()
 5 SYSTEMPATH\CodeIgniter.php(509): CodeIgniter\CodeIgniter->runController(Object(App\Controllers\Home))
 6 SYSTEMPATH\CodeIgniter.php(355): CodeIgniter\CodeIgniter->handleRequest(null, Object(Config\Cache), false)
 7 SYSTEMPATH\Boot.php(312): CodeIgniter\CodeIgniter->run()
 8 SYSTEMPATH\Boot.php(67): CodeIgniter\Boot::runCodeIgniter(Object(CodeIgniter\CodeIgniter))
 9 FCPATH\index.php(56): CodeIgniter\Boot::bootWeb(Object(Config\Paths))
INFO - 2025-04-30 20:40:00 --> Session: Class initialized using 'CodeIgniter\Session\Handlers\FileHandler' driver.
WARNING - 2025-04-30 20:40:00 --> [DEPRECATED] number_format(): Passing null to parameter #1 ($num) of type float is deprecated in APPPATH\Controllers\Home.php on line 289.
 1 APPPATH\Controllers\Home.php(289): number_format(null, 0, ',', '.')
 2 APPPATH\Controllers\Home.php(426): App\Controllers\Home->asRupiah(null)
 3 APPPATH\Controllers\Home.php(814): App\Controllers\Home->getDashboardData('client')
 4 SYSTEMPATH\CodeIgniter.php(933): App\Controllers\Home->wa_chat_rotator_management()
 5 SYSTEMPATH\CodeIgniter.php(509): CodeIgniter\CodeIgniter->runController(Object(App\Controllers\Home))
 6 SYSTEMPATH\CodeIgniter.php(355): CodeIgniter\CodeIgniter->handleRequest(null, Object(Config\Cache), false)
 7 SYSTEMPATH\Boot.php(312): CodeIgniter\CodeIgniter->run()
 8 SYSTEMPATH\Boot.php(67): CodeIgniter\Boot::runCodeIgniter(Object(CodeIgniter\CodeIgniter))
 9 FCPATH\index.php(56): CodeIgniter\Boot::bootWeb(Object(Config\Paths))
WARNING - 2025-04-30 20:40:00 --> [DEPRECATED] number_format(): Passing null to parameter #1 ($num) of type float is deprecated in APPPATH\Controllers\Home.php on line 289.
 1 APPPATH\Controllers\Home.php(289): number_format(null, 0, ',', '.')
 2 APPPATH\Controllers\Home.php(429): App\Controllers\Home->asRupiah(null)
 3 APPPATH\Controllers\Home.php(814): App\Controllers\Home->getDashboardData('client')
 4 SYSTEMPATH\CodeIgniter.php(933): App\Controllers\Home->wa_chat_rotator_management()
 5 SYSTEMPATH\CodeIgniter.php(509): CodeIgniter\CodeIgniter->runController(Object(App\Controllers\Home))
 6 SYSTEMPATH\CodeIgniter.php(355): CodeIgniter\CodeIgniter->handleRequest(null, Object(Config\Cache), false)
 7 SYSTEMPATH\Boot.php(312): CodeIgniter\CodeIgniter->run()
 8 SYSTEMPATH\Boot.php(67): CodeIgniter\Boot::runCodeIgniter(Object(CodeIgniter\CodeIgniter))
 9 FCPATH\index.php(56): CodeIgniter\Boot::bootWeb(Object(Config\Paths))
WARNING - 2025-04-30 20:40:00 --> [DEPRECATED] number_format(): Passing null to parameter #1 ($num) of type float is deprecated in APPPATH\Controllers\Home.php on line 289.
 1 APPPATH\Controllers\Home.php(289): number_format(null, 0, ',', '.')
 2 APPPATH\Controllers\Home.php(433): App\Controllers\Home->asRupiah(null)
 3 APPPATH\Controllers\Home.php(814): App\Controllers\Home->getDashboardData('client')
 4 SYSTEMPATH\CodeIgniter.php(933): App\Controllers\Home->wa_chat_rotator_management()
 5 SYSTEMPATH\CodeIgniter.php(509): CodeIgniter\CodeIgniter->runController(Object(App\Controllers\Home))
 6 SYSTEMPATH\CodeIgniter.php(355): CodeIgniter\CodeIgniter->handleRequest(null, Object(Config\Cache), false)
 7 SYSTEMPATH\Boot.php(312): CodeIgniter\CodeIgniter->run()
 8 SYSTEMPATH\Boot.php(67): CodeIgniter\Boot::runCodeIgniter(Object(CodeIgniter\CodeIgniter))
 9 FCPATH\index.php(56): CodeIgniter\Boot::bootWeb(Object(Config\Paths))
WARNING - 2025-04-30 20:40:00 --> [DEPRECATED] number_format(): Passing null to parameter #1 ($num) of type float is deprecated in APPPATH\Controllers\Home.php on line 289.
 1 APPPATH\Controllers\Home.php(289): number_format(null, 0, ',', '.')
 2 APPPATH\Controllers\Home.php(434): App\Controllers\Home->asRupiah(null)
 3 APPPATH\Controllers\Home.php(814): App\Controllers\Home->getDashboardData('client')
 4 SYSTEMPATH\CodeIgniter.php(933): App\Controllers\Home->wa_chat_rotator_management()
 5 SYSTEMPATH\CodeIgniter.php(509): CodeIgniter\CodeIgniter->runController(Object(App\Controllers\Home))
 6 SYSTEMPATH\CodeIgniter.php(355): CodeIgniter\CodeIgniter->handleRequest(null, Object(Config\Cache), false)
 7 SYSTEMPATH\Boot.php(312): CodeIgniter\CodeIgniter->run()
 8 SYSTEMPATH\Boot.php(67): CodeIgniter\Boot::runCodeIgniter(Object(CodeIgniter\CodeIgniter))
 9 FCPATH\index.php(56): CodeIgniter\Boot::bootWeb(Object(Config\Paths))
WARNING - 2025-04-30 20:40:00 --> [DEPRECATED] number_format(): Passing null to parameter #1 ($num) of type float is deprecated in APPPATH\Controllers\Home.php on line 289.
 1 APPPATH\Controllers\Home.php(289): number_format(null, 0, ',', '.')
 2 APPPATH\Controllers\Home.php(435): App\Controllers\Home->asRupiah(null)
 3 APPPATH\Controllers\Home.php(814): App\Controllers\Home->getDashboardData('client')
 4 SYSTEMPATH\CodeIgniter.php(933): App\Controllers\Home->wa_chat_rotator_management()
 5 SYSTEMPATH\CodeIgniter.php(509): CodeIgniter\CodeIgniter->runController(Object(App\Controllers\Home))
 6 SYSTEMPATH\CodeIgniter.php(355): CodeIgniter\CodeIgniter->handleRequest(null, Object(Config\Cache), false)
 7 SYSTEMPATH\Boot.php(312): CodeIgniter\CodeIgniter->run()
 8 SYSTEMPATH\Boot.php(67): CodeIgniter\Boot::runCodeIgniter(Object(CodeIgniter\CodeIgniter))
 9 FCPATH\index.php(56): CodeIgniter\Boot::bootWeb(Object(Config\Paths))
WARNING - 2025-04-30 13:53:00 --> [DEPRECATED] strpos(): Passing null to parameter #2 ($needle) of type string is deprecated in APPPATH\Controllers\Works.php on line 373.
 1 APPPATH\Controllers\Works.php(373): strpos('special capital region of jakarta', null)
 2 SYSTEMPATH\CodeIgniter.php(933): App\Controllers\Works->wa_chat_rotator_next_origin_cs()
 3 SYSTEMPATH\CodeIgniter.php(509): CodeIgniter\CodeIgniter->runController(Object(App\Controllers\Works))
 4 SYSTEMPATH\CodeIgniter.php(355): CodeIgniter\CodeIgniter->handleRequest(null, Object(Config\Cache), false)
 5 SYSTEMPATH\Boot.php(312): CodeIgniter\CodeIgniter->run()
 6 SYSTEMPATH\Boot.php(67): CodeIgniter\Boot::runCodeIgniter(Object(CodeIgniter\CodeIgniter))
 7 FCPATH\index.php(56): CodeIgniter\Boot::bootWeb(Object(Config\Paths))
WARNING - 2025-04-30 13:53:00 --> [DEPRECATED] strpos(): Passing null to parameter #2 ($needle) of type string is deprecated in APPPATH\Controllers\Works.php on line 373.
 1 APPPATH\Controllers\Works.php(373): strpos('bandung city', null)
 2 SYSTEMPATH\CodeIgniter.php(933): App\Controllers\Works->wa_chat_rotator_next_origin_cs()
 3 SYSTEMPATH\CodeIgniter.php(509): CodeIgniter\CodeIgniter->runController(Object(App\Controllers\Works))
 4 SYSTEMPATH\CodeIgniter.php(355): CodeIgniter\CodeIgniter->handleRequest(null, Object(Config\Cache), false)
 5 SYSTEMPATH\Boot.php(312): CodeIgniter\CodeIgniter->run()
 6 SYSTEMPATH\Boot.php(67): CodeIgniter\Boot::runCodeIgniter(Object(CodeIgniter\CodeIgniter))
 7 FCPATH\index.php(56): CodeIgniter\Boot::bootWeb(Object(Config\Paths))
WARNING - 2025-04-30 14:06:40 --> [DEPRECATED] strpos(): Passing null to parameter #2 ($needle) of type string is deprecated in APPPATH\Controllers\Works.php on line 373.
 1 APPPATH\Controllers\Works.php(373): strpos('special capital region of jakarta', null)
 2 SYSTEMPATH\CodeIgniter.php(933): App\Controllers\Works->wa_chat_rotator_next_origin_cs()
 3 SYSTEMPATH\CodeIgniter.php(509): CodeIgniter\CodeIgniter->runController(Object(App\Controllers\Works))
 4 SYSTEMPATH\CodeIgniter.php(355): CodeIgniter\CodeIgniter->handleRequest(null, Object(Config\Cache), false)
 5 SYSTEMPATH\Boot.php(312): CodeIgniter\CodeIgniter->run()
 6 SYSTEMPATH\Boot.php(67): CodeIgniter\Boot::runCodeIgniter(Object(CodeIgniter\CodeIgniter))
 7 FCPATH\index.php(56): CodeIgniter\Boot::bootWeb(Object(Config\Paths))
WARNING - 2025-04-30 14:06:51 --> [DEPRECATED] strpos(): Passing null to parameter #2 ($needle) of type string is deprecated in APPPATH\Controllers\Works.php on line 373.
 1 APPPATH\Controllers\Works.php(373): strpos('special capital region of jakarta', null)
 2 SYSTEMPATH\CodeIgniter.php(933): App\Controllers\Works->wa_chat_rotator_next_origin_cs()
 3 SYSTEMPATH\CodeIgniter.php(509): CodeIgniter\CodeIgniter->runController(Object(App\Controllers\Works))
 4 SYSTEMPATH\CodeIgniter.php(355): CodeIgniter\CodeIgniter->handleRequest(null, Object(Config\Cache), false)
 5 SYSTEMPATH\Boot.php(312): CodeIgniter\CodeIgniter->run()
 6 SYSTEMPATH\Boot.php(67): CodeIgniter\Boot::runCodeIgniter(Object(CodeIgniter\CodeIgniter))
 7 FCPATH\index.php(56): CodeIgniter\Boot::bootWeb(Object(Config\Paths))
WARNING - 2025-04-30 14:06:51 --> [DEPRECATED] strpos(): Passing null to parameter #2 ($needle) of type string is deprecated in APPPATH\Controllers\Works.php on line 373.
 1 APPPATH\Controllers\Works.php(373): strpos('bandung city', null)
 2 SYSTEMPATH\CodeIgniter.php(933): App\Controllers\Works->wa_chat_rotator_next_origin_cs()
 3 SYSTEMPATH\CodeIgniter.php(509): CodeIgniter\CodeIgniter->runController(Object(App\Controllers\Works))
 4 SYSTEMPATH\CodeIgniter.php(355): CodeIgniter\CodeIgniter->handleRequest(null, Object(Config\Cache), false)
 5 SYSTEMPATH\Boot.php(312): CodeIgniter\CodeIgniter->run()
 6 SYSTEMPATH\Boot.php(67): CodeIgniter\Boot::runCodeIgniter(Object(CodeIgniter\CodeIgniter))
 7 FCPATH\index.php(56): CodeIgniter\Boot::bootWeb(Object(Config\Paths))
WARNING - 2025-04-30 14:08:25 --> [DEPRECATED] strpos(): Passing null to parameter #2 ($needle) of type string is deprecated in APPPATH\Controllers\Works.php on line 373.
 1 APPPATH\Controllers\Works.php(373): strpos('special capital region of jakarta', null)
 2 SYSTEMPATH\CodeIgniter.php(933): App\Controllers\Works->wa_chat_rotator_next_origin_cs()
 3 SYSTEMPATH\CodeIgniter.php(509): CodeIgniter\CodeIgniter->runController(Object(App\Controllers\Works))
 4 SYSTEMPATH\CodeIgniter.php(355): CodeIgniter\CodeIgniter->handleRequest(null, Object(Config\Cache), false)
 5 SYSTEMPATH\Boot.php(312): CodeIgniter\CodeIgniter->run()
 6 SYSTEMPATH\Boot.php(67): CodeIgniter\Boot::runCodeIgniter(Object(CodeIgniter\CodeIgniter))
 7 FCPATH\index.php(56): CodeIgniter\Boot::bootWeb(Object(Config\Paths))
INFO - 2025-04-30 23:03:22 --> Session: Class initialized using 'CodeIgniter\Session\Handlers\FileHandler' driver.
WARNING - 2025-04-30 23:03:52 --> [DEPRECATED] strpos(): Passing null to parameter #2 ($needle) of type string is deprecated in APPPATH\Controllers\Works.php on line 376.
 1 APPPATH\Controllers\Works.php(376): strpos('special capital region of jakarta', null)
 2 SYSTEMPATH\CodeIgniter.php(933): App\Controllers\Works->wa_chat_rotator_next_origin_cs()
 3 SYSTEMPATH\CodeIgniter.php(509): CodeIgniter\CodeIgniter->runController(Object(App\Controllers\Works))
 4 SYSTEMPATH\CodeIgniter.php(355): CodeIgniter\CodeIgniter->handleRequest(null, Object(Config\Cache), false)
 5 SYSTEMPATH\Boot.php(312): CodeIgniter\CodeIgniter->run()
 6 SYSTEMPATH\Boot.php(67): CodeIgniter\Boot::runCodeIgniter(Object(CodeIgniter\CodeIgniter))
 7 FCPATH\index.php(56): CodeIgniter\Boot::bootWeb(Object(Config\Paths))
WARNING - 2025-04-30 23:03:52 --> [DEPRECATED] strpos(): Passing null to parameter #2 ($needle) of type string is deprecated in APPPATH\Controllers\Works.php on line 376.
 1 APPPATH\Controllers\Works.php(376): strpos('bandung city', null)
 2 SYSTEMPATH\CodeIgniter.php(933): App\Controllers\Works->wa_chat_rotator_next_origin_cs()
 3 SYSTEMPATH\CodeIgniter.php(509): CodeIgniter\CodeIgniter->runController(Object(App\Controllers\Works))
 4 SYSTEMPATH\CodeIgniter.php(355): CodeIgniter\CodeIgniter->handleRequest(null, Object(Config\Cache), false)
 5 SYSTEMPATH\Boot.php(312): CodeIgniter\CodeIgniter->run()
 6 SYSTEMPATH\Boot.php(67): CodeIgniter\Boot::runCodeIgniter(Object(CodeIgniter\CodeIgniter))
 7 FCPATH\index.php(56): CodeIgniter\Boot::bootWeb(Object(Config\Paths))
WARNING - 2025-04-30 23:04:11 --> [DEPRECATED] strpos(): Passing null to parameter #2 ($needle) of type string is deprecated in APPPATH\Controllers\Works.php on line 376.
 1 APPPATH\Controllers\Works.php(376): strpos('special capital region of jakarta', null)
 2 SYSTEMPATH\CodeIgniter.php(933): App\Controllers\Works->wa_chat_rotator_next_origin_cs()
 3 SYSTEMPATH\CodeIgniter.php(509): CodeIgniter\CodeIgniter->runController(Object(App\Controllers\Works))
 4 SYSTEMPATH\CodeIgniter.php(355): CodeIgniter\CodeIgniter->handleRequest(null, Object(Config\Cache), false)
 5 SYSTEMPATH\Boot.php(312): CodeIgniter\CodeIgniter->run()
 6 SYSTEMPATH\Boot.php(67): CodeIgniter\Boot::runCodeIgniter(Object(CodeIgniter\CodeIgniter))
 7 FCPATH\index.php(56): CodeIgniter\Boot::bootWeb(Object(Config\Paths))
WARNING - 2025-04-30 23:04:11 --> [DEPRECATED] strpos(): Passing null to parameter #2 ($needle) of type string is deprecated in APPPATH\Controllers\Works.php on line 376.
 1 APPPATH\Controllers\Works.php(376): strpos('bandung city', null)
 2 SYSTEMPATH\CodeIgniter.php(933): App\Controllers\Works->wa_chat_rotator_next_origin_cs()
 3 SYSTEMPATH\CodeIgniter.php(509): CodeIgniter\CodeIgniter->runController(Object(App\Controllers\Works))
 4 SYSTEMPATH\CodeIgniter.php(355): CodeIgniter\CodeIgniter->handleRequest(null, Object(Config\Cache), false)
 5 SYSTEMPATH\Boot.php(312): CodeIgniter\CodeIgniter->run()
 6 SYSTEMPATH\Boot.php(67): CodeIgniter\Boot::runCodeIgniter(Object(CodeIgniter\CodeIgniter))
 7 FCPATH\index.php(56): CodeIgniter\Boot::bootWeb(Object(Config\Paths))
CRITICAL - 2025-04-30 23:04:11 --> ErrorException: Undefined variable $chosen_phone
[Method: POST, Route: client/next-origin-cs-number]
in APPPATH\Controllers\Works.php on line 415.
 1 APPPATH\Controllers\Works.php(415): CodeIgniter\Debug\Exceptions->errorHandler(2, 'Undefined variable $chosen_phone', 'C:\\xampp\\htdocs\\solusi-digital\\app\\Controllers\\Works.php', 415)
 2 SYSTEMPATH\CodeIgniter.php(933): App\Controllers\Works->wa_chat_rotator_next_origin_cs()
 3 SYSTEMPATH\CodeIgniter.php(509): CodeIgniter\CodeIgniter->runController(Object(App\Controllers\Works))
 4 SYSTEMPATH\CodeIgniter.php(355): CodeIgniter\CodeIgniter->handleRequest(null, Object(Config\Cache), false)
 5 SYSTEMPATH\Boot.php(312): CodeIgniter\CodeIgniter->run()
 6 SYSTEMPATH\Boot.php(67): CodeIgniter\Boot::runCodeIgniter(Object(CodeIgniter\CodeIgniter))
 7 FCPATH\index.php(56): CodeIgniter\Boot::bootWeb(Object(Config\Paths))
CRITICAL - 2025-04-30 23:14:40 --> ErrorException: Undefined variable $chosen_phone
[Method: POST, Route: client/next-device-cs-number]
in APPPATH\Controllers\Works.php on line 349.
 1 APPPATH\Controllers\Works.php(349): CodeIgniter\Debug\Exceptions->errorHandler(2, 'Undefined variable $chosen_phone', 'C:\\xampp\\htdocs\\solusi-digital\\app\\Controllers\\Works.php', 349)
 2 SYSTEMPATH\CodeIgniter.php(933): App\Controllers\Works->wa_chat_rotator_next_device_cs()
 3 SYSTEMPATH\CodeIgniter.php(509): CodeIgniter\CodeIgniter->runController(Object(App\Controllers\Works))
 4 SYSTEMPATH\CodeIgniter.php(355): CodeIgniter\CodeIgniter->handleRequest(null, Object(Config\Cache), false)
 5 SYSTEMPATH\Boot.php(312): CodeIgniter\CodeIgniter->run()
 6 SYSTEMPATH\Boot.php(67): CodeIgniter\Boot::runCodeIgniter(Object(CodeIgniter\CodeIgniter))
 7 FCPATH\index.php(56): CodeIgniter\Boot::bootWeb(Object(Config\Paths))
WARNING - 2025-04-30 23:29:59 --> [DEPRECATED] strpos(): Passing null to parameter #2 ($needle) of type string is deprecated in APPPATH\Controllers\Works.php on line 413.
 1 APPPATH\Controllers\Works.php(413): strpos('special capital region of jakarta', null)
 2 SYSTEMPATH\CodeIgniter.php(933): App\Controllers\Works->wa_chat_rotator_next_origin_cs()
 3 SYSTEMPATH\CodeIgniter.php(509): CodeIgniter\CodeIgniter->runController(Object(App\Controllers\Works))
 4 SYSTEMPATH\CodeIgniter.php(355): CodeIgniter\CodeIgniter->handleRequest(null, Object(Config\Cache), false)
 5 SYSTEMPATH\Boot.php(312): CodeIgniter\CodeIgniter->run()
 6 SYSTEMPATH\Boot.php(67): CodeIgniter\Boot::runCodeIgniter(Object(CodeIgniter\CodeIgniter))
 7 FCPATH\index.php(56): CodeIgniter\Boot::bootWeb(Object(Config\Paths))
WARNING - 2025-04-30 23:29:59 --> [DEPRECATED] strpos(): Passing null to parameter #2 ($needle) of type string is deprecated in APPPATH\Controllers\Works.php on line 413.
 1 APPPATH\Controllers\Works.php(413): strpos('bandung city', null)
 2 SYSTEMPATH\CodeIgniter.php(933): App\Controllers\Works->wa_chat_rotator_next_origin_cs()
 3 SYSTEMPATH\CodeIgniter.php(509): CodeIgniter\CodeIgniter->runController(Object(App\Controllers\Works))
 4 SYSTEMPATH\CodeIgniter.php(355): CodeIgniter\CodeIgniter->handleRequest(null, Object(Config\Cache), false)
 5 SYSTEMPATH\Boot.php(312): CodeIgniter\CodeIgniter->run()
 6 SYSTEMPATH\Boot.php(67): CodeIgniter\Boot::runCodeIgniter(Object(CodeIgniter\CodeIgniter))
 7 FCPATH\index.php(56): CodeIgniter\Boot::bootWeb(Object(Config\Paths))
WARNING - 2025-04-30 23:30:04 --> [DEPRECATED] strpos(): Passing null to parameter #2 ($needle) of type string is deprecated in APPPATH\Controllers\Works.php on line 413.
 1 APPPATH\Controllers\Works.php(413): strpos('special capital region of jakarta', null)
 2 SYSTEMPATH\CodeIgniter.php(933): App\Controllers\Works->wa_chat_rotator_next_origin_cs()
 3 SYSTEMPATH\CodeIgniter.php(509): CodeIgniter\CodeIgniter->runController(Object(App\Controllers\Works))
 4 SYSTEMPATH\CodeIgniter.php(355): CodeIgniter\CodeIgniter->handleRequest(null, Object(Config\Cache), false)
 5 SYSTEMPATH\Boot.php(312): CodeIgniter\CodeIgniter->run()
 6 SYSTEMPATH\Boot.php(67): CodeIgniter\Boot::runCodeIgniter(Object(CodeIgniter\CodeIgniter))
 7 FCPATH\index.php(56): CodeIgniter\Boot::bootWeb(Object(Config\Paths))
WARNING - 2025-04-30 23:30:04 --> [DEPRECATED] strpos(): Passing null to parameter #2 ($needle) of type string is deprecated in APPPATH\Controllers\Works.php on line 413.
 1 APPPATH\Controllers\Works.php(413): strpos('bandung city', null)
 2 SYSTEMPATH\CodeIgniter.php(933): App\Controllers\Works->wa_chat_rotator_next_origin_cs()
 3 SYSTEMPATH\CodeIgniter.php(509): CodeIgniter\CodeIgniter->runController(Object(App\Controllers\Works))
 4 SYSTEMPATH\CodeIgniter.php(355): CodeIgniter\CodeIgniter->handleRequest(null, Object(Config\Cache), false)
 5 SYSTEMPATH\Boot.php(312): CodeIgniter\CodeIgniter->run()
 6 SYSTEMPATH\Boot.php(67): CodeIgniter\Boot::runCodeIgniter(Object(CodeIgniter\CodeIgniter))
 7 FCPATH\index.php(56): CodeIgniter\Boot::bootWeb(Object(Config\Paths))
