CRITICAL - 2024-07-04 10:45:40 --> ErrorException: Undefined variable $passed
[Method: POST, Route: send-email]
in APPPATH\Controllers\Works.php on line 47.
 1 APPPATH\Controllers\Works.php(47): CodeIgniter\Debug\Exceptions->errorHandler(2, 'Undefined variable $passed', 'C:\\xampp\\htdocs\\solusi-digital\\app\\Controllers\\Works.php', 47)
 2 APPPATH\Controllers\Works.php(28): App\Controllers\Works->send_email_activation('2')
 3 SYSTEMPATH\CodeIgniter.php(933): App\Controllers\Works->send_email()
 4 SYSTEMPATH\CodeIgniter.php(509): CodeIgniter\CodeIgniter->runController(Object(App\Controllers\Works))
 5 SYSTEMPATH\CodeIgniter.php(355): CodeIgniter\CodeIgniter->handleRequest(null, Object(Config\Cache), false)
 6 SYSTEMPATH\Boot.php(312): CodeIgniter\CodeIgniter->run()
 7 SYSTEMPATH\Boot.php(67): CodeIgniter\Boot::runCodeIgniter(Object(CodeIgniter\CodeIgniter))
 8 FCPATH\index.php(56): CodeIgniter\Boot::bootWeb(Object(Config\Paths))
CRITICAL - 2024-07-04 10:49:37 --> ErrorException: Undefined variable $passed
[Method: POST, Route: send-email]
in APPPATH\Controllers\Works.php on line 49.
 1 APPPATH\Controllers\Works.php(49): CodeIgniter\Debug\Exceptions->errorHandler(2, 'Undefined variable $passed', 'C:\\xampp\\htdocs\\solusi-digital\\app\\Controllers\\Works.php', 49)
 2 APPPATH\Controllers\Works.php(28): App\Controllers\Works->send_email_activation('2')
 3 SYSTEMPATH\CodeIgniter.php(933): App\Controllers\Works->send_email()
 4 SYSTEMPATH\CodeIgniter.php(509): CodeIgniter\CodeIgniter->runController(Object(App\Controllers\Works))
 5 SYSTEMPATH\CodeIgniter.php(355): CodeIgniter\CodeIgniter->handleRequest(null, Object(Config\Cache), false)
 6 SYSTEMPATH\Boot.php(312): CodeIgniter\CodeIgniter->run()
 7 SYSTEMPATH\Boot.php(67): CodeIgniter\Boot::runCodeIgniter(Object(CodeIgniter\CodeIgniter))
 8 FCPATH\index.php(56): CodeIgniter\Boot::bootWeb(Object(Config\Paths))
CRITICAL - 2024-07-04 10:50:33 --> ErrorException: Undefined variable $passed
[Method: POST, Route: send-email]
in APPPATH\Controllers\Works.php on line 49.
 1 APPPATH\Controllers\Works.php(49): CodeIgniter\Debug\Exceptions->errorHandler(2, 'Undefined variable $passed', 'C:\\xampp\\htdocs\\solusi-digital\\app\\Controllers\\Works.php', 49)
 2 APPPATH\Controllers\Works.php(28): App\Controllers\Works->send_email_activation('2')
 3 SYSTEMPATH\CodeIgniter.php(933): App\Controllers\Works->send_email()
 4 SYSTEMPATH\CodeIgniter.php(509): CodeIgniter\CodeIgniter->runController(Object(App\Controllers\Works))
 5 SYSTEMPATH\CodeIgniter.php(355): CodeIgniter\CodeIgniter->handleRequest(null, Object(Config\Cache), false)
 6 SYSTEMPATH\Boot.php(312): CodeIgniter\CodeIgniter->run()
 7 SYSTEMPATH\Boot.php(67): CodeIgniter\Boot::runCodeIgniter(Object(CodeIgniter\CodeIgniter))
 8 FCPATH\index.php(56): CodeIgniter\Boot::bootWeb(Object(Config\Paths))
CRITICAL - 2024-07-04 10:51:20 --> ErrorException: file_get_contents(https://...@gmail.com&amp;fullname=udin udinan&amp;pass=udin1234): Failed to open stream: HTTP request failed! HTTP/1.1 400 Bad Request

[Method: POST, Route: send-email]
in APPPATH\Controllers\Works.php on line 52.
 1 [internal function]: CodeIgniter\Debug\Exceptions->errorHandler(2, 'file_get_contents(https://...@gmail.com&amp;fullname=udin udinan&amp;pass=udin1234): Failed to open stream: HTTP request failed! HTTP/1.1 400 Bad Request
', 'C:\\xampp\\htdocs\\solusi-digital\\app\\Controllers\\Works.php', 52)
 2 APPPATH\Controllers\Works.php(52): file_get_contents('https://demo.fgroupindonesia.com/email/sending.php?type=activation&email=gumuruh@gmail.com&fullname=udin udinan&pass=udin1234')
 3 APPPATH\Controllers\Works.php(28): App\Controllers\Works->send_email_activation('2')
 4 SYSTEMPATH\CodeIgniter.php(933): App\Controllers\Works->send_email()
 5 SYSTEMPATH\CodeIgniter.php(509): CodeIgniter\CodeIgniter->runController(Object(App\Controllers\Works))
 6 SYSTEMPATH\CodeIgniter.php(355): CodeIgniter\CodeIgniter->handleRequest(null, Object(Config\Cache), false)
 7 SYSTEMPATH\Boot.php(312): CodeIgniter\CodeIgniter->run()
 8 SYSTEMPATH\Boot.php(67): CodeIgniter\Boot::runCodeIgniter(Object(CodeIgniter\CodeIgniter))
 9 FCPATH\index.php(56): CodeIgniter\Boot::bootWeb(Object(Config\Paths))
CRITICAL - 2024-07-04 10:52:25 --> ErrorException: file_get_contents(https://...@gmail.com&amp;fullname=udin udinan&amp;pass=udin1234): Failed to open stream: HTTP request failed! HTTP/1.1 400 Bad Request

[Method: POST, Route: send-email]
in APPPATH\Controllers\Works.php on line 52.
 1 [internal function]: CodeIgniter\Debug\Exceptions->errorHandler(2, 'file_get_contents(https://...@gmail.com&amp;fullname=udin udinan&amp;pass=udin1234): Failed to open stream: HTTP request failed! HTTP/1.1 400 Bad Request
', 'C:\\xampp\\htdocs\\solusi-digital\\app\\Controllers\\Works.php', 52)
 2 APPPATH\Controllers\Works.php(52): file_get_contents('https://demo.fgroupindonesia.com/email/sending.php?type=activation&email=gumuruh@gmail.com&fullname=udin udinan&pass=udin1234')
 3 APPPATH\Controllers\Works.php(28): App\Controllers\Works->send_email_activation('2')
 4 SYSTEMPATH\CodeIgniter.php(933): App\Controllers\Works->send_email()
 5 SYSTEMPATH\CodeIgniter.php(509): CodeIgniter\CodeIgniter->runController(Object(App\Controllers\Works))
 6 SYSTEMPATH\CodeIgniter.php(355): CodeIgniter\CodeIgniter->handleRequest(null, Object(Config\Cache), false)
 7 SYSTEMPATH\Boot.php(312): CodeIgniter\CodeIgniter->run()
 8 SYSTEMPATH\Boot.php(67): CodeIgniter\Boot::runCodeIgniter(Object(CodeIgniter\CodeIgniter))
 9 FCPATH\index.php(56): CodeIgniter\Boot::bootWeb(Object(Config\Paths))
CRITICAL - 2024-07-04 10:52:38 --> ErrorException: file_get_contents(https://...@gmail.com&amp;fullname=udin udinan&amp;pass=udin1234): Failed to open stream: HTTP request failed! HTTP/1.1 400 Bad Request

[Method: POST, Route: send-email]
in APPPATH\Controllers\Works.php on line 54.
 1 [internal function]: CodeIgniter\Debug\Exceptions->errorHandler(2, 'file_get_contents(https://...@gmail.com&amp;fullname=udin udinan&amp;pass=udin1234): Failed to open stream: HTTP request failed! HTTP/1.1 400 Bad Request
', 'C:\\xampp\\htdocs\\solusi-digital\\app\\Controllers\\Works.php', 54)
 2 APPPATH\Controllers\Works.php(54): file_get_contents('https://demo.fgroupindonesia.com/email/sending.php?type=activation&email=gumuruh@gmail.com&fullname=udin udinan&pass=udin1234')
 3 APPPATH\Controllers\Works.php(30): App\Controllers\Works->send_email_activation('2')
 4 SYSTEMPATH\CodeIgniter.php(933): App\Controllers\Works->send_email()
 5 SYSTEMPATH\CodeIgniter.php(509): CodeIgniter\CodeIgniter->runController(Object(App\Controllers\Works))
 6 SYSTEMPATH\CodeIgniter.php(355): CodeIgniter\CodeIgniter->handleRequest(null, Object(Config\Cache), false)
 7 SYSTEMPATH\Boot.php(312): CodeIgniter\CodeIgniter->run()
 8 SYSTEMPATH\Boot.php(67): CodeIgniter\Boot::runCodeIgniter(Object(CodeIgniter\CodeIgniter))
 9 FCPATH\index.php(56): CodeIgniter\Boot::bootWeb(Object(Config\Paths))
CRITICAL - 2024-07-04 10:52:41 --> ErrorException: file_get_contents(https://...@gmail.com&amp;fullname=udin udinan&amp;pass=udin1234): Failed to open stream: HTTP request failed! HTTP/1.1 400 Bad Request

[Method: POST, Route: send-email]
in APPPATH\Controllers\Works.php on line 54.
 1 [internal function]: CodeIgniter\Debug\Exceptions->errorHandler(2, 'file_get_contents(https://...@gmail.com&amp;fullname=udin udinan&amp;pass=udin1234): Failed to open stream: HTTP request failed! HTTP/1.1 400 Bad Request
', 'C:\\xampp\\htdocs\\solusi-digital\\app\\Controllers\\Works.php', 54)
 2 APPPATH\Controllers\Works.php(54): file_get_contents('https://demo.fgroupindonesia.com/email/sending.php?type=activation&email=gumuruh@gmail.com&fullname=udin udinan&pass=udin1234')
 3 APPPATH\Controllers\Works.php(30): App\Controllers\Works->send_email_activation('2')
 4 SYSTEMPATH\CodeIgniter.php(933): App\Controllers\Works->send_email()
 5 SYSTEMPATH\CodeIgniter.php(509): CodeIgniter\CodeIgniter->runController(Object(App\Controllers\Works))
 6 SYSTEMPATH\CodeIgniter.php(355): CodeIgniter\CodeIgniter->handleRequest(null, Object(Config\Cache), false)
 7 SYSTEMPATH\Boot.php(312): CodeIgniter\CodeIgniter->run()
 8 SYSTEMPATH\Boot.php(67): CodeIgniter\Boot::runCodeIgniter(Object(CodeIgniter\CodeIgniter))
 9 FCPATH\index.php(56): CodeIgniter\Boot::bootWeb(Object(Config\Paths))
CRITICAL - 2024-07-04 10:53:13 --> ErrorException: file_get_contents(https://...@gmail.com&amp;fullname=udin udinan&amp;pass=udin1234): Failed to open stream: HTTP request failed! HTTP/1.1 400 Bad Request

[Method: POST, Route: send-email]
in APPPATH\Controllers\Works.php on line 54.
 1 [internal function]: CodeIgniter\Debug\Exceptions->errorHandler(2, 'file_get_contents(https://...@gmail.com&amp;fullname=udin udinan&amp;pass=udin1234): Failed to open stream: HTTP request failed! HTTP/1.1 400 Bad Request
', 'C:\\xampp\\htdocs\\solusi-digital\\app\\Controllers\\Works.php', 54)
 2 APPPATH\Controllers\Works.php(54): file_get_contents('https://demo.fgroupindonesia.com/email/sending.php?type=activation&email=gumuruh@gmail.com&fullname=udin udinan&pass=udin1234')
 3 APPPATH\Controllers\Works.php(30): App\Controllers\Works->send_activation('2')
 4 SYSTEMPATH\CodeIgniter.php(933): App\Controllers\Works->send_email()
 5 SYSTEMPATH\CodeIgniter.php(509): CodeIgniter\CodeIgniter->runController(Object(App\Controllers\Works))
 6 SYSTEMPATH\CodeIgniter.php(355): CodeIgniter\CodeIgniter->handleRequest(null, Object(Config\Cache), false)
 7 SYSTEMPATH\Boot.php(312): CodeIgniter\CodeIgniter->run()
 8 SYSTEMPATH\Boot.php(67): CodeIgniter\Boot::runCodeIgniter(Object(CodeIgniter\CodeIgniter))
 9 FCPATH\index.php(56): CodeIgniter\Boot::bootWeb(Object(Config\Paths))
CRITICAL - 2024-07-04 10:54:21 --> ErrorException: file_get_contents(https://...@gmail.com&amp;fullname=udin udinan&amp;pass=udin1234): Failed to open stream: HTTP request failed! HTTP/1.1 400 Bad Request

[Method: POST, Route: send-email]
in APPPATH\Controllers\Works.php on line 54.
 1 [internal function]: CodeIgniter\Debug\Exceptions->errorHandler(2, 'file_get_contents(https://...@gmail.com&amp;fullname=udin udinan&amp;pass=udin1234): Failed to open stream: HTTP request failed! HTTP/1.1 400 Bad Request
', 'C:\\xampp\\htdocs\\solusi-digital\\app\\Controllers\\Works.php', 54)
 2 APPPATH\Controllers\Works.php(54): file_get_contents('https://demo.fgroupindonesia.com/email/sending.php?type=activation&email=gumuruh@gmail.com&fullname=udin udinan&pass=udin1234')
 3 APPPATH\Controllers\Works.php(30): App\Controllers\Works->send_activation('2')
 4 SYSTEMPATH\CodeIgniter.php(933): App\Controllers\Works->send_email()
 5 SYSTEMPATH\CodeIgniter.php(509): CodeIgniter\CodeIgniter->runController(Object(App\Controllers\Works))
 6 SYSTEMPATH\CodeIgniter.php(355): CodeIgniter\CodeIgniter->handleRequest(null, Object(Config\Cache), false)
 7 SYSTEMPATH\Boot.php(312): CodeIgniter\CodeIgniter->run()
 8 SYSTEMPATH\Boot.php(67): CodeIgniter\Boot::runCodeIgniter(Object(CodeIgniter\CodeIgniter))
 9 FCPATH\index.php(56): CodeIgniter\Boot::bootWeb(Object(Config\Paths))
CRITICAL - 2024-07-04 10:55:10 --> ErrorException: file_get_contents(https://...@gmail.com&amp;fullname=udin udinan&amp;pass=udin1234): Failed to open stream: HTTP request failed! HTTP/1.1 400 Bad Request

[Method: POST, Route: send-email]
in APPPATH\Controllers\Works.php on line 55.
 1 [internal function]: CodeIgniter\Debug\Exceptions->errorHandler(2, 'file_get_contents(https://...@gmail.com&amp;fullname=udin udinan&amp;pass=udin1234): Failed to open stream: HTTP request failed! HTTP/1.1 400 Bad Request
', 'C:\\xampp\\htdocs\\solusi-digital\\app\\Controllers\\Works.php', 55)
 2 APPPATH\Controllers\Works.php(55): file_get_contents('https://demo.fgroupindonesia.com/email/sending.php?type=activation&email=gumuruh@gmail.com&fullname=udin udinan&pass=udin1234')
 3 APPPATH\Controllers\Works.php(31): App\Controllers\Works->send_activation('2')
 4 SYSTEMPATH\CodeIgniter.php(933): App\Controllers\Works->send_email()
 5 SYSTEMPATH\CodeIgniter.php(509): CodeIgniter\CodeIgniter->runController(Object(App\Controllers\Works))
 6 SYSTEMPATH\CodeIgniter.php(355): CodeIgniter\CodeIgniter->handleRequest(null, Object(Config\Cache), false)
 7 SYSTEMPATH\Boot.php(312): CodeIgniter\CodeIgniter->run()
 8 SYSTEMPATH\Boot.php(67): CodeIgniter\Boot::runCodeIgniter(Object(CodeIgniter\CodeIgniter))
 9 FCPATH\index.php(56): CodeIgniter\Boot::bootWeb(Object(Config\Paths))
CRITICAL - 2024-07-04 10:55:16 --> ErrorException: file_get_contents(https://...@gmail.com&amp;fullname=udin udinan&amp;pass=udin1234): Failed to open stream: HTTP request failed! HTTP/1.1 400 Bad Request

[Method: POST, Route: send-email]
in APPPATH\Controllers\Works.php on line 55.
 1 [internal function]: CodeIgniter\Debug\Exceptions->errorHandler(2, 'file_get_contents(https://...@gmail.com&amp;fullname=udin udinan&amp;pass=udin1234): Failed to open stream: HTTP request failed! HTTP/1.1 400 Bad Request
', 'C:\\xampp\\htdocs\\solusi-digital\\app\\Controllers\\Works.php', 55)
 2 APPPATH\Controllers\Works.php(55): file_get_contents('https://demo.fgroupindonesia.com/email/sending.php?type=activation&email=gumuruh@gmail.com&fullname=udin udinan&pass=udin1234')
 3 APPPATH\Controllers\Works.php(31): App\Controllers\Works->send_activation('2')
 4 SYSTEMPATH\CodeIgniter.php(933): App\Controllers\Works->send_email()
 5 SYSTEMPATH\CodeIgniter.php(509): CodeIgniter\CodeIgniter->runController(Object(App\Controllers\Works))
 6 SYSTEMPATH\CodeIgniter.php(355): CodeIgniter\CodeIgniter->handleRequest(null, Object(Config\Cache), false)
 7 SYSTEMPATH\Boot.php(312): CodeIgniter\CodeIgniter->run()
 8 SYSTEMPATH\Boot.php(67): CodeIgniter\Boot::runCodeIgniter(Object(CodeIgniter\CodeIgniter))
 9 FCPATH\index.php(56): CodeIgniter\Boot::bootWeb(Object(Config\Paths))
CRITICAL - 2024-07-04 10:57:32 --> ErrorException: file_get_contents(https://...@gmail.com&amp;fullname=udin udinan&amp;pass=udin1234): Failed to open stream: HTTP request failed! HTTP/1.1 400 Bad Request

[Method: POST, Route: send-email]
in APPPATH\Controllers\Works.php on line 55.
 1 [internal function]: CodeIgniter\Debug\Exceptions->errorHandler(2, 'file_get_contents(https://...@gmail.com&amp;fullname=udin udinan&amp;pass=udin1234): Failed to open stream: HTTP request failed! HTTP/1.1 400 Bad Request
', 'C:\\xampp\\htdocs\\solusi-digital\\app\\Controllers\\Works.php', 55)
 2 APPPATH\Controllers\Works.php(55): file_get_contents('https://demo.fgroupindonesia.com/email/sending.php?type=activation&email=gumuruh@gmail.com&fullname=udin udinan&pass=udin1234')
 3 APPPATH\Controllers\Works.php(31): App\Controllers\Works->send_activation('2')
 4 SYSTEMPATH\CodeIgniter.php(933): App\Controllers\Works->send_email()
 5 SYSTEMPATH\CodeIgniter.php(509): CodeIgniter\CodeIgniter->runController(Object(App\Controllers\Works))
 6 SYSTEMPATH\CodeIgniter.php(355): CodeIgniter\CodeIgniter->handleRequest(null, Object(Config\Cache), false)
 7 SYSTEMPATH\Boot.php(312): CodeIgniter\CodeIgniter->run()
 8 SYSTEMPATH\Boot.php(67): CodeIgniter\Boot::runCodeIgniter(Object(CodeIgniter\CodeIgniter))
 9 FCPATH\index.php(56): CodeIgniter\Boot::bootWeb(Object(Config\Paths))
CRITICAL - 2024-07-04 10:59:59 --> ErrorException: file_get_contents(https://...@gmail.com&amp;fullname=udin udinan&amp;pass=udin1234): Failed to open stream: HTTP request failed! HTTP/1.1 400 Bad Request

[Method: POST, Route: send-email]
in APPPATH\Controllers\Works.php on line 55.
 1 [internal function]: CodeIgniter\Debug\Exceptions->errorHandler(2, 'file_get_contents(https://...@gmail.com&amp;fullname=udin udinan&amp;pass=udin1234): Failed to open stream: HTTP request failed! HTTP/1.1 400 Bad Request
', 'C:\\xampp\\htdocs\\solusi-digital\\app\\Controllers\\Works.php', 55)
 2 APPPATH\Controllers\Works.php(55): file_get_contents('https://demo.fgroupindonesia.com/email/sending.php?type=activation&email=gumuruh@gmail.com&fullname=udin udinan&pass=udin1234')
 3 APPPATH\Controllers\Works.php(31): App\Controllers\Works->send_activation('2')
 4 SYSTEMPATH\CodeIgniter.php(933): App\Controllers\Works->send_email()
 5 SYSTEMPATH\CodeIgniter.php(509): CodeIgniter\CodeIgniter->runController(Object(App\Controllers\Works))
 6 SYSTEMPATH\CodeIgniter.php(355): CodeIgniter\CodeIgniter->handleRequest(null, Object(Config\Cache), false)
 7 SYSTEMPATH\Boot.php(312): CodeIgniter\CodeIgniter->run()
 8 SYSTEMPATH\Boot.php(67): CodeIgniter\Boot::runCodeIgniter(Object(CodeIgniter\CodeIgniter))
 9 FCPATH\index.php(56): CodeIgniter\Boot::bootWeb(Object(Config\Paths))
CRITICAL - 2024-07-04 11:00:34 --> ErrorException: file_get_contents(https://...@gmail.com&amp;fullname=udin udinan&amp;pass=udin1234): Failed to open stream: HTTP request failed! HTTP/1.1 400 Bad Request

[Method: POST, Route: send-email]
in APPPATH\Controllers\Works.php on line 55.
 1 [internal function]: CodeIgniter\Debug\Exceptions->errorHandler(2, 'file_get_contents(https://...@gmail.com&amp;fullname=udin udinan&amp;pass=udin1234): Failed to open stream: HTTP request failed! HTTP/1.1 400 Bad Request
', 'C:\\xampp\\htdocs\\solusi-digital\\app\\Controllers\\Works.php', 55)
 2 APPPATH\Controllers\Works.php(55): file_get_contents('https://demo.fgroupindonesia.com/email/sending.php?type=activation&email=gumuruh@gmail.com&fullname=udin udinan&pass=udin1234')
 3 APPPATH\Controllers\Works.php(31): App\Controllers\Works->send_activation('2')
 4 SYSTEMPATH\CodeIgniter.php(933): App\Controllers\Works->send_email()
 5 SYSTEMPATH\CodeIgniter.php(509): CodeIgniter\CodeIgniter->runController(Object(App\Controllers\Works))
 6 SYSTEMPATH\CodeIgniter.php(355): CodeIgniter\CodeIgniter->handleRequest(null, Object(Config\Cache), false)
 7 SYSTEMPATH\Boot.php(312): CodeIgniter\CodeIgniter->run()
 8 SYSTEMPATH\Boot.php(67): CodeIgniter\Boot::runCodeIgniter(Object(CodeIgniter\CodeIgniter))
 9 FCPATH\index.php(56): CodeIgniter\Boot::bootWeb(Object(Config\Paths))
CRITICAL - 2024-07-04 11:02:56 --> ErrorException: file_get_contents(https://...@gmail.com&amp;fullname=udin udinan&amp;pass=udin1234): Failed to open stream: HTTP request failed! HTTP/1.1 400 Bad Request

[Method: POST, Route: send-email]
in APPPATH\Controllers\Works.php on line 56.
 1 [internal function]: CodeIgniter\Debug\Exceptions->errorHandler(2, 'file_get_contents(https://...@gmail.com&amp;fullname=udin udinan&amp;pass=udin1234): Failed to open stream: HTTP request failed! HTTP/1.1 400 Bad Request
', 'C:\\xampp\\htdocs\\solusi-digital\\app\\Controllers\\Works.php', 56)
 2 APPPATH\Controllers\Works.php(56): file_get_contents('https://demo.fgroupindonesia.com/email/sending.php?type=activation&email=gumuruh@gmail.com&fullname=udin udinan&pass=udin1234')
 3 APPPATH\Controllers\Works.php(31): App\Controllers\Works->send_activation('2')
 4 SYSTEMPATH\CodeIgniter.php(933): App\Controllers\Works->send_email()
 5 SYSTEMPATH\CodeIgniter.php(509): CodeIgniter\CodeIgniter->runController(Object(App\Controllers\Works))
 6 SYSTEMPATH\CodeIgniter.php(355): CodeIgniter\CodeIgniter->handleRequest(null, Object(Config\Cache), false)
 7 SYSTEMPATH\Boot.php(312): CodeIgniter\CodeIgniter->run()
 8 SYSTEMPATH\Boot.php(67): CodeIgniter\Boot::runCodeIgniter(Object(CodeIgniter\CodeIgniter))
 9 FCPATH\index.php(56): CodeIgniter\Boot::bootWeb(Object(Config\Paths))
