INFO - 2025-05-30 00:33:18 --> Session: Class initialized using 'CodeIgniter\Session\Handlers\FileHandler' driver.
INFO - 2025-05-30 00:33:18 --> Session: Class initialized using 'CodeIgniter\Session\Handlers\FileHandler' driver.
INFO - 2025-05-30 00:33:19 --> Session: Class initialized using 'CodeIgniter\Session\Handlers\FileHandler' driver.
WARNING - 2025-05-30 00:33:19 --> [DEPRECATED] number_format(): Passing null to parameter #1 ($num) of type float is deprecated in APPPATH\Controllers\Home.php on line 341.
 1 APPPATH\Controllers\Home.php(341): number_format(null, 0, ',', '.')
 2 APPPATH\Controllers\Home.php(491): App\Controllers\Home->asRupiah(null)
 3 APPPATH\Controllers\Home.php(887): App\Controllers\Home->getDashboardData('client')
 4 SYSTEMPATH\CodeIgniter.php(933): App\Controllers\Home->wa_chat_rotator_management()
 5 SYSTEMPATH\CodeIgniter.php(509): CodeIgniter\CodeIgniter->runController(Object(App\Controllers\Home))
 6 SYSTEMPATH\CodeIgniter.php(355): CodeIgniter\CodeIgniter->handleRequest(null, Object(Config\Cache), false)
 7 SYSTEMPATH\Boot.php(312): CodeIgniter\CodeIgniter->run()
 8 SYSTEMPATH\Boot.php(67): CodeIgniter\Boot::runCodeIgniter(Object(CodeIgniter\CodeIgniter))
 9 FCPATH\index.php(56): CodeIgniter\Boot::bootWeb(Object(Config\Paths))
INFO - 2025-05-30 00:56:35 --> Session: Class initialized using 'CodeIgniter\Session\Handlers\FileHandler' driver.
WARNING - 2025-05-30 00:56:35 --> [DEPRECATED] number_format(): Passing null to parameter #1 ($num) of type float is deprecated in APPPATH\Controllers\Home.php on line 341.
 1 APPPATH\Controllers\Home.php(341): number_format(null, 0, ',', '.')
 2 APPPATH\Controllers\Home.php(491): App\Controllers\Home->asRupiah(null)
 3 APPPATH\Controllers\Home.php(887): App\Controllers\Home->getDashboardData('client')
 4 SYSTEMPATH\CodeIgniter.php(933): App\Controllers\Home->wa_chat_rotator_management()
 5 SYSTEMPATH\CodeIgniter.php(509): CodeIgniter\CodeIgniter->runController(Object(App\Controllers\Home))
 6 SYSTEMPATH\CodeIgniter.php(355): CodeIgniter\CodeIgniter->handleRequest(null, Object(Config\Cache), false)
 7 SYSTEMPATH\Boot.php(312): CodeIgniter\CodeIgniter->run()
 8 SYSTEMPATH\Boot.php(67): CodeIgniter\Boot::runCodeIgniter(Object(CodeIgniter\CodeIgniter))
 9 FCPATH\index.php(56): CodeIgniter\Boot::bootWeb(Object(Config\Paths))
INFO - 2025-05-30 00:58:49 --> Session: Class initialized using 'CodeIgniter\Session\Handlers\FileHandler' driver.
WARNING - 2025-05-30 00:58:49 --> [DEPRECATED] number_format(): Passing null to parameter #1 ($num) of type float is deprecated in APPPATH\Controllers\Home.php on line 341.
 1 APPPATH\Controllers\Home.php(341): number_format(null, 0, ',', '.')
 2 APPPATH\Controllers\Home.php(491): App\Controllers\Home->asRupiah(null)
 3 APPPATH\Controllers\Home.php(887): App\Controllers\Home->getDashboardData('client')
 4 SYSTEMPATH\CodeIgniter.php(933): App\Controllers\Home->wa_chat_rotator_management()
 5 SYSTEMPATH\CodeIgniter.php(509): CodeIgniter\CodeIgniter->runController(Object(App\Controllers\Home))
 6 SYSTEMPATH\CodeIgniter.php(355): CodeIgniter\CodeIgniter->handleRequest(null, Object(Config\Cache), false)
 7 SYSTEMPATH\Boot.php(312): CodeIgniter\CodeIgniter->run()
 8 SYSTEMPATH\Boot.php(67): CodeIgniter\Boot::runCodeIgniter(Object(CodeIgniter\CodeIgniter))
 9 FCPATH\index.php(56): CodeIgniter\Boot::bootWeb(Object(Config\Paths))
INFO - 2025-05-30 00:59:09 --> Session: Class initialized using 'CodeIgniter\Session\Handlers\FileHandler' driver.
WARNING - 2025-05-30 00:59:09 --> [DEPRECATED] number_format(): Passing null to parameter #1 ($num) of type float is deprecated in APPPATH\Controllers\Home.php on line 341.
 1 APPPATH\Controllers\Home.php(341): number_format(null, 0, ',', '.')
 2 APPPATH\Controllers\Home.php(491): App\Controllers\Home->asRupiah(null)
 3 APPPATH\Controllers\Home.php(887): App\Controllers\Home->getDashboardData('client')
 4 SYSTEMPATH\CodeIgniter.php(933): App\Controllers\Home->wa_chat_rotator_management()
 5 SYSTEMPATH\CodeIgniter.php(509): CodeIgniter\CodeIgniter->runController(Object(App\Controllers\Home))
 6 SYSTEMPATH\CodeIgniter.php(355): CodeIgniter\CodeIgniter->handleRequest(null, Object(Config\Cache), false)
 7 SYSTEMPATH\Boot.php(312): CodeIgniter\CodeIgniter->run()
 8 SYSTEMPATH\Boot.php(67): CodeIgniter\Boot::runCodeIgniter(Object(CodeIgniter\CodeIgniter))
 9 FCPATH\index.php(56): CodeIgniter\Boot::bootWeb(Object(Config\Paths))
INFO - 2025-05-30 00:59:27 --> Session: Class initialized using 'CodeIgniter\Session\Handlers\FileHandler' driver.
WARNING - 2025-05-30 00:59:27 --> [DEPRECATED] number_format(): Passing null to parameter #1 ($num) of type float is deprecated in APPPATH\Controllers\Home.php on line 341.
 1 APPPATH\Controllers\Home.php(341): number_format(null, 0, ',', '.')
 2 APPPATH\Controllers\Home.php(491): App\Controllers\Home->asRupiah(null)
 3 APPPATH\Controllers\Home.php(887): App\Controllers\Home->getDashboardData('client')
 4 SYSTEMPATH\CodeIgniter.php(933): App\Controllers\Home->wa_chat_rotator_management()
 5 SYSTEMPATH\CodeIgniter.php(509): CodeIgniter\CodeIgniter->runController(Object(App\Controllers\Home))
 6 SYSTEMPATH\CodeIgniter.php(355): CodeIgniter\CodeIgniter->handleRequest(null, Object(Config\Cache), false)
 7 SYSTEMPATH\Boot.php(312): CodeIgniter\CodeIgniter->run()
 8 SYSTEMPATH\Boot.php(67): CodeIgniter\Boot::runCodeIgniter(Object(CodeIgniter\CodeIgniter))
 9 FCPATH\index.php(56): CodeIgniter\Boot::bootWeb(Object(Config\Paths))
INFO - 2025-05-30 01:03:43 --> Session: Class initialized using 'CodeIgniter\Session\Handlers\FileHandler' driver.
WARNING - 2025-05-30 01:03:43 --> [DEPRECATED] number_format(): Passing null to parameter #1 ($num) of type float is deprecated in APPPATH\Controllers\Home.php on line 341.
 1 APPPATH\Controllers\Home.php(341): number_format(null, 0, ',', '.')
 2 APPPATH\Controllers\Home.php(491): App\Controllers\Home->asRupiah(null)
 3 APPPATH\Controllers\Home.php(887): App\Controllers\Home->getDashboardData('client')
 4 SYSTEMPATH\CodeIgniter.php(933): App\Controllers\Home->wa_chat_rotator_management()
 5 SYSTEMPATH\CodeIgniter.php(509): CodeIgniter\CodeIgniter->runController(Object(App\Controllers\Home))
 6 SYSTEMPATH\CodeIgniter.php(355): CodeIgniter\CodeIgniter->handleRequest(null, Object(Config\Cache), false)
 7 SYSTEMPATH\Boot.php(312): CodeIgniter\CodeIgniter->run()
 8 SYSTEMPATH\Boot.php(67): CodeIgniter\Boot::runCodeIgniter(Object(CodeIgniter\CodeIgniter))
 9 FCPATH\index.php(56): CodeIgniter\Boot::bootWeb(Object(Config\Paths))
INFO - 2025-05-30 01:04:04 --> Session: Class initialized using 'CodeIgniter\Session\Handlers\FileHandler' driver.
WARNING - 2025-05-30 01:04:04 --> [DEPRECATED] number_format(): Passing null to parameter #1 ($num) of type float is deprecated in APPPATH\Controllers\Home.php on line 341.
 1 APPPATH\Controllers\Home.php(341): number_format(null, 0, ',', '.')
 2 APPPATH\Controllers\Home.php(491): App\Controllers\Home->asRupiah(null)
 3 APPPATH\Controllers\Home.php(887): App\Controllers\Home->getDashboardData('client')
 4 SYSTEMPATH\CodeIgniter.php(933): App\Controllers\Home->wa_chat_rotator_management()
 5 SYSTEMPATH\CodeIgniter.php(509): CodeIgniter\CodeIgniter->runController(Object(App\Controllers\Home))
 6 SYSTEMPATH\CodeIgniter.php(355): CodeIgniter\CodeIgniter->handleRequest(null, Object(Config\Cache), false)
 7 SYSTEMPATH\Boot.php(312): CodeIgniter\CodeIgniter->run()
 8 SYSTEMPATH\Boot.php(67): CodeIgniter\Boot::runCodeIgniter(Object(CodeIgniter\CodeIgniter))
 9 FCPATH\index.php(56): CodeIgniter\Boot::bootWeb(Object(Config\Paths))
INFO - 2025-05-30 01:04:23 --> Session: Class initialized using 'CodeIgniter\Session\Handlers\FileHandler' driver.
WARNING - 2025-05-30 01:04:23 --> [DEPRECATED] number_format(): Passing null to parameter #1 ($num) of type float is deprecated in APPPATH\Controllers\Home.php on line 341.
 1 APPPATH\Controllers\Home.php(341): number_format(null, 0, ',', '.')
 2 APPPATH\Controllers\Home.php(491): App\Controllers\Home->asRupiah(null)
 3 APPPATH\Controllers\Home.php(887): App\Controllers\Home->getDashboardData('client')
 4 SYSTEMPATH\CodeIgniter.php(933): App\Controllers\Home->wa_chat_rotator_management()
 5 SYSTEMPATH\CodeIgniter.php(509): CodeIgniter\CodeIgniter->runController(Object(App\Controllers\Home))
 6 SYSTEMPATH\CodeIgniter.php(355): CodeIgniter\CodeIgniter->handleRequest(null, Object(Config\Cache), false)
 7 SYSTEMPATH\Boot.php(312): CodeIgniter\CodeIgniter->run()
 8 SYSTEMPATH\Boot.php(67): CodeIgniter\Boot::runCodeIgniter(Object(CodeIgniter\CodeIgniter))
 9 FCPATH\index.php(56): CodeIgniter\Boot::bootWeb(Object(Config\Paths))
INFO - 2025-05-30 01:04:39 --> Session: Class initialized using 'CodeIgniter\Session\Handlers\FileHandler' driver.
WARNING - 2025-05-30 01:04:39 --> [DEPRECATED] number_format(): Passing null to parameter #1 ($num) of type float is deprecated in APPPATH\Controllers\Home.php on line 341.
 1 APPPATH\Controllers\Home.php(341): number_format(null, 0, ',', '.')
 2 APPPATH\Controllers\Home.php(491): App\Controllers\Home->asRupiah(null)
 3 APPPATH\Controllers\Home.php(887): App\Controllers\Home->getDashboardData('client')
 4 SYSTEMPATH\CodeIgniter.php(933): App\Controllers\Home->wa_chat_rotator_management()
 5 SYSTEMPATH\CodeIgniter.php(509): CodeIgniter\CodeIgniter->runController(Object(App\Controllers\Home))
 6 SYSTEMPATH\CodeIgniter.php(355): CodeIgniter\CodeIgniter->handleRequest(null, Object(Config\Cache), false)
 7 SYSTEMPATH\Boot.php(312): CodeIgniter\CodeIgniter->run()
 8 SYSTEMPATH\Boot.php(67): CodeIgniter\Boot::runCodeIgniter(Object(CodeIgniter\CodeIgniter))
 9 FCPATH\index.php(56): CodeIgniter\Boot::bootWeb(Object(Config\Paths))
INFO - 2025-05-30 01:05:09 --> Session: Class initialized using 'CodeIgniter\Session\Handlers\FileHandler' driver.
WARNING - 2025-05-30 01:05:09 --> [DEPRECATED] number_format(): Passing null to parameter #1 ($num) of type float is deprecated in APPPATH\Controllers\Home.php on line 341.
 1 APPPATH\Controllers\Home.php(341): number_format(null, 0, ',', '.')
 2 APPPATH\Controllers\Home.php(491): App\Controllers\Home->asRupiah(null)
 3 APPPATH\Controllers\Home.php(887): App\Controllers\Home->getDashboardData('client')
 4 SYSTEMPATH\CodeIgniter.php(933): App\Controllers\Home->wa_chat_rotator_management()
 5 SYSTEMPATH\CodeIgniter.php(509): CodeIgniter\CodeIgniter->runController(Object(App\Controllers\Home))
 6 SYSTEMPATH\CodeIgniter.php(355): CodeIgniter\CodeIgniter->handleRequest(null, Object(Config\Cache), false)
 7 SYSTEMPATH\Boot.php(312): CodeIgniter\CodeIgniter->run()
 8 SYSTEMPATH\Boot.php(67): CodeIgniter\Boot::runCodeIgniter(Object(CodeIgniter\CodeIgniter))
 9 FCPATH\index.php(56): CodeIgniter\Boot::bootWeb(Object(Config\Paths))
INFO - 2025-05-30 01:08:14 --> Session: Class initialized using 'CodeIgniter\Session\Handlers\FileHandler' driver.
WARNING - 2025-05-30 01:08:14 --> [DEPRECATED] number_format(): Passing null to parameter #1 ($num) of type float is deprecated in APPPATH\Controllers\Home.php on line 341.
 1 APPPATH\Controllers\Home.php(341): number_format(null, 0, ',', '.')
 2 APPPATH\Controllers\Home.php(491): App\Controllers\Home->asRupiah(null)
 3 APPPATH\Controllers\Home.php(887): App\Controllers\Home->getDashboardData('client')
 4 SYSTEMPATH\CodeIgniter.php(933): App\Controllers\Home->wa_chat_rotator_management()
 5 SYSTEMPATH\CodeIgniter.php(509): CodeIgniter\CodeIgniter->runController(Object(App\Controllers\Home))
 6 SYSTEMPATH\CodeIgniter.php(355): CodeIgniter\CodeIgniter->handleRequest(null, Object(Config\Cache), false)
 7 SYSTEMPATH\Boot.php(312): CodeIgniter\CodeIgniter->run()
 8 SYSTEMPATH\Boot.php(67): CodeIgniter\Boot::runCodeIgniter(Object(CodeIgniter\CodeIgniter))
 9 FCPATH\index.php(56): CodeIgniter\Boot::bootWeb(Object(Config\Paths))
INFO - 2025-05-30 01:08:36 --> Session: Class initialized using 'CodeIgniter\Session\Handlers\FileHandler' driver.
WARNING - 2025-05-30 01:08:36 --> [DEPRECATED] number_format(): Passing null to parameter #1 ($num) of type float is deprecated in APPPATH\Controllers\Home.php on line 341.
 1 APPPATH\Controllers\Home.php(341): number_format(null, 0, ',', '.')
 2 APPPATH\Controllers\Home.php(491): App\Controllers\Home->asRupiah(null)
 3 APPPATH\Controllers\Home.php(887): App\Controllers\Home->getDashboardData('client')
 4 SYSTEMPATH\CodeIgniter.php(933): App\Controllers\Home->wa_chat_rotator_management()
 5 SYSTEMPATH\CodeIgniter.php(509): CodeIgniter\CodeIgniter->runController(Object(App\Controllers\Home))
 6 SYSTEMPATH\CodeIgniter.php(355): CodeIgniter\CodeIgniter->handleRequest(null, Object(Config\Cache), false)
 7 SYSTEMPATH\Boot.php(312): CodeIgniter\CodeIgniter->run()
 8 SYSTEMPATH\Boot.php(67): CodeIgniter\Boot::runCodeIgniter(Object(CodeIgniter\CodeIgniter))
 9 FCPATH\index.php(56): CodeIgniter\Boot::bootWeb(Object(Config\Paths))
INFO - 2025-05-30 01:08:42 --> Session: Class initialized using 'CodeIgniter\Session\Handlers\FileHandler' driver.
WARNING - 2025-05-30 01:08:43 --> [DEPRECATED] number_format(): Passing null to parameter #1 ($num) of type float is deprecated in APPPATH\Controllers\Home.php on line 341.
 1 APPPATH\Controllers\Home.php(341): number_format(null, 0, ',', '.')
 2 APPPATH\Controllers\Home.php(491): App\Controllers\Home->asRupiah(null)
 3 APPPATH\Controllers\Home.php(887): App\Controllers\Home->getDashboardData('client')
 4 SYSTEMPATH\CodeIgniter.php(933): App\Controllers\Home->wa_chat_rotator_management()
 5 SYSTEMPATH\CodeIgniter.php(509): CodeIgniter\CodeIgniter->runController(Object(App\Controllers\Home))
 6 SYSTEMPATH\CodeIgniter.php(355): CodeIgniter\CodeIgniter->handleRequest(null, Object(Config\Cache), false)
 7 SYSTEMPATH\Boot.php(312): CodeIgniter\CodeIgniter->run()
 8 SYSTEMPATH\Boot.php(67): CodeIgniter\Boot::runCodeIgniter(Object(CodeIgniter\CodeIgniter))
 9 FCPATH\index.php(56): CodeIgniter\Boot::bootWeb(Object(Config\Paths))
INFO - 2025-05-30 01:09:14 --> Session: Class initialized using 'CodeIgniter\Session\Handlers\FileHandler' driver.
WARNING - 2025-05-30 01:09:14 --> [DEPRECATED] number_format(): Passing null to parameter #1 ($num) of type float is deprecated in APPPATH\Controllers\Home.php on line 341.
 1 APPPATH\Controllers\Home.php(341): number_format(null, 0, ',', '.')
 2 APPPATH\Controllers\Home.php(491): App\Controllers\Home->asRupiah(null)
 3 APPPATH\Controllers\Home.php(887): App\Controllers\Home->getDashboardData('client')
 4 SYSTEMPATH\CodeIgniter.php(933): App\Controllers\Home->wa_chat_rotator_management()
 5 SYSTEMPATH\CodeIgniter.php(509): CodeIgniter\CodeIgniter->runController(Object(App\Controllers\Home))
 6 SYSTEMPATH\CodeIgniter.php(355): CodeIgniter\CodeIgniter->handleRequest(null, Object(Config\Cache), false)
 7 SYSTEMPATH\Boot.php(312): CodeIgniter\CodeIgniter->run()
 8 SYSTEMPATH\Boot.php(67): CodeIgniter\Boot::runCodeIgniter(Object(CodeIgniter\CodeIgniter))
 9 FCPATH\index.php(56): CodeIgniter\Boot::bootWeb(Object(Config\Paths))
INFO - 2025-05-30 01:12:43 --> Session: Class initialized using 'CodeIgniter\Session\Handlers\FileHandler' driver.
WARNING - 2025-05-30 01:12:43 --> [DEPRECATED] number_format(): Passing null to parameter #1 ($num) of type float is deprecated in APPPATH\Controllers\Home.php on line 341.
 1 APPPATH\Controllers\Home.php(341): number_format(null, 0, ',', '.')
 2 APPPATH\Controllers\Home.php(491): App\Controllers\Home->asRupiah(null)
 3 APPPATH\Controllers\Home.php(887): App\Controllers\Home->getDashboardData('client')
 4 SYSTEMPATH\CodeIgniter.php(933): App\Controllers\Home->wa_chat_rotator_management()
 5 SYSTEMPATH\CodeIgniter.php(509): CodeIgniter\CodeIgniter->runController(Object(App\Controllers\Home))
 6 SYSTEMPATH\CodeIgniter.php(355): CodeIgniter\CodeIgniter->handleRequest(null, Object(Config\Cache), false)
 7 SYSTEMPATH\Boot.php(312): CodeIgniter\CodeIgniter->run()
 8 SYSTEMPATH\Boot.php(67): CodeIgniter\Boot::runCodeIgniter(Object(CodeIgniter\CodeIgniter))
 9 FCPATH\index.php(56): CodeIgniter\Boot::bootWeb(Object(Config\Paths))
INFO - 2025-05-30 01:13:19 --> Session: Class initialized using 'CodeIgniter\Session\Handlers\FileHandler' driver.
WARNING - 2025-05-30 01:13:19 --> [DEPRECATED] number_format(): Passing null to parameter #1 ($num) of type float is deprecated in APPPATH\Controllers\Home.php on line 341.
 1 APPPATH\Controllers\Home.php(341): number_format(null, 0, ',', '.')
 2 APPPATH\Controllers\Home.php(491): App\Controllers\Home->asRupiah(null)
 3 APPPATH\Controllers\Home.php(887): App\Controllers\Home->getDashboardData('client')
 4 SYSTEMPATH\CodeIgniter.php(933): App\Controllers\Home->wa_chat_rotator_management()
 5 SYSTEMPATH\CodeIgniter.php(509): CodeIgniter\CodeIgniter->runController(Object(App\Controllers\Home))
 6 SYSTEMPATH\CodeIgniter.php(355): CodeIgniter\CodeIgniter->handleRequest(null, Object(Config\Cache), false)
 7 SYSTEMPATH\Boot.php(312): CodeIgniter\CodeIgniter->run()
 8 SYSTEMPATH\Boot.php(67): CodeIgniter\Boot::runCodeIgniter(Object(CodeIgniter\CodeIgniter))
 9 FCPATH\index.php(56): CodeIgniter\Boot::bootWeb(Object(Config\Paths))
INFO - 2025-05-30 01:13:34 --> Session: Class initialized using 'CodeIgniter\Session\Handlers\FileHandler' driver.
WARNING - 2025-05-30 01:13:34 --> [DEPRECATED] number_format(): Passing null to parameter #1 ($num) of type float is deprecated in APPPATH\Controllers\Home.php on line 341.
 1 APPPATH\Controllers\Home.php(341): number_format(null, 0, ',', '.')
 2 APPPATH\Controllers\Home.php(491): App\Controllers\Home->asRupiah(null)
 3 APPPATH\Controllers\Home.php(887): App\Controllers\Home->getDashboardData('client')
 4 SYSTEMPATH\CodeIgniter.php(933): App\Controllers\Home->wa_chat_rotator_management()
 5 SYSTEMPATH\CodeIgniter.php(509): CodeIgniter\CodeIgniter->runController(Object(App\Controllers\Home))
 6 SYSTEMPATH\CodeIgniter.php(355): CodeIgniter\CodeIgniter->handleRequest(null, Object(Config\Cache), false)
 7 SYSTEMPATH\Boot.php(312): CodeIgniter\CodeIgniter->run()
 8 SYSTEMPATH\Boot.php(67): CodeIgniter\Boot::runCodeIgniter(Object(CodeIgniter\CodeIgniter))
 9 FCPATH\index.php(56): CodeIgniter\Boot::bootWeb(Object(Config\Paths))
INFO - 2025-05-30 01:16:15 --> Session: Class initialized using 'CodeIgniter\Session\Handlers\FileHandler' driver.
WARNING - 2025-05-30 01:16:15 --> [DEPRECATED] number_format(): Passing null to parameter #1 ($num) of type float is deprecated in APPPATH\Controllers\Home.php on line 341.
 1 APPPATH\Controllers\Home.php(341): number_format(null, 0, ',', '.')
 2 APPPATH\Controllers\Home.php(491): App\Controllers\Home->asRupiah(null)
 3 APPPATH\Controllers\Home.php(887): App\Controllers\Home->getDashboardData('client')
 4 SYSTEMPATH\CodeIgniter.php(933): App\Controllers\Home->wa_chat_rotator_management()
 5 SYSTEMPATH\CodeIgniter.php(509): CodeIgniter\CodeIgniter->runController(Object(App\Controllers\Home))
 6 SYSTEMPATH\CodeIgniter.php(355): CodeIgniter\CodeIgniter->handleRequest(null, Object(Config\Cache), false)
 7 SYSTEMPATH\Boot.php(312): CodeIgniter\CodeIgniter->run()
 8 SYSTEMPATH\Boot.php(67): CodeIgniter\Boot::runCodeIgniter(Object(CodeIgniter\CodeIgniter))
 9 FCPATH\index.php(56): CodeIgniter\Boot::bootWeb(Object(Config\Paths))
INFO - 2025-05-30 07:06:43 --> Session: Class initialized using 'CodeIgniter\Session\Handlers\FileHandler' driver.
INFO - 2025-05-30 07:06:43 --> Session: Class initialized using 'CodeIgniter\Session\Handlers\FileHandler' driver.
INFO - 2025-05-30 00:07:04 --> Session: Class initialized using 'CodeIgniter\Session\Handlers\FileHandler' driver.
INFO - 2025-05-30 07:07:05 --> Session: Class initialized using 'CodeIgniter\Session\Handlers\FileHandler' driver.
WARNING - 2025-05-30 07:07:05 --> [DEPRECATED] number_format(): Passing null to parameter #1 ($num) of type float is deprecated in APPPATH\Controllers\Home.php on line 341.
 1 APPPATH\Controllers\Home.php(341): number_format(null, 0, ',', '.')
 2 APPPATH\Controllers\Home.php(491): App\Controllers\Home->asRupiah(null)
 3 APPPATH\Controllers\Home.php(253): App\Controllers\Home->getDashboardData('admin')
 4 SYSTEMPATH\CodeIgniter.php(933): App\Controllers\Home->display_dashboard()
 5 SYSTEMPATH\CodeIgniter.php(509): CodeIgniter\CodeIgniter->runController(Object(App\Controllers\Home))
 6 SYSTEMPATH\CodeIgniter.php(355): CodeIgniter\CodeIgniter->handleRequest(null, Object(Config\Cache), false)
 7 SYSTEMPATH\Boot.php(312): CodeIgniter\CodeIgniter->run()
 8 SYSTEMPATH\Boot.php(67): CodeIgniter\Boot::runCodeIgniter(Object(CodeIgniter\CodeIgniter))
 9 FCPATH\index.php(56): CodeIgniter\Boot::bootWeb(Object(Config\Paths))
INFO - 2025-05-30 00:07:34 --> Session: Class initialized using 'CodeIgniter\Session\Handlers\FileHandler' driver.
INFO - 2025-05-30 07:07:35 --> Session: Class initialized using 'CodeIgniter\Session\Handlers\FileHandler' driver.
WARNING - 2025-05-30 07:07:35 --> [DEPRECATED] number_format(): Passing null to parameter #1 ($num) of type float is deprecated in APPPATH\Controllers\Home.php on line 341.
 1 APPPATH\Controllers\Home.php(341): number_format(null, 0, ',', '.')
 2 APPPATH\Controllers\Home.php(491): App\Controllers\Home->asRupiah(null)
 3 APPPATH\Controllers\Home.php(253): App\Controllers\Home->getDashboardData('client')
 4 SYSTEMPATH\CodeIgniter.php(933): App\Controllers\Home->display_dashboard()
 5 SYSTEMPATH\CodeIgniter.php(509): CodeIgniter\CodeIgniter->runController(Object(App\Controllers\Home))
 6 SYSTEMPATH\CodeIgniter.php(355): CodeIgniter\CodeIgniter->handleRequest(null, Object(Config\Cache), false)
 7 SYSTEMPATH\Boot.php(312): CodeIgniter\CodeIgniter->run()
 8 SYSTEMPATH\Boot.php(67): CodeIgniter\Boot::runCodeIgniter(Object(CodeIgniter\CodeIgniter))
 9 FCPATH\index.php(56): CodeIgniter\Boot::bootWeb(Object(Config\Paths))
INFO - 2025-05-30 07:07:58 --> Session: Class initialized using 'CodeIgniter\Session\Handlers\FileHandler' driver.
WARNING - 2025-05-30 07:07:58 --> [DEPRECATED] number_format(): Passing null to parameter #1 ($num) of type float is deprecated in APPPATH\Controllers\Home.php on line 341.
 1 APPPATH\Controllers\Home.php(341): number_format(null, 0, ',', '.')
 2 APPPATH\Controllers\Home.php(491): App\Controllers\Home->asRupiah(null)
 3 APPPATH\Controllers\Home.php(104): App\Controllers\Home->getDashboardData('client')
 4 APPPATH\Controllers\Home.php(155): App\Controllers\Home->order_jasa('lain')
 5 SYSTEMPATH\CodeIgniter.php(933): App\Controllers\Home->order_jasa_lain()
 6 SYSTEMPATH\CodeIgniter.php(509): CodeIgniter\CodeIgniter->runController(Object(App\Controllers\Home))
 7 SYSTEMPATH\CodeIgniter.php(355): CodeIgniter\CodeIgniter->handleRequest(null, Object(Config\Cache), false)
 8 SYSTEMPATH\Boot.php(312): CodeIgniter\CodeIgniter->run()
 9 SYSTEMPATH\Boot.php(67): CodeIgniter\Boot::runCodeIgniter(Object(CodeIgniter\CodeIgniter))
10 FCPATH\index.php(56): CodeIgniter\Boot::bootWeb(Object(Config\Paths))
INFO - 2025-05-30 09:27:53 --> Session: Class initialized using 'CodeIgniter\Session\Handlers\FileHandler' driver.
INFO - 2025-05-30 12:36:07 --> Session: Class initialized using 'CodeIgniter\Session\Handlers\FileHandler' driver.
INFO - 2025-05-30 12:36:07 --> Session: Class initialized using 'CodeIgniter\Session\Handlers\FileHandler' driver.
CRITICAL - 2025-05-30 05:36:12 --> ErrorException: unlink(C:\xampp\htdocs\solusi-digital\writable\debugbar/debugbar_1748541909.788211.json): No such file or directory
[Method: GET, Route: /]
in SYSTEMPATH\Debug\Toolbar\Collectors\History.php on line 82.
 1 [internal function]: CodeIgniter\Debug\Exceptions->errorHandler(2, 'unlink(C:\\xampp\\htdocs\\solusi-digital\\writable\\debugbar/debugbar_1748541909.788211.json): No such file or directory', 'C:\\xampp\\htdocs\\solusi-digital\\system\\Debug\\Toolbar\\Collectors\\History.php', 82)
 2 SYSTEMPATH\Debug\Toolbar\Collectors\History.php(82): unlink('C:\\xampp\\htdocs\\solusi-digital\\writable\\debugbar/debugbar_1748541909.788211.json')
 3 SYSTEMPATH\Debug\Toolbar.php(520): CodeIgniter\Debug\Toolbar\Collectors\History->setFiles('1748583367.716315', 20)
 4 SYSTEMPATH\Debug\Toolbar.php(497): CodeIgniter\Debug\Toolbar->format([...], 'html')
 5 APPPATH\Config\Events.php(47): CodeIgniter\Debug\Toolbar->respond()
 6 SYSTEMPATH\Events\Events.php(155): CodeIgniter\Events\Events::Config\{closure}()
 7 SYSTEMPATH\CodeIgniter.php(340): CodeIgniter\Events\Events::trigger('pre_system')
 8 SYSTEMPATH\Boot.php(312): CodeIgniter\CodeIgniter->run()
 9 SYSTEMPATH\Boot.php(67): CodeIgniter\Boot::runCodeIgniter(Object(CodeIgniter\CodeIgniter))
10 FCPATH\index.php(56): CodeIgniter\Boot::bootWeb(Object(Config\Paths))
INFO - 2025-05-30 12:36:15 --> Session: Class initialized using 'CodeIgniter\Session\Handlers\FileHandler' driver.
INFO - 2025-05-30 05:42:12 --> Session: Class initialized using 'CodeIgniter\Session\Handlers\FileHandler' driver.
INFO - 2025-05-30 12:42:13 --> Session: Class initialized using 'CodeIgniter\Session\Handlers\FileHandler' driver.
WARNING - 2025-05-30 12:42:13 --> [DEPRECATED] number_format(): Passing null to parameter #1 ($num) of type float is deprecated in APPPATH\Controllers\Home.php on line 341.
 1 APPPATH\Controllers\Home.php(341): number_format(null, 0, ',', '.')
 2 APPPATH\Controllers\Home.php(491): App\Controllers\Home->asRupiah(null)
 3 APPPATH\Controllers\Home.php(253): App\Controllers\Home->getDashboardData('admin')
 4 SYSTEMPATH\CodeIgniter.php(933): App\Controllers\Home->display_dashboard()
 5 SYSTEMPATH\CodeIgniter.php(509): CodeIgniter\CodeIgniter->runController(Object(App\Controllers\Home))
 6 SYSTEMPATH\CodeIgniter.php(355): CodeIgniter\CodeIgniter->handleRequest(null, Object(Config\Cache), false)
 7 SYSTEMPATH\Boot.php(312): CodeIgniter\CodeIgniter->run()
 8 SYSTEMPATH\Boot.php(67): CodeIgniter\Boot::runCodeIgniter(Object(CodeIgniter\CodeIgniter))
 9 FCPATH\index.php(56): CodeIgniter\Boot::bootWeb(Object(Config\Paths))
INFO - 2025-05-30 05:42:19 --> Session: Class initialized using 'CodeIgniter\Session\Handlers\FileHandler' driver.
INFO - 2025-05-30 12:42:19 --> Session: Class initialized using 'CodeIgniter\Session\Handlers\FileHandler' driver.
WARNING - 2025-05-30 12:42:19 --> [DEPRECATED] number_format(): Passing null to parameter #1 ($num) of type float is deprecated in APPPATH\Controllers\Home.php on line 341.
 1 APPPATH\Controllers\Home.php(341): number_format(null, 0, ',', '.')
 2 APPPATH\Controllers\Home.php(491): App\Controllers\Home->asRupiah(null)
 3 APPPATH\Controllers\Home.php(253): App\Controllers\Home->getDashboardData('client')
 4 SYSTEMPATH\CodeIgniter.php(933): App\Controllers\Home->display_dashboard()
 5 SYSTEMPATH\CodeIgniter.php(509): CodeIgniter\CodeIgniter->runController(Object(App\Controllers\Home))
 6 SYSTEMPATH\CodeIgniter.php(355): CodeIgniter\CodeIgniter->handleRequest(null, Object(Config\Cache), false)
 7 SYSTEMPATH\Boot.php(312): CodeIgniter\CodeIgniter->run()
 8 SYSTEMPATH\Boot.php(67): CodeIgniter\Boot::runCodeIgniter(Object(CodeIgniter\CodeIgniter))
 9 FCPATH\index.php(56): CodeIgniter\Boot::bootWeb(Object(Config\Paths))
INFO - 2025-05-30 12:53:50 --> Session: Class initialized using 'CodeIgniter\Session\Handlers\FileHandler' driver.
WARNING - 2025-05-30 12:53:50 --> [DEPRECATED] number_format(): Passing null to parameter #1 ($num) of type float is deprecated in APPPATH\Controllers\Home.php on line 341.
 1 APPPATH\Controllers\Home.php(341): number_format(null, 0, ',', '.')
 2 APPPATH\Controllers\Home.php(491): App\Controllers\Home->asRupiah(null)
 3 APPPATH\Controllers\Home.php(887): App\Controllers\Home->getDashboardData('client')
 4 SYSTEMPATH\CodeIgniter.php(933): App\Controllers\Home->wa_chat_rotator_management()
 5 SYSTEMPATH\CodeIgniter.php(509): CodeIgniter\CodeIgniter->runController(Object(App\Controllers\Home))
 6 SYSTEMPATH\CodeIgniter.php(355): CodeIgniter\CodeIgniter->handleRequest(null, Object(Config\Cache), false)
 7 SYSTEMPATH\Boot.php(312): CodeIgniter\CodeIgniter->run()
 8 SYSTEMPATH\Boot.php(67): CodeIgniter\Boot::runCodeIgniter(Object(CodeIgniter\CodeIgniter))
 9 FCPATH\index.php(56): CodeIgniter\Boot::bootWeb(Object(Config\Paths))
INFO - 2025-05-30 12:54:05 --> Session: Class initialized using 'CodeIgniter\Session\Handlers\FileHandler' driver.
WARNING - 2025-05-30 12:54:05 --> [DEPRECATED] number_format(): Passing null to parameter #1 ($num) of type float is deprecated in APPPATH\Controllers\Home.php on line 341.
 1 APPPATH\Controllers\Home.php(341): number_format(null, 0, ',', '.')
 2 APPPATH\Controllers\Home.php(491): App\Controllers\Home->asRupiah(null)
 3 APPPATH\Controllers\Home.php(887): App\Controllers\Home->getDashboardData('client')
 4 SYSTEMPATH\CodeIgniter.php(933): App\Controllers\Home->wa_chat_rotator_management()
 5 SYSTEMPATH\CodeIgniter.php(509): CodeIgniter\CodeIgniter->runController(Object(App\Controllers\Home))
 6 SYSTEMPATH\CodeIgniter.php(355): CodeIgniter\CodeIgniter->handleRequest(null, Object(Config\Cache), false)
 7 SYSTEMPATH\Boot.php(312): CodeIgniter\CodeIgniter->run()
 8 SYSTEMPATH\Boot.php(67): CodeIgniter\Boot::runCodeIgniter(Object(CodeIgniter\CodeIgniter))
 9 FCPATH\index.php(56): CodeIgniter\Boot::bootWeb(Object(Config\Paths))
INFO - 2025-05-30 13:10:20 --> Session: Class initialized using 'CodeIgniter\Session\Handlers\FileHandler' driver.
WARNING - 2025-05-30 13:10:20 --> [DEPRECATED] number_format(): Passing null to parameter #1 ($num) of type float is deprecated in APPPATH\Controllers\Home.php on line 341.
 1 APPPATH\Controllers\Home.php(341): number_format(null, 0, ',', '.')
 2 APPPATH\Controllers\Home.php(491): App\Controllers\Home->asRupiah(null)
 3 APPPATH\Controllers\Home.php(887): App\Controllers\Home->getDashboardData('client')
 4 SYSTEMPATH\CodeIgniter.php(933): App\Controllers\Home->wa_chat_rotator_management()
 5 SYSTEMPATH\CodeIgniter.php(509): CodeIgniter\CodeIgniter->runController(Object(App\Controllers\Home))
 6 SYSTEMPATH\CodeIgniter.php(355): CodeIgniter\CodeIgniter->handleRequest(null, Object(Config\Cache), false)
 7 SYSTEMPATH\Boot.php(312): CodeIgniter\CodeIgniter->run()
 8 SYSTEMPATH\Boot.php(67): CodeIgniter\Boot::runCodeIgniter(Object(CodeIgniter\CodeIgniter))
 9 FCPATH\index.php(56): CodeIgniter\Boot::bootWeb(Object(Config\Paths))
INFO - 2025-05-30 16:33:41 --> Session: Class initialized using 'CodeIgniter\Session\Handlers\FileHandler' driver.
INFO - 2025-05-30 17:17:39 --> Session: Class initialized using 'CodeIgniter\Session\Handlers\FileHandler' driver.
INFO - 2025-05-30 17:17:39 --> Session: Class initialized using 'CodeIgniter\Session\Handlers\FileHandler' driver.
INFO - 2025-05-30 17:17:54 --> Session: Class initialized using 'CodeIgniter\Session\Handlers\FileHandler' driver.
INFO - 2025-05-30 10:17:58 --> Session: Class initialized using 'CodeIgniter\Session\Handlers\FileHandler' driver.
INFO - 2025-05-30 17:17:59 --> Session: Class initialized using 'CodeIgniter\Session\Handlers\FileHandler' driver.
WARNING - 2025-05-30 17:17:59 --> [DEPRECATED] number_format(): Passing null to parameter #1 ($num) of type float is deprecated in APPPATH\Controllers\Home.php on line 341.
 1 APPPATH\Controllers\Home.php(341): number_format(null, 0, ',', '.')
 2 APPPATH\Controllers\Home.php(491): App\Controllers\Home->asRupiah(null)
 3 APPPATH\Controllers\Home.php(253): App\Controllers\Home->getDashboardData('admin')
 4 SYSTEMPATH\CodeIgniter.php(933): App\Controllers\Home->display_dashboard()
 5 SYSTEMPATH\CodeIgniter.php(509): CodeIgniter\CodeIgniter->runController(Object(App\Controllers\Home))
 6 SYSTEMPATH\CodeIgniter.php(355): CodeIgniter\CodeIgniter->handleRequest(null, Object(Config\Cache), false)
 7 SYSTEMPATH\Boot.php(312): CodeIgniter\CodeIgniter->run()
 8 SYSTEMPATH\Boot.php(67): CodeIgniter\Boot::runCodeIgniter(Object(CodeIgniter\CodeIgniter))
 9 FCPATH\index.php(56): CodeIgniter\Boot::bootWeb(Object(Config\Paths))
INFO - 2025-05-30 10:19:19 --> Session: Class initialized using 'CodeIgniter\Session\Handlers\FileHandler' driver.
INFO - 2025-05-30 17:19:19 --> Session: Class initialized using 'CodeIgniter\Session\Handlers\FileHandler' driver.
WARNING - 2025-05-30 17:19:20 --> [DEPRECATED] number_format(): Passing null to parameter #1 ($num) of type float is deprecated in APPPATH\Controllers\Home.php on line 341.
 1 APPPATH\Controllers\Home.php(341): number_format(null, 0, ',', '.')
 2 APPPATH\Controllers\Home.php(491): App\Controllers\Home->asRupiah(null)
 3 APPPATH\Controllers\Home.php(253): App\Controllers\Home->getDashboardData('client')
 4 SYSTEMPATH\CodeIgniter.php(933): App\Controllers\Home->display_dashboard()
 5 SYSTEMPATH\CodeIgniter.php(509): CodeIgniter\CodeIgniter->runController(Object(App\Controllers\Home))
 6 SYSTEMPATH\CodeIgniter.php(355): CodeIgniter\CodeIgniter->handleRequest(null, Object(Config\Cache), false)
 7 SYSTEMPATH\Boot.php(312): CodeIgniter\CodeIgniter->run()
 8 SYSTEMPATH\Boot.php(67): CodeIgniter\Boot::runCodeIgniter(Object(CodeIgniter\CodeIgniter))
 9 FCPATH\index.php(56): CodeIgniter\Boot::bootWeb(Object(Config\Paths))
INFO - 2025-05-30 17:19:50 --> Session: Class initialized using 'CodeIgniter\Session\Handlers\FileHandler' driver.
WARNING - 2025-05-30 17:19:50 --> [DEPRECATED] number_format(): Passing null to parameter #1 ($num) of type float is deprecated in APPPATH\Controllers\Home.php on line 341.
 1 APPPATH\Controllers\Home.php(341): number_format(null, 0, ',', '.')
 2 APPPATH\Controllers\Home.php(491): App\Controllers\Home->asRupiah(null)
 3 APPPATH\Controllers\Home.php(887): App\Controllers\Home->getDashboardData('client')
 4 SYSTEMPATH\CodeIgniter.php(933): App\Controllers\Home->wa_chat_rotator_management()
 5 SYSTEMPATH\CodeIgniter.php(509): CodeIgniter\CodeIgniter->runController(Object(App\Controllers\Home))
 6 SYSTEMPATH\CodeIgniter.php(355): CodeIgniter\CodeIgniter->handleRequest(null, Object(Config\Cache), false)
 7 SYSTEMPATH\Boot.php(312): CodeIgniter\CodeIgniter->run()
 8 SYSTEMPATH\Boot.php(67): CodeIgniter\Boot::runCodeIgniter(Object(CodeIgniter\CodeIgniter))
 9 FCPATH\index.php(56): CodeIgniter\Boot::bootWeb(Object(Config\Paths))
INFO - 2025-05-30 17:28:00 --> Session: Class initialized using 'CodeIgniter\Session\Handlers\FileHandler' driver.
WARNING - 2025-05-30 17:28:01 --> [DEPRECATED] number_format(): Passing null to parameter #1 ($num) of type float is deprecated in APPPATH\Controllers\Home.php on line 341.
 1 APPPATH\Controllers\Home.php(341): number_format(null, 0, ',', '.')
 2 APPPATH\Controllers\Home.php(491): App\Controllers\Home->asRupiah(null)
 3 APPPATH\Controllers\Home.php(887): App\Controllers\Home->getDashboardData('client')
 4 SYSTEMPATH\CodeIgniter.php(933): App\Controllers\Home->wa_chat_rotator_management()
 5 SYSTEMPATH\CodeIgniter.php(509): CodeIgniter\CodeIgniter->runController(Object(App\Controllers\Home))
 6 SYSTEMPATH\CodeIgniter.php(355): CodeIgniter\CodeIgniter->handleRequest(null, Object(Config\Cache), false)
 7 SYSTEMPATH\Boot.php(312): CodeIgniter\CodeIgniter->run()
 8 SYSTEMPATH\Boot.php(67): CodeIgniter\Boot::runCodeIgniter(Object(CodeIgniter\CodeIgniter))
 9 FCPATH\index.php(56): CodeIgniter\Boot::bootWeb(Object(Config\Paths))
CRITICAL - 2025-05-30 17:28:01 --> ErrorException: Undefined property: stdClass::$order_id
[Method: GET, Route: manage-wa-chat-rotator]
in APPPATH\Views\manage_wa_chat_rotator_latest.php on line 112.
 1 APPPATH\Views\manage_wa_chat_rotator_latest.php(112): CodeIgniter\Debug\Exceptions->errorHandler(2, 'Undefined property: stdClass::$order_id', 'C:\\xampp\\htdocs\\solusi-digital\\app\\Views\\manage_wa_chat_rotator_latest.php', 112)
 2 SYSTEMPATH\View\View.php(234): include('C:\\xampp\\htdocs\\solusi-digital\\app\\Views\\manage_wa_chat_rotator_latest.php')
 3 SYSTEMPATH\View\View.php(237): CodeIgniter\View\View->CodeIgniter\View\{closure}()
 4 SYSTEMPATH\Common.php(1171): CodeIgniter\View\View->render('manage_wa_chat_rotator_latest', [], true)
 5 APPPATH\Controllers\Home.php(893): view('manage_wa_chat_rotator_latest', [...])
 6 SYSTEMPATH\CodeIgniter.php(933): App\Controllers\Home->wa_chat_rotator_management()
 7 SYSTEMPATH\CodeIgniter.php(509): CodeIgniter\CodeIgniter->runController(Object(App\Controllers\Home))
 8 SYSTEMPATH\CodeIgniter.php(355): CodeIgniter\CodeIgniter->handleRequest(null, Object(Config\Cache), false)
 9 SYSTEMPATH\Boot.php(312): CodeIgniter\CodeIgniter->run()
10 SYSTEMPATH\Boot.php(67): CodeIgniter\Boot::runCodeIgniter(Object(CodeIgniter\CodeIgniter))
11 FCPATH\index.php(56): CodeIgniter\Boot::bootWeb(Object(Config\Paths))
INFO - 2025-05-30 17:35:32 --> Session: Class initialized using 'CodeIgniter\Session\Handlers\FileHandler' driver.
WARNING - 2025-05-30 17:35:32 --> [DEPRECATED] number_format(): Passing null to parameter #1 ($num) of type float is deprecated in APPPATH\Controllers\Home.php on line 341.
 1 APPPATH\Controllers\Home.php(341): number_format(null, 0, ',', '.')
 2 APPPATH\Controllers\Home.php(491): App\Controllers\Home->asRupiah(null)
 3 APPPATH\Controllers\Home.php(887): App\Controllers\Home->getDashboardData('client')
 4 SYSTEMPATH\CodeIgniter.php(933): App\Controllers\Home->wa_chat_rotator_management()
 5 SYSTEMPATH\CodeIgniter.php(509): CodeIgniter\CodeIgniter->runController(Object(App\Controllers\Home))
 6 SYSTEMPATH\CodeIgniter.php(355): CodeIgniter\CodeIgniter->handleRequest(null, Object(Config\Cache), false)
 7 SYSTEMPATH\Boot.php(312): CodeIgniter\CodeIgniter->run()
 8 SYSTEMPATH\Boot.php(67): CodeIgniter\Boot::runCodeIgniter(Object(CodeIgniter\CodeIgniter))
 9 FCPATH\index.php(56): CodeIgniter\Boot::bootWeb(Object(Config\Paths))
INFO - 2025-05-30 17:40:52 --> Session: Class initialized using 'CodeIgniter\Session\Handlers\FileHandler' driver.
WARNING - 2025-05-30 17:40:53 --> [DEPRECATED] number_format(): Passing null to parameter #1 ($num) of type float is deprecated in APPPATH\Controllers\Home.php on line 341.
 1 APPPATH\Controllers\Home.php(341): number_format(null, 0, ',', '.')
 2 APPPATH\Controllers\Home.php(491): App\Controllers\Home->asRupiah(null)
 3 APPPATH\Controllers\Home.php(887): App\Controllers\Home->getDashboardData('client')
 4 SYSTEMPATH\CodeIgniter.php(933): App\Controllers\Home->wa_chat_rotator_management()
 5 SYSTEMPATH\CodeIgniter.php(509): CodeIgniter\CodeIgniter->runController(Object(App\Controllers\Home))
 6 SYSTEMPATH\CodeIgniter.php(355): CodeIgniter\CodeIgniter->handleRequest(null, Object(Config\Cache), false)
 7 SYSTEMPATH\Boot.php(312): CodeIgniter\CodeIgniter->run()
 8 SYSTEMPATH\Boot.php(67): CodeIgniter\Boot::runCodeIgniter(Object(CodeIgniter\CodeIgniter))
 9 FCPATH\index.php(56): CodeIgniter\Boot::bootWeb(Object(Config\Paths))
INFO - 2025-05-30 17:45:33 --> Session: Class initialized using 'CodeIgniter\Session\Handlers\FileHandler' driver.
WARNING - 2025-05-30 17:45:33 --> [DEPRECATED] number_format(): Passing null to parameter #1 ($num) of type float is deprecated in APPPATH\Controllers\Home.php on line 341.
 1 APPPATH\Controllers\Home.php(341): number_format(null, 0, ',', '.')
 2 APPPATH\Controllers\Home.php(491): App\Controllers\Home->asRupiah(null)
 3 APPPATH\Controllers\Home.php(887): App\Controllers\Home->getDashboardData('client')
 4 SYSTEMPATH\CodeIgniter.php(933): App\Controllers\Home->wa_chat_rotator_management()
 5 SYSTEMPATH\CodeIgniter.php(509): CodeIgniter\CodeIgniter->runController(Object(App\Controllers\Home))
 6 SYSTEMPATH\CodeIgniter.php(355): CodeIgniter\CodeIgniter->handleRequest(null, Object(Config\Cache), false)
 7 SYSTEMPATH\Boot.php(312): CodeIgniter\CodeIgniter->run()
 8 SYSTEMPATH\Boot.php(67): CodeIgniter\Boot::runCodeIgniter(Object(CodeIgniter\CodeIgniter))
 9 FCPATH\index.php(56): CodeIgniter\Boot::bootWeb(Object(Config\Paths))
INFO - 2025-05-30 20:02:06 --> Session: Class initialized using 'CodeIgniter\Session\Handlers\FileHandler' driver.
INFO - 2025-05-30 20:02:07 --> Session: Class initialized using 'CodeIgniter\Session\Handlers\FileHandler' driver.
INFO - 2025-05-30 13:03:43 --> Session: Class initialized using 'CodeIgniter\Session\Handlers\FileHandler' driver.
INFO - 2025-05-30 20:03:44 --> Session: Class initialized using 'CodeIgniter\Session\Handlers\FileHandler' driver.
WARNING - 2025-05-30 20:03:44 --> [DEPRECATED] number_format(): Passing null to parameter #1 ($num) of type float is deprecated in APPPATH\Controllers\Home.php on line 341.
 1 APPPATH\Controllers\Home.php(341): number_format(null, 0, ',', '.')
 2 APPPATH\Controllers\Home.php(491): App\Controllers\Home->asRupiah(null)
 3 APPPATH\Controllers\Home.php(253): App\Controllers\Home->getDashboardData('client')
 4 SYSTEMPATH\CodeIgniter.php(933): App\Controllers\Home->display_dashboard()
 5 SYSTEMPATH\CodeIgniter.php(509): CodeIgniter\CodeIgniter->runController(Object(App\Controllers\Home))
 6 SYSTEMPATH\CodeIgniter.php(355): CodeIgniter\CodeIgniter->handleRequest(null, Object(Config\Cache), false)
 7 SYSTEMPATH\Boot.php(312): CodeIgniter\CodeIgniter->run()
 8 SYSTEMPATH\Boot.php(67): CodeIgniter\Boot::runCodeIgniter(Object(CodeIgniter\CodeIgniter))
 9 FCPATH\index.php(56): CodeIgniter\Boot::bootWeb(Object(Config\Paths))
INFO - 2025-05-30 20:04:55 --> Session: Class initialized using 'CodeIgniter\Session\Handlers\FileHandler' driver.
WARNING - 2025-05-30 20:04:55 --> [DEPRECATED] number_format(): Passing null to parameter #1 ($num) of type float is deprecated in APPPATH\Controllers\Home.php on line 341.
 1 APPPATH\Controllers\Home.php(341): number_format(null, 0, ',', '.')
 2 APPPATH\Controllers\Home.php(491): App\Controllers\Home->asRupiah(null)
 3 APPPATH\Controllers\Home.php(887): App\Controllers\Home->getDashboardData('client')
 4 SYSTEMPATH\CodeIgniter.php(933): App\Controllers\Home->wa_chat_rotator_management()
 5 SYSTEMPATH\CodeIgniter.php(509): CodeIgniter\CodeIgniter->runController(Object(App\Controllers\Home))
 6 SYSTEMPATH\CodeIgniter.php(355): CodeIgniter\CodeIgniter->handleRequest(null, Object(Config\Cache), false)
 7 SYSTEMPATH\Boot.php(312): CodeIgniter\CodeIgniter->run()
 8 SYSTEMPATH\Boot.php(67): CodeIgniter\Boot::runCodeIgniter(Object(CodeIgniter\CodeIgniter))
 9 FCPATH\index.php(56): CodeIgniter\Boot::bootWeb(Object(Config\Paths))
INFO - 2025-05-30 20:11:17 --> Session: Class initialized using 'CodeIgniter\Session\Handlers\FileHandler' driver.
WARNING - 2025-05-30 20:11:17 --> [DEPRECATED] number_format(): Passing null to parameter #1 ($num) of type float is deprecated in APPPATH\Controllers\Home.php on line 341.
 1 APPPATH\Controllers\Home.php(341): number_format(null, 0, ',', '.')
 2 APPPATH\Controllers\Home.php(491): App\Controllers\Home->asRupiah(null)
 3 APPPATH\Controllers\Home.php(887): App\Controllers\Home->getDashboardData('client')
 4 SYSTEMPATH\CodeIgniter.php(933): App\Controllers\Home->wa_chat_rotator_management()
 5 SYSTEMPATH\CodeIgniter.php(509): CodeIgniter\CodeIgniter->runController(Object(App\Controllers\Home))
 6 SYSTEMPATH\CodeIgniter.php(355): CodeIgniter\CodeIgniter->handleRequest(null, Object(Config\Cache), false)
 7 SYSTEMPATH\Boot.php(312): CodeIgniter\CodeIgniter->run()
 8 SYSTEMPATH\Boot.php(67): CodeIgniter\Boot::runCodeIgniter(Object(CodeIgniter\CodeIgniter))
 9 FCPATH\index.php(56): CodeIgniter\Boot::bootWeb(Object(Config\Paths))
CRITICAL - 2025-05-30 20:11:17 --> ErrorException: Undefined variable $data_order
[Method: GET, Route: manage-wa-chat-rotator]
in APPPATH\Controllers\Home.php on line 905.
 1 APPPATH\Controllers\Home.php(905): CodeIgniter\Debug\Exceptions->errorHandler(2, 'Undefined variable $data_order', 'C:\\xampp\\htdocs\\solusi-digital\\app\\Controllers\\Home.php', 905)
 2 SYSTEMPATH\CodeIgniter.php(933): App\Controllers\Home->wa_chat_rotator_management()
 3 SYSTEMPATH\CodeIgniter.php(509): CodeIgniter\CodeIgniter->runController(Object(App\Controllers\Home))
 4 SYSTEMPATH\CodeIgniter.php(355): CodeIgniter\CodeIgniter->handleRequest(null, Object(Config\Cache), false)
 5 SYSTEMPATH\Boot.php(312): CodeIgniter\CodeIgniter->run()
 6 SYSTEMPATH\Boot.php(67): CodeIgniter\Boot::runCodeIgniter(Object(CodeIgniter\CodeIgniter))
 7 FCPATH\index.php(56): CodeIgniter\Boot::bootWeb(Object(Config\Paths))
INFO - 2025-05-30 20:11:31 --> Session: Class initialized using 'CodeIgniter\Session\Handlers\FileHandler' driver.
WARNING - 2025-05-30 20:11:31 --> [DEPRECATED] number_format(): Passing null to parameter #1 ($num) of type float is deprecated in APPPATH\Controllers\Home.php on line 341.
 1 APPPATH\Controllers\Home.php(341): number_format(null, 0, ',', '.')
 2 APPPATH\Controllers\Home.php(491): App\Controllers\Home->asRupiah(null)
 3 APPPATH\Controllers\Home.php(887): App\Controllers\Home->getDashboardData('client')
 4 SYSTEMPATH\CodeIgniter.php(933): App\Controllers\Home->wa_chat_rotator_management()
 5 SYSTEMPATH\CodeIgniter.php(509): CodeIgniter\CodeIgniter->runController(Object(App\Controllers\Home))
 6 SYSTEMPATH\CodeIgniter.php(355): CodeIgniter\CodeIgniter->handleRequest(null, Object(Config\Cache), false)
 7 SYSTEMPATH\Boot.php(312): CodeIgniter\CodeIgniter->run()
 8 SYSTEMPATH\Boot.php(67): CodeIgniter\Boot::runCodeIgniter(Object(CodeIgniter\CodeIgniter))
 9 FCPATH\index.php(56): CodeIgniter\Boot::bootWeb(Object(Config\Paths))
CRITICAL - 2025-05-30 20:11:31 --> Error: Call to undefined method CodeIgniter\Database\MySQLi\Connection::where()
[Method: GET, Route: manage-wa-chat-rotator]
in APPPATH\Models\DataModel.php on line 382.
 1 APPPATH\Controllers\Home.php(906): App\Models\DataModel->getWAChatRotatorManagementData('29')
 2 SYSTEMPATH\CodeIgniter.php(933): App\Controllers\Home->wa_chat_rotator_management()
 3 SYSTEMPATH\CodeIgniter.php(509): CodeIgniter\CodeIgniter->runController(Object(App\Controllers\Home))
 4 SYSTEMPATH\CodeIgniter.php(355): CodeIgniter\CodeIgniter->handleRequest(null, Object(Config\Cache), false)
 5 SYSTEMPATH\Boot.php(312): CodeIgniter\CodeIgniter->run()
 6 SYSTEMPATH\Boot.php(67): CodeIgniter\Boot::runCodeIgniter(Object(CodeIgniter\CodeIgniter))
 7 FCPATH\index.php(56): CodeIgniter\Boot::bootWeb(Object(Config\Paths))
INFO - 2025-05-30 20:13:49 --> Session: Class initialized using 'CodeIgniter\Session\Handlers\FileHandler' driver.
WARNING - 2025-05-30 20:13:49 --> [DEPRECATED] number_format(): Passing null to parameter #1 ($num) of type float is deprecated in APPPATH\Controllers\Home.php on line 341.
 1 APPPATH\Controllers\Home.php(341): number_format(null, 0, ',', '.')
 2 APPPATH\Controllers\Home.php(491): App\Controllers\Home->asRupiah(null)
 3 APPPATH\Controllers\Home.php(887): App\Controllers\Home->getDashboardData('client')
 4 SYSTEMPATH\CodeIgniter.php(933): App\Controllers\Home->wa_chat_rotator_management()
 5 SYSTEMPATH\CodeIgniter.php(509): CodeIgniter\CodeIgniter->runController(Object(App\Controllers\Home))
 6 SYSTEMPATH\CodeIgniter.php(355): CodeIgniter\CodeIgniter->handleRequest(null, Object(Config\Cache), false)
 7 SYSTEMPATH\Boot.php(312): CodeIgniter\CodeIgniter->run()
 8 SYSTEMPATH\Boot.php(67): CodeIgniter\Boot::runCodeIgniter(Object(CodeIgniter\CodeIgniter))
 9 FCPATH\index.php(56): CodeIgniter\Boot::bootWeb(Object(Config\Paths))
CRITICAL - 2025-05-30 20:13:49 --> Error: Call to undefined method CodeIgniter\Database\MySQLi\Connection::where()
[Method: GET, Route: manage-wa-chat-rotator]
in APPPATH\Models\DataModel.php on line 385.
 1 APPPATH\Controllers\Home.php(906): App\Models\DataModel->getWAChatRotatorManagementData('29')
 2 SYSTEMPATH\CodeIgniter.php(933): App\Controllers\Home->wa_chat_rotator_management()
 3 SYSTEMPATH\CodeIgniter.php(509): CodeIgniter\CodeIgniter->runController(Object(App\Controllers\Home))
 4 SYSTEMPATH\CodeIgniter.php(355): CodeIgniter\CodeIgniter->handleRequest(null, Object(Config\Cache), false)
 5 SYSTEMPATH\Boot.php(312): CodeIgniter\CodeIgniter->run()
 6 SYSTEMPATH\Boot.php(67): CodeIgniter\Boot::runCodeIgniter(Object(CodeIgniter\CodeIgniter))
 7 FCPATH\index.php(56): CodeIgniter\Boot::bootWeb(Object(Config\Paths))
INFO - 2025-05-30 20:15:25 --> Session: Class initialized using 'CodeIgniter\Session\Handlers\FileHandler' driver.
WARNING - 2025-05-30 20:15:25 --> [DEPRECATED] number_format(): Passing null to parameter #1 ($num) of type float is deprecated in APPPATH\Controllers\Home.php on line 341.
 1 APPPATH\Controllers\Home.php(341): number_format(null, 0, ',', '.')
 2 APPPATH\Controllers\Home.php(491): App\Controllers\Home->asRupiah(null)
 3 APPPATH\Controllers\Home.php(887): App\Controllers\Home->getDashboardData('client')
 4 SYSTEMPATH\CodeIgniter.php(933): App\Controllers\Home->wa_chat_rotator_management()
 5 SYSTEMPATH\CodeIgniter.php(509): CodeIgniter\CodeIgniter->runController(Object(App\Controllers\Home))
 6 SYSTEMPATH\CodeIgniter.php(355): CodeIgniter\CodeIgniter->handleRequest(null, Object(Config\Cache), false)
 7 SYSTEMPATH\Boot.php(312): CodeIgniter\CodeIgniter->run()
 8 SYSTEMPATH\Boot.php(67): CodeIgniter\Boot::runCodeIgniter(Object(CodeIgniter\CodeIgniter))
 9 FCPATH\index.php(56): CodeIgniter\Boot::bootWeb(Object(Config\Paths))
CRITICAL - 2025-05-30 20:15:25 --> Error: Call to undefined method CodeIgniter\Database\MySQLi\Connection::where()
[Method: GET, Route: manage-wa-chat-rotator]
in APPPATH\Models\DataModel.php on line 391.
 1 APPPATH\Controllers\Home.php(906): App\Models\DataModel->getWAChatRotatorManagementData('29')
 2 SYSTEMPATH\CodeIgniter.php(933): App\Controllers\Home->wa_chat_rotator_management()
 3 SYSTEMPATH\CodeIgniter.php(509): CodeIgniter\CodeIgniter->runController(Object(App\Controllers\Home))
 4 SYSTEMPATH\CodeIgniter.php(355): CodeIgniter\CodeIgniter->handleRequest(null, Object(Config\Cache), false)
 5 SYSTEMPATH\Boot.php(312): CodeIgniter\CodeIgniter->run()
 6 SYSTEMPATH\Boot.php(67): CodeIgniter\Boot::runCodeIgniter(Object(CodeIgniter\CodeIgniter))
 7 FCPATH\index.php(56): CodeIgniter\Boot::bootWeb(Object(Config\Paths))
INFO - 2025-05-30 20:17:11 --> Session: Class initialized using 'CodeIgniter\Session\Handlers\FileHandler' driver.
WARNING - 2025-05-30 20:17:11 --> [DEPRECATED] number_format(): Passing null to parameter #1 ($num) of type float is deprecated in APPPATH\Controllers\Home.php on line 341.
 1 APPPATH\Controllers\Home.php(341): number_format(null, 0, ',', '.')
 2 APPPATH\Controllers\Home.php(491): App\Controllers\Home->asRupiah(null)
 3 APPPATH\Controllers\Home.php(887): App\Controllers\Home->getDashboardData('client')
 4 SYSTEMPATH\CodeIgniter.php(933): App\Controllers\Home->wa_chat_rotator_management()
 5 SYSTEMPATH\CodeIgniter.php(509): CodeIgniter\CodeIgniter->runController(Object(App\Controllers\Home))
 6 SYSTEMPATH\CodeIgniter.php(355): CodeIgniter\CodeIgniter->handleRequest(null, Object(Config\Cache), false)
 7 SYSTEMPATH\Boot.php(312): CodeIgniter\CodeIgniter->run()
 8 SYSTEMPATH\Boot.php(67): CodeIgniter\Boot::runCodeIgniter(Object(CodeIgniter\CodeIgniter))
 9 FCPATH\index.php(56): CodeIgniter\Boot::bootWeb(Object(Config\Paths))
CRITICAL - 2025-05-30 20:17:11 --> Error: Call to undefined method CodeIgniter\Database\MySQLi\Builder::order_by()
[Method: GET, Route: manage-wa-chat-rotator]
in APPPATH\Models\DataModel.php on line 390.
 1 APPPATH\Controllers\Home.php(906): App\Models\DataModel->getWAChatRotatorManagementData('29')
 2 SYSTEMPATH\CodeIgniter.php(933): App\Controllers\Home->wa_chat_rotator_management()
 3 SYSTEMPATH\CodeIgniter.php(509): CodeIgniter\CodeIgniter->runController(Object(App\Controllers\Home))
 4 SYSTEMPATH\CodeIgniter.php(355): CodeIgniter\CodeIgniter->handleRequest(null, Object(Config\Cache), false)
 5 SYSTEMPATH\Boot.php(312): CodeIgniter\CodeIgniter->run()
 6 SYSTEMPATH\Boot.php(67): CodeIgniter\Boot::runCodeIgniter(Object(CodeIgniter\CodeIgniter))
 7 FCPATH\index.php(56): CodeIgniter\Boot::bootWeb(Object(Config\Paths))
INFO - 2025-05-30 20:17:45 --> Session: Class initialized using 'CodeIgniter\Session\Handlers\FileHandler' driver.
WARNING - 2025-05-30 20:17:45 --> [DEPRECATED] number_format(): Passing null to parameter #1 ($num) of type float is deprecated in APPPATH\Controllers\Home.php on line 341.
 1 APPPATH\Controllers\Home.php(341): number_format(null, 0, ',', '.')
 2 APPPATH\Controllers\Home.php(491): App\Controllers\Home->asRupiah(null)
 3 APPPATH\Controllers\Home.php(887): App\Controllers\Home->getDashboardData('client')
 4 SYSTEMPATH\CodeIgniter.php(933): App\Controllers\Home->wa_chat_rotator_management()
 5 SYSTEMPATH\CodeIgniter.php(509): CodeIgniter\CodeIgniter->runController(Object(App\Controllers\Home))
 6 SYSTEMPATH\CodeIgniter.php(355): CodeIgniter\CodeIgniter->handleRequest(null, Object(Config\Cache), false)
 7 SYSTEMPATH\Boot.php(312): CodeIgniter\CodeIgniter->run()
 8 SYSTEMPATH\Boot.php(67): CodeIgniter\Boot::runCodeIgniter(Object(CodeIgniter\CodeIgniter))
 9 FCPATH\index.php(56): CodeIgniter\Boot::bootWeb(Object(Config\Paths))
CRITICAL - 2025-05-30 20:17:45 --> Error: Call to undefined method CodeIgniter\Database\MySQLi\Builder::result()
[Method: GET, Route: manage-wa-chat-rotator]
in APPPATH\Models\DataModel.php on line 392.
 1 APPPATH\Controllers\Home.php(906): App\Models\DataModel->getWAChatRotatorManagementData('29')
 2 SYSTEMPATH\CodeIgniter.php(933): App\Controllers\Home->wa_chat_rotator_management()
 3 SYSTEMPATH\CodeIgniter.php(509): CodeIgniter\CodeIgniter->runController(Object(App\Controllers\Home))
 4 SYSTEMPATH\CodeIgniter.php(355): CodeIgniter\CodeIgniter->handleRequest(null, Object(Config\Cache), false)
 5 SYSTEMPATH\Boot.php(312): CodeIgniter\CodeIgniter->run()
 6 SYSTEMPATH\Boot.php(67): CodeIgniter\Boot::runCodeIgniter(Object(CodeIgniter\CodeIgniter))
 7 FCPATH\index.php(56): CodeIgniter\Boot::bootWeb(Object(Config\Paths))
INFO - 2025-05-30 20:18:24 --> Session: Class initialized using 'CodeIgniter\Session\Handlers\FileHandler' driver.
WARNING - 2025-05-30 20:18:24 --> [DEPRECATED] number_format(): Passing null to parameter #1 ($num) of type float is deprecated in APPPATH\Controllers\Home.php on line 341.
 1 APPPATH\Controllers\Home.php(341): number_format(null, 0, ',', '.')
 2 APPPATH\Controllers\Home.php(491): App\Controllers\Home->asRupiah(null)
 3 APPPATH\Controllers\Home.php(887): App\Controllers\Home->getDashboardData('client')
 4 SYSTEMPATH\CodeIgniter.php(933): App\Controllers\Home->wa_chat_rotator_management()
 5 SYSTEMPATH\CodeIgniter.php(509): CodeIgniter\CodeIgniter->runController(Object(App\Controllers\Home))
 6 SYSTEMPATH\CodeIgniter.php(355): CodeIgniter\CodeIgniter->handleRequest(null, Object(Config\Cache), false)
 7 SYSTEMPATH\Boot.php(312): CodeIgniter\CodeIgniter->run()
 8 SYSTEMPATH\Boot.php(67): CodeIgniter\Boot::runCodeIgniter(Object(CodeIgniter\CodeIgniter))
 9 FCPATH\index.php(56): CodeIgniter\Boot::bootWeb(Object(Config\Paths))
INFO - 2025-05-30 20:19:58 --> Session: Class initialized using 'CodeIgniter\Session\Handlers\FileHandler' driver.
WARNING - 2025-05-30 20:19:58 --> [DEPRECATED] number_format(): Passing null to parameter #1 ($num) of type float is deprecated in APPPATH\Controllers\Home.php on line 341.
 1 APPPATH\Controllers\Home.php(341): number_format(null, 0, ',', '.')
 2 APPPATH\Controllers\Home.php(491): App\Controllers\Home->asRupiah(null)
 3 APPPATH\Controllers\Home.php(887): App\Controllers\Home->getDashboardData('client')
 4 SYSTEMPATH\CodeIgniter.php(933): App\Controllers\Home->wa_chat_rotator_management()
 5 SYSTEMPATH\CodeIgniter.php(509): CodeIgniter\CodeIgniter->runController(Object(App\Controllers\Home))
 6 SYSTEMPATH\CodeIgniter.php(355): CodeIgniter\CodeIgniter->handleRequest(null, Object(Config\Cache), false)
 7 SYSTEMPATH\Boot.php(312): CodeIgniter\CodeIgniter->run()
 8 SYSTEMPATH\Boot.php(67): CodeIgniter\Boot::runCodeIgniter(Object(CodeIgniter\CodeIgniter))
 9 FCPATH\index.php(56): CodeIgniter\Boot::bootWeb(Object(Config\Paths))
CRITICAL - 2025-05-30 20:19:58 --> ErrorException: Undefined property: stdClass::$client_traget_device
[Method: GET, Route: manage-wa-chat-rotator]
in APPPATH\Views\manage_wa_chat_rotator_latest.php on line 134.
 1 APPPATH\Views\manage_wa_chat_rotator_latest.php(134): CodeIgniter\Debug\Exceptions->errorHandler(2, 'Undefined property: stdClass::$client_traget_device', 'C:\\xampp\\htdocs\\solusi-digital\\app\\Views\\manage_wa_chat_rotator_latest.php', 134)
 2 SYSTEMPATH\View\View.php(234): include('C:\\xampp\\htdocs\\solusi-digital\\app\\Views\\manage_wa_chat_rotator_latest.php')
 3 SYSTEMPATH\View\View.php(237): CodeIgniter\View\View->CodeIgniter\View\{closure}()
 4 SYSTEMPATH\Common.php(1171): CodeIgniter\View\View->render('manage_wa_chat_rotator_latest', [], true)
 5 APPPATH\Controllers\Home.php(910): view('manage_wa_chat_rotator_latest', [...])
 6 SYSTEMPATH\CodeIgniter.php(933): App\Controllers\Home->wa_chat_rotator_management()
 7 SYSTEMPATH\CodeIgniter.php(509): CodeIgniter\CodeIgniter->runController(Object(App\Controllers\Home))
 8 SYSTEMPATH\CodeIgniter.php(355): CodeIgniter\CodeIgniter->handleRequest(null, Object(Config\Cache), false)
 9 SYSTEMPATH\Boot.php(312): CodeIgniter\CodeIgniter->run()
10 SYSTEMPATH\Boot.php(67): CodeIgniter\Boot::runCodeIgniter(Object(CodeIgniter\CodeIgniter))
11 FCPATH\index.php(56): CodeIgniter\Boot::bootWeb(Object(Config\Paths))
INFO - 2025-05-30 20:24:00 --> Session: Class initialized using 'CodeIgniter\Session\Handlers\FileHandler' driver.
WARNING - 2025-05-30 20:24:00 --> [DEPRECATED] number_format(): Passing null to parameter #1 ($num) of type float is deprecated in APPPATH\Controllers\Home.php on line 341.
 1 APPPATH\Controllers\Home.php(341): number_format(null, 0, ',', '.')
 2 APPPATH\Controllers\Home.php(491): App\Controllers\Home->asRupiah(null)
 3 APPPATH\Controllers\Home.php(887): App\Controllers\Home->getDashboardData('client')
 4 SYSTEMPATH\CodeIgniter.php(933): App\Controllers\Home->wa_chat_rotator_management()
 5 SYSTEMPATH\CodeIgniter.php(509): CodeIgniter\CodeIgniter->runController(Object(App\Controllers\Home))
 6 SYSTEMPATH\CodeIgniter.php(355): CodeIgniter\CodeIgniter->handleRequest(null, Object(Config\Cache), false)
 7 SYSTEMPATH\Boot.php(312): CodeIgniter\CodeIgniter->run()
 8 SYSTEMPATH\Boot.php(67): CodeIgniter\Boot::runCodeIgniter(Object(CodeIgniter\CodeIgniter))
 9 FCPATH\index.php(56): CodeIgniter\Boot::bootWeb(Object(Config\Paths))
CRITICAL - 2025-05-30 20:24:00 --> ErrorException: Undefined property: stdClass::$client_traget_device
[Method: GET, Route: manage-wa-chat-rotator]
in APPPATH\Views\manage_wa_chat_rotator_latest.php on line 135.
 1 APPPATH\Views\manage_wa_chat_rotator_latest.php(135): CodeIgniter\Debug\Exceptions->errorHandler(2, 'Undefined property: stdClass::$client_traget_device', 'C:\\xampp\\htdocs\\solusi-digital\\app\\Views\\manage_wa_chat_rotator_latest.php', 135)
 2 SYSTEMPATH\View\View.php(234): include('C:\\xampp\\htdocs\\solusi-digital\\app\\Views\\manage_wa_chat_rotator_latest.php')
 3 SYSTEMPATH\View\View.php(237): CodeIgniter\View\View->CodeIgniter\View\{closure}()
 4 SYSTEMPATH\Common.php(1171): CodeIgniter\View\View->render('manage_wa_chat_rotator_latest', [], true)
 5 APPPATH\Controllers\Home.php(910): view('manage_wa_chat_rotator_latest', [...])
 6 SYSTEMPATH\CodeIgniter.php(933): App\Controllers\Home->wa_chat_rotator_management()
 7 SYSTEMPATH\CodeIgniter.php(509): CodeIgniter\CodeIgniter->runController(Object(App\Controllers\Home))
 8 SYSTEMPATH\CodeIgniter.php(355): CodeIgniter\CodeIgniter->handleRequest(null, Object(Config\Cache), false)
 9 SYSTEMPATH\Boot.php(312): CodeIgniter\CodeIgniter->run()
10 SYSTEMPATH\Boot.php(67): CodeIgniter\Boot::runCodeIgniter(Object(CodeIgniter\CodeIgniter))
11 FCPATH\index.php(56): CodeIgniter\Boot::bootWeb(Object(Config\Paths))
INFO - 2025-05-30 20:32:20 --> Session: Class initialized using 'CodeIgniter\Session\Handlers\FileHandler' driver.
WARNING - 2025-05-30 20:32:20 --> [DEPRECATED] number_format(): Passing null to parameter #1 ($num) of type float is deprecated in APPPATH\Controllers\Home.php on line 341.
 1 APPPATH\Controllers\Home.php(341): number_format(null, 0, ',', '.')
 2 APPPATH\Controllers\Home.php(491): App\Controllers\Home->asRupiah(null)
 3 APPPATH\Controllers\Home.php(887): App\Controllers\Home->getDashboardData('client')
 4 SYSTEMPATH\CodeIgniter.php(933): App\Controllers\Home->wa_chat_rotator_management()
 5 SYSTEMPATH\CodeIgniter.php(509): CodeIgniter\CodeIgniter->runController(Object(App\Controllers\Home))
 6 SYSTEMPATH\CodeIgniter.php(355): CodeIgniter\CodeIgniter->handleRequest(null, Object(Config\Cache), false)
 7 SYSTEMPATH\Boot.php(312): CodeIgniter\CodeIgniter->run()
 8 SYSTEMPATH\Boot.php(67): CodeIgniter\Boot::runCodeIgniter(Object(CodeIgniter\CodeIgniter))
 9 FCPATH\index.php(56): CodeIgniter\Boot::bootWeb(Object(Config\Paths))
INFO - 2025-05-30 20:55:20 --> Session: Class initialized using 'CodeIgniter\Session\Handlers\FileHandler' driver.
WARNING - 2025-05-30 20:55:21 --> [DEPRECATED] number_format(): Passing null to parameter #1 ($num) of type float is deprecated in APPPATH\Controllers\Home.php on line 341.
 1 APPPATH\Controllers\Home.php(341): number_format(null, 0, ',', '.')
 2 APPPATH\Controllers\Home.php(491): App\Controllers\Home->asRupiah(null)
 3 APPPATH\Controllers\Home.php(887): App\Controllers\Home->getDashboardData('client')
 4 SYSTEMPATH\CodeIgniter.php(933): App\Controllers\Home->wa_chat_rotator_management()
 5 SYSTEMPATH\CodeIgniter.php(509): CodeIgniter\CodeIgniter->runController(Object(App\Controllers\Home))
 6 SYSTEMPATH\CodeIgniter.php(355): CodeIgniter\CodeIgniter->handleRequest(null, Object(Config\Cache), false)
 7 SYSTEMPATH\Boot.php(312): CodeIgniter\CodeIgniter->run()
 8 SYSTEMPATH\Boot.php(67): CodeIgniter\Boot::runCodeIgniter(Object(CodeIgniter\CodeIgniter))
 9 FCPATH\index.php(56): CodeIgniter\Boot::bootWeb(Object(Config\Paths))
INFO - 2025-05-30 21:40:22 --> Session: Class initialized using 'CodeIgniter\Session\Handlers\FileHandler' driver.
INFO - 2025-05-30 21:40:22 --> Session: Class initialized using 'CodeIgniter\Session\Handlers\FileHandler' driver.
INFO - 2025-05-30 21:40:32 --> Session: Class initialized using 'CodeIgniter\Session\Handlers\FileHandler' driver.
WARNING - 2025-05-30 21:40:32 --> [DEPRECATED] number_format(): Passing null to parameter #1 ($num) of type float is deprecated in APPPATH\Controllers\Home.php on line 341.
 1 APPPATH\Controllers\Home.php(341): number_format(null, 0, ',', '.')
 2 APPPATH\Controllers\Home.php(491): App\Controllers\Home->asRupiah(null)
 3 APPPATH\Controllers\Home.php(887): App\Controllers\Home->getDashboardData('client')
 4 SYSTEMPATH\CodeIgniter.php(933): App\Controllers\Home->wa_chat_rotator_management()
 5 SYSTEMPATH\CodeIgniter.php(509): CodeIgniter\CodeIgniter->runController(Object(App\Controllers\Home))
 6 SYSTEMPATH\CodeIgniter.php(355): CodeIgniter\CodeIgniter->handleRequest(null, Object(Config\Cache), false)
 7 SYSTEMPATH\Boot.php(312): CodeIgniter\CodeIgniter->run()
 8 SYSTEMPATH\Boot.php(67): CodeIgniter\Boot::runCodeIgniter(Object(CodeIgniter\CodeIgniter))
 9 FCPATH\index.php(56): CodeIgniter\Boot::bootWeb(Object(Config\Paths))
INFO - 2025-05-30 14:40:39 --> Session: Class initialized using 'CodeIgniter\Session\Handlers\FileHandler' driver.
INFO - 2025-05-30 21:40:39 --> Session: Class initialized using 'CodeIgniter\Session\Handlers\FileHandler' driver.
WARNING - 2025-05-30 21:40:40 --> [DEPRECATED] number_format(): Passing null to parameter #1 ($num) of type float is deprecated in APPPATH\Controllers\Home.php on line 341.
 1 APPPATH\Controllers\Home.php(341): number_format(null, 0, ',', '.')
 2 APPPATH\Controllers\Home.php(491): App\Controllers\Home->asRupiah(null)
 3 APPPATH\Controllers\Home.php(253): App\Controllers\Home->getDashboardData('admin')
 4 SYSTEMPATH\CodeIgniter.php(933): App\Controllers\Home->display_dashboard()
 5 SYSTEMPATH\CodeIgniter.php(509): CodeIgniter\CodeIgniter->runController(Object(App\Controllers\Home))
 6 SYSTEMPATH\CodeIgniter.php(355): CodeIgniter\CodeIgniter->handleRequest(null, Object(Config\Cache), false)
 7 SYSTEMPATH\Boot.php(312): CodeIgniter\CodeIgniter->run()
 8 SYSTEMPATH\Boot.php(67): CodeIgniter\Boot::runCodeIgniter(Object(CodeIgniter\CodeIgniter))
 9 FCPATH\index.php(56): CodeIgniter\Boot::bootWeb(Object(Config\Paths))
INFO - 2025-05-30 21:44:48 --> Session: Class initialized using 'CodeIgniter\Session\Handlers\FileHandler' driver.
WARNING - 2025-05-30 21:44:48 --> [DEPRECATED] number_format(): Passing null to parameter #1 ($num) of type float is deprecated in APPPATH\Controllers\Home.php on line 341.
 1 APPPATH\Controllers\Home.php(341): number_format(null, 0, ',', '.')
 2 APPPATH\Controllers\Home.php(491): App\Controllers\Home->asRupiah(null)
 3 APPPATH\Controllers\Home.php(887): App\Controllers\Home->getDashboardData('client')
 4 SYSTEMPATH\CodeIgniter.php(933): App\Controllers\Home->wa_chat_rotator_management()
 5 SYSTEMPATH\CodeIgniter.php(509): CodeIgniter\CodeIgniter->runController(Object(App\Controllers\Home))
 6 SYSTEMPATH\CodeIgniter.php(355): CodeIgniter\CodeIgniter->handleRequest(null, Object(Config\Cache), false)
 7 SYSTEMPATH\Boot.php(312): CodeIgniter\CodeIgniter->run()
 8 SYSTEMPATH\Boot.php(67): CodeIgniter\Boot::runCodeIgniter(Object(CodeIgniter\CodeIgniter))
 9 FCPATH\index.php(56): CodeIgniter\Boot::bootWeb(Object(Config\Paths))
INFO - 2025-05-30 21:46:03 --> Session: Class initialized using 'CodeIgniter\Session\Handlers\FileHandler' driver.
WARNING - 2025-05-30 21:46:03 --> [DEPRECATED] number_format(): Passing null to parameter #1 ($num) of type float is deprecated in APPPATH\Controllers\Home.php on line 341.
 1 APPPATH\Controllers\Home.php(341): number_format(null, 0, ',', '.')
 2 APPPATH\Controllers\Home.php(491): App\Controllers\Home->asRupiah(null)
 3 APPPATH\Controllers\Home.php(253): App\Controllers\Home->getDashboardData('client')
 4 SYSTEMPATH\CodeIgniter.php(933): App\Controllers\Home->display_dashboard()
 5 SYSTEMPATH\CodeIgniter.php(509): CodeIgniter\CodeIgniter->runController(Object(App\Controllers\Home))
 6 SYSTEMPATH\CodeIgniter.php(355): CodeIgniter\CodeIgniter->handleRequest(null, Object(Config\Cache), false)
 7 SYSTEMPATH\Boot.php(312): CodeIgniter\CodeIgniter->run()
 8 SYSTEMPATH\Boot.php(67): CodeIgniter\Boot::runCodeIgniter(Object(CodeIgniter\CodeIgniter))
 9 FCPATH\index.php(56): CodeIgniter\Boot::bootWeb(Object(Config\Paths))
INFO - 2025-05-30 21:47:17 --> Session: Class initialized using 'CodeIgniter\Session\Handlers\FileHandler' driver.
WARNING - 2025-05-30 21:47:17 --> [DEPRECATED] number_format(): Passing null to parameter #1 ($num) of type float is deprecated in APPPATH\Controllers\Home.php on line 341.
 1 APPPATH\Controllers\Home.php(341): number_format(null, 0, ',', '.')
 2 APPPATH\Controllers\Home.php(491): App\Controllers\Home->asRupiah(null)
 3 APPPATH\Controllers\Home.php(253): App\Controllers\Home->getDashboardData('client')
 4 SYSTEMPATH\CodeIgniter.php(933): App\Controllers\Home->display_dashboard()
 5 SYSTEMPATH\CodeIgniter.php(509): CodeIgniter\CodeIgniter->runController(Object(App\Controllers\Home))
 6 SYSTEMPATH\CodeIgniter.php(355): CodeIgniter\CodeIgniter->handleRequest(null, Object(Config\Cache), false)
 7 SYSTEMPATH\Boot.php(312): CodeIgniter\CodeIgniter->run()
 8 SYSTEMPATH\Boot.php(67): CodeIgniter\Boot::runCodeIgniter(Object(CodeIgniter\CodeIgniter))
 9 FCPATH\index.php(56): CodeIgniter\Boot::bootWeb(Object(Config\Paths))
INFO - 2025-05-30 22:49:49 --> Session: Class initialized using 'CodeIgniter\Session\Handlers\FileHandler' driver.
WARNING - 2025-05-30 22:49:49 --> [DEPRECATED] number_format(): Passing null to parameter #1 ($num) of type float is deprecated in APPPATH\Controllers\Home.php on line 341.
 1 APPPATH\Controllers\Home.php(341): number_format(null, 0, ',', '.')
 2 APPPATH\Controllers\Home.php(491): App\Controllers\Home->asRupiah(null)
 3 APPPATH\Controllers\Home.php(253): App\Controllers\Home->getDashboardData('admin')
 4 SYSTEMPATH\CodeIgniter.php(933): App\Controllers\Home->display_dashboard()
 5 SYSTEMPATH\CodeIgniter.php(509): CodeIgniter\CodeIgniter->runController(Object(App\Controllers\Home))
 6 SYSTEMPATH\CodeIgniter.php(355): CodeIgniter\CodeIgniter->handleRequest(null, Object(Config\Cache), false)
 7 SYSTEMPATH\Boot.php(312): CodeIgniter\CodeIgniter->run()
 8 SYSTEMPATH\Boot.php(67): CodeIgniter\Boot::runCodeIgniter(Object(CodeIgniter\CodeIgniter))
 9 FCPATH\index.php(56): CodeIgniter\Boot::bootWeb(Object(Config\Paths))
INFO - 2025-05-30 22:51:58 --> Session: Class initialized using 'CodeIgniter\Session\Handlers\FileHandler' driver.
WARNING - 2025-05-30 22:51:58 --> [DEPRECATED] number_format(): Passing null to parameter #1 ($num) of type float is deprecated in APPPATH\Controllers\Home.php on line 341.
 1 APPPATH\Controllers\Home.php(341): number_format(null, 0, ',', '.')
 2 APPPATH\Controllers\Home.php(491): App\Controllers\Home->asRupiah(null)
 3 APPPATH\Controllers\Home.php(803): App\Controllers\Home->getDashboardData('admin')
 4 SYSTEMPATH\CodeIgniter.php(933): App\Controllers\Home->order_jasa_management()
 5 SYSTEMPATH\CodeIgniter.php(509): CodeIgniter\CodeIgniter->runController(Object(App\Controllers\Home))
 6 SYSTEMPATH\CodeIgniter.php(355): CodeIgniter\CodeIgniter->handleRequest(null, Object(Config\Cache), false)
 7 SYSTEMPATH\Boot.php(312): CodeIgniter\CodeIgniter->run()
 8 SYSTEMPATH\Boot.php(67): CodeIgniter\Boot::runCodeIgniter(Object(CodeIgniter\CodeIgniter))
 9 FCPATH\index.php(56): CodeIgniter\Boot::bootWeb(Object(Config\Paths))
WARNING - 2025-05-30 22:51:59 --> [DEPRECATED] htmlspecialchars(): Passing null to parameter #1 ($string) of type string is deprecated in APPPATH\Views\manage_order_jasa.php on line 140.
 1 APPPATH\Views\manage_order_jasa.php(140): htmlspecialchars(null)
 2 SYSTEMPATH\View\View.php(234): include('C:\\xampp\\htdocs\\solusi-digital\\app\\Views\\manage_order_jasa.php')
 3 SYSTEMPATH\View\View.php(237): CodeIgniter\View\View->CodeIgniter\View\{closure}()
 4 SYSTEMPATH\Common.php(1171): CodeIgniter\View\View->render('manage_order_jasa', [], true)
 5 APPPATH\Controllers\Home.php(814): view('manage_order_jasa', [...])
 6 SYSTEMPATH\CodeIgniter.php(933): App\Controllers\Home->order_jasa_management()
 7 SYSTEMPATH\CodeIgniter.php(509): CodeIgniter\CodeIgniter->runController(Object(App\Controllers\Home))
 8 SYSTEMPATH\CodeIgniter.php(355): CodeIgniter\CodeIgniter->handleRequest(null, Object(Config\Cache), false)
 9 SYSTEMPATH\Boot.php(312): CodeIgniter\CodeIgniter->run()
10 SYSTEMPATH\Boot.php(67): CodeIgniter\Boot::runCodeIgniter(Object(CodeIgniter\CodeIgniter))
11 FCPATH\index.php(56): CodeIgniter\Boot::bootWeb(Object(Config\Paths))
INFO - 2025-05-30 22:52:13 --> Session: Class initialized using 'CodeIgniter\Session\Handlers\FileHandler' driver.
WARNING - 2025-05-30 22:52:13 --> [DEPRECATED] number_format(): Passing null to parameter #1 ($num) of type float is deprecated in APPPATH\Controllers\Home.php on line 341.
 1 APPPATH\Controllers\Home.php(341): number_format(null, 0, ',', '.')
 2 APPPATH\Controllers\Home.php(491): App\Controllers\Home->asRupiah(null)
 3 APPPATH\Controllers\Home.php(887): App\Controllers\Home->getDashboardData('client')
 4 SYSTEMPATH\CodeIgniter.php(933): App\Controllers\Home->wa_chat_rotator_management()
 5 SYSTEMPATH\CodeIgniter.php(509): CodeIgniter\CodeIgniter->runController(Object(App\Controllers\Home))
 6 SYSTEMPATH\CodeIgniter.php(355): CodeIgniter\CodeIgniter->handleRequest(null, Object(Config\Cache), false)
 7 SYSTEMPATH\Boot.php(312): CodeIgniter\CodeIgniter->run()
 8 SYSTEMPATH\Boot.php(67): CodeIgniter\Boot::runCodeIgniter(Object(CodeIgniter\CodeIgniter))
 9 FCPATH\index.php(56): CodeIgniter\Boot::bootWeb(Object(Config\Paths))
INFO - 2025-05-30 22:54:01 --> Session: Class initialized using 'CodeIgniter\Session\Handlers\FileHandler' driver.
WARNING - 2025-05-30 22:54:01 --> [DEPRECATED] number_format(): Passing null to parameter #1 ($num) of type float is deprecated in APPPATH\Controllers\Home.php on line 341.
 1 APPPATH\Controllers\Home.php(341): number_format(null, 0, ',', '.')
 2 APPPATH\Controllers\Home.php(491): App\Controllers\Home->asRupiah(null)
 3 APPPATH\Controllers\Home.php(887): App\Controllers\Home->getDashboardData('client')
 4 SYSTEMPATH\CodeIgniter.php(933): App\Controllers\Home->wa_chat_rotator_management()
 5 SYSTEMPATH\CodeIgniter.php(509): CodeIgniter\CodeIgniter->runController(Object(App\Controllers\Home))
 6 SYSTEMPATH\CodeIgniter.php(355): CodeIgniter\CodeIgniter->handleRequest(null, Object(Config\Cache), false)
 7 SYSTEMPATH\Boot.php(312): CodeIgniter\CodeIgniter->run()
 8 SYSTEMPATH\Boot.php(67): CodeIgniter\Boot::runCodeIgniter(Object(CodeIgniter\CodeIgniter))
 9 FCPATH\index.php(56): CodeIgniter\Boot::bootWeb(Object(Config\Paths))
INFO - 2025-05-30 23:35:27 --> Session: Class initialized using 'CodeIgniter\Session\Handlers\FileHandler' driver.
INFO - 2025-05-30 23:35:35 --> Session: Class initialized using 'CodeIgniter\Session\Handlers\FileHandler' driver.
CRITICAL - 2025-05-30 23:43:47 --> ErrorException: Undefined variable $group_name
[Method: POST, Route: update-cs-wa-chat-rotator]
in APPPATH\Controllers\Works.php on line 4359.
 1 APPPATH\Controllers\Works.php(4359): CodeIgniter\Debug\Exceptions->errorHandler(2, 'Undefined variable $group_name', 'C:\\xampp\\htdocs\\solusi-digital\\app\\Controllers\\Works.php', 4359)
 2 SYSTEMPATH\CodeIgniter.php(933): App\Controllers\Works->wa_chat_rotator_update_cs()
 3 SYSTEMPATH\CodeIgniter.php(509): CodeIgniter\CodeIgniter->runController(Object(App\Controllers\Works))
 4 SYSTEMPATH\CodeIgniter.php(355): CodeIgniter\CodeIgniter->handleRequest(null, Object(Config\Cache), false)
 5 SYSTEMPATH\Boot.php(312): CodeIgniter\CodeIgniter->run()
 6 SYSTEMPATH\Boot.php(67): CodeIgniter\Boot::runCodeIgniter(Object(CodeIgniter\CodeIgniter))
 7 FCPATH\index.php(56): CodeIgniter\Boot::bootWeb(Object(Config\Paths))
CRITICAL - 2025-05-30 23:44:03 --> ErrorException: Undefined variable $group_name
[Method: POST, Route: update-cs-wa-chat-rotator]
in APPPATH\Controllers\Works.php on line 4359.
 1 APPPATH\Controllers\Works.php(4359): CodeIgniter\Debug\Exceptions->errorHandler(2, 'Undefined variable $group_name', 'C:\\xampp\\htdocs\\solusi-digital\\app\\Controllers\\Works.php', 4359)
 2 SYSTEMPATH\CodeIgniter.php(933): App\Controllers\Works->wa_chat_rotator_update_cs()
 3 SYSTEMPATH\CodeIgniter.php(509): CodeIgniter\CodeIgniter->runController(Object(App\Controllers\Works))
 4 SYSTEMPATH\CodeIgniter.php(355): CodeIgniter\CodeIgniter->handleRequest(null, Object(Config\Cache), false)
 5 SYSTEMPATH\Boot.php(312): CodeIgniter\CodeIgniter->run()
 6 SYSTEMPATH\Boot.php(67): CodeIgniter\Boot::runCodeIgniter(Object(CodeIgniter\CodeIgniter))
 7 FCPATH\index.php(56): CodeIgniter\Boot::bootWeb(Object(Config\Paths))
CRITICAL - 2025-05-30 23:44:14 --> ErrorException: Undefined variable $group_name
[Method: POST, Route: update-cs-wa-chat-rotator]
in APPPATH\Controllers\Works.php on line 4359.
 1 APPPATH\Controllers\Works.php(4359): CodeIgniter\Debug\Exceptions->errorHandler(2, 'Undefined variable $group_name', 'C:\\xampp\\htdocs\\solusi-digital\\app\\Controllers\\Works.php', 4359)
 2 SYSTEMPATH\CodeIgniter.php(933): App\Controllers\Works->wa_chat_rotator_update_cs()
 3 SYSTEMPATH\CodeIgniter.php(509): CodeIgniter\CodeIgniter->runController(Object(App\Controllers\Works))
 4 SYSTEMPATH\CodeIgniter.php(355): CodeIgniter\CodeIgniter->handleRequest(null, Object(Config\Cache), false)
 5 SYSTEMPATH\Boot.php(312): CodeIgniter\CodeIgniter->run()
 6 SYSTEMPATH\Boot.php(67): CodeIgniter\Boot::runCodeIgniter(Object(CodeIgniter\CodeIgniter))
 7 FCPATH\index.php(56): CodeIgniter\Boot::bootWeb(Object(Config\Paths))
CRITICAL - 2025-05-30 23:46:44 --> ErrorException: Undefined variable $group_name
[Method: POST, Route: update-cs-wa-chat-rotator]
in APPPATH\Controllers\Works.php on line 4359.
 1 APPPATH\Controllers\Works.php(4359): CodeIgniter\Debug\Exceptions->errorHandler(2, 'Undefined variable $group_name', 'C:\\xampp\\htdocs\\solusi-digital\\app\\Controllers\\Works.php', 4359)
 2 SYSTEMPATH\CodeIgniter.php(933): App\Controllers\Works->wa_chat_rotator_update_cs()
 3 SYSTEMPATH\CodeIgniter.php(509): CodeIgniter\CodeIgniter->runController(Object(App\Controllers\Works))
 4 SYSTEMPATH\CodeIgniter.php(355): CodeIgniter\CodeIgniter->handleRequest(null, Object(Config\Cache), false)
 5 SYSTEMPATH\Boot.php(312): CodeIgniter\CodeIgniter->run()
 6 SYSTEMPATH\Boot.php(67): CodeIgniter\Boot::runCodeIgniter(Object(CodeIgniter\CodeIgniter))
 7 FCPATH\index.php(56): CodeIgniter\Boot::bootWeb(Object(Config\Paths))
CRITICAL - 2025-05-30 23:46:48 --> ErrorException: Undefined variable $group_name
[Method: POST, Route: update-cs-wa-chat-rotator]
in APPPATH\Controllers\Works.php on line 4359.
 1 APPPATH\Controllers\Works.php(4359): CodeIgniter\Debug\Exceptions->errorHandler(2, 'Undefined variable $group_name', 'C:\\xampp\\htdocs\\solusi-digital\\app\\Controllers\\Works.php', 4359)
 2 SYSTEMPATH\CodeIgniter.php(933): App\Controllers\Works->wa_chat_rotator_update_cs()
 3 SYSTEMPATH\CodeIgniter.php(509): CodeIgniter\CodeIgniter->runController(Object(App\Controllers\Works))
 4 SYSTEMPATH\CodeIgniter.php(355): CodeIgniter\CodeIgniter->handleRequest(null, Object(Config\Cache), false)
 5 SYSTEMPATH\Boot.php(312): CodeIgniter\CodeIgniter->run()
 6 SYSTEMPATH\Boot.php(67): CodeIgniter\Boot::runCodeIgniter(Object(CodeIgniter\CodeIgniter))
 7 FCPATH\index.php(56): CodeIgniter\Boot::bootWeb(Object(Config\Paths))
CRITICAL - 2025-05-30 23:46:51 --> ErrorException: Undefined variable $group_name
[Method: POST, Route: update-cs-wa-chat-rotator]
in APPPATH\Controllers\Works.php on line 4359.
 1 APPPATH\Controllers\Works.php(4359): CodeIgniter\Debug\Exceptions->errorHandler(2, 'Undefined variable $group_name', 'C:\\xampp\\htdocs\\solusi-digital\\app\\Controllers\\Works.php', 4359)
 2 SYSTEMPATH\CodeIgniter.php(933): App\Controllers\Works->wa_chat_rotator_update_cs()
 3 SYSTEMPATH\CodeIgniter.php(509): CodeIgniter\CodeIgniter->runController(Object(App\Controllers\Works))
 4 SYSTEMPATH\CodeIgniter.php(355): CodeIgniter\CodeIgniter->handleRequest(null, Object(Config\Cache), false)
 5 SYSTEMPATH\Boot.php(312): CodeIgniter\CodeIgniter->run()
 6 SYSTEMPATH\Boot.php(67): CodeIgniter\Boot::runCodeIgniter(Object(CodeIgniter\CodeIgniter))
 7 FCPATH\index.php(56): CodeIgniter\Boot::bootWeb(Object(Config\Paths))
CRITICAL - 2025-05-30 23:49:05 --> ErrorException: Undefined variable $group_name
[Method: POST, Route: update-cs-wa-chat-rotator]
in APPPATH\Controllers\Works.php on line 4359.
 1 APPPATH\Controllers\Works.php(4359): CodeIgniter\Debug\Exceptions->errorHandler(2, 'Undefined variable $group_name', 'C:\\xampp\\htdocs\\solusi-digital\\app\\Controllers\\Works.php', 4359)
 2 SYSTEMPATH\CodeIgniter.php(933): App\Controllers\Works->wa_chat_rotator_update_cs()
 3 SYSTEMPATH\CodeIgniter.php(509): CodeIgniter\CodeIgniter->runController(Object(App\Controllers\Works))
 4 SYSTEMPATH\CodeIgniter.php(355): CodeIgniter\CodeIgniter->handleRequest(null, Object(Config\Cache), false)
 5 SYSTEMPATH\Boot.php(312): CodeIgniter\CodeIgniter->run()
 6 SYSTEMPATH\Boot.php(67): CodeIgniter\Boot::runCodeIgniter(Object(CodeIgniter\CodeIgniter))
 7 FCPATH\index.php(56): CodeIgniter\Boot::bootWeb(Object(Config\Paths))
CRITICAL - 2025-05-30 23:49:35 --> ErrorException: Undefined variable $group_name
[Method: POST, Route: update-cs-wa-chat-rotator]
in APPPATH\Controllers\Works.php on line 4359.
 1 APPPATH\Controllers\Works.php(4359): CodeIgniter\Debug\Exceptions->errorHandler(2, 'Undefined variable $group_name', 'C:\\xampp\\htdocs\\solusi-digital\\app\\Controllers\\Works.php', 4359)
 2 SYSTEMPATH\CodeIgniter.php(933): App\Controllers\Works->wa_chat_rotator_update_cs()
 3 SYSTEMPATH\CodeIgniter.php(509): CodeIgniter\CodeIgniter->runController(Object(App\Controllers\Works))
 4 SYSTEMPATH\CodeIgniter.php(355): CodeIgniter\CodeIgniter->handleRequest(null, Object(Config\Cache), false)
 5 SYSTEMPATH\Boot.php(312): CodeIgniter\CodeIgniter->run()
 6 SYSTEMPATH\Boot.php(67): CodeIgniter\Boot::runCodeIgniter(Object(CodeIgniter\CodeIgniter))
 7 FCPATH\index.php(56): CodeIgniter\Boot::bootWeb(Object(Config\Paths))
CRITICAL - 2025-05-30 23:49:52 --> ErrorException: Undefined variable $group_name
[Method: POST, Route: update-cs-wa-chat-rotator]
in APPPATH\Controllers\Works.php on line 4359.
 1 APPPATH\Controllers\Works.php(4359): CodeIgniter\Debug\Exceptions->errorHandler(2, 'Undefined variable $group_name', 'C:\\xampp\\htdocs\\solusi-digital\\app\\Controllers\\Works.php', 4359)
 2 SYSTEMPATH\CodeIgniter.php(933): App\Controllers\Works->wa_chat_rotator_update_cs()
 3 SYSTEMPATH\CodeIgniter.php(509): CodeIgniter\CodeIgniter->runController(Object(App\Controllers\Works))
 4 SYSTEMPATH\CodeIgniter.php(355): CodeIgniter\CodeIgniter->handleRequest(null, Object(Config\Cache), false)
 5 SYSTEMPATH\Boot.php(312): CodeIgniter\CodeIgniter->run()
 6 SYSTEMPATH\Boot.php(67): CodeIgniter\Boot::runCodeIgniter(Object(CodeIgniter\CodeIgniter))
 7 FCPATH\index.php(56): CodeIgniter\Boot::bootWeb(Object(Config\Paths))
CRITICAL - 2025-05-30 23:50:16 --> ErrorException: Undefined variable $group_name
[Method: POST, Route: update-cs-wa-chat-rotator]
in APPPATH\Controllers\Works.php on line 4359.
 1 APPPATH\Controllers\Works.php(4359): CodeIgniter\Debug\Exceptions->errorHandler(2, 'Undefined variable $group_name', 'C:\\xampp\\htdocs\\solusi-digital\\app\\Controllers\\Works.php', 4359)
 2 SYSTEMPATH\CodeIgniter.php(933): App\Controllers\Works->wa_chat_rotator_update_cs()
 3 SYSTEMPATH\CodeIgniter.php(509): CodeIgniter\CodeIgniter->runController(Object(App\Controllers\Works))
 4 SYSTEMPATH\CodeIgniter.php(355): CodeIgniter\CodeIgniter->handleRequest(null, Object(Config\Cache), false)
 5 SYSTEMPATH\Boot.php(312): CodeIgniter\CodeIgniter->run()
 6 SYSTEMPATH\Boot.php(67): CodeIgniter\Boot::runCodeIgniter(Object(CodeIgniter\CodeIgniter))
 7 FCPATH\index.php(56): CodeIgniter\Boot::bootWeb(Object(Config\Paths))
CRITICAL - 2025-05-30 23:50:28 --> ErrorException: Undefined variable $group_name
[Method: POST, Route: update-cs-wa-chat-rotator]
in APPPATH\Controllers\Works.php on line 4359.
 1 APPPATH\Controllers\Works.php(4359): CodeIgniter\Debug\Exceptions->errorHandler(2, 'Undefined variable $group_name', 'C:\\xampp\\htdocs\\solusi-digital\\app\\Controllers\\Works.php', 4359)
 2 SYSTEMPATH\CodeIgniter.php(933): App\Controllers\Works->wa_chat_rotator_update_cs()
 3 SYSTEMPATH\CodeIgniter.php(509): CodeIgniter\CodeIgniter->runController(Object(App\Controllers\Works))
 4 SYSTEMPATH\CodeIgniter.php(355): CodeIgniter\CodeIgniter->handleRequest(null, Object(Config\Cache), false)
 5 SYSTEMPATH\Boot.php(312): CodeIgniter\CodeIgniter->run()
 6 SYSTEMPATH\Boot.php(67): CodeIgniter\Boot::runCodeIgniter(Object(CodeIgniter\CodeIgniter))
 7 FCPATH\index.php(56): CodeIgniter\Boot::bootWeb(Object(Config\Paths))
CRITICAL - 2025-05-30 23:51:17 --> ErrorException: Undefined variable $group_name
[Method: POST, Route: update-cs-wa-chat-rotator]
in APPPATH\Controllers\Works.php on line 4359.
 1 APPPATH\Controllers\Works.php(4359): CodeIgniter\Debug\Exceptions->errorHandler(2, 'Undefined variable $group_name', 'C:\\xampp\\htdocs\\solusi-digital\\app\\Controllers\\Works.php', 4359)
 2 SYSTEMPATH\CodeIgniter.php(933): App\Controllers\Works->wa_chat_rotator_update_cs()
 3 SYSTEMPATH\CodeIgniter.php(509): CodeIgniter\CodeIgniter->runController(Object(App\Controllers\Works))
 4 SYSTEMPATH\CodeIgniter.php(355): CodeIgniter\CodeIgniter->handleRequest(null, Object(Config\Cache), false)
 5 SYSTEMPATH\Boot.php(312): CodeIgniter\CodeIgniter->run()
 6 SYSTEMPATH\Boot.php(67): CodeIgniter\Boot::runCodeIgniter(Object(CodeIgniter\CodeIgniter))
 7 FCPATH\index.php(56): CodeIgniter\Boot::bootWeb(Object(Config\Paths))
CRITICAL - 2025-05-30 23:57:08 --> ErrorException: Undefined variable $group_name
[Method: POST, Route: update-cs-wa-chat-rotator]
in APPPATH\Controllers\Works.php on line 4359.
 1 APPPATH\Controllers\Works.php(4359): CodeIgniter\Debug\Exceptions->errorHandler(2, 'Undefined variable $group_name', 'C:\\xampp\\htdocs\\solusi-digital\\app\\Controllers\\Works.php', 4359)
 2 SYSTEMPATH\CodeIgniter.php(933): App\Controllers\Works->wa_chat_rotator_update_cs()
 3 SYSTEMPATH\CodeIgniter.php(509): CodeIgniter\CodeIgniter->runController(Object(App\Controllers\Works))
 4 SYSTEMPATH\CodeIgniter.php(355): CodeIgniter\CodeIgniter->handleRequest(null, Object(Config\Cache), false)
 5 SYSTEMPATH\Boot.php(312): CodeIgniter\CodeIgniter->run()
 6 SYSTEMPATH\Boot.php(67): CodeIgniter\Boot::runCodeIgniter(Object(CodeIgniter\CodeIgniter))
 7 FCPATH\index.php(56): CodeIgniter\Boot::bootWeb(Object(Config\Paths))
CRITICAL - 2025-05-30 23:57:34 --> ErrorException: Undefined variable $group_name
[Method: POST, Route: update-cs-wa-chat-rotator]
in APPPATH\Controllers\Works.php on line 4359.
 1 APPPATH\Controllers\Works.php(4359): CodeIgniter\Debug\Exceptions->errorHandler(2, 'Undefined variable $group_name', 'C:\\xampp\\htdocs\\solusi-digital\\app\\Controllers\\Works.php', 4359)
 2 SYSTEMPATH\CodeIgniter.php(933): App\Controllers\Works->wa_chat_rotator_update_cs()
 3 SYSTEMPATH\CodeIgniter.php(509): CodeIgniter\CodeIgniter->runController(Object(App\Controllers\Works))
 4 SYSTEMPATH\CodeIgniter.php(355): CodeIgniter\CodeIgniter->handleRequest(null, Object(Config\Cache), false)
 5 SYSTEMPATH\Boot.php(312): CodeIgniter\CodeIgniter->run()
 6 SYSTEMPATH\Boot.php(67): CodeIgniter\Boot::runCodeIgniter(Object(CodeIgniter\CodeIgniter))
 7 FCPATH\index.php(56): CodeIgniter\Boot::bootWeb(Object(Config\Paths))
