INFO - 2025-06-16 16:13:56 --> Session: Class initialized using 'CodeIgniter\Session\Handlers\FileHandler' driver.
INFO - 2025-06-16 16:13:57 --> Session: Class initialized using 'CodeIgniter\Session\Handlers\FileHandler' driver.
INFO - 2025-06-16 16:27:48 --> Session: Class initialized using 'CodeIgniter\Session\Handlers\FileHandler' driver.
INFO - 2025-06-16 16:28:13 --> Session: Class initialized using 'CodeIgniter\Session\Handlers\FileHandler' driver.
INFO - 2025-06-16 09:39:21 --> Session: Class initialized using 'CodeIgniter\Session\Handlers\FileHandler' driver.
INFO - 2025-06-16 16:39:21 --> Session: Class initialized using 'CodeIgniter\Session\Handlers\FileHandler' driver.
WARNING - 2025-06-16 16:39:22 --> [DEPRECATED] strtotime(): Passing null to parameter #1 ($datetime) of type string is deprecated in APPPATH\Controllers\Home.php on line 483.
 1 APPPATH\Controllers\Home.php(483): strtotime(null)
 2 APPPATH\Controllers\Home.php(1030): App\Controllers\Home->formatTimeInData([...])
 3 APPPATH\Controllers\Home.php(520): App\Controllers\Home->getDashboardData('client')
 4 SYSTEMPATH\CodeIgniter.php(933): App\Controllers\Home->display_dashboard()
 5 SYSTEMPATH\CodeIgniter.php(509): CodeIgniter\CodeIgniter->runController(Object(App\Controllers\Home))
 6 SYSTEMPATH\CodeIgniter.php(355): CodeIgniter\CodeIgniter->handleRequest(null, Object(Config\Cache), false)
 7 SYSTEMPATH\Boot.php(312): CodeIgniter\CodeIgniter->run()
 8 SYSTEMPATH\Boot.php(67): CodeIgniter\Boot::runCodeIgniter(Object(CodeIgniter\CodeIgniter))
 9 FCPATH\index.php(56): CodeIgniter\Boot::bootWeb(Object(Config\Paths))
WARNING - 2025-06-16 16:39:22 --> [DEPRECATED] strtotime(): Passing null to parameter #1 ($datetime) of type string is deprecated in APPPATH\Controllers\Home.php on line 483.
 1 APPPATH\Controllers\Home.php(483): strtotime(null)
 2 APPPATH\Controllers\Home.php(1030): App\Controllers\Home->formatTimeInData([...])
 3 APPPATH\Controllers\Home.php(520): App\Controllers\Home->getDashboardData('client')
 4 SYSTEMPATH\CodeIgniter.php(933): App\Controllers\Home->display_dashboard()
 5 SYSTEMPATH\CodeIgniter.php(509): CodeIgniter\CodeIgniter->runController(Object(App\Controllers\Home))
 6 SYSTEMPATH\CodeIgniter.php(355): CodeIgniter\CodeIgniter->handleRequest(null, Object(Config\Cache), false)
 7 SYSTEMPATH\Boot.php(312): CodeIgniter\CodeIgniter->run()
 8 SYSTEMPATH\Boot.php(67): CodeIgniter\Boot::runCodeIgniter(Object(CodeIgniter\CodeIgniter))
 9 FCPATH\index.php(56): CodeIgniter\Boot::bootWeb(Object(Config\Paths))
WARNING - 2025-06-16 16:39:22 --> [DEPRECATED] strtotime(): Passing null to parameter #1 ($datetime) of type string is deprecated in APPPATH\Controllers\Home.php on line 483.
 1 APPPATH\Controllers\Home.php(483): strtotime(null)
 2 APPPATH\Controllers\Home.php(1030): App\Controllers\Home->formatTimeInData([...])
 3 APPPATH\Controllers\Home.php(520): App\Controllers\Home->getDashboardData('client')
 4 SYSTEMPATH\CodeIgniter.php(933): App\Controllers\Home->display_dashboard()
 5 SYSTEMPATH\CodeIgniter.php(509): CodeIgniter\CodeIgniter->runController(Object(App\Controllers\Home))
 6 SYSTEMPATH\CodeIgniter.php(355): CodeIgniter\CodeIgniter->handleRequest(null, Object(Config\Cache), false)
 7 SYSTEMPATH\Boot.php(312): CodeIgniter\CodeIgniter->run()
 8 SYSTEMPATH\Boot.php(67): CodeIgniter\Boot::runCodeIgniter(Object(CodeIgniter\CodeIgniter))
 9 FCPATH\index.php(56): CodeIgniter\Boot::bootWeb(Object(Config\Paths))
WARNING - 2025-06-16 16:39:22 --> [DEPRECATED] strtotime(): Passing null to parameter #1 ($datetime) of type string is deprecated in APPPATH\Controllers\Home.php on line 483.
 1 APPPATH\Controllers\Home.php(483): strtotime(null)
 2 APPPATH\Controllers\Home.php(1030): App\Controllers\Home->formatTimeInData([...])
 3 APPPATH\Controllers\Home.php(520): App\Controllers\Home->getDashboardData('client')
 4 SYSTEMPATH\CodeIgniter.php(933): App\Controllers\Home->display_dashboard()
 5 SYSTEMPATH\CodeIgniter.php(509): CodeIgniter\CodeIgniter->runController(Object(App\Controllers\Home))
 6 SYSTEMPATH\CodeIgniter.php(355): CodeIgniter\CodeIgniter->handleRequest(null, Object(Config\Cache), false)
 7 SYSTEMPATH\Boot.php(312): CodeIgniter\CodeIgniter->run()
 8 SYSTEMPATH\Boot.php(67): CodeIgniter\Boot::runCodeIgniter(Object(CodeIgniter\CodeIgniter))
 9 FCPATH\index.php(56): CodeIgniter\Boot::bootWeb(Object(Config\Paths))
WARNING - 2025-06-16 16:39:22 --> [DEPRECATED] strtotime(): Passing null to parameter #1 ($datetime) of type string is deprecated in APPPATH\Controllers\Home.php on line 483.
 1 APPPATH\Controllers\Home.php(483): strtotime(null)
 2 APPPATH\Controllers\Home.php(1030): App\Controllers\Home->formatTimeInData([...])
 3 APPPATH\Controllers\Home.php(520): App\Controllers\Home->getDashboardData('client')
 4 SYSTEMPATH\CodeIgniter.php(933): App\Controllers\Home->display_dashboard()
 5 SYSTEMPATH\CodeIgniter.php(509): CodeIgniter\CodeIgniter->runController(Object(App\Controllers\Home))
 6 SYSTEMPATH\CodeIgniter.php(355): CodeIgniter\CodeIgniter->handleRequest(null, Object(Config\Cache), false)
 7 SYSTEMPATH\Boot.php(312): CodeIgniter\CodeIgniter->run()
 8 SYSTEMPATH\Boot.php(67): CodeIgniter\Boot::runCodeIgniter(Object(CodeIgniter\CodeIgniter))
 9 FCPATH\index.php(56): CodeIgniter\Boot::bootWeb(Object(Config\Paths))
WARNING - 2025-06-16 16:39:22 --> [DEPRECATED] strtotime(): Passing null to parameter #1 ($datetime) of type string is deprecated in APPPATH\Controllers\Home.php on line 483.
 1 APPPATH\Controllers\Home.php(483): strtotime(null)
 2 APPPATH\Controllers\Home.php(1030): App\Controllers\Home->formatTimeInData([...])
 3 APPPATH\Controllers\Home.php(520): App\Controllers\Home->getDashboardData('client')
 4 SYSTEMPATH\CodeIgniter.php(933): App\Controllers\Home->display_dashboard()
 5 SYSTEMPATH\CodeIgniter.php(509): CodeIgniter\CodeIgniter->runController(Object(App\Controllers\Home))
 6 SYSTEMPATH\CodeIgniter.php(355): CodeIgniter\CodeIgniter->handleRequest(null, Object(Config\Cache), false)
 7 SYSTEMPATH\Boot.php(312): CodeIgniter\CodeIgniter->run()
 8 SYSTEMPATH\Boot.php(67): CodeIgniter\Boot::runCodeIgniter(Object(CodeIgniter\CodeIgniter))
 9 FCPATH\index.php(56): CodeIgniter\Boot::bootWeb(Object(Config\Paths))
WARNING - 2025-06-16 16:39:22 --> [DEPRECATED] strtotime(): Passing null to parameter #1 ($datetime) of type string is deprecated in APPPATH\Controllers\Home.php on line 483.
 1 APPPATH\Controllers\Home.php(483): strtotime(null)
 2 APPPATH\Controllers\Home.php(1030): App\Controllers\Home->formatTimeInData([...])
 3 APPPATH\Controllers\Home.php(520): App\Controllers\Home->getDashboardData('client')
 4 SYSTEMPATH\CodeIgniter.php(933): App\Controllers\Home->display_dashboard()
 5 SYSTEMPATH\CodeIgniter.php(509): CodeIgniter\CodeIgniter->runController(Object(App\Controllers\Home))
 6 SYSTEMPATH\CodeIgniter.php(355): CodeIgniter\CodeIgniter->handleRequest(null, Object(Config\Cache), false)
 7 SYSTEMPATH\Boot.php(312): CodeIgniter\CodeIgniter->run()
 8 SYSTEMPATH\Boot.php(67): CodeIgniter\Boot::runCodeIgniter(Object(CodeIgniter\CodeIgniter))
 9 FCPATH\index.php(56): CodeIgniter\Boot::bootWeb(Object(Config\Paths))
WARNING - 2025-06-16 16:39:22 --> [DEPRECATED] strtotime(): Passing null to parameter #1 ($datetime) of type string is deprecated in APPPATH\Controllers\Home.php on line 483.
 1 APPPATH\Controllers\Home.php(483): strtotime(null)
 2 APPPATH\Controllers\Home.php(1030): App\Controllers\Home->formatTimeInData([...])
 3 APPPATH\Controllers\Home.php(520): App\Controllers\Home->getDashboardData('client')
 4 SYSTEMPATH\CodeIgniter.php(933): App\Controllers\Home->display_dashboard()
 5 SYSTEMPATH\CodeIgniter.php(509): CodeIgniter\CodeIgniter->runController(Object(App\Controllers\Home))
 6 SYSTEMPATH\CodeIgniter.php(355): CodeIgniter\CodeIgniter->handleRequest(null, Object(Config\Cache), false)
 7 SYSTEMPATH\Boot.php(312): CodeIgniter\CodeIgniter->run()
 8 SYSTEMPATH\Boot.php(67): CodeIgniter\Boot::runCodeIgniter(Object(CodeIgniter\CodeIgniter))
 9 FCPATH\index.php(56): CodeIgniter\Boot::bootWeb(Object(Config\Paths))
WARNING - 2025-06-16 16:39:22 --> [DEPRECATED] strtotime(): Passing null to parameter #1 ($datetime) of type string is deprecated in APPPATH\Controllers\Home.php on line 483.
 1 APPPATH\Controllers\Home.php(483): strtotime(null)
 2 APPPATH\Controllers\Home.php(1030): App\Controllers\Home->formatTimeInData([...])
 3 APPPATH\Controllers\Home.php(520): App\Controllers\Home->getDashboardData('client')
 4 SYSTEMPATH\CodeIgniter.php(933): App\Controllers\Home->display_dashboard()
 5 SYSTEMPATH\CodeIgniter.php(509): CodeIgniter\CodeIgniter->runController(Object(App\Controllers\Home))
 6 SYSTEMPATH\CodeIgniter.php(355): CodeIgniter\CodeIgniter->handleRequest(null, Object(Config\Cache), false)
 7 SYSTEMPATH\Boot.php(312): CodeIgniter\CodeIgniter->run()
 8 SYSTEMPATH\Boot.php(67): CodeIgniter\Boot::runCodeIgniter(Object(CodeIgniter\CodeIgniter))
 9 FCPATH\index.php(56): CodeIgniter\Boot::bootWeb(Object(Config\Paths))
INFO - 2025-06-16 09:39:23 --> Session: Class initialized using 'CodeIgniter\Session\Handlers\FileHandler' driver.
INFO - 2025-06-16 16:39:24 --> Session: Class initialized using 'CodeIgniter\Session\Handlers\FileHandler' driver.
WARNING - 2025-06-16 16:39:24 --> [DEPRECATED] strtotime(): Passing null to parameter #1 ($datetime) of type string is deprecated in APPPATH\Controllers\Home.php on line 483.
 1 APPPATH\Controllers\Home.php(483): strtotime(null)
 2 APPPATH\Controllers\Home.php(1030): App\Controllers\Home->formatTimeInData([...])
 3 APPPATH\Controllers\Home.php(520): App\Controllers\Home->getDashboardData('admin')
 4 SYSTEMPATH\CodeIgniter.php(933): App\Controllers\Home->display_dashboard()
 5 SYSTEMPATH\CodeIgniter.php(509): CodeIgniter\CodeIgniter->runController(Object(App\Controllers\Home))
 6 SYSTEMPATH\CodeIgniter.php(355): CodeIgniter\CodeIgniter->handleRequest(null, Object(Config\Cache), false)
 7 SYSTEMPATH\Boot.php(312): CodeIgniter\CodeIgniter->run()
 8 SYSTEMPATH\Boot.php(67): CodeIgniter\Boot::runCodeIgniter(Object(CodeIgniter\CodeIgniter))
 9 FCPATH\index.php(56): CodeIgniter\Boot::bootWeb(Object(Config\Paths))
WARNING - 2025-06-16 16:39:24 --> [DEPRECATED] strtotime(): Passing null to parameter #1 ($datetime) of type string is deprecated in APPPATH\Controllers\Home.php on line 483.
 1 APPPATH\Controllers\Home.php(483): strtotime(null)
 2 APPPATH\Controllers\Home.php(1030): App\Controllers\Home->formatTimeInData([...])
 3 APPPATH\Controllers\Home.php(520): App\Controllers\Home->getDashboardData('admin')
 4 SYSTEMPATH\CodeIgniter.php(933): App\Controllers\Home->display_dashboard()
 5 SYSTEMPATH\CodeIgniter.php(509): CodeIgniter\CodeIgniter->runController(Object(App\Controllers\Home))
 6 SYSTEMPATH\CodeIgniter.php(355): CodeIgniter\CodeIgniter->handleRequest(null, Object(Config\Cache), false)
 7 SYSTEMPATH\Boot.php(312): CodeIgniter\CodeIgniter->run()
 8 SYSTEMPATH\Boot.php(67): CodeIgniter\Boot::runCodeIgniter(Object(CodeIgniter\CodeIgniter))
 9 FCPATH\index.php(56): CodeIgniter\Boot::bootWeb(Object(Config\Paths))
WARNING - 2025-06-16 16:39:24 --> [DEPRECATED] strtotime(): Passing null to parameter #1 ($datetime) of type string is deprecated in APPPATH\Controllers\Home.php on line 483.
 1 APPPATH\Controllers\Home.php(483): strtotime(null)
 2 APPPATH\Controllers\Home.php(1030): App\Controllers\Home->formatTimeInData([...])
 3 APPPATH\Controllers\Home.php(520): App\Controllers\Home->getDashboardData('admin')
 4 SYSTEMPATH\CodeIgniter.php(933): App\Controllers\Home->display_dashboard()
 5 SYSTEMPATH\CodeIgniter.php(509): CodeIgniter\CodeIgniter->runController(Object(App\Controllers\Home))
 6 SYSTEMPATH\CodeIgniter.php(355): CodeIgniter\CodeIgniter->handleRequest(null, Object(Config\Cache), false)
 7 SYSTEMPATH\Boot.php(312): CodeIgniter\CodeIgniter->run()
 8 SYSTEMPATH\Boot.php(67): CodeIgniter\Boot::runCodeIgniter(Object(CodeIgniter\CodeIgniter))
 9 FCPATH\index.php(56): CodeIgniter\Boot::bootWeb(Object(Config\Paths))
WARNING - 2025-06-16 16:39:24 --> [DEPRECATED] strtotime(): Passing null to parameter #1 ($datetime) of type string is deprecated in APPPATH\Controllers\Home.php on line 483.
 1 APPPATH\Controllers\Home.php(483): strtotime(null)
 2 APPPATH\Controllers\Home.php(1030): App\Controllers\Home->formatTimeInData([...])
 3 APPPATH\Controllers\Home.php(520): App\Controllers\Home->getDashboardData('admin')
 4 SYSTEMPATH\CodeIgniter.php(933): App\Controllers\Home->display_dashboard()
 5 SYSTEMPATH\CodeIgniter.php(509): CodeIgniter\CodeIgniter->runController(Object(App\Controllers\Home))
 6 SYSTEMPATH\CodeIgniter.php(355): CodeIgniter\CodeIgniter->handleRequest(null, Object(Config\Cache), false)
 7 SYSTEMPATH\Boot.php(312): CodeIgniter\CodeIgniter->run()
 8 SYSTEMPATH\Boot.php(67): CodeIgniter\Boot::runCodeIgniter(Object(CodeIgniter\CodeIgniter))
 9 FCPATH\index.php(56): CodeIgniter\Boot::bootWeb(Object(Config\Paths))
WARNING - 2025-06-16 16:39:24 --> [DEPRECATED] strtotime(): Passing null to parameter #1 ($datetime) of type string is deprecated in APPPATH\Controllers\Home.php on line 483.
 1 APPPATH\Controllers\Home.php(483): strtotime(null)
 2 APPPATH\Controllers\Home.php(1030): App\Controllers\Home->formatTimeInData([...])
 3 APPPATH\Controllers\Home.php(520): App\Controllers\Home->getDashboardData('admin')
 4 SYSTEMPATH\CodeIgniter.php(933): App\Controllers\Home->display_dashboard()
 5 SYSTEMPATH\CodeIgniter.php(509): CodeIgniter\CodeIgniter->runController(Object(App\Controllers\Home))
 6 SYSTEMPATH\CodeIgniter.php(355): CodeIgniter\CodeIgniter->handleRequest(null, Object(Config\Cache), false)
 7 SYSTEMPATH\Boot.php(312): CodeIgniter\CodeIgniter->run()
 8 SYSTEMPATH\Boot.php(67): CodeIgniter\Boot::runCodeIgniter(Object(CodeIgniter\CodeIgniter))
 9 FCPATH\index.php(56): CodeIgniter\Boot::bootWeb(Object(Config\Paths))
WARNING - 2025-06-16 16:39:24 --> [DEPRECATED] strtotime(): Passing null to parameter #1 ($datetime) of type string is deprecated in APPPATH\Controllers\Home.php on line 483.
 1 APPPATH\Controllers\Home.php(483): strtotime(null)
 2 APPPATH\Controllers\Home.php(1030): App\Controllers\Home->formatTimeInData([...])
 3 APPPATH\Controllers\Home.php(520): App\Controllers\Home->getDashboardData('admin')
 4 SYSTEMPATH\CodeIgniter.php(933): App\Controllers\Home->display_dashboard()
 5 SYSTEMPATH\CodeIgniter.php(509): CodeIgniter\CodeIgniter->runController(Object(App\Controllers\Home))
 6 SYSTEMPATH\CodeIgniter.php(355): CodeIgniter\CodeIgniter->handleRequest(null, Object(Config\Cache), false)
 7 SYSTEMPATH\Boot.php(312): CodeIgniter\CodeIgniter->run()
 8 SYSTEMPATH\Boot.php(67): CodeIgniter\Boot::runCodeIgniter(Object(CodeIgniter\CodeIgniter))
 9 FCPATH\index.php(56): CodeIgniter\Boot::bootWeb(Object(Config\Paths))
WARNING - 2025-06-16 16:39:24 --> [DEPRECATED] strtotime(): Passing null to parameter #1 ($datetime) of type string is deprecated in APPPATH\Controllers\Home.php on line 483.
 1 APPPATH\Controllers\Home.php(483): strtotime(null)
 2 APPPATH\Controllers\Home.php(1030): App\Controllers\Home->formatTimeInData([...])
 3 APPPATH\Controllers\Home.php(520): App\Controllers\Home->getDashboardData('admin')
 4 SYSTEMPATH\CodeIgniter.php(933): App\Controllers\Home->display_dashboard()
 5 SYSTEMPATH\CodeIgniter.php(509): CodeIgniter\CodeIgniter->runController(Object(App\Controllers\Home))
 6 SYSTEMPATH\CodeIgniter.php(355): CodeIgniter\CodeIgniter->handleRequest(null, Object(Config\Cache), false)
 7 SYSTEMPATH\Boot.php(312): CodeIgniter\CodeIgniter->run()
 8 SYSTEMPATH\Boot.php(67): CodeIgniter\Boot::runCodeIgniter(Object(CodeIgniter\CodeIgniter))
 9 FCPATH\index.php(56): CodeIgniter\Boot::bootWeb(Object(Config\Paths))
WARNING - 2025-06-16 16:39:24 --> [DEPRECATED] strtotime(): Passing null to parameter #1 ($datetime) of type string is deprecated in APPPATH\Controllers\Home.php on line 483.
 1 APPPATH\Controllers\Home.php(483): strtotime(null)
 2 APPPATH\Controllers\Home.php(1030): App\Controllers\Home->formatTimeInData([...])
 3 APPPATH\Controllers\Home.php(520): App\Controllers\Home->getDashboardData('admin')
 4 SYSTEMPATH\CodeIgniter.php(933): App\Controllers\Home->display_dashboard()
 5 SYSTEMPATH\CodeIgniter.php(509): CodeIgniter\CodeIgniter->runController(Object(App\Controllers\Home))
 6 SYSTEMPATH\CodeIgniter.php(355): CodeIgniter\CodeIgniter->handleRequest(null, Object(Config\Cache), false)
 7 SYSTEMPATH\Boot.php(312): CodeIgniter\CodeIgniter->run()
 8 SYSTEMPATH\Boot.php(67): CodeIgniter\Boot::runCodeIgniter(Object(CodeIgniter\CodeIgniter))
 9 FCPATH\index.php(56): CodeIgniter\Boot::bootWeb(Object(Config\Paths))
WARNING - 2025-06-16 16:39:24 --> [DEPRECATED] strtotime(): Passing null to parameter #1 ($datetime) of type string is deprecated in APPPATH\Controllers\Home.php on line 483.
 1 APPPATH\Controllers\Home.php(483): strtotime(null)
 2 APPPATH\Controllers\Home.php(1030): App\Controllers\Home->formatTimeInData([...])
 3 APPPATH\Controllers\Home.php(520): App\Controllers\Home->getDashboardData('admin')
 4 SYSTEMPATH\CodeIgniter.php(933): App\Controllers\Home->display_dashboard()
 5 SYSTEMPATH\CodeIgniter.php(509): CodeIgniter\CodeIgniter->runController(Object(App\Controllers\Home))
 6 SYSTEMPATH\CodeIgniter.php(355): CodeIgniter\CodeIgniter->handleRequest(null, Object(Config\Cache), false)
 7 SYSTEMPATH\Boot.php(312): CodeIgniter\CodeIgniter->run()
 8 SYSTEMPATH\Boot.php(67): CodeIgniter\Boot::runCodeIgniter(Object(CodeIgniter\CodeIgniter))
 9 FCPATH\index.php(56): CodeIgniter\Boot::bootWeb(Object(Config\Paths))
INFO - 2025-06-16 16:39:32 --> Session: Class initialized using 'CodeIgniter\Session\Handlers\FileHandler' driver.
INFO - 2025-06-16 17:11:18 --> Session: Class initialized using 'CodeIgniter\Session\Handlers\FileHandler' driver.
INFO - 2025-06-16 17:11:25 --> Session: Class initialized using 'CodeIgniter\Session\Handlers\FileHandler' driver.
INFO - 2025-06-16 22:19:04 --> Session: Class initialized using 'CodeIgniter\Session\Handlers\FileHandler' driver.
INFO - 2025-06-16 22:19:19 --> Session: Class initialized using 'CodeIgniter\Session\Handlers\FileHandler' driver.
INFO - 2025-06-16 22:21:23 --> Session: Class initialized using 'CodeIgniter\Session\Handlers\FileHandler' driver.
ERROR - 2025-06-16 23:28:53 --> mysqli_sql_exception: Unknown column 'group_id' in 'where clause' in C:\xampp\htdocs\solusi-digital\system\Database\MySQLi\Connection.php:308
Stack trace:
#0 C:\xampp\htdocs\solusi-digital\system\Database\MySQLi\Connection.php(308): mysqli->query('SELECT *\nFROM `...', 0)
#1 C:\xampp\htdocs\solusi-digital\system\Database\BaseConnection.php(722): CodeIgniter\Database\MySQLi\Connection->execute('SELECT *\nFROM `...')
#2 C:\xampp\htdocs\solusi-digital\system\Database\BaseConnection.php(636): CodeIgniter\Database\BaseConnection->simpleQuery('SELECT *\nFROM `...')
#3 C:\xampp\htdocs\solusi-digital\system\Database\BaseBuilder.php(1629): CodeIgniter\Database\BaseConnection->query('SELECT *\nFROM `...', Array, false)
#4 C:\xampp\htdocs\solusi-digital\app\Models\DataModel.php(643): CodeIgniter\Database\BaseBuilder->get()
#5 C:\xampp\htdocs\solusi-digital\app\Controllers\Works.php(1635): App\Models\DataModel->selectAllDataBy(Array, 'cs_map_wa_chat_...')
#6 C:\xampp\htdocs\solusi-digital\system\CodeIgniter.php(933): App\Controllers\Works->wa_chat_rotator_next_origin_cs()
#7 C:\xampp\htdocs\solusi-digital\system\CodeIgniter.php(509): CodeIgniter\CodeIgniter->runController(Object(App\Controllers\Works))
#8 C:\xampp\htdocs\solusi-digital\system\CodeIgniter.php(355): CodeIgniter\CodeIgniter->handleRequest(NULL, Object(Config\Cache), false)
#9 C:\xampp\htdocs\solusi-digital\system\Boot.php(312): CodeIgniter\CodeIgniter->run()
#10 C:\xampp\htdocs\solusi-digital\system\Boot.php(67): CodeIgniter\Boot::runCodeIgniter(Object(CodeIgniter\CodeIgniter))
#11 C:\xampp\htdocs\solusi-digital\index.php(56): CodeIgniter\Boot::bootWeb(Object(Config\Paths))
#12 {main}
CRITICAL - 2025-06-16 23:28:53 --> CodeIgniter\Database\Exceptions\DatabaseException: Unknown column 'group_id' in 'where clause'
[Method: POST, Route: client/next-origin-cs-number]
in SYSTEMPATH\Database\BaseConnection.php on line 676.
 1 SYSTEMPATH\Database\BaseBuilder.php(1629): CodeIgniter\Database\BaseConnection->query('SELECT *
FROM `table_cs_map_wa_chat_rotator`
WHERE `group_id` = :group_id:', [...], false)
 2 APPPATH\Models\DataModel.php(643): CodeIgniter\Database\BaseBuilder->get()
 3 APPPATH\Controllers\Works.php(1635): App\Models\DataModel->selectAllDataBy([...], 'cs_map_wa_chat_rotator')
 4 SYSTEMPATH\CodeIgniter.php(933): App\Controllers\Works->wa_chat_rotator_next_origin_cs()
 5 SYSTEMPATH\CodeIgniter.php(509): CodeIgniter\CodeIgniter->runController(Object(App\Controllers\Works))
 6 SYSTEMPATH\CodeIgniter.php(355): CodeIgniter\CodeIgniter->handleRequest(null, Object(Config\Cache), false)
 7 SYSTEMPATH\Boot.php(312): CodeIgniter\CodeIgniter->run()
 8 SYSTEMPATH\Boot.php(67): CodeIgniter\Boot::runCodeIgniter(Object(CodeIgniter\CodeIgniter))
 9 FCPATH\index.php(56): CodeIgniter\Boot::bootWeb(Object(Config\Paths))
CRITICAL - 2025-06-16 23:28:53 --> [Caused by] CodeIgniter\Database\Exceptions\DatabaseException: Unknown column 'group_id' in 'where clause'
in SYSTEMPATH\Database\MySQLi\Connection.php on line 313.
 1 SYSTEMPATH\Database\BaseConnection.php(722): CodeIgniter\Database\MySQLi\Connection->execute('SELECT *
FROM `table_cs_map_wa_chat_rotator`
WHERE `group_id` = \'9\'')
 2 SYSTEMPATH\Database\BaseConnection.php(636): CodeIgniter\Database\BaseConnection->simpleQuery('SELECT *
FROM `table_cs_map_wa_chat_rotator`
WHERE `group_id` = \'9\'')
 3 SYSTEMPATH\Database\BaseBuilder.php(1629): CodeIgniter\Database\BaseConnection->query('SELECT *
FROM `table_cs_map_wa_chat_rotator`
WHERE `group_id` = :group_id:', [...], false)
 4 APPPATH\Models\DataModel.php(643): CodeIgniter\Database\BaseBuilder->get()
 5 APPPATH\Controllers\Works.php(1635): App\Models\DataModel->selectAllDataBy([...], 'cs_map_wa_chat_rotator')
 6 SYSTEMPATH\CodeIgniter.php(933): App\Controllers\Works->wa_chat_rotator_next_origin_cs()
 7 SYSTEMPATH\CodeIgniter.php(509): CodeIgniter\CodeIgniter->runController(Object(App\Controllers\Works))
 8 SYSTEMPATH\CodeIgniter.php(355): CodeIgniter\CodeIgniter->handleRequest(null, Object(Config\Cache), false)
 9 SYSTEMPATH\Boot.php(312): CodeIgniter\CodeIgniter->run()
10 SYSTEMPATH\Boot.php(67): CodeIgniter\Boot::runCodeIgniter(Object(CodeIgniter\CodeIgniter))
11 FCPATH\index.php(56): CodeIgniter\Boot::bootWeb(Object(Config\Paths))
CRITICAL - 2025-06-16 23:28:53 --> [Caused by] mysqli_sql_exception: Unknown column 'group_id' in 'where clause'
in SYSTEMPATH\Database\MySQLi\Connection.php on line 308.
 1 SYSTEMPATH\Database\MySQLi\Connection.php(308): mysqli->query('SELECT *
FROM `table_cs_map_wa_chat_rotator`
WHERE `group_id` = \'9\'', 0)
 2 SYSTEMPATH\Database\BaseConnection.php(722): CodeIgniter\Database\MySQLi\Connection->execute('SELECT *
FROM `table_cs_map_wa_chat_rotator`
WHERE `group_id` = \'9\'')
 3 SYSTEMPATH\Database\BaseConnection.php(636): CodeIgniter\Database\BaseConnection->simpleQuery('SELECT *
FROM `table_cs_map_wa_chat_rotator`
WHERE `group_id` = \'9\'')
 4 SYSTEMPATH\Database\BaseBuilder.php(1629): CodeIgniter\Database\BaseConnection->query('SELECT *
FROM `table_cs_map_wa_chat_rotator`
WHERE `group_id` = :group_id:', [...], false)
 5 APPPATH\Models\DataModel.php(643): CodeIgniter\Database\BaseBuilder->get()
 6 APPPATH\Controllers\Works.php(1635): App\Models\DataModel->selectAllDataBy([...], 'cs_map_wa_chat_rotator')
 7 SYSTEMPATH\CodeIgniter.php(933): App\Controllers\Works->wa_chat_rotator_next_origin_cs()
 8 SYSTEMPATH\CodeIgniter.php(509): CodeIgniter\CodeIgniter->runController(Object(App\Controllers\Works))
 9 SYSTEMPATH\CodeIgniter.php(355): CodeIgniter\CodeIgniter->handleRequest(null, Object(Config\Cache), false)
10 SYSTEMPATH\Boot.php(312): CodeIgniter\CodeIgniter->run()
11 SYSTEMPATH\Boot.php(67): CodeIgniter\Boot::runCodeIgniter(Object(CodeIgniter\CodeIgniter))
12 FCPATH\index.php(56): CodeIgniter\Boot::bootWeb(Object(Config\Paths))
ERROR - 2025-06-16 23:30:08 --> mysqli_sql_exception: Unknown column 'group_id' in 'where clause' in C:\xampp\htdocs\solusi-digital\system\Database\MySQLi\Connection.php:308
Stack trace:
#0 C:\xampp\htdocs\solusi-digital\system\Database\MySQLi\Connection.php(308): mysqli->query('SELECT *\nFROM `...', 0)
#1 C:\xampp\htdocs\solusi-digital\system\Database\BaseConnection.php(722): CodeIgniter\Database\MySQLi\Connection->execute('SELECT *\nFROM `...')
#2 C:\xampp\htdocs\solusi-digital\system\Database\BaseConnection.php(636): CodeIgniter\Database\BaseConnection->simpleQuery('SELECT *\nFROM `...')
#3 C:\xampp\htdocs\solusi-digital\system\Database\BaseBuilder.php(1629): CodeIgniter\Database\BaseConnection->query('SELECT *\nFROM `...', Array, false)
#4 C:\xampp\htdocs\solusi-digital\app\Models\DataModel.php(643): CodeIgniter\Database\BaseBuilder->get()
#5 C:\xampp\htdocs\solusi-digital\app\Controllers\Works.php(1635): App\Models\DataModel->selectAllDataBy(Array, 'cs_map_wa_chat_...')
#6 C:\xampp\htdocs\solusi-digital\system\CodeIgniter.php(933): App\Controllers\Works->wa_chat_rotator_next_origin_cs()
#7 C:\xampp\htdocs\solusi-digital\system\CodeIgniter.php(509): CodeIgniter\CodeIgniter->runController(Object(App\Controllers\Works))
#8 C:\xampp\htdocs\solusi-digital\system\CodeIgniter.php(355): CodeIgniter\CodeIgniter->handleRequest(NULL, Object(Config\Cache), false)
#9 C:\xampp\htdocs\solusi-digital\system\Boot.php(312): CodeIgniter\CodeIgniter->run()
#10 C:\xampp\htdocs\solusi-digital\system\Boot.php(67): CodeIgniter\Boot::runCodeIgniter(Object(CodeIgniter\CodeIgniter))
#11 C:\xampp\htdocs\solusi-digital\index.php(56): CodeIgniter\Boot::bootWeb(Object(Config\Paths))
#12 {main}
CRITICAL - 2025-06-16 23:30:08 --> CodeIgniter\Database\Exceptions\DatabaseException: Unknown column 'group_id' in 'where clause'
[Method: POST, Route: client/next-origin-cs-number]
in SYSTEMPATH\Database\BaseConnection.php on line 676.
 1 SYSTEMPATH\Database\BaseBuilder.php(1629): CodeIgniter\Database\BaseConnection->query('SELECT *
FROM `table_cs_map_wa_chat_rotator`
WHERE `group_id` = :group_id:', [...], false)
 2 APPPATH\Models\DataModel.php(643): CodeIgniter\Database\BaseBuilder->get()
 3 APPPATH\Controllers\Works.php(1635): App\Models\DataModel->selectAllDataBy([...], 'cs_map_wa_chat_rotator')
 4 SYSTEMPATH\CodeIgniter.php(933): App\Controllers\Works->wa_chat_rotator_next_origin_cs()
 5 SYSTEMPATH\CodeIgniter.php(509): CodeIgniter\CodeIgniter->runController(Object(App\Controllers\Works))
 6 SYSTEMPATH\CodeIgniter.php(355): CodeIgniter\CodeIgniter->handleRequest(null, Object(Config\Cache), false)
 7 SYSTEMPATH\Boot.php(312): CodeIgniter\CodeIgniter->run()
 8 SYSTEMPATH\Boot.php(67): CodeIgniter\Boot::runCodeIgniter(Object(CodeIgniter\CodeIgniter))
 9 FCPATH\index.php(56): CodeIgniter\Boot::bootWeb(Object(Config\Paths))
CRITICAL - 2025-06-16 23:30:08 --> [Caused by] CodeIgniter\Database\Exceptions\DatabaseException: Unknown column 'group_id' in 'where clause'
in SYSTEMPATH\Database\MySQLi\Connection.php on line 313.
 1 SYSTEMPATH\Database\BaseConnection.php(722): CodeIgniter\Database\MySQLi\Connection->execute('SELECT *
FROM `table_cs_map_wa_chat_rotator`
WHERE `group_id` = \'9\'')
 2 SYSTEMPATH\Database\BaseConnection.php(636): CodeIgniter\Database\BaseConnection->simpleQuery('SELECT *
FROM `table_cs_map_wa_chat_rotator`
WHERE `group_id` = \'9\'')
 3 SYSTEMPATH\Database\BaseBuilder.php(1629): CodeIgniter\Database\BaseConnection->query('SELECT *
FROM `table_cs_map_wa_chat_rotator`
WHERE `group_id` = :group_id:', [...], false)
 4 APPPATH\Models\DataModel.php(643): CodeIgniter\Database\BaseBuilder->get()
 5 APPPATH\Controllers\Works.php(1635): App\Models\DataModel->selectAllDataBy([...], 'cs_map_wa_chat_rotator')
 6 SYSTEMPATH\CodeIgniter.php(933): App\Controllers\Works->wa_chat_rotator_next_origin_cs()
 7 SYSTEMPATH\CodeIgniter.php(509): CodeIgniter\CodeIgniter->runController(Object(App\Controllers\Works))
 8 SYSTEMPATH\CodeIgniter.php(355): CodeIgniter\CodeIgniter->handleRequest(null, Object(Config\Cache), false)
 9 SYSTEMPATH\Boot.php(312): CodeIgniter\CodeIgniter->run()
10 SYSTEMPATH\Boot.php(67): CodeIgniter\Boot::runCodeIgniter(Object(CodeIgniter\CodeIgniter))
11 FCPATH\index.php(56): CodeIgniter\Boot::bootWeb(Object(Config\Paths))
CRITICAL - 2025-06-16 23:30:08 --> [Caused by] mysqli_sql_exception: Unknown column 'group_id' in 'where clause'
in SYSTEMPATH\Database\MySQLi\Connection.php on line 308.
 1 SYSTEMPATH\Database\MySQLi\Connection.php(308): mysqli->query('SELECT *
FROM `table_cs_map_wa_chat_rotator`
WHERE `group_id` = \'9\'', 0)
 2 SYSTEMPATH\Database\BaseConnection.php(722): CodeIgniter\Database\MySQLi\Connection->execute('SELECT *
FROM `table_cs_map_wa_chat_rotator`
WHERE `group_id` = \'9\'')
 3 SYSTEMPATH\Database\BaseConnection.php(636): CodeIgniter\Database\BaseConnection->simpleQuery('SELECT *
FROM `table_cs_map_wa_chat_rotator`
WHERE `group_id` = \'9\'')
 4 SYSTEMPATH\Database\BaseBuilder.php(1629): CodeIgniter\Database\BaseConnection->query('SELECT *
FROM `table_cs_map_wa_chat_rotator`
WHERE `group_id` = :group_id:', [...], false)
 5 APPPATH\Models\DataModel.php(643): CodeIgniter\Database\BaseBuilder->get()
 6 APPPATH\Controllers\Works.php(1635): App\Models\DataModel->selectAllDataBy([...], 'cs_map_wa_chat_rotator')
 7 SYSTEMPATH\CodeIgniter.php(933): App\Controllers\Works->wa_chat_rotator_next_origin_cs()
 8 SYSTEMPATH\CodeIgniter.php(509): CodeIgniter\CodeIgniter->runController(Object(App\Controllers\Works))
 9 SYSTEMPATH\CodeIgniter.php(355): CodeIgniter\CodeIgniter->handleRequest(null, Object(Config\Cache), false)
10 SYSTEMPATH\Boot.php(312): CodeIgniter\CodeIgniter->run()
11 SYSTEMPATH\Boot.php(67): CodeIgniter\Boot::runCodeIgniter(Object(CodeIgniter\CodeIgniter))
12 FCPATH\index.php(56): CodeIgniter\Boot::bootWeb(Object(Config\Paths))
WARNING - 2025-06-16 23:33:09 --> [DEPRECATED] strtolower(): Passing null to parameter #1 ($string) of type string is deprecated in APPPATH\Controllers\Works.php on line 1659.
 1 APPPATH\Controllers\Works.php(1659): strtolower(null)
 2 SYSTEMPATH\CodeIgniter.php(933): App\Controllers\Works->wa_chat_rotator_next_origin_cs()
 3 SYSTEMPATH\CodeIgniter.php(509): CodeIgniter\CodeIgniter->runController(Object(App\Controllers\Works))
 4 SYSTEMPATH\CodeIgniter.php(355): CodeIgniter\CodeIgniter->handleRequest(null, Object(Config\Cache), false)
 5 SYSTEMPATH\Boot.php(312): CodeIgniter\CodeIgniter->run()
 6 SYSTEMPATH\Boot.php(67): CodeIgniter\Boot::runCodeIgniter(Object(CodeIgniter\CodeIgniter))
 7 FCPATH\index.php(56): CodeIgniter\Boot::bootWeb(Object(Config\Paths))
WARNING - 2025-06-16 23:33:09 --> [DEPRECATED] strtolower(): Passing null to parameter #1 ($string) of type string is deprecated in APPPATH\Controllers\Works.php on line 1659.
 1 APPPATH\Controllers\Works.php(1659): strtolower(null)
 2 SYSTEMPATH\CodeIgniter.php(933): App\Controllers\Works->wa_chat_rotator_next_origin_cs()
 3 SYSTEMPATH\CodeIgniter.php(509): CodeIgniter\CodeIgniter->runController(Object(App\Controllers\Works))
 4 SYSTEMPATH\CodeIgniter.php(355): CodeIgniter\CodeIgniter->handleRequest(null, Object(Config\Cache), false)
 5 SYSTEMPATH\Boot.php(312): CodeIgniter\CodeIgniter->run()
 6 SYSTEMPATH\Boot.php(67): CodeIgniter\Boot::runCodeIgniter(Object(CodeIgniter\CodeIgniter))
 7 FCPATH\index.php(56): CodeIgniter\Boot::bootWeb(Object(Config\Paths))
