INFO - 2024-08-13 00:13:07 --> Session: Class initialized using 'CodeIgniter\Session\Handlers\FileHandler' driver.
INFO - 2024-08-13 00:13:14 --> Session: Class initialized using 'CodeIgniter\Session\Handlers\FileHandler' driver.
INFO - 2024-08-13 00:15:21 --> Session: Class initialized using 'CodeIgniter\Session\Handlers\FileHandler' driver.
INFO - 2024-08-13 00:15:29 --> Session: Class initialized using 'CodeIgniter\Session\Handlers\FileHandler' driver.
INFO - 2024-08-13 00:15:49 --> Session: Class initialized using 'CodeIgniter\Session\Handlers\FileHandler' driver.
INFO - 2024-08-13 04:02:34 --> Session: Class initialized using 'CodeIgniter\Session\Handlers\FileHandler' driver.
INFO - 2024-08-13 04:02:39 --> Session: Class initialized using 'CodeIgniter\Session\Handlers\FileHandler' driver.
INFO - 2024-08-13 04:02:39 --> Session: Class initialized using 'CodeIgniter\Session\Handlers\FileHandler' driver.
INFO - 2024-08-13 04:02:58 --> Session: Class initialized using 'CodeIgniter\Session\Handlers\FileHandler' driver.
INFO - 2024-08-13 04:03:00 --> Session: Class initialized using 'CodeIgniter\Session\Handlers\FileHandler' driver.
CRITICAL - 2024-08-13 04:03:03 --> ErrorException: Undefined variable $amount
[Method: POST, Route: add-new-deposit]
in APPPATH\Controllers\Works.php on line 695.
 1 APPPATH\Controllers\Works.php(695): CodeIgniter\Debug\Exceptions->errorHandler(2, 'Undefined variable $amount', 'C:\\xampp\\htdocs\\solusi-digital\\app\\Controllers\\Works.php', 695)
 2 SYSTEMPATH\CodeIgniter.php(933): App\Controllers\Works->deposit_add()
 3 SYSTEMPATH\CodeIgniter.php(509): CodeIgniter\CodeIgniter->runController(Object(App\Controllers\Works))
 4 SYSTEMPATH\CodeIgniter.php(355): CodeIgniter\CodeIgniter->handleRequest(null, Object(Config\Cache), false)
 5 SYSTEMPATH\Boot.php(312): CodeIgniter\CodeIgniter->run()
 6 SYSTEMPATH\Boot.php(67): CodeIgniter\Boot::runCodeIgniter(Object(CodeIgniter\CodeIgniter))
 7 FCPATH\index.php(56): CodeIgniter\Boot::bootWeb(Object(Config\Paths))
INFO - 2024-08-13 04:03:18 --> Session: Class initialized using 'CodeIgniter\Session\Handlers\FileHandler' driver.
INFO - 2024-08-13 04:03:20 --> Session: Class initialized using 'CodeIgniter\Session\Handlers\FileHandler' driver.
INFO - 2024-08-13 04:03:39 --> Session: Class initialized using 'CodeIgniter\Session\Handlers\FileHandler' driver.
INFO - 2024-08-13 04:03:40 --> Session: Class initialized using 'CodeIgniter\Session\Handlers\FileHandler' driver.
INFO - 2024-08-13 04:03:58 --> Session: Class initialized using 'CodeIgniter\Session\Handlers\FileHandler' driver.
INFO - 2024-08-13 04:04:03 --> Session: Class initialized using 'CodeIgniter\Session\Handlers\FileHandler' driver.
INFO - 2024-08-13 04:05:07 --> Session: Class initialized using 'CodeIgniter\Session\Handlers\FileHandler' driver.
INFO - 2024-08-13 04:05:41 --> Session: Class initialized using 'CodeIgniter\Session\Handlers\FileHandler' driver.
INFO - 2024-08-13 04:06:02 --> Session: Class initialized using 'CodeIgniter\Session\Handlers\FileHandler' driver.
INFO - 2024-08-13 04:06:30 --> Session: Class initialized using 'CodeIgniter\Session\Handlers\FileHandler' driver.
INFO - 2024-08-13 04:06:55 --> Session: Class initialized using 'CodeIgniter\Session\Handlers\FileHandler' driver.
INFO - 2024-08-13 04:08:52 --> Session: Class initialized using 'CodeIgniter\Session\Handlers\FileHandler' driver.
INFO - 2024-08-13 04:08:56 --> Session: Class initialized using 'CodeIgniter\Session\Handlers\FileHandler' driver.
INFO - 2024-08-13 04:09:30 --> Session: Class initialized using 'CodeIgniter\Session\Handlers\FileHandler' driver.
INFO - 2024-08-13 04:11:13 --> Session: Class initialized using 'CodeIgniter\Session\Handlers\FileHandler' driver.
INFO - 2024-08-13 04:11:34 --> Session: Class initialized using 'CodeIgniter\Session\Handlers\FileHandler' driver.
INFO - 2024-08-13 04:12:48 --> Session: Class initialized using 'CodeIgniter\Session\Handlers\FileHandler' driver.
INFO - 2024-08-13 04:13:33 --> Session: Class initialized using 'CodeIgniter\Session\Handlers\FileHandler' driver.
INFO - 2024-08-13 04:15:12 --> Session: Class initialized using 'CodeIgniter\Session\Handlers\FileHandler' driver.
INFO - 2024-08-13 04:15:37 --> Session: Class initialized using 'CodeIgniter\Session\Handlers\FileHandler' driver.
INFO - 2024-08-13 04:18:25 --> Session: Class initialized using 'CodeIgniter\Session\Handlers\FileHandler' driver.
INFO - 2024-08-13 04:18:52 --> Session: Class initialized using 'CodeIgniter\Session\Handlers\FileHandler' driver.
INFO - 2024-08-13 04:19:45 --> Session: Class initialized using 'CodeIgniter\Session\Handlers\FileHandler' driver.
INFO - 2024-08-13 04:19:58 --> Session: Class initialized using 'CodeIgniter\Session\Handlers\FileHandler' driver.
INFO - 2024-08-13 04:20:21 --> Session: Class initialized using 'CodeIgniter\Session\Handlers\FileHandler' driver.
INFO - 2024-08-13 04:21:03 --> Session: Class initialized using 'CodeIgniter\Session\Handlers\FileHandler' driver.
INFO - 2024-08-13 04:22:14 --> Session: Class initialized using 'CodeIgniter\Session\Handlers\FileHandler' driver.
CRITICAL - 2024-08-13 04:22:14 --> ErrorException: Undefined variable $balance
[Method: GET, Route: order-jasa]
in APPPATH\Views\dashboard_order_jasa.php on line 148.
 1 APPPATH\Views\dashboard_order_jasa.php(148): CodeIgniter\Debug\Exceptions->errorHandler(2, 'Undefined variable $balance', 'C:\\xampp\\htdocs\\solusi-digital\\app\\Views\\dashboard_order_jasa.php', 148)
 2 SYSTEMPATH\View\View.php(234): include('C:\\xampp\\htdocs\\solusi-digital\\app\\Views\\dashboard_order_jasa.php')
 3 SYSTEMPATH\View\View.php(237): CodeIgniter\View\View->CodeIgniter\View\{closure}()
 4 SYSTEMPATH\Common.php(1171): CodeIgniter\View\View->render('dashboard_order_jasa', [], true)
 5 APPPATH\Controllers\Home.php(45): view('dashboard_order_jasa', [...])
 6 SYSTEMPATH\CodeIgniter.php(933): App\Controllers\Home->order_jasa()
 7 SYSTEMPATH\CodeIgniter.php(509): CodeIgniter\CodeIgniter->runController(Object(App\Controllers\Home))
 8 SYSTEMPATH\CodeIgniter.php(355): CodeIgniter\CodeIgniter->handleRequest(null, Object(Config\Cache), false)
 9 SYSTEMPATH\Boot.php(312): CodeIgniter\CodeIgniter->run()
10 SYSTEMPATH\Boot.php(67): CodeIgniter\Boot::runCodeIgniter(Object(CodeIgniter\CodeIgniter))
11 FCPATH\index.php(56): CodeIgniter\Boot::bootWeb(Object(Config\Paths))
INFO - 2024-08-13 04:22:17 --> Session: Class initialized using 'CodeIgniter\Session\Handlers\FileHandler' driver.
INFO - 2024-08-13 04:22:19 --> Session: Class initialized using 'CodeIgniter\Session\Handlers\FileHandler' driver.
INFO - 2024-08-13 04:22:24 --> Session: Class initialized using 'CodeIgniter\Session\Handlers\FileHandler' driver.
INFO - 2024-08-13 04:22:24 --> Session: Class initialized using 'CodeIgniter\Session\Handlers\FileHandler' driver.
INFO - 2024-08-13 04:22:26 --> Session: Class initialized using 'CodeIgniter\Session\Handlers\FileHandler' driver.
CRITICAL - 2024-08-13 04:22:26 --> ErrorException: Undefined variable $balance
[Method: GET, Route: order-jasa]
in APPPATH\Views\dashboard_order_jasa.php on line 148.
 1 APPPATH\Views\dashboard_order_jasa.php(148): CodeIgniter\Debug\Exceptions->errorHandler(2, 'Undefined variable $balance', 'C:\\xampp\\htdocs\\solusi-digital\\app\\Views\\dashboard_order_jasa.php', 148)
 2 SYSTEMPATH\View\View.php(234): include('C:\\xampp\\htdocs\\solusi-digital\\app\\Views\\dashboard_order_jasa.php')
 3 SYSTEMPATH\View\View.php(237): CodeIgniter\View\View->CodeIgniter\View\{closure}()
 4 SYSTEMPATH\Common.php(1171): CodeIgniter\View\View->render('dashboard_order_jasa', [], true)
 5 APPPATH\Controllers\Home.php(45): view('dashboard_order_jasa', [...])
 6 SYSTEMPATH\CodeIgniter.php(933): App\Controllers\Home->order_jasa()
 7 SYSTEMPATH\CodeIgniter.php(509): CodeIgniter\CodeIgniter->runController(Object(App\Controllers\Home))
 8 SYSTEMPATH\CodeIgniter.php(355): CodeIgniter\CodeIgniter->handleRequest(null, Object(Config\Cache), false)
 9 SYSTEMPATH\Boot.php(312): CodeIgniter\CodeIgniter->run()
10 SYSTEMPATH\Boot.php(67): CodeIgniter\Boot::runCodeIgniter(Object(CodeIgniter\CodeIgniter))
11 FCPATH\index.php(56): CodeIgniter\Boot::bootWeb(Object(Config\Paths))
INFO - 2024-08-13 04:23:10 --> Session: Class initialized using 'CodeIgniter\Session\Handlers\FileHandler' driver.
CRITICAL - 2024-08-13 04:23:10 --> ErrorException: Undefined variable $balance
[Method: GET, Route: order-jasa]
in APPPATH\Views\dashboard_order_jasa.php on line 148.
 1 APPPATH\Views\dashboard_order_jasa.php(148): CodeIgniter\Debug\Exceptions->errorHandler(2, 'Undefined variable $balance', 'C:\\xampp\\htdocs\\solusi-digital\\app\\Views\\dashboard_order_jasa.php', 148)
 2 SYSTEMPATH\View\View.php(234): include('C:\\xampp\\htdocs\\solusi-digital\\app\\Views\\dashboard_order_jasa.php')
 3 SYSTEMPATH\View\View.php(237): CodeIgniter\View\View->CodeIgniter\View\{closure}()
 4 SYSTEMPATH\Common.php(1171): CodeIgniter\View\View->render('dashboard_order_jasa', [], true)
 5 APPPATH\Controllers\Home.php(45): view('dashboard_order_jasa', [...])
 6 SYSTEMPATH\CodeIgniter.php(933): App\Controllers\Home->order_jasa()
 7 SYSTEMPATH\CodeIgniter.php(509): CodeIgniter\CodeIgniter->runController(Object(App\Controllers\Home))
 8 SYSTEMPATH\CodeIgniter.php(355): CodeIgniter\CodeIgniter->handleRequest(null, Object(Config\Cache), false)
 9 SYSTEMPATH\Boot.php(312): CodeIgniter\CodeIgniter->run()
10 SYSTEMPATH\Boot.php(67): CodeIgniter\Boot::runCodeIgniter(Object(CodeIgniter\CodeIgniter))
11 FCPATH\index.php(56): CodeIgniter\Boot::bootWeb(Object(Config\Paths))
INFO - 2024-08-13 04:23:12 --> Session: Class initialized using 'CodeIgniter\Session\Handlers\FileHandler' driver.
INFO - 2024-08-13 04:23:14 --> Session: Class initialized using 'CodeIgniter\Session\Handlers\FileHandler' driver.
INFO - 2024-08-13 04:23:19 --> Session: Class initialized using 'CodeIgniter\Session\Handlers\FileHandler' driver.
INFO - 2024-08-13 04:23:19 --> Session: Class initialized using 'CodeIgniter\Session\Handlers\FileHandler' driver.
INFO - 2024-08-13 04:23:21 --> Session: Class initialized using 'CodeIgniter\Session\Handlers\FileHandler' driver.
CRITICAL - 2024-08-13 04:23:21 --> ErrorException: Undefined variable $balance
[Method: GET, Route: order-jasa]
in APPPATH\Views\dashboard_order_jasa.php on line 148.
 1 APPPATH\Views\dashboard_order_jasa.php(148): CodeIgniter\Debug\Exceptions->errorHandler(2, 'Undefined variable $balance', 'C:\\xampp\\htdocs\\solusi-digital\\app\\Views\\dashboard_order_jasa.php', 148)
 2 SYSTEMPATH\View\View.php(234): include('C:\\xampp\\htdocs\\solusi-digital\\app\\Views\\dashboard_order_jasa.php')
 3 SYSTEMPATH\View\View.php(237): CodeIgniter\View\View->CodeIgniter\View\{closure}()
 4 SYSTEMPATH\Common.php(1171): CodeIgniter\View\View->render('dashboard_order_jasa', [], true)
 5 APPPATH\Controllers\Home.php(45): view('dashboard_order_jasa', [...])
 6 SYSTEMPATH\CodeIgniter.php(933): App\Controllers\Home->order_jasa()
 7 SYSTEMPATH\CodeIgniter.php(509): CodeIgniter\CodeIgniter->runController(Object(App\Controllers\Home))
 8 SYSTEMPATH\CodeIgniter.php(355): CodeIgniter\CodeIgniter->handleRequest(null, Object(Config\Cache), false)
 9 SYSTEMPATH\Boot.php(312): CodeIgniter\CodeIgniter->run()
10 SYSTEMPATH\Boot.php(67): CodeIgniter\Boot::runCodeIgniter(Object(CodeIgniter\CodeIgniter))
11 FCPATH\index.php(56): CodeIgniter\Boot::bootWeb(Object(Config\Paths))
INFO - 2024-08-13 04:24:50 --> Session: Class initialized using 'CodeIgniter\Session\Handlers\FileHandler' driver.
INFO - 2024-08-13 04:25:08 --> Session: Class initialized using 'CodeIgniter\Session\Handlers\FileHandler' driver.
INFO - 2024-08-13 04:27:52 --> Session: Class initialized using 'CodeIgniter\Session\Handlers\FileHandler' driver.
INFO - 2024-08-13 04:27:57 --> Session: Class initialized using 'CodeIgniter\Session\Handlers\FileHandler' driver.
INFO - 2024-08-13 04:27:57 --> Session: Class initialized using 'CodeIgniter\Session\Handlers\FileHandler' driver.
INFO - 2024-08-13 04:28:06 --> Session: Class initialized using 'CodeIgniter\Session\Handlers\FileHandler' driver.
INFO - 2024-08-13 04:28:15 --> Session: Class initialized using 'CodeIgniter\Session\Handlers\FileHandler' driver.
INFO - 2024-08-13 04:28:31 --> Session: Class initialized using 'CodeIgniter\Session\Handlers\FileHandler' driver.
INFO - 2024-08-13 04:30:18 --> Session: Class initialized using 'CodeIgniter\Session\Handlers\FileHandler' driver.
INFO - 2024-08-13 04:30:27 --> Session: Class initialized using 'CodeIgniter\Session\Handlers\FileHandler' driver.
INFO - 2024-08-13 04:33:39 --> Session: Class initialized using 'CodeIgniter\Session\Handlers\FileHandler' driver.
INFO - 2024-08-13 04:41:52 --> Session: Class initialized using 'CodeIgniter\Session\Handlers\FileHandler' driver.
INFO - 2024-08-13 04:42:36 --> Session: Class initialized using 'CodeIgniter\Session\Handlers\FileHandler' driver.
CRITICAL - 2024-08-13 04:42:36 --> ErrorException: Undefined property: stdClass::$username
[Method: GET, Route: manage-deposits]
in APPPATH\Views\modal_add_deposit_admin.php on line 24.
 1 APPPATH\Views\modal_add_deposit_admin.php(24): CodeIgniter\Debug\Exceptions->errorHandler(2, 'Undefined property: stdClass::$username', 'C:\\xampp\\htdocs\\solusi-digital\\app\\Views\\modal_add_deposit_admin.php', 24)
 2 APPPATH\Views\manage_deposits.php(172): include('C:\\xampp\\htdocs\\solusi-digital\\app\\Views\\modal_add_deposit_admin.php')
 3 SYSTEMPATH\View\View.php(234): include('C:\\xampp\\htdocs\\solusi-digital\\app\\Views\\manage_deposits.php')
 4 SYSTEMPATH\View\View.php(237): CodeIgniter\View\View->CodeIgniter\View\{closure}()
 5 SYSTEMPATH\Common.php(1171): CodeIgniter\View\View->render('manage_deposits', [], true)
 6 APPPATH\Controllers\Home.php(284): view('manage_deposits', [...])
 7 SYSTEMPATH\CodeIgniter.php(933): App\Controllers\Home->deposit_management()
 8 SYSTEMPATH\CodeIgniter.php(509): CodeIgniter\CodeIgniter->runController(Object(App\Controllers\Home))
 9 SYSTEMPATH\CodeIgniter.php(355): CodeIgniter\CodeIgniter->handleRequest(null, Object(Config\Cache), false)
10 SYSTEMPATH\Boot.php(312): CodeIgniter\CodeIgniter->run()
11 SYSTEMPATH\Boot.php(67): CodeIgniter\Boot::runCodeIgniter(Object(CodeIgniter\CodeIgniter))
12 FCPATH\index.php(56): CodeIgniter\Boot::bootWeb(Object(Config\Paths))
INFO - 2024-08-13 04:42:59 --> Session: Class initialized using 'CodeIgniter\Session\Handlers\FileHandler' driver.
INFO - 2024-08-13 04:45:50 --> Session: Class initialized using 'CodeIgniter\Session\Handlers\FileHandler' driver.
INFO - 2024-08-13 04:49:29 --> Session: Class initialized using 'CodeIgniter\Session\Handlers\FileHandler' driver.
CRITICAL - 2024-08-13 04:49:39 --> ErrorException: Undefined variable $amount
[Method: POST, Route: add-new-deposit]
in APPPATH\Controllers\Works.php on line 721.
 1 APPPATH\Controllers\Works.php(721): CodeIgniter\Debug\Exceptions->errorHandler(2, 'Undefined variable $amount', 'C:\\xampp\\htdocs\\solusi-digital\\app\\Controllers\\Works.php', 721)
 2 SYSTEMPATH\CodeIgniter.php(933): App\Controllers\Works->deposit_add()
 3 SYSTEMPATH\CodeIgniter.php(509): CodeIgniter\CodeIgniter->runController(Object(App\Controllers\Works))
 4 SYSTEMPATH\CodeIgniter.php(355): CodeIgniter\CodeIgniter->handleRequest(null, Object(Config\Cache), false)
 5 SYSTEMPATH\Boot.php(312): CodeIgniter\CodeIgniter->run()
 6 SYSTEMPATH\Boot.php(67): CodeIgniter\Boot::runCodeIgniter(Object(CodeIgniter\CodeIgniter))
 7 FCPATH\index.php(56): CodeIgniter\Boot::bootWeb(Object(Config\Paths))
CRITICAL - 2024-08-13 04:50:06 --> Error: Call to undefined method App\Controllers\Works::getSessionData()
[Method: POST, Route: add-new-deposit]
in APPPATH\Controllers\Works.php on line 688.
 1 APPPATH\Controllers\Works.php(721): App\Controllers\Works->updateUserBalance('200')
 2 SYSTEMPATH\CodeIgniter.php(933): App\Controllers\Works->deposit_add()
 3 SYSTEMPATH\CodeIgniter.php(509): CodeIgniter\CodeIgniter->runController(Object(App\Controllers\Works))
 4 SYSTEMPATH\CodeIgniter.php(355): CodeIgniter\CodeIgniter->handleRequest(null, Object(Config\Cache), false)
 5 SYSTEMPATH\Boot.php(312): CodeIgniter\CodeIgniter->run()
 6 SYSTEMPATH\Boot.php(67): CodeIgniter\Boot::runCodeIgniter(Object(CodeIgniter\CodeIgniter))
 7 FCPATH\index.php(56): CodeIgniter\Boot::bootWeb(Object(Config\Paths))
ERROR - 2024-08-13 04:53:07 --> mysqli_sql_exception: Unknown column 'username_owned' in 'where clause' in C:\xampp\htdocs\solusi-digital\system\Database\MySQLi\Connection.php:308
Stack trace:
#0 C:\xampp\htdocs\solusi-digital\system\Database\MySQLi\Connection.php(308): mysqli->query('SELECT *\nFROM `...', 0)
#1 C:\xampp\htdocs\solusi-digital\system\Database\BaseConnection.php(722): CodeIgniter\Database\MySQLi\Connection->execute('SELECT *\nFROM `...')
#2 C:\xampp\htdocs\solusi-digital\system\Database\BaseConnection.php(636): CodeIgniter\Database\BaseConnection->simpleQuery('SELECT *\nFROM `...')
#3 C:\xampp\htdocs\solusi-digital\system\Database\BaseBuilder.php(1629): CodeIgniter\Database\BaseConnection->query('SELECT *\nFROM `...', Array, false)
#4 C:\xampp\htdocs\solusi-digital\app\Models\DataModel.php(138): CodeIgniter\Database\BaseBuilder->get()
#5 C:\xampp\htdocs\solusi-digital\app\Controllers\Works.php(688): App\Models\DataModel->selectAllDataByUsername('cinta', 'users')
#6 C:\xampp\htdocs\solusi-digital\app\Controllers\Works.php(723): App\Controllers\Works->updateUserBalance('200', 'cinta')
#7 C:\xampp\htdocs\solusi-digital\system\CodeIgniter.php(933): App\Controllers\Works->deposit_add()
#8 C:\xampp\htdocs\solusi-digital\system\CodeIgniter.php(509): CodeIgniter\CodeIgniter->runController(Object(App\Controllers\Works))
#9 C:\xampp\htdocs\solusi-digital\system\CodeIgniter.php(355): CodeIgniter\CodeIgniter->handleRequest(NULL, Object(Config\Cache), false)
#10 C:\xampp\htdocs\solusi-digital\system\Boot.php(312): CodeIgniter\CodeIgniter->run()
#11 C:\xampp\htdocs\solusi-digital\system\Boot.php(67): CodeIgniter\Boot::runCodeIgniter(Object(CodeIgniter\CodeIgniter))
#12 C:\xampp\htdocs\solusi-digital\index.php(56): CodeIgniter\Boot::bootWeb(Object(Config\Paths))
#13 {main}
CRITICAL - 2024-08-13 04:53:07 --> CodeIgniter\Database\Exceptions\DatabaseException: Unknown column 'username_owned' in 'where clause'
[Method: POST, Route: add-new-deposit]
in SYSTEMPATH\Database\BaseConnection.php on line 676.
 1 SYSTEMPATH\Database\BaseBuilder.php(1629): CodeIgniter\Database\BaseConnection->query('SELECT *
FROM `table_users`
WHERE `username_owned` = :username_owned:', [...], false)
 2 APPPATH\Models\DataModel.php(138): CodeIgniter\Database\BaseBuilder->get()
 3 APPPATH\Controllers\Works.php(688): App\Models\DataModel->selectAllDataByUsername('cinta', 'users')
 4 APPPATH\Controllers\Works.php(723): App\Controllers\Works->updateUserBalance('200', 'cinta')
 5 SYSTEMPATH\CodeIgniter.php(933): App\Controllers\Works->deposit_add()
 6 SYSTEMPATH\CodeIgniter.php(509): CodeIgniter\CodeIgniter->runController(Object(App\Controllers\Works))
 7 SYSTEMPATH\CodeIgniter.php(355): CodeIgniter\CodeIgniter->handleRequest(null, Object(Config\Cache), false)
 8 SYSTEMPATH\Boot.php(312): CodeIgniter\CodeIgniter->run()
 9 SYSTEMPATH\Boot.php(67): CodeIgniter\Boot::runCodeIgniter(Object(CodeIgniter\CodeIgniter))
10 FCPATH\index.php(56): CodeIgniter\Boot::bootWeb(Object(Config\Paths))
CRITICAL - 2024-08-13 04:53:07 --> [Caused by] CodeIgniter\Database\Exceptions\DatabaseException: Unknown column 'username_owned' in 'where clause'
in SYSTEMPATH\Database\MySQLi\Connection.php on line 313.
 1 SYSTEMPATH\Database\BaseConnection.php(722): CodeIgniter\Database\MySQLi\Connection->execute('SELECT *
FROM `table_users`
WHERE `username_owned` = \'cinta\'')
 2 SYSTEMPATH\Database\BaseConnection.php(636): CodeIgniter\Database\BaseConnection->simpleQuery('SELECT *
FROM `table_users`
WHERE `username_owned` = \'cinta\'')
 3 SYSTEMPATH\Database\BaseBuilder.php(1629): CodeIgniter\Database\BaseConnection->query('SELECT *
FROM `table_users`
WHERE `username_owned` = :username_owned:', [...], false)
 4 APPPATH\Models\DataModel.php(138): CodeIgniter\Database\BaseBuilder->get()
 5 APPPATH\Controllers\Works.php(688): App\Models\DataModel->selectAllDataByUsername('cinta', 'users')
 6 APPPATH\Controllers\Works.php(723): App\Controllers\Works->updateUserBalance('200', 'cinta')
 7 SYSTEMPATH\CodeIgniter.php(933): App\Controllers\Works->deposit_add()
 8 SYSTEMPATH\CodeIgniter.php(509): CodeIgniter\CodeIgniter->runController(Object(App\Controllers\Works))
 9 SYSTEMPATH\CodeIgniter.php(355): CodeIgniter\CodeIgniter->handleRequest(null, Object(Config\Cache), false)
10 SYSTEMPATH\Boot.php(312): CodeIgniter\CodeIgniter->run()
11 SYSTEMPATH\Boot.php(67): CodeIgniter\Boot::runCodeIgniter(Object(CodeIgniter\CodeIgniter))
12 FCPATH\index.php(56): CodeIgniter\Boot::bootWeb(Object(Config\Paths))
CRITICAL - 2024-08-13 04:53:07 --> [Caused by] mysqli_sql_exception: Unknown column 'username_owned' in 'where clause'
in SYSTEMPATH\Database\MySQLi\Connection.php on line 308.
 1 SYSTEMPATH\Database\MySQLi\Connection.php(308): mysqli->query('SELECT *
FROM `table_users`
WHERE `username_owned` = \'cinta\'', 0)
 2 SYSTEMPATH\Database\BaseConnection.php(722): CodeIgniter\Database\MySQLi\Connection->execute('SELECT *
FROM `table_users`
WHERE `username_owned` = \'cinta\'')
 3 SYSTEMPATH\Database\BaseConnection.php(636): CodeIgniter\Database\BaseConnection->simpleQuery('SELECT *
FROM `table_users`
WHERE `username_owned` = \'cinta\'')
 4 SYSTEMPATH\Database\BaseBuilder.php(1629): CodeIgniter\Database\BaseConnection->query('SELECT *
FROM `table_users`
WHERE `username_owned` = :username_owned:', [...], false)
 5 APPPATH\Models\DataModel.php(138): CodeIgniter\Database\BaseBuilder->get()
 6 APPPATH\Controllers\Works.php(688): App\Models\DataModel->selectAllDataByUsername('cinta', 'users')
 7 APPPATH\Controllers\Works.php(723): App\Controllers\Works->updateUserBalance('200', 'cinta')
 8 SYSTEMPATH\CodeIgniter.php(933): App\Controllers\Works->deposit_add()
 9 SYSTEMPATH\CodeIgniter.php(509): CodeIgniter\CodeIgniter->runController(Object(App\Controllers\Works))
10 SYSTEMPATH\CodeIgniter.php(355): CodeIgniter\CodeIgniter->handleRequest(null, Object(Config\Cache), false)
11 SYSTEMPATH\Boot.php(312): CodeIgniter\CodeIgniter->run()
12 SYSTEMPATH\Boot.php(67): CodeIgniter\Boot::runCodeIgniter(Object(CodeIgniter\CodeIgniter))
13 FCPATH\index.php(56): CodeIgniter\Boot::bootWeb(Object(Config\Paths))
INFO - 2024-08-13 04:54:02 --> Session: Class initialized using 'CodeIgniter\Session\Handlers\FileHandler' driver.
INFO - 2024-08-13 04:54:05 --> Session: Class initialized using 'CodeIgniter\Session\Handlers\FileHandler' driver.
ERROR - 2024-08-13 04:54:14 --> mysqli_sql_exception: Unknown column 'username_owned' in 'where clause' in C:\xampp\htdocs\solusi-digital\system\Database\MySQLi\Connection.php:308
Stack trace:
#0 C:\xampp\htdocs\solusi-digital\system\Database\MySQLi\Connection.php(308): mysqli->query('SELECT *\nFROM `...', 0)
#1 C:\xampp\htdocs\solusi-digital\system\Database\BaseConnection.php(722): CodeIgniter\Database\MySQLi\Connection->execute('SELECT *\nFROM `...')
#2 C:\xampp\htdocs\solusi-digital\system\Database\BaseConnection.php(636): CodeIgniter\Database\BaseConnection->simpleQuery('SELECT *\nFROM `...')
#3 C:\xampp\htdocs\solusi-digital\system\Database\BaseBuilder.php(1629): CodeIgniter\Database\BaseConnection->query('SELECT *\nFROM `...', Array, false)
#4 C:\xampp\htdocs\solusi-digital\app\Models\DataModel.php(138): CodeIgniter\Database\BaseBuilder->get()
#5 C:\xampp\htdocs\solusi-digital\app\Controllers\Works.php(688): App\Models\DataModel->selectAllDataByUsername('cinta', 'users')
#6 C:\xampp\htdocs\solusi-digital\app\Controllers\Works.php(723): App\Controllers\Works->updateUserBalance('1000', 'cinta')
#7 C:\xampp\htdocs\solusi-digital\system\CodeIgniter.php(933): App\Controllers\Works->deposit_add()
#8 C:\xampp\htdocs\solusi-digital\system\CodeIgniter.php(509): CodeIgniter\CodeIgniter->runController(Object(App\Controllers\Works))
#9 C:\xampp\htdocs\solusi-digital\system\CodeIgniter.php(355): CodeIgniter\CodeIgniter->handleRequest(NULL, Object(Config\Cache), false)
#10 C:\xampp\htdocs\solusi-digital\system\Boot.php(312): CodeIgniter\CodeIgniter->run()
#11 C:\xampp\htdocs\solusi-digital\system\Boot.php(67): CodeIgniter\Boot::runCodeIgniter(Object(CodeIgniter\CodeIgniter))
#12 C:\xampp\htdocs\solusi-digital\index.php(56): CodeIgniter\Boot::bootWeb(Object(Config\Paths))
#13 {main}
CRITICAL - 2024-08-13 04:54:14 --> CodeIgniter\Database\Exceptions\DatabaseException: Unknown column 'username_owned' in 'where clause'
[Method: POST, Route: add-new-deposit]
in SYSTEMPATH\Database\BaseConnection.php on line 676.
 1 SYSTEMPATH\Database\BaseBuilder.php(1629): CodeIgniter\Database\BaseConnection->query('SELECT *
FROM `table_users`
WHERE `username_owned` = :username_owned:', [...], false)
 2 APPPATH\Models\DataModel.php(138): CodeIgniter\Database\BaseBuilder->get()
 3 APPPATH\Controllers\Works.php(688): App\Models\DataModel->selectAllDataByUsername('cinta', 'users')
 4 APPPATH\Controllers\Works.php(723): App\Controllers\Works->updateUserBalance('1000', 'cinta')
 5 SYSTEMPATH\CodeIgniter.php(933): App\Controllers\Works->deposit_add()
 6 SYSTEMPATH\CodeIgniter.php(509): CodeIgniter\CodeIgniter->runController(Object(App\Controllers\Works))
 7 SYSTEMPATH\CodeIgniter.php(355): CodeIgniter\CodeIgniter->handleRequest(null, Object(Config\Cache), false)
 8 SYSTEMPATH\Boot.php(312): CodeIgniter\CodeIgniter->run()
 9 SYSTEMPATH\Boot.php(67): CodeIgniter\Boot::runCodeIgniter(Object(CodeIgniter\CodeIgniter))
10 FCPATH\index.php(56): CodeIgniter\Boot::bootWeb(Object(Config\Paths))
CRITICAL - 2024-08-13 04:54:14 --> [Caused by] CodeIgniter\Database\Exceptions\DatabaseException: Unknown column 'username_owned' in 'where clause'
in SYSTEMPATH\Database\MySQLi\Connection.php on line 313.
 1 SYSTEMPATH\Database\BaseConnection.php(722): CodeIgniter\Database\MySQLi\Connection->execute('SELECT *
FROM `table_users`
WHERE `username_owned` = \'cinta\'')
 2 SYSTEMPATH\Database\BaseConnection.php(636): CodeIgniter\Database\BaseConnection->simpleQuery('SELECT *
FROM `table_users`
WHERE `username_owned` = \'cinta\'')
 3 SYSTEMPATH\Database\BaseBuilder.php(1629): CodeIgniter\Database\BaseConnection->query('SELECT *
FROM `table_users`
WHERE `username_owned` = :username_owned:', [...], false)
 4 APPPATH\Models\DataModel.php(138): CodeIgniter\Database\BaseBuilder->get()
 5 APPPATH\Controllers\Works.php(688): App\Models\DataModel->selectAllDataByUsername('cinta', 'users')
 6 APPPATH\Controllers\Works.php(723): App\Controllers\Works->updateUserBalance('1000', 'cinta')
 7 SYSTEMPATH\CodeIgniter.php(933): App\Controllers\Works->deposit_add()
 8 SYSTEMPATH\CodeIgniter.php(509): CodeIgniter\CodeIgniter->runController(Object(App\Controllers\Works))
 9 SYSTEMPATH\CodeIgniter.php(355): CodeIgniter\CodeIgniter->handleRequest(null, Object(Config\Cache), false)
10 SYSTEMPATH\Boot.php(312): CodeIgniter\CodeIgniter->run()
11 SYSTEMPATH\Boot.php(67): CodeIgniter\Boot::runCodeIgniter(Object(CodeIgniter\CodeIgniter))
12 FCPATH\index.php(56): CodeIgniter\Boot::bootWeb(Object(Config\Paths))
CRITICAL - 2024-08-13 04:54:14 --> [Caused by] mysqli_sql_exception: Unknown column 'username_owned' in 'where clause'
in SYSTEMPATH\Database\MySQLi\Connection.php on line 308.
 1 SYSTEMPATH\Database\MySQLi\Connection.php(308): mysqli->query('SELECT *
FROM `table_users`
WHERE `username_owned` = \'cinta\'', 0)
 2 SYSTEMPATH\Database\BaseConnection.php(722): CodeIgniter\Database\MySQLi\Connection->execute('SELECT *
FROM `table_users`
WHERE `username_owned` = \'cinta\'')
 3 SYSTEMPATH\Database\BaseConnection.php(636): CodeIgniter\Database\BaseConnection->simpleQuery('SELECT *
FROM `table_users`
WHERE `username_owned` = \'cinta\'')
 4 SYSTEMPATH\Database\BaseBuilder.php(1629): CodeIgniter\Database\BaseConnection->query('SELECT *
FROM `table_users`
WHERE `username_owned` = :username_owned:', [...], false)
 5 APPPATH\Models\DataModel.php(138): CodeIgniter\Database\BaseBuilder->get()
 6 APPPATH\Controllers\Works.php(688): App\Models\DataModel->selectAllDataByUsername('cinta', 'users')
 7 APPPATH\Controllers\Works.php(723): App\Controllers\Works->updateUserBalance('1000', 'cinta')
 8 SYSTEMPATH\CodeIgniter.php(933): App\Controllers\Works->deposit_add()
 9 SYSTEMPATH\CodeIgniter.php(509): CodeIgniter\CodeIgniter->runController(Object(App\Controllers\Works))
10 SYSTEMPATH\CodeIgniter.php(355): CodeIgniter\CodeIgniter->handleRequest(null, Object(Config\Cache), false)
11 SYSTEMPATH\Boot.php(312): CodeIgniter\CodeIgniter->run()
12 SYSTEMPATH\Boot.php(67): CodeIgniter\Boot::runCodeIgniter(Object(CodeIgniter\CodeIgniter))
13 FCPATH\index.php(56): CodeIgniter\Boot::bootWeb(Object(Config\Paths))
ERROR - 2024-08-13 04:54:50 --> mysqli_sql_exception: Unknown column 'username_owned' in 'where clause' in C:\xampp\htdocs\solusi-digital\system\Database\MySQLi\Connection.php:308
Stack trace:
#0 C:\xampp\htdocs\solusi-digital\system\Database\MySQLi\Connection.php(308): mysqli->query('SELECT *\nFROM `...', 0)
#1 C:\xampp\htdocs\solusi-digital\system\Database\BaseConnection.php(722): CodeIgniter\Database\MySQLi\Connection->execute('SELECT *\nFROM `...')
#2 C:\xampp\htdocs\solusi-digital\system\Database\BaseConnection.php(636): CodeIgniter\Database\BaseConnection->simpleQuery('SELECT *\nFROM `...')
#3 C:\xampp\htdocs\solusi-digital\system\Database\BaseBuilder.php(1629): CodeIgniter\Database\BaseConnection->query('SELECT *\nFROM `...', Array, false)
#4 C:\xampp\htdocs\solusi-digital\app\Models\DataModel.php(138): CodeIgniter\Database\BaseBuilder->get()
#5 C:\xampp\htdocs\solusi-digital\app\Controllers\Works.php(688): App\Models\DataModel->selectAllDataByUsername('cinta', 'users')
#6 C:\xampp\htdocs\solusi-digital\app\Controllers\Works.php(723): App\Controllers\Works->updateUserBalance('1000', 'cinta')
#7 C:\xampp\htdocs\solusi-digital\system\CodeIgniter.php(933): App\Controllers\Works->deposit_add()
#8 C:\xampp\htdocs\solusi-digital\system\CodeIgniter.php(509): CodeIgniter\CodeIgniter->runController(Object(App\Controllers\Works))
#9 C:\xampp\htdocs\solusi-digital\system\CodeIgniter.php(355): CodeIgniter\CodeIgniter->handleRequest(NULL, Object(Config\Cache), false)
#10 C:\xampp\htdocs\solusi-digital\system\Boot.php(312): CodeIgniter\CodeIgniter->run()
#11 C:\xampp\htdocs\solusi-digital\system\Boot.php(67): CodeIgniter\Boot::runCodeIgniter(Object(CodeIgniter\CodeIgniter))
#12 C:\xampp\htdocs\solusi-digital\index.php(56): CodeIgniter\Boot::bootWeb(Object(Config\Paths))
#13 {main}
CRITICAL - 2024-08-13 04:54:50 --> CodeIgniter\Database\Exceptions\DatabaseException: Unknown column 'username_owned' in 'where clause'
[Method: POST, Route: add-new-deposit]
in SYSTEMPATH\Database\BaseConnection.php on line 676.
 1 SYSTEMPATH\Database\BaseBuilder.php(1629): CodeIgniter\Database\BaseConnection->query('SELECT *
FROM `table_users`
WHERE `username_owned` = :username_owned:', [...], false)
 2 APPPATH\Models\DataModel.php(138): CodeIgniter\Database\BaseBuilder->get()
 3 APPPATH\Controllers\Works.php(688): App\Models\DataModel->selectAllDataByUsername('cinta', 'users')
 4 APPPATH\Controllers\Works.php(723): App\Controllers\Works->updateUserBalance('1000', 'cinta')
 5 SYSTEMPATH\CodeIgniter.php(933): App\Controllers\Works->deposit_add()
 6 SYSTEMPATH\CodeIgniter.php(509): CodeIgniter\CodeIgniter->runController(Object(App\Controllers\Works))
 7 SYSTEMPATH\CodeIgniter.php(355): CodeIgniter\CodeIgniter->handleRequest(null, Object(Config\Cache), false)
 8 SYSTEMPATH\Boot.php(312): CodeIgniter\CodeIgniter->run()
 9 SYSTEMPATH\Boot.php(67): CodeIgniter\Boot::runCodeIgniter(Object(CodeIgniter\CodeIgniter))
10 FCPATH\index.php(56): CodeIgniter\Boot::bootWeb(Object(Config\Paths))
CRITICAL - 2024-08-13 04:54:50 --> [Caused by] CodeIgniter\Database\Exceptions\DatabaseException: Unknown column 'username_owned' in 'where clause'
in SYSTEMPATH\Database\MySQLi\Connection.php on line 313.
 1 SYSTEMPATH\Database\BaseConnection.php(722): CodeIgniter\Database\MySQLi\Connection->execute('SELECT *
FROM `table_users`
WHERE `username_owned` = \'cinta\'')
 2 SYSTEMPATH\Database\BaseConnection.php(636): CodeIgniter\Database\BaseConnection->simpleQuery('SELECT *
FROM `table_users`
WHERE `username_owned` = \'cinta\'')
 3 SYSTEMPATH\Database\BaseBuilder.php(1629): CodeIgniter\Database\BaseConnection->query('SELECT *
FROM `table_users`
WHERE `username_owned` = :username_owned:', [...], false)
 4 APPPATH\Models\DataModel.php(138): CodeIgniter\Database\BaseBuilder->get()
 5 APPPATH\Controllers\Works.php(688): App\Models\DataModel->selectAllDataByUsername('cinta', 'users')
 6 APPPATH\Controllers\Works.php(723): App\Controllers\Works->updateUserBalance('1000', 'cinta')
 7 SYSTEMPATH\CodeIgniter.php(933): App\Controllers\Works->deposit_add()
 8 SYSTEMPATH\CodeIgniter.php(509): CodeIgniter\CodeIgniter->runController(Object(App\Controllers\Works))
 9 SYSTEMPATH\CodeIgniter.php(355): CodeIgniter\CodeIgniter->handleRequest(null, Object(Config\Cache), false)
10 SYSTEMPATH\Boot.php(312): CodeIgniter\CodeIgniter->run()
11 SYSTEMPATH\Boot.php(67): CodeIgniter\Boot::runCodeIgniter(Object(CodeIgniter\CodeIgniter))
12 FCPATH\index.php(56): CodeIgniter\Boot::bootWeb(Object(Config\Paths))
CRITICAL - 2024-08-13 04:54:50 --> [Caused by] mysqli_sql_exception: Unknown column 'username_owned' in 'where clause'
in SYSTEMPATH\Database\MySQLi\Connection.php on line 308.
 1 SYSTEMPATH\Database\MySQLi\Connection.php(308): mysqli->query('SELECT *
FROM `table_users`
WHERE `username_owned` = \'cinta\'', 0)
 2 SYSTEMPATH\Database\BaseConnection.php(722): CodeIgniter\Database\MySQLi\Connection->execute('SELECT *
FROM `table_users`
WHERE `username_owned` = \'cinta\'')
 3 SYSTEMPATH\Database\BaseConnection.php(636): CodeIgniter\Database\BaseConnection->simpleQuery('SELECT *
FROM `table_users`
WHERE `username_owned` = \'cinta\'')
 4 SYSTEMPATH\Database\BaseBuilder.php(1629): CodeIgniter\Database\BaseConnection->query('SELECT *
FROM `table_users`
WHERE `username_owned` = :username_owned:', [...], false)
 5 APPPATH\Models\DataModel.php(138): CodeIgniter\Database\BaseBuilder->get()
 6 APPPATH\Controllers\Works.php(688): App\Models\DataModel->selectAllDataByUsername('cinta', 'users')
 7 APPPATH\Controllers\Works.php(723): App\Controllers\Works->updateUserBalance('1000', 'cinta')
 8 SYSTEMPATH\CodeIgniter.php(933): App\Controllers\Works->deposit_add()
 9 SYSTEMPATH\CodeIgniter.php(509): CodeIgniter\CodeIgniter->runController(Object(App\Controllers\Works))
10 SYSTEMPATH\CodeIgniter.php(355): CodeIgniter\CodeIgniter->handleRequest(null, Object(Config\Cache), false)
11 SYSTEMPATH\Boot.php(312): CodeIgniter\CodeIgniter->run()
12 SYSTEMPATH\Boot.php(67): CodeIgniter\Boot::runCodeIgniter(Object(CodeIgniter\CodeIgniter))
13 FCPATH\index.php(56): CodeIgniter\Boot::bootWeb(Object(Config\Paths))
ERROR - 2024-08-13 04:56:14 --> mysqli_sql_exception: Unknown column 'username_owned' in 'where clause' in C:\xampp\htdocs\solusi-digital\system\Database\MySQLi\Connection.php:308
Stack trace:
#0 C:\xampp\htdocs\solusi-digital\system\Database\MySQLi\Connection.php(308): mysqli->query('SELECT *\nFROM `...', 0)
#1 C:\xampp\htdocs\solusi-digital\system\Database\BaseConnection.php(722): CodeIgniter\Database\MySQLi\Connection->execute('SELECT *\nFROM `...')
#2 C:\xampp\htdocs\solusi-digital\system\Database\BaseConnection.php(636): CodeIgniter\Database\BaseConnection->simpleQuery('SELECT *\nFROM `...')
#3 C:\xampp\htdocs\solusi-digital\system\Database\BaseBuilder.php(1629): CodeIgniter\Database\BaseConnection->query('SELECT *\nFROM `...', Array, false)
#4 C:\xampp\htdocs\solusi-digital\app\Models\DataModel.php(138): CodeIgniter\Database\BaseBuilder->get()
#5 C:\xampp\htdocs\solusi-digital\app\Controllers\Works.php(688): App\Models\DataModel->selectAllDataByUsername('cinta', 'users')
#6 C:\xampp\htdocs\solusi-digital\app\Controllers\Works.php(723): App\Controllers\Works->updateUserBalance('1000', 'cinta')
#7 C:\xampp\htdocs\solusi-digital\system\CodeIgniter.php(933): App\Controllers\Works->deposit_add()
#8 C:\xampp\htdocs\solusi-digital\system\CodeIgniter.php(509): CodeIgniter\CodeIgniter->runController(Object(App\Controllers\Works))
#9 C:\xampp\htdocs\solusi-digital\system\CodeIgniter.php(355): CodeIgniter\CodeIgniter->handleRequest(NULL, Object(Config\Cache), false)
#10 C:\xampp\htdocs\solusi-digital\system\Boot.php(312): CodeIgniter\CodeIgniter->run()
#11 C:\xampp\htdocs\solusi-digital\system\Boot.php(67): CodeIgniter\Boot::runCodeIgniter(Object(CodeIgniter\CodeIgniter))
#12 C:\xampp\htdocs\solusi-digital\index.php(56): CodeIgniter\Boot::bootWeb(Object(Config\Paths))
#13 {main}
CRITICAL - 2024-08-13 04:56:14 --> CodeIgniter\Database\Exceptions\DatabaseException: Unknown column 'username_owned' in 'where clause'
[Method: POST, Route: add-new-deposit]
in SYSTEMPATH\Database\BaseConnection.php on line 676.
 1 SYSTEMPATH\Database\BaseBuilder.php(1629): CodeIgniter\Database\BaseConnection->query('SELECT *
FROM `table_users`
WHERE `username_owned` = :username_owned:', [...], false)
 2 APPPATH\Models\DataModel.php(138): CodeIgniter\Database\BaseBuilder->get()
 3 APPPATH\Controllers\Works.php(688): App\Models\DataModel->selectAllDataByUsername('cinta', 'users')
 4 APPPATH\Controllers\Works.php(723): App\Controllers\Works->updateUserBalance('1000', 'cinta')
 5 SYSTEMPATH\CodeIgniter.php(933): App\Controllers\Works->deposit_add()
 6 SYSTEMPATH\CodeIgniter.php(509): CodeIgniter\CodeIgniter->runController(Object(App\Controllers\Works))
 7 SYSTEMPATH\CodeIgniter.php(355): CodeIgniter\CodeIgniter->handleRequest(null, Object(Config\Cache), false)
 8 SYSTEMPATH\Boot.php(312): CodeIgniter\CodeIgniter->run()
 9 SYSTEMPATH\Boot.php(67): CodeIgniter\Boot::runCodeIgniter(Object(CodeIgniter\CodeIgniter))
10 FCPATH\index.php(56): CodeIgniter\Boot::bootWeb(Object(Config\Paths))
CRITICAL - 2024-08-13 04:56:14 --> [Caused by] CodeIgniter\Database\Exceptions\DatabaseException: Unknown column 'username_owned' in 'where clause'
in SYSTEMPATH\Database\MySQLi\Connection.php on line 313.
 1 SYSTEMPATH\Database\BaseConnection.php(722): CodeIgniter\Database\MySQLi\Connection->execute('SELECT *
FROM `table_users`
WHERE `username_owned` = \'cinta\'')
 2 SYSTEMPATH\Database\BaseConnection.php(636): CodeIgniter\Database\BaseConnection->simpleQuery('SELECT *
FROM `table_users`
WHERE `username_owned` = \'cinta\'')
 3 SYSTEMPATH\Database\BaseBuilder.php(1629): CodeIgniter\Database\BaseConnection->query('SELECT *
FROM `table_users`
WHERE `username_owned` = :username_owned:', [...], false)
 4 APPPATH\Models\DataModel.php(138): CodeIgniter\Database\BaseBuilder->get()
 5 APPPATH\Controllers\Works.php(688): App\Models\DataModel->selectAllDataByUsername('cinta', 'users')
 6 APPPATH\Controllers\Works.php(723): App\Controllers\Works->updateUserBalance('1000', 'cinta')
 7 SYSTEMPATH\CodeIgniter.php(933): App\Controllers\Works->deposit_add()
 8 SYSTEMPATH\CodeIgniter.php(509): CodeIgniter\CodeIgniter->runController(Object(App\Controllers\Works))
 9 SYSTEMPATH\CodeIgniter.php(355): CodeIgniter\CodeIgniter->handleRequest(null, Object(Config\Cache), false)
10 SYSTEMPATH\Boot.php(312): CodeIgniter\CodeIgniter->run()
11 SYSTEMPATH\Boot.php(67): CodeIgniter\Boot::runCodeIgniter(Object(CodeIgniter\CodeIgniter))
12 FCPATH\index.php(56): CodeIgniter\Boot::bootWeb(Object(Config\Paths))
CRITICAL - 2024-08-13 04:56:14 --> [Caused by] mysqli_sql_exception: Unknown column 'username_owned' in 'where clause'
in SYSTEMPATH\Database\MySQLi\Connection.php on line 308.
 1 SYSTEMPATH\Database\MySQLi\Connection.php(308): mysqli->query('SELECT *
FROM `table_users`
WHERE `username_owned` = \'cinta\'', 0)
 2 SYSTEMPATH\Database\BaseConnection.php(722): CodeIgniter\Database\MySQLi\Connection->execute('SELECT *
FROM `table_users`
WHERE `username_owned` = \'cinta\'')
 3 SYSTEMPATH\Database\BaseConnection.php(636): CodeIgniter\Database\BaseConnection->simpleQuery('SELECT *
FROM `table_users`
WHERE `username_owned` = \'cinta\'')
 4 SYSTEMPATH\Database\BaseBuilder.php(1629): CodeIgniter\Database\BaseConnection->query('SELECT *
FROM `table_users`
WHERE `username_owned` = :username_owned:', [...], false)
 5 APPPATH\Models\DataModel.php(138): CodeIgniter\Database\BaseBuilder->get()
 6 APPPATH\Controllers\Works.php(688): App\Models\DataModel->selectAllDataByUsername('cinta', 'users')
 7 APPPATH\Controllers\Works.php(723): App\Controllers\Works->updateUserBalance('1000', 'cinta')
 8 SYSTEMPATH\CodeIgniter.php(933): App\Controllers\Works->deposit_add()
 9 SYSTEMPATH\CodeIgniter.php(509): CodeIgniter\CodeIgniter->runController(Object(App\Controllers\Works))
10 SYSTEMPATH\CodeIgniter.php(355): CodeIgniter\CodeIgniter->handleRequest(null, Object(Config\Cache), false)
11 SYSTEMPATH\Boot.php(312): CodeIgniter\CodeIgniter->run()
12 SYSTEMPATH\Boot.php(67): CodeIgniter\Boot::runCodeIgniter(Object(CodeIgniter\CodeIgniter))
13 FCPATH\index.php(56): CodeIgniter\Boot::bootWeb(Object(Config\Paths))
ERROR - 2024-08-13 04:56:49 --> mysqli_sql_exception: Unknown column 'username_owned' in 'where clause' in C:\xampp\htdocs\solusi-digital\system\Database\MySQLi\Connection.php:308
Stack trace:
#0 C:\xampp\htdocs\solusi-digital\system\Database\MySQLi\Connection.php(308): mysqli->query('SELECT *\nFROM `...', 0)
#1 C:\xampp\htdocs\solusi-digital\system\Database\BaseConnection.php(722): CodeIgniter\Database\MySQLi\Connection->execute('SELECT *\nFROM `...')
#2 C:\xampp\htdocs\solusi-digital\system\Database\BaseConnection.php(636): CodeIgniter\Database\BaseConnection->simpleQuery('SELECT *\nFROM `...')
#3 C:\xampp\htdocs\solusi-digital\system\Database\BaseBuilder.php(1629): CodeIgniter\Database\BaseConnection->query('SELECT *\nFROM `...', Array, false)
#4 C:\xampp\htdocs\solusi-digital\app\Models\DataModel.php(138): CodeIgniter\Database\BaseBuilder->get()
#5 C:\xampp\htdocs\solusi-digital\app\Controllers\Works.php(688): App\Models\DataModel->selectAllDataByUsername('cinta', 'users')
#6 C:\xampp\htdocs\solusi-digital\app\Controllers\Works.php(723): App\Controllers\Works->updateUserBalance('1000', 'cinta')
#7 C:\xampp\htdocs\solusi-digital\system\CodeIgniter.php(933): App\Controllers\Works->deposit_add()
#8 C:\xampp\htdocs\solusi-digital\system\CodeIgniter.php(509): CodeIgniter\CodeIgniter->runController(Object(App\Controllers\Works))
#9 C:\xampp\htdocs\solusi-digital\system\CodeIgniter.php(355): CodeIgniter\CodeIgniter->handleRequest(NULL, Object(Config\Cache), false)
#10 C:\xampp\htdocs\solusi-digital\system\Boot.php(312): CodeIgniter\CodeIgniter->run()
#11 C:\xampp\htdocs\solusi-digital\system\Boot.php(67): CodeIgniter\Boot::runCodeIgniter(Object(CodeIgniter\CodeIgniter))
#12 C:\xampp\htdocs\solusi-digital\index.php(56): CodeIgniter\Boot::bootWeb(Object(Config\Paths))
#13 {main}
CRITICAL - 2024-08-13 04:56:49 --> CodeIgniter\Database\Exceptions\DatabaseException: Unknown column 'username_owned' in 'where clause'
[Method: POST, Route: add-new-deposit]
in SYSTEMPATH\Database\BaseConnection.php on line 676.
 1 SYSTEMPATH\Database\BaseBuilder.php(1629): CodeIgniter\Database\BaseConnection->query('SELECT *
FROM `table_users`
WHERE `username_owned` = :username_owned:', [...], false)
 2 APPPATH\Models\DataModel.php(138): CodeIgniter\Database\BaseBuilder->get()
 3 APPPATH\Controllers\Works.php(688): App\Models\DataModel->selectAllDataByUsername('cinta', 'users')
 4 APPPATH\Controllers\Works.php(723): App\Controllers\Works->updateUserBalance('1000', 'cinta')
 5 SYSTEMPATH\CodeIgniter.php(933): App\Controllers\Works->deposit_add()
 6 SYSTEMPATH\CodeIgniter.php(509): CodeIgniter\CodeIgniter->runController(Object(App\Controllers\Works))
 7 SYSTEMPATH\CodeIgniter.php(355): CodeIgniter\CodeIgniter->handleRequest(null, Object(Config\Cache), false)
 8 SYSTEMPATH\Boot.php(312): CodeIgniter\CodeIgniter->run()
 9 SYSTEMPATH\Boot.php(67): CodeIgniter\Boot::runCodeIgniter(Object(CodeIgniter\CodeIgniter))
10 FCPATH\index.php(56): CodeIgniter\Boot::bootWeb(Object(Config\Paths))
CRITICAL - 2024-08-13 04:56:49 --> [Caused by] CodeIgniter\Database\Exceptions\DatabaseException: Unknown column 'username_owned' in 'where clause'
in SYSTEMPATH\Database\MySQLi\Connection.php on line 313.
 1 SYSTEMPATH\Database\BaseConnection.php(722): CodeIgniter\Database\MySQLi\Connection->execute('SELECT *
FROM `table_users`
WHERE `username_owned` = \'cinta\'')
 2 SYSTEMPATH\Database\BaseConnection.php(636): CodeIgniter\Database\BaseConnection->simpleQuery('SELECT *
FROM `table_users`
WHERE `username_owned` = \'cinta\'')
 3 SYSTEMPATH\Database\BaseBuilder.php(1629): CodeIgniter\Database\BaseConnection->query('SELECT *
FROM `table_users`
WHERE `username_owned` = :username_owned:', [...], false)
 4 APPPATH\Models\DataModel.php(138): CodeIgniter\Database\BaseBuilder->get()
 5 APPPATH\Controllers\Works.php(688): App\Models\DataModel->selectAllDataByUsername('cinta', 'users')
 6 APPPATH\Controllers\Works.php(723): App\Controllers\Works->updateUserBalance('1000', 'cinta')
 7 SYSTEMPATH\CodeIgniter.php(933): App\Controllers\Works->deposit_add()
 8 SYSTEMPATH\CodeIgniter.php(509): CodeIgniter\CodeIgniter->runController(Object(App\Controllers\Works))
 9 SYSTEMPATH\CodeIgniter.php(355): CodeIgniter\CodeIgniter->handleRequest(null, Object(Config\Cache), false)
10 SYSTEMPATH\Boot.php(312): CodeIgniter\CodeIgniter->run()
11 SYSTEMPATH\Boot.php(67): CodeIgniter\Boot::runCodeIgniter(Object(CodeIgniter\CodeIgniter))
12 FCPATH\index.php(56): CodeIgniter\Boot::bootWeb(Object(Config\Paths))
CRITICAL - 2024-08-13 04:56:49 --> [Caused by] mysqli_sql_exception: Unknown column 'username_owned' in 'where clause'
in SYSTEMPATH\Database\MySQLi\Connection.php on line 308.
 1 SYSTEMPATH\Database\MySQLi\Connection.php(308): mysqli->query('SELECT *
FROM `table_users`
WHERE `username_owned` = \'cinta\'', 0)
 2 SYSTEMPATH\Database\BaseConnection.php(722): CodeIgniter\Database\MySQLi\Connection->execute('SELECT *
FROM `table_users`
WHERE `username_owned` = \'cinta\'')
 3 SYSTEMPATH\Database\BaseConnection.php(636): CodeIgniter\Database\BaseConnection->simpleQuery('SELECT *
FROM `table_users`
WHERE `username_owned` = \'cinta\'')
 4 SYSTEMPATH\Database\BaseBuilder.php(1629): CodeIgniter\Database\BaseConnection->query('SELECT *
FROM `table_users`
WHERE `username_owned` = :username_owned:', [...], false)
 5 APPPATH\Models\DataModel.php(138): CodeIgniter\Database\BaseBuilder->get()
 6 APPPATH\Controllers\Works.php(688): App\Models\DataModel->selectAllDataByUsername('cinta', 'users')
 7 APPPATH\Controllers\Works.php(723): App\Controllers\Works->updateUserBalance('1000', 'cinta')
 8 SYSTEMPATH\CodeIgniter.php(933): App\Controllers\Works->deposit_add()
 9 SYSTEMPATH\CodeIgniter.php(509): CodeIgniter\CodeIgniter->runController(Object(App\Controllers\Works))
10 SYSTEMPATH\CodeIgniter.php(355): CodeIgniter\CodeIgniter->handleRequest(null, Object(Config\Cache), false)
11 SYSTEMPATH\Boot.php(312): CodeIgniter\CodeIgniter->run()
12 SYSTEMPATH\Boot.php(67): CodeIgniter\Boot::runCodeIgniter(Object(CodeIgniter\CodeIgniter))
13 FCPATH\index.php(56): CodeIgniter\Boot::bootWeb(Object(Config\Paths))
INFO - 2024-08-13 04:57:04 --> Session: Class initialized using 'CodeIgniter\Session\Handlers\FileHandler' driver.
INFO - 2024-08-13 04:57:05 --> Session: Class initialized using 'CodeIgniter\Session\Handlers\FileHandler' driver.
ERROR - 2024-08-13 04:57:12 --> mysqli_sql_exception: Unknown column 'username_owned' in 'where clause' in C:\xampp\htdocs\solusi-digital\system\Database\MySQLi\Connection.php:308
Stack trace:
#0 C:\xampp\htdocs\solusi-digital\system\Database\MySQLi\Connection.php(308): mysqli->query('SELECT *\nFROM `...', 0)
#1 C:\xampp\htdocs\solusi-digital\system\Database\BaseConnection.php(722): CodeIgniter\Database\MySQLi\Connection->execute('SELECT *\nFROM `...')
#2 C:\xampp\htdocs\solusi-digital\system\Database\BaseConnection.php(636): CodeIgniter\Database\BaseConnection->simpleQuery('SELECT *\nFROM `...')
#3 C:\xampp\htdocs\solusi-digital\system\Database\BaseBuilder.php(1629): CodeIgniter\Database\BaseConnection->query('SELECT *\nFROM `...', Array, false)
#4 C:\xampp\htdocs\solusi-digital\app\Models\DataModel.php(138): CodeIgniter\Database\BaseBuilder->get()
#5 C:\xampp\htdocs\solusi-digital\app\Controllers\Works.php(688): App\Models\DataModel->selectAllDataByUsername('cinta', 'users')
#6 C:\xampp\htdocs\solusi-digital\app\Controllers\Works.php(723): App\Controllers\Works->updateUserBalance('200', 'cinta')
#7 C:\xampp\htdocs\solusi-digital\system\CodeIgniter.php(933): App\Controllers\Works->deposit_add()
#8 C:\xampp\htdocs\solusi-digital\system\CodeIgniter.php(509): CodeIgniter\CodeIgniter->runController(Object(App\Controllers\Works))
#9 C:\xampp\htdocs\solusi-digital\system\CodeIgniter.php(355): CodeIgniter\CodeIgniter->handleRequest(NULL, Object(Config\Cache), false)
#10 C:\xampp\htdocs\solusi-digital\system\Boot.php(312): CodeIgniter\CodeIgniter->run()
#11 C:\xampp\htdocs\solusi-digital\system\Boot.php(67): CodeIgniter\Boot::runCodeIgniter(Object(CodeIgniter\CodeIgniter))
#12 C:\xampp\htdocs\solusi-digital\index.php(56): CodeIgniter\Boot::bootWeb(Object(Config\Paths))
#13 {main}
CRITICAL - 2024-08-13 04:57:12 --> CodeIgniter\Database\Exceptions\DatabaseException: Unknown column 'username_owned' in 'where clause'
[Method: POST, Route: add-new-deposit]
in SYSTEMPATH\Database\BaseConnection.php on line 676.
 1 SYSTEMPATH\Database\BaseBuilder.php(1629): CodeIgniter\Database\BaseConnection->query('SELECT *
FROM `table_users`
WHERE `username_owned` = :username_owned:', [...], false)
 2 APPPATH\Models\DataModel.php(138): CodeIgniter\Database\BaseBuilder->get()
 3 APPPATH\Controllers\Works.php(688): App\Models\DataModel->selectAllDataByUsername('cinta', 'users')
 4 APPPATH\Controllers\Works.php(723): App\Controllers\Works->updateUserBalance('200', 'cinta')
 5 SYSTEMPATH\CodeIgniter.php(933): App\Controllers\Works->deposit_add()
 6 SYSTEMPATH\CodeIgniter.php(509): CodeIgniter\CodeIgniter->runController(Object(App\Controllers\Works))
 7 SYSTEMPATH\CodeIgniter.php(355): CodeIgniter\CodeIgniter->handleRequest(null, Object(Config\Cache), false)
 8 SYSTEMPATH\Boot.php(312): CodeIgniter\CodeIgniter->run()
 9 SYSTEMPATH\Boot.php(67): CodeIgniter\Boot::runCodeIgniter(Object(CodeIgniter\CodeIgniter))
10 FCPATH\index.php(56): CodeIgniter\Boot::bootWeb(Object(Config\Paths))
CRITICAL - 2024-08-13 04:57:12 --> [Caused by] CodeIgniter\Database\Exceptions\DatabaseException: Unknown column 'username_owned' in 'where clause'
in SYSTEMPATH\Database\MySQLi\Connection.php on line 313.
 1 SYSTEMPATH\Database\BaseConnection.php(722): CodeIgniter\Database\MySQLi\Connection->execute('SELECT *
FROM `table_users`
WHERE `username_owned` = \'cinta\'')
 2 SYSTEMPATH\Database\BaseConnection.php(636): CodeIgniter\Database\BaseConnection->simpleQuery('SELECT *
FROM `table_users`
WHERE `username_owned` = \'cinta\'')
 3 SYSTEMPATH\Database\BaseBuilder.php(1629): CodeIgniter\Database\BaseConnection->query('SELECT *
FROM `table_users`
WHERE `username_owned` = :username_owned:', [...], false)
 4 APPPATH\Models\DataModel.php(138): CodeIgniter\Database\BaseBuilder->get()
 5 APPPATH\Controllers\Works.php(688): App\Models\DataModel->selectAllDataByUsername('cinta', 'users')
 6 APPPATH\Controllers\Works.php(723): App\Controllers\Works->updateUserBalance('200', 'cinta')
 7 SYSTEMPATH\CodeIgniter.php(933): App\Controllers\Works->deposit_add()
 8 SYSTEMPATH\CodeIgniter.php(509): CodeIgniter\CodeIgniter->runController(Object(App\Controllers\Works))
 9 SYSTEMPATH\CodeIgniter.php(355): CodeIgniter\CodeIgniter->handleRequest(null, Object(Config\Cache), false)
10 SYSTEMPATH\Boot.php(312): CodeIgniter\CodeIgniter->run()
11 SYSTEMPATH\Boot.php(67): CodeIgniter\Boot::runCodeIgniter(Object(CodeIgniter\CodeIgniter))
12 FCPATH\index.php(56): CodeIgniter\Boot::bootWeb(Object(Config\Paths))
CRITICAL - 2024-08-13 04:57:12 --> [Caused by] mysqli_sql_exception: Unknown column 'username_owned' in 'where clause'
in SYSTEMPATH\Database\MySQLi\Connection.php on line 308.
 1 SYSTEMPATH\Database\MySQLi\Connection.php(308): mysqli->query('SELECT *
FROM `table_users`
WHERE `username_owned` = \'cinta\'', 0)
 2 SYSTEMPATH\Database\BaseConnection.php(722): CodeIgniter\Database\MySQLi\Connection->execute('SELECT *
FROM `table_users`
WHERE `username_owned` = \'cinta\'')
 3 SYSTEMPATH\Database\BaseConnection.php(636): CodeIgniter\Database\BaseConnection->simpleQuery('SELECT *
FROM `table_users`
WHERE `username_owned` = \'cinta\'')
 4 SYSTEMPATH\Database\BaseBuilder.php(1629): CodeIgniter\Database\BaseConnection->query('SELECT *
FROM `table_users`
WHERE `username_owned` = :username_owned:', [...], false)
 5 APPPATH\Models\DataModel.php(138): CodeIgniter\Database\BaseBuilder->get()
 6 APPPATH\Controllers\Works.php(688): App\Models\DataModel->selectAllDataByUsername('cinta', 'users')
 7 APPPATH\Controllers\Works.php(723): App\Controllers\Works->updateUserBalance('200', 'cinta')
 8 SYSTEMPATH\CodeIgniter.php(933): App\Controllers\Works->deposit_add()
 9 SYSTEMPATH\CodeIgniter.php(509): CodeIgniter\CodeIgniter->runController(Object(App\Controllers\Works))
10 SYSTEMPATH\CodeIgniter.php(355): CodeIgniter\CodeIgniter->handleRequest(null, Object(Config\Cache), false)
11 SYSTEMPATH\Boot.php(312): CodeIgniter\CodeIgniter->run()
12 SYSTEMPATH\Boot.php(67): CodeIgniter\Boot::runCodeIgniter(Object(CodeIgniter\CodeIgniter))
13 FCPATH\index.php(56): CodeIgniter\Boot::bootWeb(Object(Config\Paths))
CRITICAL - 2024-08-13 04:58:17 --> ErrorException: Attempt to read property "balance" on array
[Method: POST, Route: add-new-deposit]
in APPPATH\Controllers\Works.php on line 690.
 1 APPPATH\Controllers\Works.php(690): CodeIgniter\Debug\Exceptions->errorHandler(2, 'Attempt to read property "balance" on array', 'C:\\xampp\\htdocs\\solusi-digital\\app\\Controllers\\Works.php', 690)
 2 APPPATH\Controllers\Works.php(723): App\Controllers\Works->updateUserBalance('200', 'cinta')
 3 SYSTEMPATH\CodeIgniter.php(933): App\Controllers\Works->deposit_add()
 4 SYSTEMPATH\CodeIgniter.php(509): CodeIgniter\CodeIgniter->runController(Object(App\Controllers\Works))
 5 SYSTEMPATH\CodeIgniter.php(355): CodeIgniter\CodeIgniter->handleRequest(null, Object(Config\Cache), false)
 6 SYSTEMPATH\Boot.php(312): CodeIgniter\CodeIgniter->run()
 7 SYSTEMPATH\Boot.php(67): CodeIgniter\Boot::runCodeIgniter(Object(CodeIgniter\CodeIgniter))
 8 FCPATH\index.php(56): CodeIgniter\Boot::bootWeb(Object(Config\Paths))
CRITICAL - 2024-08-13 05:00:23 --> ErrorException: Undefined array key "balance"
[Method: POST, Route: add-new-deposit]
in APPPATH\Controllers\Works.php on line 690.
 1 APPPATH\Controllers\Works.php(690): CodeIgniter\Debug\Exceptions->errorHandler(2, 'Undefined array key "balance"', 'C:\\xampp\\htdocs\\solusi-digital\\app\\Controllers\\Works.php', 690)
 2 APPPATH\Controllers\Works.php(723): App\Controllers\Works->updateUserBalance('200', 'cinta')
 3 SYSTEMPATH\CodeIgniter.php(933): App\Controllers\Works->deposit_add()
 4 SYSTEMPATH\CodeIgniter.php(509): CodeIgniter\CodeIgniter->runController(Object(App\Controllers\Works))
 5 SYSTEMPATH\CodeIgniter.php(355): CodeIgniter\CodeIgniter->handleRequest(null, Object(Config\Cache), false)
 6 SYSTEMPATH\Boot.php(312): CodeIgniter\CodeIgniter->run()
 7 SYSTEMPATH\Boot.php(67): CodeIgniter\Boot::runCodeIgniter(Object(CodeIgniter\CodeIgniter))
 8 FCPATH\index.php(56): CodeIgniter\Boot::bootWeb(Object(Config\Paths))
CRITICAL - 2024-08-13 05:00:44 --> Error: Undefined constant "App\Controllers\balance"
[Method: POST, Route: add-new-deposit]
in APPPATH\Controllers\Works.php on line 696.
 1 APPPATH\Controllers\Works.php(723): App\Controllers\Works->updateUserBalance('200', 'cinta')
 2 SYSTEMPATH\CodeIgniter.php(933): App\Controllers\Works->deposit_add()
 3 SYSTEMPATH\CodeIgniter.php(509): CodeIgniter\CodeIgniter->runController(Object(App\Controllers\Works))
 4 SYSTEMPATH\CodeIgniter.php(355): CodeIgniter\CodeIgniter->handleRequest(null, Object(Config\Cache), false)
 5 SYSTEMPATH\Boot.php(312): CodeIgniter\CodeIgniter->run()
 6 SYSTEMPATH\Boot.php(67): CodeIgniter\Boot::runCodeIgniter(Object(CodeIgniter\CodeIgniter))
 7 FCPATH\index.php(56): CodeIgniter\Boot::bootWeb(Object(Config\Paths))
INFO - 2024-08-13 05:02:45 --> Session: Class initialized using 'CodeIgniter\Session\Handlers\FileHandler' driver.
INFO - 2024-08-13 05:04:17 --> Session: Class initialized using 'CodeIgniter\Session\Handlers\FileHandler' driver.
INFO - 2024-08-13 05:04:27 --> Session: Class initialized using 'CodeIgniter\Session\Handlers\FileHandler' driver.
INFO - 2024-08-13 05:04:50 --> Session: Class initialized using 'CodeIgniter\Session\Handlers\FileHandler' driver.
INFO - 2024-08-13 05:04:50 --> Session: Class initialized using 'CodeIgniter\Session\Handlers\FileHandler' driver.
INFO - 2024-08-13 05:05:08 --> Session: Class initialized using 'CodeIgniter\Session\Handlers\FileHandler' driver.
INFO - 2024-08-13 05:05:11 --> Session: Class initialized using 'CodeIgniter\Session\Handlers\FileHandler' driver.
INFO - 2024-08-13 05:05:53 --> Session: Class initialized using 'CodeIgniter\Session\Handlers\FileHandler' driver.
INFO - 2024-08-13 06:00:33 --> Session: Class initialized using 'CodeIgniter\Session\Handlers\FileHandler' driver.
INFO - 2024-08-13 06:00:40 --> Session: Class initialized using 'CodeIgniter\Session\Handlers\FileHandler' driver.
INFO - 2024-08-13 06:00:40 --> Session: Class initialized using 'CodeIgniter\Session\Handlers\FileHandler' driver.
INFO - 2024-08-13 06:00:40 --> Session: Class initialized using 'CodeIgniter\Session\Handlers\FileHandler' driver.
INFO - 2024-08-13 06:00:40 --> Session: Class initialized using 'CodeIgniter\Session\Handlers\FileHandler' driver.
INFO - 2024-08-13 06:00:41 --> Session: Class initialized using 'CodeIgniter\Session\Handlers\FileHandler' driver.
INFO - 2024-08-13 06:00:41 --> Session: Class initialized using 'CodeIgniter\Session\Handlers\FileHandler' driver.
INFO - 2024-08-13 07:50:27 --> Session: Class initialized using 'CodeIgniter\Session\Handlers\FileHandler' driver.
INFO - 2024-08-13 07:50:28 --> Session: Class initialized using 'CodeIgniter\Session\Handlers\FileHandler' driver.
INFO - 2024-08-13 07:50:38 --> Session: Class initialized using 'CodeIgniter\Session\Handlers\FileHandler' driver.
INFO - 2024-08-13 07:50:56 --> Session: Class initialized using 'CodeIgniter\Session\Handlers\FileHandler' driver.
INFO - 2024-08-13 07:50:57 --> Session: Class initialized using 'CodeIgniter\Session\Handlers\FileHandler' driver.
INFO - 2024-08-13 07:50:57 --> Session: Class initialized using 'CodeIgniter\Session\Handlers\FileHandler' driver.
INFO - 2024-08-13 07:50:57 --> Session: Class initialized using 'CodeIgniter\Session\Handlers\FileHandler' driver.
INFO - 2024-08-13 07:50:57 --> Session: Class initialized using 'CodeIgniter\Session\Handlers\FileHandler' driver.
INFO - 2024-08-13 07:50:57 --> Session: Class initialized using 'CodeIgniter\Session\Handlers\FileHandler' driver.
INFO - 2024-08-13 07:53:52 --> Session: Class initialized using 'CodeIgniter\Session\Handlers\FileHandler' driver.
INFO - 2024-08-13 07:53:52 --> Session: Class initialized using 'CodeIgniter\Session\Handlers\FileHandler' driver.
INFO - 2024-08-13 07:53:52 --> Session: Class initialized using 'CodeIgniter\Session\Handlers\FileHandler' driver.
INFO - 2024-08-13 07:53:53 --> Session: Class initialized using 'CodeIgniter\Session\Handlers\FileHandler' driver.
INFO - 2024-08-13 07:53:53 --> Session: Class initialized using 'CodeIgniter\Session\Handlers\FileHandler' driver.
INFO - 2024-08-13 07:53:53 --> Session: Class initialized using 'CodeIgniter\Session\Handlers\FileHandler' driver.
INFO - 2024-08-13 07:53:53 --> Session: Class initialized using 'CodeIgniter\Session\Handlers\FileHandler' driver.
INFO - 2024-08-13 07:53:53 --> Session: Class initialized using 'CodeIgniter\Session\Handlers\FileHandler' driver.
INFO - 2024-08-13 07:54:13 --> Session: Class initialized using 'CodeIgniter\Session\Handlers\FileHandler' driver.
INFO - 2024-08-13 07:54:19 --> Session: Class initialized using 'CodeIgniter\Session\Handlers\FileHandler' driver.
INFO - 2024-08-13 07:54:19 --> Session: Class initialized using 'CodeIgniter\Session\Handlers\FileHandler' driver.
INFO - 2024-08-13 07:54:19 --> Session: Class initialized using 'CodeIgniter\Session\Handlers\FileHandler' driver.
INFO - 2024-08-13 07:54:19 --> Session: Class initialized using 'CodeIgniter\Session\Handlers\FileHandler' driver.
INFO - 2024-08-13 07:54:19 --> Session: Class initialized using 'CodeIgniter\Session\Handlers\FileHandler' driver.
INFO - 2024-08-13 07:54:19 --> Session: Class initialized using 'CodeIgniter\Session\Handlers\FileHandler' driver.
INFO - 2024-08-13 07:54:19 --> Session: Class initialized using 'CodeIgniter\Session\Handlers\FileHandler' driver.
INFO - 2024-08-13 07:54:19 --> Session: Class initialized using 'CodeIgniter\Session\Handlers\FileHandler' driver.
INFO - 2024-08-13 07:55:28 --> Session: Class initialized using 'CodeIgniter\Session\Handlers\FileHandler' driver.
INFO - 2024-08-13 07:55:34 --> Session: Class initialized using 'CodeIgniter\Session\Handlers\FileHandler' driver.
INFO - 2024-08-13 07:55:34 --> Session: Class initialized using 'CodeIgniter\Session\Handlers\FileHandler' driver.
INFO - 2024-08-13 07:55:34 --> Session: Class initialized using 'CodeIgniter\Session\Handlers\FileHandler' driver.
INFO - 2024-08-13 07:55:34 --> Session: Class initialized using 'CodeIgniter\Session\Handlers\FileHandler' driver.
INFO - 2024-08-13 07:55:35 --> Session: Class initialized using 'CodeIgniter\Session\Handlers\FileHandler' driver.
INFO - 2024-08-13 07:55:35 --> Session: Class initialized using 'CodeIgniter\Session\Handlers\FileHandler' driver.
INFO - 2024-08-13 07:55:35 --> Session: Class initialized using 'CodeIgniter\Session\Handlers\FileHandler' driver.
INFO - 2024-08-13 07:55:35 --> Session: Class initialized using 'CodeIgniter\Session\Handlers\FileHandler' driver.
INFO - 2024-08-13 07:55:35 --> Session: Class initialized using 'CodeIgniter\Session\Handlers\FileHandler' driver.
INFO - 2024-08-13 07:55:35 --> Session: Class initialized using 'CodeIgniter\Session\Handlers\FileHandler' driver.
INFO - 2024-08-13 07:56:57 --> Session: Class initialized using 'CodeIgniter\Session\Handlers\FileHandler' driver.
INFO - 2024-08-13 07:59:26 --> Session: Class initialized using 'CodeIgniter\Session\Handlers\FileHandler' driver.
INFO - 2024-08-13 07:59:33 --> Session: Class initialized using 'CodeIgniter\Session\Handlers\FileHandler' driver.
INFO - 2024-08-13 08:05:25 --> Session: Class initialized using 'CodeIgniter\Session\Handlers\FileHandler' driver.
INFO - 2024-08-13 08:05:32 --> Session: Class initialized using 'CodeIgniter\Session\Handlers\FileHandler' driver.
INFO - 2024-08-13 08:06:25 --> Session: Class initialized using 'CodeIgniter\Session\Handlers\FileHandler' driver.
CRITICAL - 2024-08-13 08:07:34 --> ErrorException: Undefined variable $s
[Method: POST, Route: update-deposit]
in APPPATH\Controllers\Works.php on line 314.
 1 APPPATH\Controllers\Works.php(314): CodeIgniter\Debug\Exceptions->errorHandler(2, 'Undefined variable $s', 'C:\\xampp\\htdocs\\solusi-digital\\app\\Controllers\\Works.php', 314)
 2 SYSTEMPATH\CodeIgniter.php(933): App\Controllers\Works->deposit_update()
 3 SYSTEMPATH\CodeIgniter.php(509): CodeIgniter\CodeIgniter->runController(Object(App\Controllers\Works))
 4 SYSTEMPATH\CodeIgniter.php(355): CodeIgniter\CodeIgniter->handleRequest(null, Object(Config\Cache), false)
 5 SYSTEMPATH\Boot.php(312): CodeIgniter\CodeIgniter->run()
 6 SYSTEMPATH\Boot.php(67): CodeIgniter\Boot::runCodeIgniter(Object(CodeIgniter\CodeIgniter))
 7 FCPATH\index.php(56): CodeIgniter\Boot::bootWeb(Object(Config\Paths))
INFO - 2024-08-13 08:09:18 --> Session: Class initialized using 'CodeIgniter\Session\Handlers\FileHandler' driver.
CRITICAL - 2024-08-13 08:09:25 --> ErrorException: Undefined variable $s
[Method: POST, Route: update-deposit]
in APPPATH\Controllers\Works.php on line 314.
 1 APPPATH\Controllers\Works.php(314): CodeIgniter\Debug\Exceptions->errorHandler(2, 'Undefined variable $s', 'C:\\xampp\\htdocs\\solusi-digital\\app\\Controllers\\Works.php', 314)
 2 SYSTEMPATH\CodeIgniter.php(933): App\Controllers\Works->deposit_update()
 3 SYSTEMPATH\CodeIgniter.php(509): CodeIgniter\CodeIgniter->runController(Object(App\Controllers\Works))
 4 SYSTEMPATH\CodeIgniter.php(355): CodeIgniter\CodeIgniter->handleRequest(null, Object(Config\Cache), false)
 5 SYSTEMPATH\Boot.php(312): CodeIgniter\CodeIgniter->run()
 6 SYSTEMPATH\Boot.php(67): CodeIgniter\Boot::runCodeIgniter(Object(CodeIgniter\CodeIgniter))
 7 FCPATH\index.php(56): CodeIgniter\Boot::bootWeb(Object(Config\Paths))
INFO - 2024-08-13 08:14:48 --> Session: Class initialized using 'CodeIgniter\Session\Handlers\FileHandler' driver.
CRITICAL - 2024-08-13 08:14:57 --> ErrorException: Undefined variable $s
[Method: POST, Route: update-deposit]
in APPPATH\Controllers\Works.php on line 314.
 1 APPPATH\Controllers\Works.php(314): CodeIgniter\Debug\Exceptions->errorHandler(2, 'Undefined variable $s', 'C:\\xampp\\htdocs\\solusi-digital\\app\\Controllers\\Works.php', 314)
 2 SYSTEMPATH\CodeIgniter.php(933): App\Controllers\Works->deposit_update()
 3 SYSTEMPATH\CodeIgniter.php(509): CodeIgniter\CodeIgniter->runController(Object(App\Controllers\Works))
 4 SYSTEMPATH\CodeIgniter.php(355): CodeIgniter\CodeIgniter->handleRequest(null, Object(Config\Cache), false)
 5 SYSTEMPATH\Boot.php(312): CodeIgniter\CodeIgniter->run()
 6 SYSTEMPATH\Boot.php(67): CodeIgniter\Boot::runCodeIgniter(Object(CodeIgniter\CodeIgniter))
 7 FCPATH\index.php(56): CodeIgniter\Boot::bootWeb(Object(Config\Paths))
INFO - 2024-08-13 08:15:15 --> Session: Class initialized using 'CodeIgniter\Session\Handlers\FileHandler' driver.
CRITICAL - 2024-08-13 08:15:22 --> ErrorException: Undefined variable $s
[Method: POST, Route: update-deposit]
in APPPATH\Controllers\Works.php on line 314.
 1 APPPATH\Controllers\Works.php(314): CodeIgniter\Debug\Exceptions->errorHandler(2, 'Undefined variable $s', 'C:\\xampp\\htdocs\\solusi-digital\\app\\Controllers\\Works.php', 314)
 2 SYSTEMPATH\CodeIgniter.php(933): App\Controllers\Works->deposit_update()
 3 SYSTEMPATH\CodeIgniter.php(509): CodeIgniter\CodeIgniter->runController(Object(App\Controllers\Works))
 4 SYSTEMPATH\CodeIgniter.php(355): CodeIgniter\CodeIgniter->handleRequest(null, Object(Config\Cache), false)
 5 SYSTEMPATH\Boot.php(312): CodeIgniter\CodeIgniter->run()
 6 SYSTEMPATH\Boot.php(67): CodeIgniter\Boot::runCodeIgniter(Object(CodeIgniter\CodeIgniter))
 7 FCPATH\index.php(56): CodeIgniter\Boot::bootWeb(Object(Config\Paths))
INFO - 2024-08-13 08:15:59 --> Session: Class initialized using 'CodeIgniter\Session\Handlers\FileHandler' driver.
INFO - 2024-08-13 08:16:08 --> Session: Class initialized using 'CodeIgniter\Session\Handlers\FileHandler' driver.
INFO - 2024-08-13 08:20:11 --> Session: Class initialized using 'CodeIgniter\Session\Handlers\FileHandler' driver.
