INFO - 2024-11-08 10:52:42 --> Session: Class initialized using 'CodeIgniter\Session\Handlers\FileHandler' driver.
INFO - 2024-11-08 10:52:43 --> Session: Class initialized using 'CodeIgniter\Session\Handlers\FileHandler' driver.
WARNING - 2024-11-08 10:52:43 --> [DEPRECATED] number_format(): Passing null to parameter #1 ($num) of type float is deprecated in APPPATH\Controllers\Home.php on line 221.
 1 APPPATH\Controllers\Home.php(221): number_format(null, 0, ',', '.')
 2 APPPATH\Controllers\Home.php(282): App\Controllers\Home->asRupiah(null)
 3 APPPATH\Controllers\Home.php(139): App\Controllers\Home->getDashboardData('team')
 4 SYSTEMPATH\CodeIgniter.php(933): App\Controllers\Home->display_dashboard()
 5 SYSTEMPATH\CodeIgniter.php(509): CodeIgniter\CodeIgniter->runController(Object(App\Controllers\Home))
 6 SYSTEMPATH\CodeIgniter.php(355): CodeIgniter\CodeIgniter->handleRequest(null, Object(Config\Cache), false)
 7 SYSTEMPATH\Boot.php(312): CodeIgniter\CodeIgniter->run()
 8 SYSTEMPATH\Boot.php(67): CodeIgniter\Boot::runCodeIgniter(Object(CodeIgniter\CodeIgniter))
 9 FCPATH\index.php(56): CodeIgniter\Boot::bootWeb(Object(Config\Paths))
WARNING - 2024-11-08 10:52:43 --> [DEPRECATED] number_format(): Passing null to parameter #1 ($num) of type float is deprecated in APPPATH\Controllers\Home.php on line 221.
 1 APPPATH\Controllers\Home.php(221): number_format(null, 0, ',', '.')
 2 APPPATH\Controllers\Home.php(285): App\Controllers\Home->asRupiah(null)
 3 APPPATH\Controllers\Home.php(139): App\Controllers\Home->getDashboardData('team')
 4 SYSTEMPATH\CodeIgniter.php(933): App\Controllers\Home->display_dashboard()
 5 SYSTEMPATH\CodeIgniter.php(509): CodeIgniter\CodeIgniter->runController(Object(App\Controllers\Home))
 6 SYSTEMPATH\CodeIgniter.php(355): CodeIgniter\CodeIgniter->handleRequest(null, Object(Config\Cache), false)
 7 SYSTEMPATH\Boot.php(312): CodeIgniter\CodeIgniter->run()
 8 SYSTEMPATH\Boot.php(67): CodeIgniter\Boot::runCodeIgniter(Object(CodeIgniter\CodeIgniter))
 9 FCPATH\index.php(56): CodeIgniter\Boot::bootWeb(Object(Config\Paths))
WARNING - 2024-11-08 10:52:43 --> [DEPRECATED] number_format(): Passing null to parameter #1 ($num) of type float is deprecated in APPPATH\Controllers\Home.php on line 221.
 1 APPPATH\Controllers\Home.php(221): number_format(null, 0, ',', '.')
 2 APPPATH\Controllers\Home.php(289): App\Controllers\Home->asRupiah(null)
 3 APPPATH\Controllers\Home.php(139): App\Controllers\Home->getDashboardData('team')
 4 SYSTEMPATH\CodeIgniter.php(933): App\Controllers\Home->display_dashboard()
 5 SYSTEMPATH\CodeIgniter.php(509): CodeIgniter\CodeIgniter->runController(Object(App\Controllers\Home))
 6 SYSTEMPATH\CodeIgniter.php(355): CodeIgniter\CodeIgniter->handleRequest(null, Object(Config\Cache), false)
 7 SYSTEMPATH\Boot.php(312): CodeIgniter\CodeIgniter->run()
 8 SYSTEMPATH\Boot.php(67): CodeIgniter\Boot::runCodeIgniter(Object(CodeIgniter\CodeIgniter))
 9 FCPATH\index.php(56): CodeIgniter\Boot::bootWeb(Object(Config\Paths))
WARNING - 2024-11-08 10:52:43 --> [DEPRECATED] number_format(): Passing null to parameter #1 ($num) of type float is deprecated in APPPATH\Controllers\Home.php on line 221.
 1 APPPATH\Controllers\Home.php(221): number_format(null, 0, ',', '.')
 2 APPPATH\Controllers\Home.php(290): App\Controllers\Home->asRupiah(null)
 3 APPPATH\Controllers\Home.php(139): App\Controllers\Home->getDashboardData('team')
 4 SYSTEMPATH\CodeIgniter.php(933): App\Controllers\Home->display_dashboard()
 5 SYSTEMPATH\CodeIgniter.php(509): CodeIgniter\CodeIgniter->runController(Object(App\Controllers\Home))
 6 SYSTEMPATH\CodeIgniter.php(355): CodeIgniter\CodeIgniter->handleRequest(null, Object(Config\Cache), false)
 7 SYSTEMPATH\Boot.php(312): CodeIgniter\CodeIgniter->run()
 8 SYSTEMPATH\Boot.php(67): CodeIgniter\Boot::runCodeIgniter(Object(CodeIgniter\CodeIgniter))
 9 FCPATH\index.php(56): CodeIgniter\Boot::bootWeb(Object(Config\Paths))
WARNING - 2024-11-08 10:52:43 --> [DEPRECATED] number_format(): Passing null to parameter #1 ($num) of type float is deprecated in APPPATH\Controllers\Home.php on line 221.
 1 APPPATH\Controllers\Home.php(221): number_format(null, 0, ',', '.')
 2 APPPATH\Controllers\Home.php(291): App\Controllers\Home->asRupiah(null)
 3 APPPATH\Controllers\Home.php(139): App\Controllers\Home->getDashboardData('team')
 4 SYSTEMPATH\CodeIgniter.php(933): App\Controllers\Home->display_dashboard()
 5 SYSTEMPATH\CodeIgniter.php(509): CodeIgniter\CodeIgniter->runController(Object(App\Controllers\Home))
 6 SYSTEMPATH\CodeIgniter.php(355): CodeIgniter\CodeIgniter->handleRequest(null, Object(Config\Cache), false)
 7 SYSTEMPATH\Boot.php(312): CodeIgniter\CodeIgniter->run()
 8 SYSTEMPATH\Boot.php(67): CodeIgniter\Boot::runCodeIgniter(Object(CodeIgniter\CodeIgniter))
 9 FCPATH\index.php(56): CodeIgniter\Boot::bootWeb(Object(Config\Paths))
WARNING - 2024-11-08 10:52:43 --> [DEPRECATED] number_format(): Passing null to parameter #1 ($num) of type float is deprecated in APPPATH\Controllers\Home.php on line 221.
 1 APPPATH\Controllers\Home.php(221): number_format(null, 0, ',', '.')
 2 APPPATH\Controllers\Home.php(294): App\Controllers\Home->asRupiah(null)
 3 APPPATH\Controllers\Home.php(139): App\Controllers\Home->getDashboardData('team')
 4 SYSTEMPATH\CodeIgniter.php(933): App\Controllers\Home->display_dashboard()
 5 SYSTEMPATH\CodeIgniter.php(509): CodeIgniter\CodeIgniter->runController(Object(App\Controllers\Home))
 6 SYSTEMPATH\CodeIgniter.php(355): CodeIgniter\CodeIgniter->handleRequest(null, Object(Config\Cache), false)
 7 SYSTEMPATH\Boot.php(312): CodeIgniter\CodeIgniter->run()
 8 SYSTEMPATH\Boot.php(67): CodeIgniter\Boot::runCodeIgniter(Object(CodeIgniter\CodeIgniter))
 9 FCPATH\index.php(56): CodeIgniter\Boot::bootWeb(Object(Config\Paths))
INFO - 2024-11-08 10:53:02 --> Session: Class initialized using 'CodeIgniter\Session\Handlers\FileHandler' driver.
WARNING - 2024-11-08 10:53:02 --> [DEPRECATED] number_format(): Passing null to parameter #1 ($num) of type float is deprecated in APPPATH\Controllers\Home.php on line 221.
 1 APPPATH\Controllers\Home.php(221): number_format(null, 0, ',', '.')
 2 APPPATH\Controllers\Home.php(282): App\Controllers\Home->asRupiah(null)
 3 APPPATH\Controllers\Home.php(139): App\Controllers\Home->getDashboardData('team')
 4 SYSTEMPATH\CodeIgniter.php(933): App\Controllers\Home->display_dashboard()
 5 SYSTEMPATH\CodeIgniter.php(509): CodeIgniter\CodeIgniter->runController(Object(App\Controllers\Home))
 6 SYSTEMPATH\CodeIgniter.php(355): CodeIgniter\CodeIgniter->handleRequest(null, Object(Config\Cache), false)
 7 SYSTEMPATH\Boot.php(312): CodeIgniter\CodeIgniter->run()
 8 SYSTEMPATH\Boot.php(67): CodeIgniter\Boot::runCodeIgniter(Object(CodeIgniter\CodeIgniter))
 9 FCPATH\index.php(56): CodeIgniter\Boot::bootWeb(Object(Config\Paths))
WARNING - 2024-11-08 10:53:02 --> [DEPRECATED] number_format(): Passing null to parameter #1 ($num) of type float is deprecated in APPPATH\Controllers\Home.php on line 221.
 1 APPPATH\Controllers\Home.php(221): number_format(null, 0, ',', '.')
 2 APPPATH\Controllers\Home.php(285): App\Controllers\Home->asRupiah(null)
 3 APPPATH\Controllers\Home.php(139): App\Controllers\Home->getDashboardData('team')
 4 SYSTEMPATH\CodeIgniter.php(933): App\Controllers\Home->display_dashboard()
 5 SYSTEMPATH\CodeIgniter.php(509): CodeIgniter\CodeIgniter->runController(Object(App\Controllers\Home))
 6 SYSTEMPATH\CodeIgniter.php(355): CodeIgniter\CodeIgniter->handleRequest(null, Object(Config\Cache), false)
 7 SYSTEMPATH\Boot.php(312): CodeIgniter\CodeIgniter->run()
 8 SYSTEMPATH\Boot.php(67): CodeIgniter\Boot::runCodeIgniter(Object(CodeIgniter\CodeIgniter))
 9 FCPATH\index.php(56): CodeIgniter\Boot::bootWeb(Object(Config\Paths))
WARNING - 2024-11-08 10:53:02 --> [DEPRECATED] number_format(): Passing null to parameter #1 ($num) of type float is deprecated in APPPATH\Controllers\Home.php on line 221.
 1 APPPATH\Controllers\Home.php(221): number_format(null, 0, ',', '.')
 2 APPPATH\Controllers\Home.php(289): App\Controllers\Home->asRupiah(null)
 3 APPPATH\Controllers\Home.php(139): App\Controllers\Home->getDashboardData('team')
 4 SYSTEMPATH\CodeIgniter.php(933): App\Controllers\Home->display_dashboard()
 5 SYSTEMPATH\CodeIgniter.php(509): CodeIgniter\CodeIgniter->runController(Object(App\Controllers\Home))
 6 SYSTEMPATH\CodeIgniter.php(355): CodeIgniter\CodeIgniter->handleRequest(null, Object(Config\Cache), false)
 7 SYSTEMPATH\Boot.php(312): CodeIgniter\CodeIgniter->run()
 8 SYSTEMPATH\Boot.php(67): CodeIgniter\Boot::runCodeIgniter(Object(CodeIgniter\CodeIgniter))
 9 FCPATH\index.php(56): CodeIgniter\Boot::bootWeb(Object(Config\Paths))
WARNING - 2024-11-08 10:53:02 --> [DEPRECATED] number_format(): Passing null to parameter #1 ($num) of type float is deprecated in APPPATH\Controllers\Home.php on line 221.
 1 APPPATH\Controllers\Home.php(221): number_format(null, 0, ',', '.')
 2 APPPATH\Controllers\Home.php(290): App\Controllers\Home->asRupiah(null)
 3 APPPATH\Controllers\Home.php(139): App\Controllers\Home->getDashboardData('team')
 4 SYSTEMPATH\CodeIgniter.php(933): App\Controllers\Home->display_dashboard()
 5 SYSTEMPATH\CodeIgniter.php(509): CodeIgniter\CodeIgniter->runController(Object(App\Controllers\Home))
 6 SYSTEMPATH\CodeIgniter.php(355): CodeIgniter\CodeIgniter->handleRequest(null, Object(Config\Cache), false)
 7 SYSTEMPATH\Boot.php(312): CodeIgniter\CodeIgniter->run()
 8 SYSTEMPATH\Boot.php(67): CodeIgniter\Boot::runCodeIgniter(Object(CodeIgniter\CodeIgniter))
 9 FCPATH\index.php(56): CodeIgniter\Boot::bootWeb(Object(Config\Paths))
WARNING - 2024-11-08 10:53:02 --> [DEPRECATED] number_format(): Passing null to parameter #1 ($num) of type float is deprecated in APPPATH\Controllers\Home.php on line 221.
 1 APPPATH\Controllers\Home.php(221): number_format(null, 0, ',', '.')
 2 APPPATH\Controllers\Home.php(291): App\Controllers\Home->asRupiah(null)
 3 APPPATH\Controllers\Home.php(139): App\Controllers\Home->getDashboardData('team')
 4 SYSTEMPATH\CodeIgniter.php(933): App\Controllers\Home->display_dashboard()
 5 SYSTEMPATH\CodeIgniter.php(509): CodeIgniter\CodeIgniter->runController(Object(App\Controllers\Home))
 6 SYSTEMPATH\CodeIgniter.php(355): CodeIgniter\CodeIgniter->handleRequest(null, Object(Config\Cache), false)
 7 SYSTEMPATH\Boot.php(312): CodeIgniter\CodeIgniter->run()
 8 SYSTEMPATH\Boot.php(67): CodeIgniter\Boot::runCodeIgniter(Object(CodeIgniter\CodeIgniter))
 9 FCPATH\index.php(56): CodeIgniter\Boot::bootWeb(Object(Config\Paths))
WARNING - 2024-11-08 10:53:02 --> [DEPRECATED] number_format(): Passing null to parameter #1 ($num) of type float is deprecated in APPPATH\Controllers\Home.php on line 221.
 1 APPPATH\Controllers\Home.php(221): number_format(null, 0, ',', '.')
 2 APPPATH\Controllers\Home.php(294): App\Controllers\Home->asRupiah(null)
 3 APPPATH\Controllers\Home.php(139): App\Controllers\Home->getDashboardData('team')
 4 SYSTEMPATH\CodeIgniter.php(933): App\Controllers\Home->display_dashboard()
 5 SYSTEMPATH\CodeIgniter.php(509): CodeIgniter\CodeIgniter->runController(Object(App\Controllers\Home))
 6 SYSTEMPATH\CodeIgniter.php(355): CodeIgniter\CodeIgniter->handleRequest(null, Object(Config\Cache), false)
 7 SYSTEMPATH\Boot.php(312): CodeIgniter\CodeIgniter->run()
 8 SYSTEMPATH\Boot.php(67): CodeIgniter\Boot::runCodeIgniter(Object(CodeIgniter\CodeIgniter))
 9 FCPATH\index.php(56): CodeIgniter\Boot::bootWeb(Object(Config\Paths))
INFO - 2024-11-08 10:53:07 --> Session: Class initialized using 'CodeIgniter\Session\Handlers\FileHandler' driver.
WARNING - 2024-11-08 10:53:07 --> [DEPRECATED] number_format(): Passing null to parameter #1 ($num) of type float is deprecated in APPPATH\Controllers\Home.php on line 221.
 1 APPPATH\Controllers\Home.php(221): number_format(null, 0, ',', '.')
 2 APPPATH\Controllers\Home.php(282): App\Controllers\Home->asRupiah(null)
 3 APPPATH\Controllers\Home.php(413): App\Controllers\Home->getDashboardData('team')
 4 SYSTEMPATH\CodeIgniter.php(933): App\Controllers\Home->app_management()
 5 SYSTEMPATH\CodeIgniter.php(509): CodeIgniter\CodeIgniter->runController(Object(App\Controllers\Home))
 6 SYSTEMPATH\CodeIgniter.php(355): CodeIgniter\CodeIgniter->handleRequest(null, Object(Config\Cache), false)
 7 SYSTEMPATH\Boot.php(312): CodeIgniter\CodeIgniter->run()
 8 SYSTEMPATH\Boot.php(67): CodeIgniter\Boot::runCodeIgniter(Object(CodeIgniter\CodeIgniter))
 9 FCPATH\index.php(56): CodeIgniter\Boot::bootWeb(Object(Config\Paths))
WARNING - 2024-11-08 10:53:07 --> [DEPRECATED] number_format(): Passing null to parameter #1 ($num) of type float is deprecated in APPPATH\Controllers\Home.php on line 221.
 1 APPPATH\Controllers\Home.php(221): number_format(null, 0, ',', '.')
 2 APPPATH\Controllers\Home.php(285): App\Controllers\Home->asRupiah(null)
 3 APPPATH\Controllers\Home.php(413): App\Controllers\Home->getDashboardData('team')
 4 SYSTEMPATH\CodeIgniter.php(933): App\Controllers\Home->app_management()
 5 SYSTEMPATH\CodeIgniter.php(509): CodeIgniter\CodeIgniter->runController(Object(App\Controllers\Home))
 6 SYSTEMPATH\CodeIgniter.php(355): CodeIgniter\CodeIgniter->handleRequest(null, Object(Config\Cache), false)
 7 SYSTEMPATH\Boot.php(312): CodeIgniter\CodeIgniter->run()
 8 SYSTEMPATH\Boot.php(67): CodeIgniter\Boot::runCodeIgniter(Object(CodeIgniter\CodeIgniter))
 9 FCPATH\index.php(56): CodeIgniter\Boot::bootWeb(Object(Config\Paths))
WARNING - 2024-11-08 10:53:07 --> [DEPRECATED] number_format(): Passing null to parameter #1 ($num) of type float is deprecated in APPPATH\Controllers\Home.php on line 221.
 1 APPPATH\Controllers\Home.php(221): number_format(null, 0, ',', '.')
 2 APPPATH\Controllers\Home.php(289): App\Controllers\Home->asRupiah(null)
 3 APPPATH\Controllers\Home.php(413): App\Controllers\Home->getDashboardData('team')
 4 SYSTEMPATH\CodeIgniter.php(933): App\Controllers\Home->app_management()
 5 SYSTEMPATH\CodeIgniter.php(509): CodeIgniter\CodeIgniter->runController(Object(App\Controllers\Home))
 6 SYSTEMPATH\CodeIgniter.php(355): CodeIgniter\CodeIgniter->handleRequest(null, Object(Config\Cache), false)
 7 SYSTEMPATH\Boot.php(312): CodeIgniter\CodeIgniter->run()
 8 SYSTEMPATH\Boot.php(67): CodeIgniter\Boot::runCodeIgniter(Object(CodeIgniter\CodeIgniter))
 9 FCPATH\index.php(56): CodeIgniter\Boot::bootWeb(Object(Config\Paths))
WARNING - 2024-11-08 10:53:07 --> [DEPRECATED] number_format(): Passing null to parameter #1 ($num) of type float is deprecated in APPPATH\Controllers\Home.php on line 221.
 1 APPPATH\Controllers\Home.php(221): number_format(null, 0, ',', '.')
 2 APPPATH\Controllers\Home.php(290): App\Controllers\Home->asRupiah(null)
 3 APPPATH\Controllers\Home.php(413): App\Controllers\Home->getDashboardData('team')
 4 SYSTEMPATH\CodeIgniter.php(933): App\Controllers\Home->app_management()
 5 SYSTEMPATH\CodeIgniter.php(509): CodeIgniter\CodeIgniter->runController(Object(App\Controllers\Home))
 6 SYSTEMPATH\CodeIgniter.php(355): CodeIgniter\CodeIgniter->handleRequest(null, Object(Config\Cache), false)
 7 SYSTEMPATH\Boot.php(312): CodeIgniter\CodeIgniter->run()
 8 SYSTEMPATH\Boot.php(67): CodeIgniter\Boot::runCodeIgniter(Object(CodeIgniter\CodeIgniter))
 9 FCPATH\index.php(56): CodeIgniter\Boot::bootWeb(Object(Config\Paths))
WARNING - 2024-11-08 10:53:07 --> [DEPRECATED] number_format(): Passing null to parameter #1 ($num) of type float is deprecated in APPPATH\Controllers\Home.php on line 221.
 1 APPPATH\Controllers\Home.php(221): number_format(null, 0, ',', '.')
 2 APPPATH\Controllers\Home.php(291): App\Controllers\Home->asRupiah(null)
 3 APPPATH\Controllers\Home.php(413): App\Controllers\Home->getDashboardData('team')
 4 SYSTEMPATH\CodeIgniter.php(933): App\Controllers\Home->app_management()
 5 SYSTEMPATH\CodeIgniter.php(509): CodeIgniter\CodeIgniter->runController(Object(App\Controllers\Home))
 6 SYSTEMPATH\CodeIgniter.php(355): CodeIgniter\CodeIgniter->handleRequest(null, Object(Config\Cache), false)
 7 SYSTEMPATH\Boot.php(312): CodeIgniter\CodeIgniter->run()
 8 SYSTEMPATH\Boot.php(67): CodeIgniter\Boot::runCodeIgniter(Object(CodeIgniter\CodeIgniter))
 9 FCPATH\index.php(56): CodeIgniter\Boot::bootWeb(Object(Config\Paths))
WARNING - 2024-11-08 10:53:07 --> [DEPRECATED] number_format(): Passing null to parameter #1 ($num) of type float is deprecated in APPPATH\Controllers\Home.php on line 221.
 1 APPPATH\Controllers\Home.php(221): number_format(null, 0, ',', '.')
 2 APPPATH\Controllers\Home.php(294): App\Controllers\Home->asRupiah(null)
 3 APPPATH\Controllers\Home.php(413): App\Controllers\Home->getDashboardData('team')
 4 SYSTEMPATH\CodeIgniter.php(933): App\Controllers\Home->app_management()
 5 SYSTEMPATH\CodeIgniter.php(509): CodeIgniter\CodeIgniter->runController(Object(App\Controllers\Home))
 6 SYSTEMPATH\CodeIgniter.php(355): CodeIgniter\CodeIgniter->handleRequest(null, Object(Config\Cache), false)
 7 SYSTEMPATH\Boot.php(312): CodeIgniter\CodeIgniter->run()
 8 SYSTEMPATH\Boot.php(67): CodeIgniter\Boot::runCodeIgniter(Object(CodeIgniter\CodeIgniter))
 9 FCPATH\index.php(56): CodeIgniter\Boot::bootWeb(Object(Config\Paths))
INFO - 2024-11-08 10:53:10 --> Session: Class initialized using 'CodeIgniter\Session\Handlers\FileHandler' driver.
WARNING - 2024-11-08 10:53:10 --> [DEPRECATED] number_format(): Passing null to parameter #1 ($num) of type float is deprecated in APPPATH\Controllers\Home.php on line 221.
 1 APPPATH\Controllers\Home.php(221): number_format(null, 0, ',', '.')
 2 APPPATH\Controllers\Home.php(282): App\Controllers\Home->asRupiah(null)
 3 APPPATH\Controllers\Home.php(429): App\Controllers\Home->getDashboardData('team')
 4 SYSTEMPATH\CodeIgniter.php(933): App\Controllers\Home->virtualvisitors_management()
 5 SYSTEMPATH\CodeIgniter.php(509): CodeIgniter\CodeIgniter->runController(Object(App\Controllers\Home))
 6 SYSTEMPATH\CodeIgniter.php(355): CodeIgniter\CodeIgniter->handleRequest(null, Object(Config\Cache), false)
 7 SYSTEMPATH\Boot.php(312): CodeIgniter\CodeIgniter->run()
 8 SYSTEMPATH\Boot.php(67): CodeIgniter\Boot::runCodeIgniter(Object(CodeIgniter\CodeIgniter))
 9 FCPATH\index.php(56): CodeIgniter\Boot::bootWeb(Object(Config\Paths))
WARNING - 2024-11-08 10:53:10 --> [DEPRECATED] number_format(): Passing null to parameter #1 ($num) of type float is deprecated in APPPATH\Controllers\Home.php on line 221.
 1 APPPATH\Controllers\Home.php(221): number_format(null, 0, ',', '.')
 2 APPPATH\Controllers\Home.php(285): App\Controllers\Home->asRupiah(null)
 3 APPPATH\Controllers\Home.php(429): App\Controllers\Home->getDashboardData('team')
 4 SYSTEMPATH\CodeIgniter.php(933): App\Controllers\Home->virtualvisitors_management()
 5 SYSTEMPATH\CodeIgniter.php(509): CodeIgniter\CodeIgniter->runController(Object(App\Controllers\Home))
 6 SYSTEMPATH\CodeIgniter.php(355): CodeIgniter\CodeIgniter->handleRequest(null, Object(Config\Cache), false)
 7 SYSTEMPATH\Boot.php(312): CodeIgniter\CodeIgniter->run()
 8 SYSTEMPATH\Boot.php(67): CodeIgniter\Boot::runCodeIgniter(Object(CodeIgniter\CodeIgniter))
 9 FCPATH\index.php(56): CodeIgniter\Boot::bootWeb(Object(Config\Paths))
WARNING - 2024-11-08 10:53:10 --> [DEPRECATED] number_format(): Passing null to parameter #1 ($num) of type float is deprecated in APPPATH\Controllers\Home.php on line 221.
 1 APPPATH\Controllers\Home.php(221): number_format(null, 0, ',', '.')
 2 APPPATH\Controllers\Home.php(289): App\Controllers\Home->asRupiah(null)
 3 APPPATH\Controllers\Home.php(429): App\Controllers\Home->getDashboardData('team')
 4 SYSTEMPATH\CodeIgniter.php(933): App\Controllers\Home->virtualvisitors_management()
 5 SYSTEMPATH\CodeIgniter.php(509): CodeIgniter\CodeIgniter->runController(Object(App\Controllers\Home))
 6 SYSTEMPATH\CodeIgniter.php(355): CodeIgniter\CodeIgniter->handleRequest(null, Object(Config\Cache), false)
 7 SYSTEMPATH\Boot.php(312): CodeIgniter\CodeIgniter->run()
 8 SYSTEMPATH\Boot.php(67): CodeIgniter\Boot::runCodeIgniter(Object(CodeIgniter\CodeIgniter))
 9 FCPATH\index.php(56): CodeIgniter\Boot::bootWeb(Object(Config\Paths))
WARNING - 2024-11-08 10:53:10 --> [DEPRECATED] number_format(): Passing null to parameter #1 ($num) of type float is deprecated in APPPATH\Controllers\Home.php on line 221.
 1 APPPATH\Controllers\Home.php(221): number_format(null, 0, ',', '.')
 2 APPPATH\Controllers\Home.php(290): App\Controllers\Home->asRupiah(null)
 3 APPPATH\Controllers\Home.php(429): App\Controllers\Home->getDashboardData('team')
 4 SYSTEMPATH\CodeIgniter.php(933): App\Controllers\Home->virtualvisitors_management()
 5 SYSTEMPATH\CodeIgniter.php(509): CodeIgniter\CodeIgniter->runController(Object(App\Controllers\Home))
 6 SYSTEMPATH\CodeIgniter.php(355): CodeIgniter\CodeIgniter->handleRequest(null, Object(Config\Cache), false)
 7 SYSTEMPATH\Boot.php(312): CodeIgniter\CodeIgniter->run()
 8 SYSTEMPATH\Boot.php(67): CodeIgniter\Boot::runCodeIgniter(Object(CodeIgniter\CodeIgniter))
 9 FCPATH\index.php(56): CodeIgniter\Boot::bootWeb(Object(Config\Paths))
WARNING - 2024-11-08 10:53:10 --> [DEPRECATED] number_format(): Passing null to parameter #1 ($num) of type float is deprecated in APPPATH\Controllers\Home.php on line 221.
 1 APPPATH\Controllers\Home.php(221): number_format(null, 0, ',', '.')
 2 APPPATH\Controllers\Home.php(291): App\Controllers\Home->asRupiah(null)
 3 APPPATH\Controllers\Home.php(429): App\Controllers\Home->getDashboardData('team')
 4 SYSTEMPATH\CodeIgniter.php(933): App\Controllers\Home->virtualvisitors_management()
 5 SYSTEMPATH\CodeIgniter.php(509): CodeIgniter\CodeIgniter->runController(Object(App\Controllers\Home))
 6 SYSTEMPATH\CodeIgniter.php(355): CodeIgniter\CodeIgniter->handleRequest(null, Object(Config\Cache), false)
 7 SYSTEMPATH\Boot.php(312): CodeIgniter\CodeIgniter->run()
 8 SYSTEMPATH\Boot.php(67): CodeIgniter\Boot::runCodeIgniter(Object(CodeIgniter\CodeIgniter))
 9 FCPATH\index.php(56): CodeIgniter\Boot::bootWeb(Object(Config\Paths))
WARNING - 2024-11-08 10:53:10 --> [DEPRECATED] number_format(): Passing null to parameter #1 ($num) of type float is deprecated in APPPATH\Controllers\Home.php on line 221.
 1 APPPATH\Controllers\Home.php(221): number_format(null, 0, ',', '.')
 2 APPPATH\Controllers\Home.php(294): App\Controllers\Home->asRupiah(null)
 3 APPPATH\Controllers\Home.php(429): App\Controllers\Home->getDashboardData('team')
 4 SYSTEMPATH\CodeIgniter.php(933): App\Controllers\Home->virtualvisitors_management()
 5 SYSTEMPATH\CodeIgniter.php(509): CodeIgniter\CodeIgniter->runController(Object(App\Controllers\Home))
 6 SYSTEMPATH\CodeIgniter.php(355): CodeIgniter\CodeIgniter->handleRequest(null, Object(Config\Cache), false)
 7 SYSTEMPATH\Boot.php(312): CodeIgniter\CodeIgniter->run()
 8 SYSTEMPATH\Boot.php(67): CodeIgniter\Boot::runCodeIgniter(Object(CodeIgniter\CodeIgniter))
 9 FCPATH\index.php(56): CodeIgniter\Boot::bootWeb(Object(Config\Paths))
INFO - 2024-11-08 10:53:31 --> Session: Class initialized using 'CodeIgniter\Session\Handlers\FileHandler' driver.
WARNING - 2024-11-08 10:53:31 --> [DEPRECATED] number_format(): Passing null to parameter #1 ($num) of type float is deprecated in APPPATH\Controllers\Home.php on line 221.
 1 APPPATH\Controllers\Home.php(221): number_format(null, 0, ',', '.')
 2 APPPATH\Controllers\Home.php(282): App\Controllers\Home->asRupiah(null)
 3 APPPATH\Controllers\Home.php(43): App\Controllers\Home->getDashboardData('team')
 4 SYSTEMPATH\CodeIgniter.php(933): App\Controllers\Home->order_jasa()
 5 SYSTEMPATH\CodeIgniter.php(509): CodeIgniter\CodeIgniter->runController(Object(App\Controllers\Home))
 6 SYSTEMPATH\CodeIgniter.php(355): CodeIgniter\CodeIgniter->handleRequest(null, Object(Config\Cache), false)
 7 SYSTEMPATH\Boot.php(312): CodeIgniter\CodeIgniter->run()
 8 SYSTEMPATH\Boot.php(67): CodeIgniter\Boot::runCodeIgniter(Object(CodeIgniter\CodeIgniter))
 9 FCPATH\index.php(56): CodeIgniter\Boot::bootWeb(Object(Config\Paths))
WARNING - 2024-11-08 10:53:31 --> [DEPRECATED] number_format(): Passing null to parameter #1 ($num) of type float is deprecated in APPPATH\Controllers\Home.php on line 221.
 1 APPPATH\Controllers\Home.php(221): number_format(null, 0, ',', '.')
 2 APPPATH\Controllers\Home.php(285): App\Controllers\Home->asRupiah(null)
 3 APPPATH\Controllers\Home.php(43): App\Controllers\Home->getDashboardData('team')
 4 SYSTEMPATH\CodeIgniter.php(933): App\Controllers\Home->order_jasa()
 5 SYSTEMPATH\CodeIgniter.php(509): CodeIgniter\CodeIgniter->runController(Object(App\Controllers\Home))
 6 SYSTEMPATH\CodeIgniter.php(355): CodeIgniter\CodeIgniter->handleRequest(null, Object(Config\Cache), false)
 7 SYSTEMPATH\Boot.php(312): CodeIgniter\CodeIgniter->run()
 8 SYSTEMPATH\Boot.php(67): CodeIgniter\Boot::runCodeIgniter(Object(CodeIgniter\CodeIgniter))
 9 FCPATH\index.php(56): CodeIgniter\Boot::bootWeb(Object(Config\Paths))
WARNING - 2024-11-08 10:53:31 --> [DEPRECATED] number_format(): Passing null to parameter #1 ($num) of type float is deprecated in APPPATH\Controllers\Home.php on line 221.
 1 APPPATH\Controllers\Home.php(221): number_format(null, 0, ',', '.')
 2 APPPATH\Controllers\Home.php(289): App\Controllers\Home->asRupiah(null)
 3 APPPATH\Controllers\Home.php(43): App\Controllers\Home->getDashboardData('team')
 4 SYSTEMPATH\CodeIgniter.php(933): App\Controllers\Home->order_jasa()
 5 SYSTEMPATH\CodeIgniter.php(509): CodeIgniter\CodeIgniter->runController(Object(App\Controllers\Home))
 6 SYSTEMPATH\CodeIgniter.php(355): CodeIgniter\CodeIgniter->handleRequest(null, Object(Config\Cache), false)
 7 SYSTEMPATH\Boot.php(312): CodeIgniter\CodeIgniter->run()
 8 SYSTEMPATH\Boot.php(67): CodeIgniter\Boot::runCodeIgniter(Object(CodeIgniter\CodeIgniter))
 9 FCPATH\index.php(56): CodeIgniter\Boot::bootWeb(Object(Config\Paths))
WARNING - 2024-11-08 10:53:31 --> [DEPRECATED] number_format(): Passing null to parameter #1 ($num) of type float is deprecated in APPPATH\Controllers\Home.php on line 221.
 1 APPPATH\Controllers\Home.php(221): number_format(null, 0, ',', '.')
 2 APPPATH\Controllers\Home.php(290): App\Controllers\Home->asRupiah(null)
 3 APPPATH\Controllers\Home.php(43): App\Controllers\Home->getDashboardData('team')
 4 SYSTEMPATH\CodeIgniter.php(933): App\Controllers\Home->order_jasa()
 5 SYSTEMPATH\CodeIgniter.php(509): CodeIgniter\CodeIgniter->runController(Object(App\Controllers\Home))
 6 SYSTEMPATH\CodeIgniter.php(355): CodeIgniter\CodeIgniter->handleRequest(null, Object(Config\Cache), false)
 7 SYSTEMPATH\Boot.php(312): CodeIgniter\CodeIgniter->run()
 8 SYSTEMPATH\Boot.php(67): CodeIgniter\Boot::runCodeIgniter(Object(CodeIgniter\CodeIgniter))
 9 FCPATH\index.php(56): CodeIgniter\Boot::bootWeb(Object(Config\Paths))
WARNING - 2024-11-08 10:53:31 --> [DEPRECATED] number_format(): Passing null to parameter #1 ($num) of type float is deprecated in APPPATH\Controllers\Home.php on line 221.
 1 APPPATH\Controllers\Home.php(221): number_format(null, 0, ',', '.')
 2 APPPATH\Controllers\Home.php(291): App\Controllers\Home->asRupiah(null)
 3 APPPATH\Controllers\Home.php(43): App\Controllers\Home->getDashboardData('team')
 4 SYSTEMPATH\CodeIgniter.php(933): App\Controllers\Home->order_jasa()
 5 SYSTEMPATH\CodeIgniter.php(509): CodeIgniter\CodeIgniter->runController(Object(App\Controllers\Home))
 6 SYSTEMPATH\CodeIgniter.php(355): CodeIgniter\CodeIgniter->handleRequest(null, Object(Config\Cache), false)
 7 SYSTEMPATH\Boot.php(312): CodeIgniter\CodeIgniter->run()
 8 SYSTEMPATH\Boot.php(67): CodeIgniter\Boot::runCodeIgniter(Object(CodeIgniter\CodeIgniter))
 9 FCPATH\index.php(56): CodeIgniter\Boot::bootWeb(Object(Config\Paths))
WARNING - 2024-11-08 10:53:31 --> [DEPRECATED] number_format(): Passing null to parameter #1 ($num) of type float is deprecated in APPPATH\Controllers\Home.php on line 221.
 1 APPPATH\Controllers\Home.php(221): number_format(null, 0, ',', '.')
 2 APPPATH\Controllers\Home.php(294): App\Controllers\Home->asRupiah(null)
 3 APPPATH\Controllers\Home.php(43): App\Controllers\Home->getDashboardData('team')
 4 SYSTEMPATH\CodeIgniter.php(933): App\Controllers\Home->order_jasa()
 5 SYSTEMPATH\CodeIgniter.php(509): CodeIgniter\CodeIgniter->runController(Object(App\Controllers\Home))
 6 SYSTEMPATH\CodeIgniter.php(355): CodeIgniter\CodeIgniter->handleRequest(null, Object(Config\Cache), false)
 7 SYSTEMPATH\Boot.php(312): CodeIgniter\CodeIgniter->run()
 8 SYSTEMPATH\Boot.php(67): CodeIgniter\Boot::runCodeIgniter(Object(CodeIgniter\CodeIgniter))
 9 FCPATH\index.php(56): CodeIgniter\Boot::bootWeb(Object(Config\Paths))
