CRITICAL - 2025-04-18 13:30:19 --> Error: Undefined constant "xxx"
[Method: GET, Route: manage-wa-chat-rotator]
in APPPATH\Views\modal_wa_chat_rotator_wizard.php on line 1.
 1 APPPATH\Views\manage_wa_chat_rotator.php(169): include()
 2 SYSTEMPATH\View\View.php(234): include('C:\\xampp\\htdocs\\solusi-digital\\app\\Views\\manage_wa_chat_rotator.php')
 3 SYSTEMPATH\View\View.php(237): CodeIgniter\View\View->CodeIgniter\View\{closure}()
 4 SYSTEMPATH\Common.php(1171): CodeIgniter\View\View->render('manage_wa_chat_rotator', [], true)
 5 APPPATH\Controllers\Home.php(713): view('manage_wa_chat_rotator', [...])
 6 SYSTEMPATH\CodeIgniter.php(933): App\Controllers\Home->wa_chat_rotator_management()
 7 SYSTEMPATH\CodeIgniter.php(509): CodeIgniter\CodeIgniter->runController(Object(App\Controllers\Home))
 8 SYSTEMPATH\CodeIgniter.php(355): CodeIgniter\CodeIgniter->handleRequest(null, Object(Config\Cache), false)
 9 SYSTEMPATH\Boot.php(312): CodeIgniter\CodeIgniter->run()
10 SYSTEMPATH\Boot.php(67): CodeIgniter\Boot::runCodeIgniter(Object(CodeIgniter\CodeIgniter))
11 FCPATH\index.php(56): CodeIgniter\Boot::bootWeb(Object(Config\Paths))
CRITICAL - 2025-04-18 14:12:30 --> ErrorException: Trying to access array offset on value of type null
[Method: POST, Route: update-wa-chat-rotator]
in APPPATH\Controllers\Works.php on line 2204.
 1 APPPATH\Controllers\Works.php(2204): CodeIgniter\Debug\Exceptions->errorHandler(2, 'Trying to access array offset on value of type null', 'C:\\xampp\\htdocs\\solusi-digital\\app\\Controllers\\Works.php', 2204)
 2 SYSTEMPATH\CodeIgniter.php(933): App\Controllers\Works->wa_chat_rotator_update()
 3 SYSTEMPATH\CodeIgniter.php(509): CodeIgniter\CodeIgniter->runController(Object(App\Controllers\Works))
 4 SYSTEMPATH\CodeIgniter.php(355): CodeIgniter\CodeIgniter->handleRequest(null, Object(Config\Cache), false)
 5 SYSTEMPATH\Boot.php(312): CodeIgniter\CodeIgniter->run()
 6 SYSTEMPATH\Boot.php(67): CodeIgniter\Boot::runCodeIgniter(Object(CodeIgniter\CodeIgniter))
 7 FCPATH\index.php(56): CodeIgniter\Boot::bootWeb(Object(Config\Paths))
