INFO - 2024-09-29 10:11:17 --> Session: Class initialized using 'CodeIgniter\Session\Handlers\FileHandler' driver.
INFO - 2024-09-29 10:11:17 --> Session: Class initialized using 'CodeIgniter\Session\Handlers\FileHandler' driver.
WARNING - 2024-09-29 10:11:17 --> [DEPRECATED] number_format(): Passing null to parameter #1 ($num) of type float is deprecated in APPPATH\Controllers\Home.php on line 210.
 1 APPPATH\Controllers\Home.php(210): number_format(null, 0, ',', '.')
 2 APPPATH\Controllers\Home.php(267): App\Controllers\Home->asRupiah(null)
 3 APPPATH\Controllers\Home.php(128): App\Controllers\Home->getDashboardData('admin')
 4 SYSTEMPATH\CodeIgniter.php(933): App\Controllers\Home->display_dashboard()
 5 SYSTEMPATH\CodeIgniter.php(509): CodeIgniter\CodeIgniter->runController(Object(App\Controllers\Home))
 6 SYSTEMPATH\CodeIgniter.php(355): CodeIgniter\CodeIgniter->handleRequest(null, Object(Config\Cache), false)
 7 SYSTEMPATH\Boot.php(312): CodeIgniter\CodeIgniter->run()
 8 SYSTEMPATH\Boot.php(67): CodeIgniter\Boot::runCodeIgniter(Object(CodeIgniter\CodeIgniter))
 9 FCPATH\index.php(56): CodeIgniter\Boot::bootWeb(Object(Config\Paths))
WARNING - 2024-09-29 10:11:17 --> [DEPRECATED] number_format(): Passing null to parameter #1 ($num) of type float is deprecated in APPPATH\Controllers\Home.php on line 210.
 1 APPPATH\Controllers\Home.php(210): number_format(null, 0, ',', '.')
 2 APPPATH\Controllers\Home.php(270): App\Controllers\Home->asRupiah(null)
 3 APPPATH\Controllers\Home.php(128): App\Controllers\Home->getDashboardData('admin')
 4 SYSTEMPATH\CodeIgniter.php(933): App\Controllers\Home->display_dashboard()
 5 SYSTEMPATH\CodeIgniter.php(509): CodeIgniter\CodeIgniter->runController(Object(App\Controllers\Home))
 6 SYSTEMPATH\CodeIgniter.php(355): CodeIgniter\CodeIgniter->handleRequest(null, Object(Config\Cache), false)
 7 SYSTEMPATH\Boot.php(312): CodeIgniter\CodeIgniter->run()
 8 SYSTEMPATH\Boot.php(67): CodeIgniter\Boot::runCodeIgniter(Object(CodeIgniter\CodeIgniter))
 9 FCPATH\index.php(56): CodeIgniter\Boot::bootWeb(Object(Config\Paths))
INFO - 2024-09-29 10:11:56 --> Session: Class initialized using 'CodeIgniter\Session\Handlers\FileHandler' driver.
WARNING - 2024-09-29 10:11:56 --> [DEPRECATED] number_format(): Passing null to parameter #1 ($num) of type float is deprecated in APPPATH\Controllers\Home.php on line 210.
 1 APPPATH\Controllers\Home.php(210): number_format(null, 0, ',', '.')
 2 APPPATH\Controllers\Home.php(267): App\Controllers\Home->asRupiah(null)
 3 APPPATH\Controllers\Home.php(462): App\Controllers\Home->getDashboardData('admin')
 4 SYSTEMPATH\CodeIgniter.php(933): App\Controllers\Home->order_jasa_management()
 5 SYSTEMPATH\CodeIgniter.php(509): CodeIgniter\CodeIgniter->runController(Object(App\Controllers\Home))
 6 SYSTEMPATH\CodeIgniter.php(355): CodeIgniter\CodeIgniter->handleRequest(null, Object(Config\Cache), false)
 7 SYSTEMPATH\Boot.php(312): CodeIgniter\CodeIgniter->run()
 8 SYSTEMPATH\Boot.php(67): CodeIgniter\Boot::runCodeIgniter(Object(CodeIgniter\CodeIgniter))
 9 FCPATH\index.php(56): CodeIgniter\Boot::bootWeb(Object(Config\Paths))
WARNING - 2024-09-29 10:11:56 --> [DEPRECATED] number_format(): Passing null to parameter #1 ($num) of type float is deprecated in APPPATH\Controllers\Home.php on line 210.
 1 APPPATH\Controllers\Home.php(210): number_format(null, 0, ',', '.')
 2 APPPATH\Controllers\Home.php(270): App\Controllers\Home->asRupiah(null)
 3 APPPATH\Controllers\Home.php(462): App\Controllers\Home->getDashboardData('admin')
 4 SYSTEMPATH\CodeIgniter.php(933): App\Controllers\Home->order_jasa_management()
 5 SYSTEMPATH\CodeIgniter.php(509): CodeIgniter\CodeIgniter->runController(Object(App\Controllers\Home))
 6 SYSTEMPATH\CodeIgniter.php(355): CodeIgniter\CodeIgniter->handleRequest(null, Object(Config\Cache), false)
 7 SYSTEMPATH\Boot.php(312): CodeIgniter\CodeIgniter->run()
 8 SYSTEMPATH\Boot.php(67): CodeIgniter\Boot::runCodeIgniter(Object(CodeIgniter\CodeIgniter))
 9 FCPATH\index.php(56): CodeIgniter\Boot::bootWeb(Object(Config\Paths))
INFO - 2024-09-29 10:12:10 --> Session: Class initialized using 'CodeIgniter\Session\Handlers\FileHandler' driver.
INFO - 2024-09-29 10:12:10 --> Session: Class initialized using 'CodeIgniter\Session\Handlers\FileHandler' driver.
WARNING - 2024-09-29 10:12:10 --> [DEPRECATED] number_format(): Passing null to parameter #1 ($num) of type float is deprecated in APPPATH\Controllers\Home.php on line 210.
 1 APPPATH\Controllers\Home.php(210): number_format(null, 0, ',', '.')
 2 APPPATH\Controllers\Home.php(267): App\Controllers\Home->asRupiah(null)
 3 APPPATH\Controllers\Home.php(128): App\Controllers\Home->getDashboardData('client')
 4 SYSTEMPATH\CodeIgniter.php(933): App\Controllers\Home->display_dashboard()
 5 SYSTEMPATH\CodeIgniter.php(509): CodeIgniter\CodeIgniter->runController(Object(App\Controllers\Home))
 6 SYSTEMPATH\CodeIgniter.php(355): CodeIgniter\CodeIgniter->handleRequest(null, Object(Config\Cache), false)
 7 SYSTEMPATH\Boot.php(312): CodeIgniter\CodeIgniter->run()
 8 SYSTEMPATH\Boot.php(67): CodeIgniter\Boot::runCodeIgniter(Object(CodeIgniter\CodeIgniter))
 9 FCPATH\index.php(56): CodeIgniter\Boot::bootWeb(Object(Config\Paths))
WARNING - 2024-09-29 10:12:10 --> [DEPRECATED] number_format(): Passing null to parameter #1 ($num) of type float is deprecated in APPPATH\Controllers\Home.php on line 210.
 1 APPPATH\Controllers\Home.php(210): number_format(null, 0, ',', '.')
 2 APPPATH\Controllers\Home.php(270): App\Controllers\Home->asRupiah(null)
 3 APPPATH\Controllers\Home.php(128): App\Controllers\Home->getDashboardData('client')
 4 SYSTEMPATH\CodeIgniter.php(933): App\Controllers\Home->display_dashboard()
 5 SYSTEMPATH\CodeIgniter.php(509): CodeIgniter\CodeIgniter->runController(Object(App\Controllers\Home))
 6 SYSTEMPATH\CodeIgniter.php(355): CodeIgniter\CodeIgniter->handleRequest(null, Object(Config\Cache), false)
 7 SYSTEMPATH\Boot.php(312): CodeIgniter\CodeIgniter->run()
 8 SYSTEMPATH\Boot.php(67): CodeIgniter\Boot::runCodeIgniter(Object(CodeIgniter\CodeIgniter))
 9 FCPATH\index.php(56): CodeIgniter\Boot::bootWeb(Object(Config\Paths))
INFO - 2024-09-29 10:12:13 --> Session: Class initialized using 'CodeIgniter\Session\Handlers\FileHandler' driver.
WARNING - 2024-09-29 10:12:13 --> [DEPRECATED] number_format(): Passing null to parameter #1 ($num) of type float is deprecated in APPPATH\Controllers\Home.php on line 210.
 1 APPPATH\Controllers\Home.php(210): number_format(null, 0, ',', '.')
 2 APPPATH\Controllers\Home.php(267): App\Controllers\Home->asRupiah(null)
 3 APPPATH\Controllers\Home.php(42): App\Controllers\Home->getDashboardData('client')
 4 SYSTEMPATH\CodeIgniter.php(933): App\Controllers\Home->order_jasa()
 5 SYSTEMPATH\CodeIgniter.php(509): CodeIgniter\CodeIgniter->runController(Object(App\Controllers\Home))
 6 SYSTEMPATH\CodeIgniter.php(355): CodeIgniter\CodeIgniter->handleRequest(null, Object(Config\Cache), false)
 7 SYSTEMPATH\Boot.php(312): CodeIgniter\CodeIgniter->run()
 8 SYSTEMPATH\Boot.php(67): CodeIgniter\Boot::runCodeIgniter(Object(CodeIgniter\CodeIgniter))
 9 FCPATH\index.php(56): CodeIgniter\Boot::bootWeb(Object(Config\Paths))
WARNING - 2024-09-29 10:12:13 --> [DEPRECATED] number_format(): Passing null to parameter #1 ($num) of type float is deprecated in APPPATH\Controllers\Home.php on line 210.
 1 APPPATH\Controllers\Home.php(210): number_format(null, 0, ',', '.')
 2 APPPATH\Controllers\Home.php(270): App\Controllers\Home->asRupiah(null)
 3 APPPATH\Controllers\Home.php(42): App\Controllers\Home->getDashboardData('client')
 4 SYSTEMPATH\CodeIgniter.php(933): App\Controllers\Home->order_jasa()
 5 SYSTEMPATH\CodeIgniter.php(509): CodeIgniter\CodeIgniter->runController(Object(App\Controllers\Home))
 6 SYSTEMPATH\CodeIgniter.php(355): CodeIgniter\CodeIgniter->handleRequest(null, Object(Config\Cache), false)
 7 SYSTEMPATH\Boot.php(312): CodeIgniter\CodeIgniter->run()
 8 SYSTEMPATH\Boot.php(67): CodeIgniter\Boot::runCodeIgniter(Object(CodeIgniter\CodeIgniter))
 9 FCPATH\index.php(56): CodeIgniter\Boot::bootWeb(Object(Config\Paths))
INFO - 2024-09-29 10:25:57 --> Session: Class initialized using 'CodeIgniter\Session\Handlers\FileHandler' driver.
WARNING - 2024-09-29 10:25:57 --> [DEPRECATED] number_format(): Passing null to parameter #1 ($num) of type float is deprecated in APPPATH\Controllers\Home.php on line 212.
 1 APPPATH\Controllers\Home.php(212): number_format(null, 0, ',', '.')
 2 APPPATH\Controllers\Home.php(269): App\Controllers\Home->asRupiah(null)
 3 APPPATH\Controllers\Home.php(43): App\Controllers\Home->getDashboardData('client')
 4 SYSTEMPATH\CodeIgniter.php(933): App\Controllers\Home->order_jasa()
 5 SYSTEMPATH\CodeIgniter.php(509): CodeIgniter\CodeIgniter->runController(Object(App\Controllers\Home))
 6 SYSTEMPATH\CodeIgniter.php(355): CodeIgniter\CodeIgniter->handleRequest(null, Object(Config\Cache), false)
 7 SYSTEMPATH\Boot.php(312): CodeIgniter\CodeIgniter->run()
 8 SYSTEMPATH\Boot.php(67): CodeIgniter\Boot::runCodeIgniter(Object(CodeIgniter\CodeIgniter))
 9 FCPATH\index.php(56): CodeIgniter\Boot::bootWeb(Object(Config\Paths))
WARNING - 2024-09-29 10:25:58 --> [DEPRECATED] number_format(): Passing null to parameter #1 ($num) of type float is deprecated in APPPATH\Controllers\Home.php on line 212.
 1 APPPATH\Controllers\Home.php(212): number_format(null, 0, ',', '.')
 2 APPPATH\Controllers\Home.php(272): App\Controllers\Home->asRupiah(null)
 3 APPPATH\Controllers\Home.php(43): App\Controllers\Home->getDashboardData('client')
 4 SYSTEMPATH\CodeIgniter.php(933): App\Controllers\Home->order_jasa()
 5 SYSTEMPATH\CodeIgniter.php(509): CodeIgniter\CodeIgniter->runController(Object(App\Controllers\Home))
 6 SYSTEMPATH\CodeIgniter.php(355): CodeIgniter\CodeIgniter->handleRequest(null, Object(Config\Cache), false)
 7 SYSTEMPATH\Boot.php(312): CodeIgniter\CodeIgniter->run()
 8 SYSTEMPATH\Boot.php(67): CodeIgniter\Boot::runCodeIgniter(Object(CodeIgniter\CodeIgniter))
 9 FCPATH\index.php(56): CodeIgniter\Boot::bootWeb(Object(Config\Paths))
INFO - 2024-09-29 10:26:46 --> Session: Class initialized using 'CodeIgniter\Session\Handlers\FileHandler' driver.
WARNING - 2024-09-29 10:26:46 --> [DEPRECATED] number_format(): Passing null to parameter #1 ($num) of type float is deprecated in APPPATH\Controllers\Home.php on line 212.
 1 APPPATH\Controllers\Home.php(212): number_format(null, 0, ',', '.')
 2 APPPATH\Controllers\Home.php(269): App\Controllers\Home->asRupiah(null)
 3 APPPATH\Controllers\Home.php(43): App\Controllers\Home->getDashboardData('client')
 4 SYSTEMPATH\CodeIgniter.php(933): App\Controllers\Home->order_jasa()
 5 SYSTEMPATH\CodeIgniter.php(509): CodeIgniter\CodeIgniter->runController(Object(App\Controllers\Home))
 6 SYSTEMPATH\CodeIgniter.php(355): CodeIgniter\CodeIgniter->handleRequest(null, Object(Config\Cache), false)
 7 SYSTEMPATH\Boot.php(312): CodeIgniter\CodeIgniter->run()
 8 SYSTEMPATH\Boot.php(67): CodeIgniter\Boot::runCodeIgniter(Object(CodeIgniter\CodeIgniter))
 9 FCPATH\index.php(56): CodeIgniter\Boot::bootWeb(Object(Config\Paths))
WARNING - 2024-09-29 10:26:46 --> [DEPRECATED] number_format(): Passing null to parameter #1 ($num) of type float is deprecated in APPPATH\Controllers\Home.php on line 212.
 1 APPPATH\Controllers\Home.php(212): number_format(null, 0, ',', '.')
 2 APPPATH\Controllers\Home.php(272): App\Controllers\Home->asRupiah(null)
 3 APPPATH\Controllers\Home.php(43): App\Controllers\Home->getDashboardData('client')
 4 SYSTEMPATH\CodeIgniter.php(933): App\Controllers\Home->order_jasa()
 5 SYSTEMPATH\CodeIgniter.php(509): CodeIgniter\CodeIgniter->runController(Object(App\Controllers\Home))
 6 SYSTEMPATH\CodeIgniter.php(355): CodeIgniter\CodeIgniter->handleRequest(null, Object(Config\Cache), false)
 7 SYSTEMPATH\Boot.php(312): CodeIgniter\CodeIgniter->run()
 8 SYSTEMPATH\Boot.php(67): CodeIgniter\Boot::runCodeIgniter(Object(CodeIgniter\CodeIgniter))
 9 FCPATH\index.php(56): CodeIgniter\Boot::bootWeb(Object(Config\Paths))
INFO - 2024-09-29 10:27:07 --> Session: Class initialized using 'CodeIgniter\Session\Handlers\FileHandler' driver.
WARNING - 2024-09-29 10:27:07 --> [DEPRECATED] number_format(): Passing null to parameter #1 ($num) of type float is deprecated in APPPATH\Controllers\Home.php on line 212.
 1 APPPATH\Controllers\Home.php(212): number_format(null, 0, ',', '.')
 2 APPPATH\Controllers\Home.php(269): App\Controllers\Home->asRupiah(null)
 3 APPPATH\Controllers\Home.php(43): App\Controllers\Home->getDashboardData('client')
 4 SYSTEMPATH\CodeIgniter.php(933): App\Controllers\Home->order_jasa()
 5 SYSTEMPATH\CodeIgniter.php(509): CodeIgniter\CodeIgniter->runController(Object(App\Controllers\Home))
 6 SYSTEMPATH\CodeIgniter.php(355): CodeIgniter\CodeIgniter->handleRequest(null, Object(Config\Cache), false)
 7 SYSTEMPATH\Boot.php(312): CodeIgniter\CodeIgniter->run()
 8 SYSTEMPATH\Boot.php(67): CodeIgniter\Boot::runCodeIgniter(Object(CodeIgniter\CodeIgniter))
 9 FCPATH\index.php(56): CodeIgniter\Boot::bootWeb(Object(Config\Paths))
WARNING - 2024-09-29 10:27:07 --> [DEPRECATED] number_format(): Passing null to parameter #1 ($num) of type float is deprecated in APPPATH\Controllers\Home.php on line 212.
 1 APPPATH\Controllers\Home.php(212): number_format(null, 0, ',', '.')
 2 APPPATH\Controllers\Home.php(272): App\Controllers\Home->asRupiah(null)
 3 APPPATH\Controllers\Home.php(43): App\Controllers\Home->getDashboardData('client')
 4 SYSTEMPATH\CodeIgniter.php(933): App\Controllers\Home->order_jasa()
 5 SYSTEMPATH\CodeIgniter.php(509): CodeIgniter\CodeIgniter->runController(Object(App\Controllers\Home))
 6 SYSTEMPATH\CodeIgniter.php(355): CodeIgniter\CodeIgniter->handleRequest(null, Object(Config\Cache), false)
 7 SYSTEMPATH\Boot.php(312): CodeIgniter\CodeIgniter->run()
 8 SYSTEMPATH\Boot.php(67): CodeIgniter\Boot::runCodeIgniter(Object(CodeIgniter\CodeIgniter))
 9 FCPATH\index.php(56): CodeIgniter\Boot::bootWeb(Object(Config\Paths))
INFO - 2024-09-29 10:27:21 --> Session: Class initialized using 'CodeIgniter\Session\Handlers\FileHandler' driver.
WARNING - 2024-09-29 10:27:21 --> [DEPRECATED] number_format(): Passing null to parameter #1 ($num) of type float is deprecated in APPPATH\Controllers\Home.php on line 212.
 1 APPPATH\Controllers\Home.php(212): number_format(null, 0, ',', '.')
 2 APPPATH\Controllers\Home.php(269): App\Controllers\Home->asRupiah(null)
 3 APPPATH\Controllers\Home.php(43): App\Controllers\Home->getDashboardData('client')
 4 SYSTEMPATH\CodeIgniter.php(933): App\Controllers\Home->order_jasa()
 5 SYSTEMPATH\CodeIgniter.php(509): CodeIgniter\CodeIgniter->runController(Object(App\Controllers\Home))
 6 SYSTEMPATH\CodeIgniter.php(355): CodeIgniter\CodeIgniter->handleRequest(null, Object(Config\Cache), false)
 7 SYSTEMPATH\Boot.php(312): CodeIgniter\CodeIgniter->run()
 8 SYSTEMPATH\Boot.php(67): CodeIgniter\Boot::runCodeIgniter(Object(CodeIgniter\CodeIgniter))
 9 FCPATH\index.php(56): CodeIgniter\Boot::bootWeb(Object(Config\Paths))
WARNING - 2024-09-29 10:27:21 --> [DEPRECATED] number_format(): Passing null to parameter #1 ($num) of type float is deprecated in APPPATH\Controllers\Home.php on line 212.
 1 APPPATH\Controllers\Home.php(212): number_format(null, 0, ',', '.')
 2 APPPATH\Controllers\Home.php(272): App\Controllers\Home->asRupiah(null)
 3 APPPATH\Controllers\Home.php(43): App\Controllers\Home->getDashboardData('client')
 4 SYSTEMPATH\CodeIgniter.php(933): App\Controllers\Home->order_jasa()
 5 SYSTEMPATH\CodeIgniter.php(509): CodeIgniter\CodeIgniter->runController(Object(App\Controllers\Home))
 6 SYSTEMPATH\CodeIgniter.php(355): CodeIgniter\CodeIgniter->handleRequest(null, Object(Config\Cache), false)
 7 SYSTEMPATH\Boot.php(312): CodeIgniter\CodeIgniter->run()
 8 SYSTEMPATH\Boot.php(67): CodeIgniter\Boot::runCodeIgniter(Object(CodeIgniter\CodeIgniter))
 9 FCPATH\index.php(56): CodeIgniter\Boot::bootWeb(Object(Config\Paths))
INFO - 2024-09-29 10:30:23 --> Session: Class initialized using 'CodeIgniter\Session\Handlers\FileHandler' driver.
WARNING - 2024-09-29 10:30:23 --> [DEPRECATED] number_format(): Passing null to parameter #1 ($num) of type float is deprecated in APPPATH\Controllers\Home.php on line 215.
 1 APPPATH\Controllers\Home.php(215): number_format(null, 0, ',', '.')
 2 APPPATH\Controllers\Home.php(272): App\Controllers\Home->asRupiah(null)
 3 APPPATH\Controllers\Home.php(133): App\Controllers\Home->getDashboardData('admin')
 4 SYSTEMPATH\CodeIgniter.php(933): App\Controllers\Home->display_dashboard()
 5 SYSTEMPATH\CodeIgniter.php(509): CodeIgniter\CodeIgniter->runController(Object(App\Controllers\Home))
 6 SYSTEMPATH\CodeIgniter.php(355): CodeIgniter\CodeIgniter->handleRequest(null, Object(Config\Cache), false)
 7 SYSTEMPATH\Boot.php(312): CodeIgniter\CodeIgniter->run()
 8 SYSTEMPATH\Boot.php(67): CodeIgniter\Boot::runCodeIgniter(Object(CodeIgniter\CodeIgniter))
 9 FCPATH\index.php(56): CodeIgniter\Boot::bootWeb(Object(Config\Paths))
WARNING - 2024-09-29 10:30:23 --> [DEPRECATED] number_format(): Passing null to parameter #1 ($num) of type float is deprecated in APPPATH\Controllers\Home.php on line 215.
 1 APPPATH\Controllers\Home.php(215): number_format(null, 0, ',', '.')
 2 APPPATH\Controllers\Home.php(275): App\Controllers\Home->asRupiah(null)
 3 APPPATH\Controllers\Home.php(133): App\Controllers\Home->getDashboardData('admin')
 4 SYSTEMPATH\CodeIgniter.php(933): App\Controllers\Home->display_dashboard()
 5 SYSTEMPATH\CodeIgniter.php(509): CodeIgniter\CodeIgniter->runController(Object(App\Controllers\Home))
 6 SYSTEMPATH\CodeIgniter.php(355): CodeIgniter\CodeIgniter->handleRequest(null, Object(Config\Cache), false)
 7 SYSTEMPATH\Boot.php(312): CodeIgniter\CodeIgniter->run()
 8 SYSTEMPATH\Boot.php(67): CodeIgniter\Boot::runCodeIgniter(Object(CodeIgniter\CodeIgniter))
 9 FCPATH\index.php(56): CodeIgniter\Boot::bootWeb(Object(Config\Paths))
INFO - 2024-09-29 10:30:45 --> Session: Class initialized using 'CodeIgniter\Session\Handlers\FileHandler' driver.
WARNING - 2024-09-29 10:30:45 --> [DEPRECATED] number_format(): Passing null to parameter #1 ($num) of type float is deprecated in APPPATH\Controllers\Home.php on line 215.
 1 APPPATH\Controllers\Home.php(215): number_format(null, 0, ',', '.')
 2 APPPATH\Controllers\Home.php(272): App\Controllers\Home->asRupiah(null)
 3 APPPATH\Controllers\Home.php(467): App\Controllers\Home->getDashboardData('admin')
 4 SYSTEMPATH\CodeIgniter.php(933): App\Controllers\Home->order_jasa_management()
 5 SYSTEMPATH\CodeIgniter.php(509): CodeIgniter\CodeIgniter->runController(Object(App\Controllers\Home))
 6 SYSTEMPATH\CodeIgniter.php(355): CodeIgniter\CodeIgniter->handleRequest(null, Object(Config\Cache), false)
 7 SYSTEMPATH\Boot.php(312): CodeIgniter\CodeIgniter->run()
 8 SYSTEMPATH\Boot.php(67): CodeIgniter\Boot::runCodeIgniter(Object(CodeIgniter\CodeIgniter))
 9 FCPATH\index.php(56): CodeIgniter\Boot::bootWeb(Object(Config\Paths))
WARNING - 2024-09-29 10:30:45 --> [DEPRECATED] number_format(): Passing null to parameter #1 ($num) of type float is deprecated in APPPATH\Controllers\Home.php on line 215.
 1 APPPATH\Controllers\Home.php(215): number_format(null, 0, ',', '.')
 2 APPPATH\Controllers\Home.php(275): App\Controllers\Home->asRupiah(null)
 3 APPPATH\Controllers\Home.php(467): App\Controllers\Home->getDashboardData('admin')
 4 SYSTEMPATH\CodeIgniter.php(933): App\Controllers\Home->order_jasa_management()
 5 SYSTEMPATH\CodeIgniter.php(509): CodeIgniter\CodeIgniter->runController(Object(App\Controllers\Home))
 6 SYSTEMPATH\CodeIgniter.php(355): CodeIgniter\CodeIgniter->handleRequest(null, Object(Config\Cache), false)
 7 SYSTEMPATH\Boot.php(312): CodeIgniter\CodeIgniter->run()
 8 SYSTEMPATH\Boot.php(67): CodeIgniter\Boot::runCodeIgniter(Object(CodeIgniter\CodeIgniter))
 9 FCPATH\index.php(56): CodeIgniter\Boot::bootWeb(Object(Config\Paths))
INFO - 2024-09-29 10:30:50 --> Session: Class initialized using 'CodeIgniter\Session\Handlers\FileHandler' driver.
WARNING - 2024-09-29 10:30:50 --> [DEPRECATED] number_format(): Passing null to parameter #1 ($num) of type float is deprecated in APPPATH\Controllers\Home.php on line 215.
 1 APPPATH\Controllers\Home.php(215): number_format(null, 0, ',', '.')
 2 APPPATH\Controllers\Home.php(272): App\Controllers\Home->asRupiah(null)
 3 APPPATH\Controllers\Home.php(133): App\Controllers\Home->getDashboardData('admin')
 4 SYSTEMPATH\CodeIgniter.php(933): App\Controllers\Home->display_dashboard()
 5 SYSTEMPATH\CodeIgniter.php(509): CodeIgniter\CodeIgniter->runController(Object(App\Controllers\Home))
 6 SYSTEMPATH\CodeIgniter.php(355): CodeIgniter\CodeIgniter->handleRequest(null, Object(Config\Cache), false)
 7 SYSTEMPATH\Boot.php(312): CodeIgniter\CodeIgniter->run()
 8 SYSTEMPATH\Boot.php(67): CodeIgniter\Boot::runCodeIgniter(Object(CodeIgniter\CodeIgniter))
 9 FCPATH\index.php(56): CodeIgniter\Boot::bootWeb(Object(Config\Paths))
WARNING - 2024-09-29 10:30:50 --> [DEPRECATED] number_format(): Passing null to parameter #1 ($num) of type float is deprecated in APPPATH\Controllers\Home.php on line 215.
 1 APPPATH\Controllers\Home.php(215): number_format(null, 0, ',', '.')
 2 APPPATH\Controllers\Home.php(275): App\Controllers\Home->asRupiah(null)
 3 APPPATH\Controllers\Home.php(133): App\Controllers\Home->getDashboardData('admin')
 4 SYSTEMPATH\CodeIgniter.php(933): App\Controllers\Home->display_dashboard()
 5 SYSTEMPATH\CodeIgniter.php(509): CodeIgniter\CodeIgniter->runController(Object(App\Controllers\Home))
 6 SYSTEMPATH\CodeIgniter.php(355): CodeIgniter\CodeIgniter->handleRequest(null, Object(Config\Cache), false)
 7 SYSTEMPATH\Boot.php(312): CodeIgniter\CodeIgniter->run()
 8 SYSTEMPATH\Boot.php(67): CodeIgniter\Boot::runCodeIgniter(Object(CodeIgniter\CodeIgniter))
 9 FCPATH\index.php(56): CodeIgniter\Boot::bootWeb(Object(Config\Paths))
INFO - 2024-09-29 10:31:55 --> Session: Class initialized using 'CodeIgniter\Session\Handlers\FileHandler' driver.
WARNING - 2024-09-29 10:31:55 --> [DEPRECATED] number_format(): Passing null to parameter #1 ($num) of type float is deprecated in APPPATH\Controllers\Home.php on line 215.
 1 APPPATH\Controllers\Home.php(215): number_format(null, 0, ',', '.')
 2 APPPATH\Controllers\Home.php(272): App\Controllers\Home->asRupiah(null)
 3 APPPATH\Controllers\Home.php(484): App\Controllers\Home->getDashboardData('admin')
 4 SYSTEMPATH\CodeIgniter.php(933): App\Controllers\Home->user_management()
 5 SYSTEMPATH\CodeIgniter.php(509): CodeIgniter\CodeIgniter->runController(Object(App\Controllers\Home))
 6 SYSTEMPATH\CodeIgniter.php(355): CodeIgniter\CodeIgniter->handleRequest(null, Object(Config\Cache), false)
 7 SYSTEMPATH\Boot.php(312): CodeIgniter\CodeIgniter->run()
 8 SYSTEMPATH\Boot.php(67): CodeIgniter\Boot::runCodeIgniter(Object(CodeIgniter\CodeIgniter))
 9 FCPATH\index.php(56): CodeIgniter\Boot::bootWeb(Object(Config\Paths))
WARNING - 2024-09-29 10:31:55 --> [DEPRECATED] number_format(): Passing null to parameter #1 ($num) of type float is deprecated in APPPATH\Controllers\Home.php on line 215.
 1 APPPATH\Controllers\Home.php(215): number_format(null, 0, ',', '.')
 2 APPPATH\Controllers\Home.php(275): App\Controllers\Home->asRupiah(null)
 3 APPPATH\Controllers\Home.php(484): App\Controllers\Home->getDashboardData('admin')
 4 SYSTEMPATH\CodeIgniter.php(933): App\Controllers\Home->user_management()
 5 SYSTEMPATH\CodeIgniter.php(509): CodeIgniter\CodeIgniter->runController(Object(App\Controllers\Home))
 6 SYSTEMPATH\CodeIgniter.php(355): CodeIgniter\CodeIgniter->handleRequest(null, Object(Config\Cache), false)
 7 SYSTEMPATH\Boot.php(312): CodeIgniter\CodeIgniter->run()
 8 SYSTEMPATH\Boot.php(67): CodeIgniter\Boot::runCodeIgniter(Object(CodeIgniter\CodeIgniter))
 9 FCPATH\index.php(56): CodeIgniter\Boot::bootWeb(Object(Config\Paths))
INFO - 2024-09-29 10:33:32 --> Session: Class initialized using 'CodeIgniter\Session\Handlers\FileHandler' driver.
WARNING - 2024-09-29 10:33:32 --> [DEPRECATED] number_format(): Passing null to parameter #1 ($num) of type float is deprecated in APPPATH\Controllers\Home.php on line 215.
 1 APPPATH\Controllers\Home.php(215): number_format(null, 0, ',', '.')
 2 APPPATH\Controllers\Home.php(272): App\Controllers\Home->asRupiah(null)
 3 APPPATH\Controllers\Home.php(133): App\Controllers\Home->getDashboardData('admin')
 4 SYSTEMPATH\CodeIgniter.php(933): App\Controllers\Home->display_dashboard()
 5 SYSTEMPATH\CodeIgniter.php(509): CodeIgniter\CodeIgniter->runController(Object(App\Controllers\Home))
 6 SYSTEMPATH\CodeIgniter.php(355): CodeIgniter\CodeIgniter->handleRequest(null, Object(Config\Cache), false)
 7 SYSTEMPATH\Boot.php(312): CodeIgniter\CodeIgniter->run()
 8 SYSTEMPATH\Boot.php(67): CodeIgniter\Boot::runCodeIgniter(Object(CodeIgniter\CodeIgniter))
 9 FCPATH\index.php(56): CodeIgniter\Boot::bootWeb(Object(Config\Paths))
WARNING - 2024-09-29 10:33:32 --> [DEPRECATED] number_format(): Passing null to parameter #1 ($num) of type float is deprecated in APPPATH\Controllers\Home.php on line 215.
 1 APPPATH\Controllers\Home.php(215): number_format(null, 0, ',', '.')
 2 APPPATH\Controllers\Home.php(275): App\Controllers\Home->asRupiah(null)
 3 APPPATH\Controllers\Home.php(133): App\Controllers\Home->getDashboardData('admin')
 4 SYSTEMPATH\CodeIgniter.php(933): App\Controllers\Home->display_dashboard()
 5 SYSTEMPATH\CodeIgniter.php(509): CodeIgniter\CodeIgniter->runController(Object(App\Controllers\Home))
 6 SYSTEMPATH\CodeIgniter.php(355): CodeIgniter\CodeIgniter->handleRequest(null, Object(Config\Cache), false)
 7 SYSTEMPATH\Boot.php(312): CodeIgniter\CodeIgniter->run()
 8 SYSTEMPATH\Boot.php(67): CodeIgniter\Boot::runCodeIgniter(Object(CodeIgniter\CodeIgniter))
 9 FCPATH\index.php(56): CodeIgniter\Boot::bootWeb(Object(Config\Paths))
INFO - 2024-09-29 10:34:27 --> Session: Class initialized using 'CodeIgniter\Session\Handlers\FileHandler' driver.
WARNING - 2024-09-29 10:34:27 --> [DEPRECATED] number_format(): Passing null to parameter #1 ($num) of type float is deprecated in APPPATH\Controllers\Home.php on line 215.
 1 APPPATH\Controllers\Home.php(215): number_format(null, 0, ',', '.')
 2 APPPATH\Controllers\Home.php(272): App\Controllers\Home->asRupiah(null)
 3 APPPATH\Controllers\Home.php(467): App\Controllers\Home->getDashboardData('admin')
 4 SYSTEMPATH\CodeIgniter.php(933): App\Controllers\Home->order_jasa_management()
 5 SYSTEMPATH\CodeIgniter.php(509): CodeIgniter\CodeIgniter->runController(Object(App\Controllers\Home))
 6 SYSTEMPATH\CodeIgniter.php(355): CodeIgniter\CodeIgniter->handleRequest(null, Object(Config\Cache), false)
 7 SYSTEMPATH\Boot.php(312): CodeIgniter\CodeIgniter->run()
 8 SYSTEMPATH\Boot.php(67): CodeIgniter\Boot::runCodeIgniter(Object(CodeIgniter\CodeIgniter))
 9 FCPATH\index.php(56): CodeIgniter\Boot::bootWeb(Object(Config\Paths))
WARNING - 2024-09-29 10:34:27 --> [DEPRECATED] number_format(): Passing null to parameter #1 ($num) of type float is deprecated in APPPATH\Controllers\Home.php on line 215.
 1 APPPATH\Controllers\Home.php(215): number_format(null, 0, ',', '.')
 2 APPPATH\Controllers\Home.php(275): App\Controllers\Home->asRupiah(null)
 3 APPPATH\Controllers\Home.php(467): App\Controllers\Home->getDashboardData('admin')
 4 SYSTEMPATH\CodeIgniter.php(933): App\Controllers\Home->order_jasa_management()
 5 SYSTEMPATH\CodeIgniter.php(509): CodeIgniter\CodeIgniter->runController(Object(App\Controllers\Home))
 6 SYSTEMPATH\CodeIgniter.php(355): CodeIgniter\CodeIgniter->handleRequest(null, Object(Config\Cache), false)
 7 SYSTEMPATH\Boot.php(312): CodeIgniter\CodeIgniter->run()
 8 SYSTEMPATH\Boot.php(67): CodeIgniter\Boot::runCodeIgniter(Object(CodeIgniter\CodeIgniter))
 9 FCPATH\index.php(56): CodeIgniter\Boot::bootWeb(Object(Config\Paths))
INFO - 2024-09-29 10:34:31 --> Session: Class initialized using 'CodeIgniter\Session\Handlers\FileHandler' driver.
WARNING - 2024-09-29 10:34:31 --> [DEPRECATED] number_format(): Passing null to parameter #1 ($num) of type float is deprecated in APPPATH\Controllers\Home.php on line 215.
 1 APPPATH\Controllers\Home.php(215): number_format(null, 0, ',', '.')
 2 APPPATH\Controllers\Home.php(272): App\Controllers\Home->asRupiah(null)
 3 APPPATH\Controllers\Home.php(498): App\Controllers\Home->getDashboardData('admin')
 4 SYSTEMPATH\CodeIgniter.php(933): App\Controllers\Home->package_management()
 5 SYSTEMPATH\CodeIgniter.php(509): CodeIgniter\CodeIgniter->runController(Object(App\Controllers\Home))
 6 SYSTEMPATH\CodeIgniter.php(355): CodeIgniter\CodeIgniter->handleRequest(null, Object(Config\Cache), false)
 7 SYSTEMPATH\Boot.php(312): CodeIgniter\CodeIgniter->run()
 8 SYSTEMPATH\Boot.php(67): CodeIgniter\Boot::runCodeIgniter(Object(CodeIgniter\CodeIgniter))
 9 FCPATH\index.php(56): CodeIgniter\Boot::bootWeb(Object(Config\Paths))
WARNING - 2024-09-29 10:34:31 --> [DEPRECATED] number_format(): Passing null to parameter #1 ($num) of type float is deprecated in APPPATH\Controllers\Home.php on line 215.
 1 APPPATH\Controllers\Home.php(215): number_format(null, 0, ',', '.')
 2 APPPATH\Controllers\Home.php(275): App\Controllers\Home->asRupiah(null)
 3 APPPATH\Controllers\Home.php(498): App\Controllers\Home->getDashboardData('admin')
 4 SYSTEMPATH\CodeIgniter.php(933): App\Controllers\Home->package_management()
 5 SYSTEMPATH\CodeIgniter.php(509): CodeIgniter\CodeIgniter->runController(Object(App\Controllers\Home))
 6 SYSTEMPATH\CodeIgniter.php(355): CodeIgniter\CodeIgniter->handleRequest(null, Object(Config\Cache), false)
 7 SYSTEMPATH\Boot.php(312): CodeIgniter\CodeIgniter->run()
 8 SYSTEMPATH\Boot.php(67): CodeIgniter\Boot::runCodeIgniter(Object(CodeIgniter\CodeIgniter))
 9 FCPATH\index.php(56): CodeIgniter\Boot::bootWeb(Object(Config\Paths))
INFO - 2024-09-29 10:34:33 --> Session: Class initialized using 'CodeIgniter\Session\Handlers\FileHandler' driver.
WARNING - 2024-09-29 10:34:33 --> [DEPRECATED] number_format(): Passing null to parameter #1 ($num) of type float is deprecated in APPPATH\Controllers\Home.php on line 215.
 1 APPPATH\Controllers\Home.php(215): number_format(null, 0, ',', '.')
 2 APPPATH\Controllers\Home.php(272): App\Controllers\Home->asRupiah(null)
 3 APPPATH\Controllers\Home.php(484): App\Controllers\Home->getDashboardData('admin')
 4 SYSTEMPATH\CodeIgniter.php(933): App\Controllers\Home->user_management()
 5 SYSTEMPATH\CodeIgniter.php(509): CodeIgniter\CodeIgniter->runController(Object(App\Controllers\Home))
 6 SYSTEMPATH\CodeIgniter.php(355): CodeIgniter\CodeIgniter->handleRequest(null, Object(Config\Cache), false)
 7 SYSTEMPATH\Boot.php(312): CodeIgniter\CodeIgniter->run()
 8 SYSTEMPATH\Boot.php(67): CodeIgniter\Boot::runCodeIgniter(Object(CodeIgniter\CodeIgniter))
 9 FCPATH\index.php(56): CodeIgniter\Boot::bootWeb(Object(Config\Paths))
WARNING - 2024-09-29 10:34:33 --> [DEPRECATED] number_format(): Passing null to parameter #1 ($num) of type float is deprecated in APPPATH\Controllers\Home.php on line 215.
 1 APPPATH\Controllers\Home.php(215): number_format(null, 0, ',', '.')
 2 APPPATH\Controllers\Home.php(275): App\Controllers\Home->asRupiah(null)
 3 APPPATH\Controllers\Home.php(484): App\Controllers\Home->getDashboardData('admin')
 4 SYSTEMPATH\CodeIgniter.php(933): App\Controllers\Home->user_management()
 5 SYSTEMPATH\CodeIgniter.php(509): CodeIgniter\CodeIgniter->runController(Object(App\Controllers\Home))
 6 SYSTEMPATH\CodeIgniter.php(355): CodeIgniter\CodeIgniter->handleRequest(null, Object(Config\Cache), false)
 7 SYSTEMPATH\Boot.php(312): CodeIgniter\CodeIgniter->run()
 8 SYSTEMPATH\Boot.php(67): CodeIgniter\Boot::runCodeIgniter(Object(CodeIgniter\CodeIgniter))
 9 FCPATH\index.php(56): CodeIgniter\Boot::bootWeb(Object(Config\Paths))
INFO - 2024-09-29 10:34:35 --> Session: Class initialized using 'CodeIgniter\Session\Handlers\FileHandler' driver.
WARNING - 2024-09-29 10:34:35 --> [DEPRECATED] number_format(): Passing null to parameter #1 ($num) of type float is deprecated in APPPATH\Controllers\Home.php on line 215.
 1 APPPATH\Controllers\Home.php(215): number_format(null, 0, ',', '.')
 2 APPPATH\Controllers\Home.php(272): App\Controllers\Home->asRupiah(null)
 3 APPPATH\Controllers\Home.php(410): App\Controllers\Home->getDashboardData('admin')
 4 SYSTEMPATH\CodeIgniter.php(933): App\Controllers\Home->virtualvisitors_management()
 5 SYSTEMPATH\CodeIgniter.php(509): CodeIgniter\CodeIgniter->runController(Object(App\Controllers\Home))
 6 SYSTEMPATH\CodeIgniter.php(355): CodeIgniter\CodeIgniter->handleRequest(null, Object(Config\Cache), false)
 7 SYSTEMPATH\Boot.php(312): CodeIgniter\CodeIgniter->run()
 8 SYSTEMPATH\Boot.php(67): CodeIgniter\Boot::runCodeIgniter(Object(CodeIgniter\CodeIgniter))
 9 FCPATH\index.php(56): CodeIgniter\Boot::bootWeb(Object(Config\Paths))
WARNING - 2024-09-29 10:34:35 --> [DEPRECATED] number_format(): Passing null to parameter #1 ($num) of type float is deprecated in APPPATH\Controllers\Home.php on line 215.
 1 APPPATH\Controllers\Home.php(215): number_format(null, 0, ',', '.')
 2 APPPATH\Controllers\Home.php(275): App\Controllers\Home->asRupiah(null)
 3 APPPATH\Controllers\Home.php(410): App\Controllers\Home->getDashboardData('admin')
 4 SYSTEMPATH\CodeIgniter.php(933): App\Controllers\Home->virtualvisitors_management()
 5 SYSTEMPATH\CodeIgniter.php(509): CodeIgniter\CodeIgniter->runController(Object(App\Controllers\Home))
 6 SYSTEMPATH\CodeIgniter.php(355): CodeIgniter\CodeIgniter->handleRequest(null, Object(Config\Cache), false)
 7 SYSTEMPATH\Boot.php(312): CodeIgniter\CodeIgniter->run()
 8 SYSTEMPATH\Boot.php(67): CodeIgniter\Boot::runCodeIgniter(Object(CodeIgniter\CodeIgniter))
 9 FCPATH\index.php(56): CodeIgniter\Boot::bootWeb(Object(Config\Paths))
INFO - 2024-09-29 10:34:37 --> Session: Class initialized using 'CodeIgniter\Session\Handlers\FileHandler' driver.
WARNING - 2024-09-29 10:34:37 --> [DEPRECATED] number_format(): Passing null to parameter #1 ($num) of type float is deprecated in APPPATH\Controllers\Home.php on line 215.
 1 APPPATH\Controllers\Home.php(215): number_format(null, 0, ',', '.')
 2 APPPATH\Controllers\Home.php(272): App\Controllers\Home->asRupiah(null)
 3 APPPATH\Controllers\Home.php(133): App\Controllers\Home->getDashboardData('admin')
 4 SYSTEMPATH\CodeIgniter.php(933): App\Controllers\Home->display_dashboard()
 5 SYSTEMPATH\CodeIgniter.php(509): CodeIgniter\CodeIgniter->runController(Object(App\Controllers\Home))
 6 SYSTEMPATH\CodeIgniter.php(355): CodeIgniter\CodeIgniter->handleRequest(null, Object(Config\Cache), false)
 7 SYSTEMPATH\Boot.php(312): CodeIgniter\CodeIgniter->run()
 8 SYSTEMPATH\Boot.php(67): CodeIgniter\Boot::runCodeIgniter(Object(CodeIgniter\CodeIgniter))
 9 FCPATH\index.php(56): CodeIgniter\Boot::bootWeb(Object(Config\Paths))
WARNING - 2024-09-29 10:34:37 --> [DEPRECATED] number_format(): Passing null to parameter #1 ($num) of type float is deprecated in APPPATH\Controllers\Home.php on line 215.
 1 APPPATH\Controllers\Home.php(215): number_format(null, 0, ',', '.')
 2 APPPATH\Controllers\Home.php(275): App\Controllers\Home->asRupiah(null)
 3 APPPATH\Controllers\Home.php(133): App\Controllers\Home->getDashboardData('admin')
 4 SYSTEMPATH\CodeIgniter.php(933): App\Controllers\Home->display_dashboard()
 5 SYSTEMPATH\CodeIgniter.php(509): CodeIgniter\CodeIgniter->runController(Object(App\Controllers\Home))
 6 SYSTEMPATH\CodeIgniter.php(355): CodeIgniter\CodeIgniter->handleRequest(null, Object(Config\Cache), false)
 7 SYSTEMPATH\Boot.php(312): CodeIgniter\CodeIgniter->run()
 8 SYSTEMPATH\Boot.php(67): CodeIgniter\Boot::runCodeIgniter(Object(CodeIgniter\CodeIgniter))
 9 FCPATH\index.php(56): CodeIgniter\Boot::bootWeb(Object(Config\Paths))
INFO - 2024-09-29 10:34:54 --> Session: Class initialized using 'CodeIgniter\Session\Handlers\FileHandler' driver.
WARNING - 2024-09-29 10:34:54 --> [DEPRECATED] number_format(): Passing null to parameter #1 ($num) of type float is deprecated in APPPATH\Controllers\Home.php on line 215.
 1 APPPATH\Controllers\Home.php(215): number_format(null, 0, ',', '.')
 2 APPPATH\Controllers\Home.php(272): App\Controllers\Home->asRupiah(null)
 3 APPPATH\Controllers\Home.php(467): App\Controllers\Home->getDashboardData('admin')
 4 SYSTEMPATH\CodeIgniter.php(933): App\Controllers\Home->order_jasa_management()
 5 SYSTEMPATH\CodeIgniter.php(509): CodeIgniter\CodeIgniter->runController(Object(App\Controllers\Home))
 6 SYSTEMPATH\CodeIgniter.php(355): CodeIgniter\CodeIgniter->handleRequest(null, Object(Config\Cache), false)
 7 SYSTEMPATH\Boot.php(312): CodeIgniter\CodeIgniter->run()
 8 SYSTEMPATH\Boot.php(67): CodeIgniter\Boot::runCodeIgniter(Object(CodeIgniter\CodeIgniter))
 9 FCPATH\index.php(56): CodeIgniter\Boot::bootWeb(Object(Config\Paths))
WARNING - 2024-09-29 10:34:54 --> [DEPRECATED] number_format(): Passing null to parameter #1 ($num) of type float is deprecated in APPPATH\Controllers\Home.php on line 215.
 1 APPPATH\Controllers\Home.php(215): number_format(null, 0, ',', '.')
 2 APPPATH\Controllers\Home.php(275): App\Controllers\Home->asRupiah(null)
 3 APPPATH\Controllers\Home.php(467): App\Controllers\Home->getDashboardData('admin')
 4 SYSTEMPATH\CodeIgniter.php(933): App\Controllers\Home->order_jasa_management()
 5 SYSTEMPATH\CodeIgniter.php(509): CodeIgniter\CodeIgniter->runController(Object(App\Controllers\Home))
 6 SYSTEMPATH\CodeIgniter.php(355): CodeIgniter\CodeIgniter->handleRequest(null, Object(Config\Cache), false)
 7 SYSTEMPATH\Boot.php(312): CodeIgniter\CodeIgniter->run()
 8 SYSTEMPATH\Boot.php(67): CodeIgniter\Boot::runCodeIgniter(Object(CodeIgniter\CodeIgniter))
 9 FCPATH\index.php(56): CodeIgniter\Boot::bootWeb(Object(Config\Paths))
INFO - 2024-09-29 10:34:58 --> Session: Class initialized using 'CodeIgniter\Session\Handlers\FileHandler' driver.
WARNING - 2024-09-29 10:34:58 --> [DEPRECATED] number_format(): Passing null to parameter #1 ($num) of type float is deprecated in APPPATH\Controllers\Home.php on line 215.
 1 APPPATH\Controllers\Home.php(215): number_format(null, 0, ',', '.')
 2 APPPATH\Controllers\Home.php(272): App\Controllers\Home->asRupiah(null)
 3 APPPATH\Controllers\Home.php(133): App\Controllers\Home->getDashboardData('admin')
 4 SYSTEMPATH\CodeIgniter.php(933): App\Controllers\Home->display_dashboard()
 5 SYSTEMPATH\CodeIgniter.php(509): CodeIgniter\CodeIgniter->runController(Object(App\Controllers\Home))
 6 SYSTEMPATH\CodeIgniter.php(355): CodeIgniter\CodeIgniter->handleRequest(null, Object(Config\Cache), false)
 7 SYSTEMPATH\Boot.php(312): CodeIgniter\CodeIgniter->run()
 8 SYSTEMPATH\Boot.php(67): CodeIgniter\Boot::runCodeIgniter(Object(CodeIgniter\CodeIgniter))
 9 FCPATH\index.php(56): CodeIgniter\Boot::bootWeb(Object(Config\Paths))
WARNING - 2024-09-29 10:34:58 --> [DEPRECATED] number_format(): Passing null to parameter #1 ($num) of type float is deprecated in APPPATH\Controllers\Home.php on line 215.
 1 APPPATH\Controllers\Home.php(215): number_format(null, 0, ',', '.')
 2 APPPATH\Controllers\Home.php(275): App\Controllers\Home->asRupiah(null)
 3 APPPATH\Controllers\Home.php(133): App\Controllers\Home->getDashboardData('admin')
 4 SYSTEMPATH\CodeIgniter.php(933): App\Controllers\Home->display_dashboard()
 5 SYSTEMPATH\CodeIgniter.php(509): CodeIgniter\CodeIgniter->runController(Object(App\Controllers\Home))
 6 SYSTEMPATH\CodeIgniter.php(355): CodeIgniter\CodeIgniter->handleRequest(null, Object(Config\Cache), false)
 7 SYSTEMPATH\Boot.php(312): CodeIgniter\CodeIgniter->run()
 8 SYSTEMPATH\Boot.php(67): CodeIgniter\Boot::runCodeIgniter(Object(CodeIgniter\CodeIgniter))
 9 FCPATH\index.php(56): CodeIgniter\Boot::bootWeb(Object(Config\Paths))
INFO - 2024-09-29 10:37:18 --> Session: Class initialized using 'CodeIgniter\Session\Handlers\FileHandler' driver.
WARNING - 2024-09-29 10:37:18 --> [DEPRECATED] number_format(): Passing null to parameter #1 ($num) of type float is deprecated in APPPATH\Controllers\Home.php on line 215.
 1 APPPATH\Controllers\Home.php(215): number_format(null, 0, ',', '.')
 2 APPPATH\Controllers\Home.php(272): App\Controllers\Home->asRupiah(null)
 3 APPPATH\Controllers\Home.php(467): App\Controllers\Home->getDashboardData('admin')
 4 SYSTEMPATH\CodeIgniter.php(933): App\Controllers\Home->order_jasa_management()
 5 SYSTEMPATH\CodeIgniter.php(509): CodeIgniter\CodeIgniter->runController(Object(App\Controllers\Home))
 6 SYSTEMPATH\CodeIgniter.php(355): CodeIgniter\CodeIgniter->handleRequest(null, Object(Config\Cache), false)
 7 SYSTEMPATH\Boot.php(312): CodeIgniter\CodeIgniter->run()
 8 SYSTEMPATH\Boot.php(67): CodeIgniter\Boot::runCodeIgniter(Object(CodeIgniter\CodeIgniter))
 9 FCPATH\index.php(56): CodeIgniter\Boot::bootWeb(Object(Config\Paths))
WARNING - 2024-09-29 10:37:18 --> [DEPRECATED] number_format(): Passing null to parameter #1 ($num) of type float is deprecated in APPPATH\Controllers\Home.php on line 215.
 1 APPPATH\Controllers\Home.php(215): number_format(null, 0, ',', '.')
 2 APPPATH\Controllers\Home.php(275): App\Controllers\Home->asRupiah(null)
 3 APPPATH\Controllers\Home.php(467): App\Controllers\Home->getDashboardData('admin')
 4 SYSTEMPATH\CodeIgniter.php(933): App\Controllers\Home->order_jasa_management()
 5 SYSTEMPATH\CodeIgniter.php(509): CodeIgniter\CodeIgniter->runController(Object(App\Controllers\Home))
 6 SYSTEMPATH\CodeIgniter.php(355): CodeIgniter\CodeIgniter->handleRequest(null, Object(Config\Cache), false)
 7 SYSTEMPATH\Boot.php(312): CodeIgniter\CodeIgniter->run()
 8 SYSTEMPATH\Boot.php(67): CodeIgniter\Boot::runCodeIgniter(Object(CodeIgniter\CodeIgniter))
 9 FCPATH\index.php(56): CodeIgniter\Boot::bootWeb(Object(Config\Paths))
INFO - 2024-09-29 10:39:41 --> Session: Class initialized using 'CodeIgniter\Session\Handlers\FileHandler' driver.
WARNING - 2024-09-29 10:39:41 --> [DEPRECATED] number_format(): Passing null to parameter #1 ($num) of type float is deprecated in APPPATH\Controllers\Home.php on line 215.
 1 APPPATH\Controllers\Home.php(215): number_format(null, 0, ',', '.')
 2 APPPATH\Controllers\Home.php(272): App\Controllers\Home->asRupiah(null)
 3 APPPATH\Controllers\Home.php(133): App\Controllers\Home->getDashboardData('admin')
 4 SYSTEMPATH\CodeIgniter.php(933): App\Controllers\Home->display_dashboard()
 5 SYSTEMPATH\CodeIgniter.php(509): CodeIgniter\CodeIgniter->runController(Object(App\Controllers\Home))
 6 SYSTEMPATH\CodeIgniter.php(355): CodeIgniter\CodeIgniter->handleRequest(null, Object(Config\Cache), false)
 7 SYSTEMPATH\Boot.php(312): CodeIgniter\CodeIgniter->run()
 8 SYSTEMPATH\Boot.php(67): CodeIgniter\Boot::runCodeIgniter(Object(CodeIgniter\CodeIgniter))
 9 FCPATH\index.php(56): CodeIgniter\Boot::bootWeb(Object(Config\Paths))
WARNING - 2024-09-29 10:39:41 --> [DEPRECATED] number_format(): Passing null to parameter #1 ($num) of type float is deprecated in APPPATH\Controllers\Home.php on line 215.
 1 APPPATH\Controllers\Home.php(215): number_format(null, 0, ',', '.')
 2 APPPATH\Controllers\Home.php(275): App\Controllers\Home->asRupiah(null)
 3 APPPATH\Controllers\Home.php(133): App\Controllers\Home->getDashboardData('admin')
 4 SYSTEMPATH\CodeIgniter.php(933): App\Controllers\Home->display_dashboard()
 5 SYSTEMPATH\CodeIgniter.php(509): CodeIgniter\CodeIgniter->runController(Object(App\Controllers\Home))
 6 SYSTEMPATH\CodeIgniter.php(355): CodeIgniter\CodeIgniter->handleRequest(null, Object(Config\Cache), false)
 7 SYSTEMPATH\Boot.php(312): CodeIgniter\CodeIgniter->run()
 8 SYSTEMPATH\Boot.php(67): CodeIgniter\Boot::runCodeIgniter(Object(CodeIgniter\CodeIgniter))
 9 FCPATH\index.php(56): CodeIgniter\Boot::bootWeb(Object(Config\Paths))
INFO - 2024-09-29 10:39:56 --> Session: Class initialized using 'CodeIgniter\Session\Handlers\FileHandler' driver.
WARNING - 2024-09-29 10:39:56 --> [DEPRECATED] number_format(): Passing null to parameter #1 ($num) of type float is deprecated in APPPATH\Controllers\Home.php on line 215.
 1 APPPATH\Controllers\Home.php(215): number_format(null, 0, ',', '.')
 2 APPPATH\Controllers\Home.php(272): App\Controllers\Home->asRupiah(null)
 3 APPPATH\Controllers\Home.php(467): App\Controllers\Home->getDashboardData('admin')
 4 SYSTEMPATH\CodeIgniter.php(933): App\Controllers\Home->order_jasa_management()
 5 SYSTEMPATH\CodeIgniter.php(509): CodeIgniter\CodeIgniter->runController(Object(App\Controllers\Home))
 6 SYSTEMPATH\CodeIgniter.php(355): CodeIgniter\CodeIgniter->handleRequest(null, Object(Config\Cache), false)
 7 SYSTEMPATH\Boot.php(312): CodeIgniter\CodeIgniter->run()
 8 SYSTEMPATH\Boot.php(67): CodeIgniter\Boot::runCodeIgniter(Object(CodeIgniter\CodeIgniter))
 9 FCPATH\index.php(56): CodeIgniter\Boot::bootWeb(Object(Config\Paths))
WARNING - 2024-09-29 10:39:56 --> [DEPRECATED] number_format(): Passing null to parameter #1 ($num) of type float is deprecated in APPPATH\Controllers\Home.php on line 215.
 1 APPPATH\Controllers\Home.php(215): number_format(null, 0, ',', '.')
 2 APPPATH\Controllers\Home.php(275): App\Controllers\Home->asRupiah(null)
 3 APPPATH\Controllers\Home.php(467): App\Controllers\Home->getDashboardData('admin')
 4 SYSTEMPATH\CodeIgniter.php(933): App\Controllers\Home->order_jasa_management()
 5 SYSTEMPATH\CodeIgniter.php(509): CodeIgniter\CodeIgniter->runController(Object(App\Controllers\Home))
 6 SYSTEMPATH\CodeIgniter.php(355): CodeIgniter\CodeIgniter->handleRequest(null, Object(Config\Cache), false)
 7 SYSTEMPATH\Boot.php(312): CodeIgniter\CodeIgniter->run()
 8 SYSTEMPATH\Boot.php(67): CodeIgniter\Boot::runCodeIgniter(Object(CodeIgniter\CodeIgniter))
 9 FCPATH\index.php(56): CodeIgniter\Boot::bootWeb(Object(Config\Paths))
INFO - 2024-09-29 10:40:50 --> Session: Class initialized using 'CodeIgniter\Session\Handlers\FileHandler' driver.
WARNING - 2024-09-29 10:40:50 --> [DEPRECATED] number_format(): Passing null to parameter #1 ($num) of type float is deprecated in APPPATH\Controllers\Home.php on line 215.
 1 APPPATH\Controllers\Home.php(215): number_format(null, 0, ',', '.')
 2 APPPATH\Controllers\Home.php(272): App\Controllers\Home->asRupiah(null)
 3 APPPATH\Controllers\Home.php(133): App\Controllers\Home->getDashboardData('admin')
 4 SYSTEMPATH\CodeIgniter.php(933): App\Controllers\Home->display_dashboard()
 5 SYSTEMPATH\CodeIgniter.php(509): CodeIgniter\CodeIgniter->runController(Object(App\Controllers\Home))
 6 SYSTEMPATH\CodeIgniter.php(355): CodeIgniter\CodeIgniter->handleRequest(null, Object(Config\Cache), false)
 7 SYSTEMPATH\Boot.php(312): CodeIgniter\CodeIgniter->run()
 8 SYSTEMPATH\Boot.php(67): CodeIgniter\Boot::runCodeIgniter(Object(CodeIgniter\CodeIgniter))
 9 FCPATH\index.php(56): CodeIgniter\Boot::bootWeb(Object(Config\Paths))
WARNING - 2024-09-29 10:40:50 --> [DEPRECATED] number_format(): Passing null to parameter #1 ($num) of type float is deprecated in APPPATH\Controllers\Home.php on line 215.
 1 APPPATH\Controllers\Home.php(215): number_format(null, 0, ',', '.')
 2 APPPATH\Controllers\Home.php(275): App\Controllers\Home->asRupiah(null)
 3 APPPATH\Controllers\Home.php(133): App\Controllers\Home->getDashboardData('admin')
 4 SYSTEMPATH\CodeIgniter.php(933): App\Controllers\Home->display_dashboard()
 5 SYSTEMPATH\CodeIgniter.php(509): CodeIgniter\CodeIgniter->runController(Object(App\Controllers\Home))
 6 SYSTEMPATH\CodeIgniter.php(355): CodeIgniter\CodeIgniter->handleRequest(null, Object(Config\Cache), false)
 7 SYSTEMPATH\Boot.php(312): CodeIgniter\CodeIgniter->run()
 8 SYSTEMPATH\Boot.php(67): CodeIgniter\Boot::runCodeIgniter(Object(CodeIgniter\CodeIgniter))
 9 FCPATH\index.php(56): CodeIgniter\Boot::bootWeb(Object(Config\Paths))
INFO - 2024-09-29 10:41:07 --> Session: Class initialized using 'CodeIgniter\Session\Handlers\FileHandler' driver.
WARNING - 2024-09-29 10:41:07 --> [DEPRECATED] number_format(): Passing null to parameter #1 ($num) of type float is deprecated in APPPATH\Controllers\Home.php on line 215.
 1 APPPATH\Controllers\Home.php(215): number_format(null, 0, ',', '.')
 2 APPPATH\Controllers\Home.php(272): App\Controllers\Home->asRupiah(null)
 3 APPPATH\Controllers\Home.php(410): App\Controllers\Home->getDashboardData('admin')
 4 SYSTEMPATH\CodeIgniter.php(933): App\Controllers\Home->virtualvisitors_management()
 5 SYSTEMPATH\CodeIgniter.php(509): CodeIgniter\CodeIgniter->runController(Object(App\Controllers\Home))
 6 SYSTEMPATH\CodeIgniter.php(355): CodeIgniter\CodeIgniter->handleRequest(null, Object(Config\Cache), false)
 7 SYSTEMPATH\Boot.php(312): CodeIgniter\CodeIgniter->run()
 8 SYSTEMPATH\Boot.php(67): CodeIgniter\Boot::runCodeIgniter(Object(CodeIgniter\CodeIgniter))
 9 FCPATH\index.php(56): CodeIgniter\Boot::bootWeb(Object(Config\Paths))
WARNING - 2024-09-29 10:41:07 --> [DEPRECATED] number_format(): Passing null to parameter #1 ($num) of type float is deprecated in APPPATH\Controllers\Home.php on line 215.
 1 APPPATH\Controllers\Home.php(215): number_format(null, 0, ',', '.')
 2 APPPATH\Controllers\Home.php(275): App\Controllers\Home->asRupiah(null)
 3 APPPATH\Controllers\Home.php(410): App\Controllers\Home->getDashboardData('admin')
 4 SYSTEMPATH\CodeIgniter.php(933): App\Controllers\Home->virtualvisitors_management()
 5 SYSTEMPATH\CodeIgniter.php(509): CodeIgniter\CodeIgniter->runController(Object(App\Controllers\Home))
 6 SYSTEMPATH\CodeIgniter.php(355): CodeIgniter\CodeIgniter->handleRequest(null, Object(Config\Cache), false)
 7 SYSTEMPATH\Boot.php(312): CodeIgniter\CodeIgniter->run()
 8 SYSTEMPATH\Boot.php(67): CodeIgniter\Boot::runCodeIgniter(Object(CodeIgniter\CodeIgniter))
 9 FCPATH\index.php(56): CodeIgniter\Boot::bootWeb(Object(Config\Paths))
INFO - 2024-09-29 10:41:15 --> Session: Class initialized using 'CodeIgniter\Session\Handlers\FileHandler' driver.
WARNING - 2024-09-29 10:41:15 --> [DEPRECATED] number_format(): Passing null to parameter #1 ($num) of type float is deprecated in APPPATH\Controllers\Home.php on line 215.
 1 APPPATH\Controllers\Home.php(215): number_format(null, 0, ',', '.')
 2 APPPATH\Controllers\Home.php(272): App\Controllers\Home->asRupiah(null)
 3 APPPATH\Controllers\Home.php(133): App\Controllers\Home->getDashboardData('admin')
 4 SYSTEMPATH\CodeIgniter.php(933): App\Controllers\Home->display_dashboard()
 5 SYSTEMPATH\CodeIgniter.php(509): CodeIgniter\CodeIgniter->runController(Object(App\Controllers\Home))
 6 SYSTEMPATH\CodeIgniter.php(355): CodeIgniter\CodeIgniter->handleRequest(null, Object(Config\Cache), false)
 7 SYSTEMPATH\Boot.php(312): CodeIgniter\CodeIgniter->run()
 8 SYSTEMPATH\Boot.php(67): CodeIgniter\Boot::runCodeIgniter(Object(CodeIgniter\CodeIgniter))
 9 FCPATH\index.php(56): CodeIgniter\Boot::bootWeb(Object(Config\Paths))
WARNING - 2024-09-29 10:41:15 --> [DEPRECATED] number_format(): Passing null to parameter #1 ($num) of type float is deprecated in APPPATH\Controllers\Home.php on line 215.
 1 APPPATH\Controllers\Home.php(215): number_format(null, 0, ',', '.')
 2 APPPATH\Controllers\Home.php(275): App\Controllers\Home->asRupiah(null)
 3 APPPATH\Controllers\Home.php(133): App\Controllers\Home->getDashboardData('admin')
 4 SYSTEMPATH\CodeIgniter.php(933): App\Controllers\Home->display_dashboard()
 5 SYSTEMPATH\CodeIgniter.php(509): CodeIgniter\CodeIgniter->runController(Object(App\Controllers\Home))
 6 SYSTEMPATH\CodeIgniter.php(355): CodeIgniter\CodeIgniter->handleRequest(null, Object(Config\Cache), false)
 7 SYSTEMPATH\Boot.php(312): CodeIgniter\CodeIgniter->run()
 8 SYSTEMPATH\Boot.php(67): CodeIgniter\Boot::runCodeIgniter(Object(CodeIgniter\CodeIgniter))
 9 FCPATH\index.php(56): CodeIgniter\Boot::bootWeb(Object(Config\Paths))
INFO - 2024-09-29 10:43:14 --> Session: Class initialized using 'CodeIgniter\Session\Handlers\FileHandler' driver.
WARNING - 2024-09-29 10:43:14 --> [DEPRECATED] number_format(): Passing null to parameter #1 ($num) of type float is deprecated in APPPATH\Controllers\Home.php on line 215.
 1 APPPATH\Controllers\Home.php(215): number_format(null, 0, ',', '.')
 2 APPPATH\Controllers\Home.php(272): App\Controllers\Home->asRupiah(null)
 3 APPPATH\Controllers\Home.php(133): App\Controllers\Home->getDashboardData('client')
 4 SYSTEMPATH\CodeIgniter.php(933): App\Controllers\Home->display_dashboard()
 5 SYSTEMPATH\CodeIgniter.php(509): CodeIgniter\CodeIgniter->runController(Object(App\Controllers\Home))
 6 SYSTEMPATH\CodeIgniter.php(355): CodeIgniter\CodeIgniter->handleRequest(null, Object(Config\Cache), false)
 7 SYSTEMPATH\Boot.php(312): CodeIgniter\CodeIgniter->run()
 8 SYSTEMPATH\Boot.php(67): CodeIgniter\Boot::runCodeIgniter(Object(CodeIgniter\CodeIgniter))
 9 FCPATH\index.php(56): CodeIgniter\Boot::bootWeb(Object(Config\Paths))
WARNING - 2024-09-29 10:43:14 --> [DEPRECATED] number_format(): Passing null to parameter #1 ($num) of type float is deprecated in APPPATH\Controllers\Home.php on line 215.
 1 APPPATH\Controllers\Home.php(215): number_format(null, 0, ',', '.')
 2 APPPATH\Controllers\Home.php(275): App\Controllers\Home->asRupiah(null)
 3 APPPATH\Controllers\Home.php(133): App\Controllers\Home->getDashboardData('client')
 4 SYSTEMPATH\CodeIgniter.php(933): App\Controllers\Home->display_dashboard()
 5 SYSTEMPATH\CodeIgniter.php(509): CodeIgniter\CodeIgniter->runController(Object(App\Controllers\Home))
 6 SYSTEMPATH\CodeIgniter.php(355): CodeIgniter\CodeIgniter->handleRequest(null, Object(Config\Cache), false)
 7 SYSTEMPATH\Boot.php(312): CodeIgniter\CodeIgniter->run()
 8 SYSTEMPATH\Boot.php(67): CodeIgniter\Boot::runCodeIgniter(Object(CodeIgniter\CodeIgniter))
 9 FCPATH\index.php(56): CodeIgniter\Boot::bootWeb(Object(Config\Paths))
INFO - 2024-09-29 10:43:25 --> Session: Class initialized using 'CodeIgniter\Session\Handlers\FileHandler' driver.
WARNING - 2024-09-29 10:43:25 --> [DEPRECATED] number_format(): Passing null to parameter #1 ($num) of type float is deprecated in APPPATH\Controllers\Home.php on line 215.
 1 APPPATH\Controllers\Home.php(215): number_format(null, 0, ',', '.')
 2 APPPATH\Controllers\Home.php(272): App\Controllers\Home->asRupiah(null)
 3 APPPATH\Controllers\Home.php(43): App\Controllers\Home->getDashboardData('client')
 4 SYSTEMPATH\CodeIgniter.php(933): App\Controllers\Home->order_jasa()
 5 SYSTEMPATH\CodeIgniter.php(509): CodeIgniter\CodeIgniter->runController(Object(App\Controllers\Home))
 6 SYSTEMPATH\CodeIgniter.php(355): CodeIgniter\CodeIgniter->handleRequest(null, Object(Config\Cache), false)
 7 SYSTEMPATH\Boot.php(312): CodeIgniter\CodeIgniter->run()
 8 SYSTEMPATH\Boot.php(67): CodeIgniter\Boot::runCodeIgniter(Object(CodeIgniter\CodeIgniter))
 9 FCPATH\index.php(56): CodeIgniter\Boot::bootWeb(Object(Config\Paths))
WARNING - 2024-09-29 10:43:25 --> [DEPRECATED] number_format(): Passing null to parameter #1 ($num) of type float is deprecated in APPPATH\Controllers\Home.php on line 215.
 1 APPPATH\Controllers\Home.php(215): number_format(null, 0, ',', '.')
 2 APPPATH\Controllers\Home.php(275): App\Controllers\Home->asRupiah(null)
 3 APPPATH\Controllers\Home.php(43): App\Controllers\Home->getDashboardData('client')
 4 SYSTEMPATH\CodeIgniter.php(933): App\Controllers\Home->order_jasa()
 5 SYSTEMPATH\CodeIgniter.php(509): CodeIgniter\CodeIgniter->runController(Object(App\Controllers\Home))
 6 SYSTEMPATH\CodeIgniter.php(355): CodeIgniter\CodeIgniter->handleRequest(null, Object(Config\Cache), false)
 7 SYSTEMPATH\Boot.php(312): CodeIgniter\CodeIgniter->run()
 8 SYSTEMPATH\Boot.php(67): CodeIgniter\Boot::runCodeIgniter(Object(CodeIgniter\CodeIgniter))
 9 FCPATH\index.php(56): CodeIgniter\Boot::bootWeb(Object(Config\Paths))
INFO - 2024-09-29 10:43:48 --> Session: Class initialized using 'CodeIgniter\Session\Handlers\FileHandler' driver.
WARNING - 2024-09-29 10:43:48 --> [DEPRECATED] number_format(): Passing null to parameter #1 ($num) of type float is deprecated in APPPATH\Controllers\Home.php on line 215.
 1 APPPATH\Controllers\Home.php(215): number_format(null, 0, ',', '.')
 2 APPPATH\Controllers\Home.php(272): App\Controllers\Home->asRupiah(null)
 3 APPPATH\Controllers\Home.php(133): App\Controllers\Home->getDashboardData('client')
 4 SYSTEMPATH\CodeIgniter.php(933): App\Controllers\Home->display_dashboard()
 5 SYSTEMPATH\CodeIgniter.php(509): CodeIgniter\CodeIgniter->runController(Object(App\Controllers\Home))
 6 SYSTEMPATH\CodeIgniter.php(355): CodeIgniter\CodeIgniter->handleRequest(null, Object(Config\Cache), false)
 7 SYSTEMPATH\Boot.php(312): CodeIgniter\CodeIgniter->run()
 8 SYSTEMPATH\Boot.php(67): CodeIgniter\Boot::runCodeIgniter(Object(CodeIgniter\CodeIgniter))
 9 FCPATH\index.php(56): CodeIgniter\Boot::bootWeb(Object(Config\Paths))
WARNING - 2024-09-29 10:43:48 --> [DEPRECATED] number_format(): Passing null to parameter #1 ($num) of type float is deprecated in APPPATH\Controllers\Home.php on line 215.
 1 APPPATH\Controllers\Home.php(215): number_format(null, 0, ',', '.')
 2 APPPATH\Controllers\Home.php(275): App\Controllers\Home->asRupiah(null)
 3 APPPATH\Controllers\Home.php(133): App\Controllers\Home->getDashboardData('client')
 4 SYSTEMPATH\CodeIgniter.php(933): App\Controllers\Home->display_dashboard()
 5 SYSTEMPATH\CodeIgniter.php(509): CodeIgniter\CodeIgniter->runController(Object(App\Controllers\Home))
 6 SYSTEMPATH\CodeIgniter.php(355): CodeIgniter\CodeIgniter->handleRequest(null, Object(Config\Cache), false)
 7 SYSTEMPATH\Boot.php(312): CodeIgniter\CodeIgniter->run()
 8 SYSTEMPATH\Boot.php(67): CodeIgniter\Boot::runCodeIgniter(Object(CodeIgniter\CodeIgniter))
 9 FCPATH\index.php(56): CodeIgniter\Boot::bootWeb(Object(Config\Paths))
